2023-06-05 06:48:57,725 [INFO] Activator:176 - 


2023-06-05 06:48:57,772 [INFO] Activator:177 - !SESSION log4j initialized
2023-06-05 06:49:23,746 [INFO] LogOutputStream:77 - [STDOUT_REDIRECT] 
2023-06-05 06:49:25,184 [ERROR] ConfigurationRetriever:142 - IOException on connection: sw-center.st.com
2023-06-05 06:49:25,184 [ERROR] ConfigurationRetriever:142 - IOException on connection: sw-center.st.com
2023-06-05 06:49:25,184 [ERROR] ConfigurationRetriever:142 - IOException on connection: sw-center.st.com
2023-06-05 06:49:41,121 [INFO] ApplicationProperties:184 - Using Application install path: C:\ST\STM32CubeIDE_1.12.1\STM32CubeIDE\plugins\com.st.stm32cube.common.mx_6.8.1.202304191431
2023-06-05 06:49:41,184 [INFO] DbMcusXml:78 - Set database path to: C:\ST\STM32CubeIDE_1.12.1\STM32CubeIDE\plugins\com.st.stm32cube.common.mx_6.8.1.202304191431\\db\/mcu/
2023-06-05 06:49:41,215 [INFO] ApiDb:274 - Set plugin database path to: C:\ST\STM32CubeIDE_1.12.1\STM32CubeIDE\plugins\com.st.stm32cube.common.mx_6.8.1.202304191431\\db\/plugins/boardmanager/
2023-06-05 06:49:41,215 [WARN] ApiDb:259 - Overriding images path with different value:  => C:\ST\STM32CubeIDE_1.12.1\STM32CubeIDE\plugins\com.st.stm32cube.common.mx_6.8.1.202304191431\\db\/plugins/mcufinder/images/
2023-06-05 06:49:41,309 [INFO] ApiDb:250 - Set database path to: C:\Users\This pc\.stmcufinder\plugins\mcufinder//mcu/
2023-06-05 06:49:41,309 [INFO] DbMcusAds:125 - Set database path to: C:\Users\This pc\.stmcufinder\plugins\mcufinder//mcu/
2023-06-05 06:49:41,324 [INFO] CrossReferenceDbSqlite:203 - Set database path to: C:\Users\This pc\.stmcufinder\plugins\mcufinder//mcu/cs/
2023-06-05 06:49:41,777 [INFO] RulesReader:64 - Compatibility file has been processed (293 Rules)
2023-06-05 06:49:42,105 [INFO] DbMcusXml:78 - Set database path to: C:\ST\STM32CubeIDE_1.12.1\STM32CubeIDE\plugins\com.st.stm32cube.common.mx_6.8.1.202304191431\\db\/mcu/
2023-06-05 06:49:42,105 [INFO] ApiDb:274 - Set plugin database path to: C:\ST\STM32CubeIDE_1.12.1\STM32CubeIDE\plugins\com.st.stm32cube.common.mx_6.8.1.202304191431\\db\/plugins/boardmanager/
2023-06-05 06:49:42,105 [INFO] ApiDb:261 - Set plugin images path to: C:\ST\STM32CubeIDE_1.12.1\STM32CubeIDE\plugins\com.st.stm32cube.common.mx_6.8.1.202304191431\\db\/plugins/mcufinder/images/
2023-06-05 06:49:42,105 [WARN] DbFile:41 - Overriding database path with different value: C:\Users\This pc\.stmcufinder\plugins\mcufinder/ => C:\Users\This pc\.stmcufinder\plugins\mcufinder
2023-06-05 06:49:42,105 [INFO] ApiDb:250 - Set database path to: C:\Users\This pc\.stmcufinder\plugins\mcufinder//mcu/
2023-06-05 06:49:42,105 [WARN] DbFile:41 - Overriding database path with different value: C:\Users\This pc\.stmcufinder\plugins\mcufinder/ => C:\Users\This pc\.stmcufinder\plugins\mcufinder
2023-06-05 06:49:42,105 [INFO] DbMcusAds:125 - Set database path to: C:\Users\This pc\.stmcufinder\plugins\mcufinder//mcu/
2023-06-05 06:49:42,105 [WARN] DbFile:41 - Overriding database path with different value: C:\Users\This pc\.stmcufinder\plugins\mcufinder/ => C:\Users\This pc\.stmcufinder\plugins\mcufinder
2023-06-05 06:49:42,105 [WARN] DbFile:41 - Overriding database path with different value: C:\Users\This pc\.stmcufinder\plugins\mcufinder/ => C:\Users\This pc\.stmcufinder\plugins\mcufinder
2023-06-05 06:49:42,121 [INFO] CrossReferenceDbSqlite:203 - Set database path to: C:\Users\This pc\.stmcufinder\plugins\mcufinder//mcu/cs/
2023-06-05 06:49:42,371 [INFO] MainPanel:253 - HeapMemory: 268435456
2023-06-05 06:49:42,715 [INFO] DbMcusXml:78 - Set database path to: C:\ST\STM32CubeIDE_1.12.1\STM32CubeIDE\plugins\com.st.stm32cube.common.mx_6.8.1.202304191431\\db\/mcu/
2023-06-05 06:49:42,715 [INFO] ApiDb:274 - Set plugin database path to: C:\ST\STM32CubeIDE_1.12.1\STM32CubeIDE\plugins\com.st.stm32cube.common.mx_6.8.1.202304191431\\db\/plugins/boardmanager/
2023-06-05 06:49:42,715 [INFO] ApiDb:261 - Set plugin images path to: C:\ST\STM32CubeIDE_1.12.1\STM32CubeIDE\plugins\com.st.stm32cube.common.mx_6.8.1.202304191431\\db\/plugins/mcufinder/images/
2023-06-05 06:49:42,715 [WARN] DbFile:41 - Overriding database path with different value: C:\Users\This pc\.stmcufinder\plugins\mcufinder/ => C:\Users\This pc\.stmcufinder\plugins\mcufinder
2023-06-05 06:49:42,715 [INFO] ApiDb:250 - Set database path to: C:\Users\This pc\.stmcufinder\plugins\mcufinder//mcu/
2023-06-05 06:49:42,715 [WARN] DbFile:41 - Overriding database path with different value: C:\Users\This pc\.stmcufinder\plugins\mcufinder/ => C:\Users\This pc\.stmcufinder\plugins\mcufinder
2023-06-05 06:49:42,715 [INFO] DbMcusAds:125 - Set database path to: C:\Users\This pc\.stmcufinder\plugins\mcufinder//mcu/
2023-06-05 06:49:42,715 [WARN] DbFile:41 - Overriding database path with different value: C:\Users\This pc\.stmcufinder\plugins\mcufinder/ => C:\Users\This pc\.stmcufinder\plugins\mcufinder
2023-06-05 06:49:42,715 [WARN] DbFile:41 - Overriding database path with different value: C:\Users\This pc\.stmcufinder\plugins\mcufinder/ => C:\Users\This pc\.stmcufinder\plugins\mcufinder
2023-06-05 06:49:42,730 [INFO] CrossReferenceDbSqlite:203 - Set database path to: C:\Users\This pc\.stmcufinder\plugins\mcufinder//mcu/cs/
2023-06-05 06:49:42,793 [INFO] ApplicationProperties:184 - Using Application install path: C:\ST\STM32CubeIDE_1.12.1\STM32CubeIDE\plugins\com.st.stm32cube.common.mx_6.8.1.202304191431
2023-06-05 06:49:42,809 [INFO] PluginManage:196 - Search for loadable plugins [exclusion list=, ]
2023-06-05 06:49:42,809 [INFO] PluginManage:310 - Check plugin analytics
2023-06-05 06:49:43,293 [INFO] AnalyticsPlugin:253 - Accepted Software Licenses: STM32CubeMX.6.8.1
2023-06-05 06:49:43,293 [INFO] AnalyticsPlugin:255 - Accepted CMSIS Pack Licenses: 
2023-06-05 06:49:43,293 [INFO] AnalyticsPlugin:257 - Accepted Firmware Licenses: FW.F4.1.27.0
2023-06-05 06:49:43,309 [ERROR] ConfigurationRetriever:142 - IOException on connection: sw-center.st.com
2023-06-05 06:49:43,324 [ERROR] ConfigurationRetriever:142 - IOException on connection: sw-center.st.com
2023-06-05 06:49:43,324 [ERROR] ConfigurationRetriever:142 - IOException on connection: sw-center.st.com
2023-06-05 06:49:43,340 [INFO] PluginManage:359 - Loaded plugin analytics (category:tool,tabindex:-1)
2023-06-05 06:49:43,340 [INFO] PluginManage:310 - Check plugin cadmodel
2023-06-05 06:49:43,387 [INFO] CADModel:105 - Init CAD model plugin
2023-06-05 06:49:43,387 [INFO] PluginManage:359 - Loaded plugin cadmodel (category:power,tabindex:5)
2023-06-05 06:49:43,387 [INFO] PluginManage:310 - Check plugin clock
2023-06-05 06:49:43,465 [INFO] PluginManage:359 - Loaded plugin clock (category:base,tabindex:2)
2023-06-05 06:49:43,465 [INFO] PluginManage:310 - Check plugin ddr
2023-06-05 06:49:43,465 [INFO] PluginManage:359 - Loaded plugin ddr (category:tool,tabindex:6)
2023-06-05 06:49:43,465 [INFO] PluginManage:310 - Check plugin filemanager
2023-06-05 06:49:43,934 [INFO] PluginManage:359 - Loaded plugin filemanager (category:base,tabindex:10)
2023-06-05 06:49:43,934 [INFO] PluginManage:310 - Check plugin ipmanager
2023-06-05 06:49:43,965 [INFO] PluginManage:359 - Loaded plugin ipmanager (category:base,tabindex:5)
2023-06-05 06:49:43,965 [INFO] PluginManage:310 - Check plugin lpbam
2023-06-05 06:49:44,027 [INFO] PluginManage:359 - Loaded plugin lpbam (category:base,tabindex:0)
2023-06-05 06:49:44,027 [INFO] PluginManage:310 - Check plugin pinoutandconfiguration
2023-06-05 06:49:44,074 [INFO] PluginManage:359 - Loaded plugin pinoutandconfiguration (category:base,tabindex:1)
2023-06-05 06:49:44,074 [INFO] PluginManage:310 - Check plugin pinoutconfig
2023-06-05 06:49:44,309 [WARN] SupportedApi:132 - Cannot load RTOS API schema: s4s-elt-must-match.1: The content of 'definitions' must match (annotation?, (simpleType | complexType)?, (unique | key | keyref)*)). A problem was found starting at: attribute.
2023-06-05 06:49:44,715 [INFO] PluginManage:359 - Loaded plugin pinoutconfig (category:base,tabindex:0)
2023-06-05 06:49:44,715 [INFO] PluginManage:310 - Check plugin power
2023-06-05 06:49:44,777 [INFO] PluginManage:359 - Loaded plugin power (category:power,tabindex:4)
2023-06-05 06:49:44,793 [INFO] PluginManage:310 - Check plugin projectmanager
2023-06-05 06:49:44,840 [INFO] PluginManage:359 - Loaded plugin projectmanager (category:projectmanager,tabindex:3)
2023-06-05 06:49:44,840 [INFO] PluginManage:310 - Check plugin thirdparty
2023-06-05 06:49:45,605 [INFO] PluginManage:359 - Loaded plugin thirdparty (category:base,tabindex:-1)
2023-06-05 06:49:45,621 [INFO] PluginManage:310 - Check plugin tools
2023-06-05 06:49:45,637 [WARN] IntegrityCheckThread:84 - waiting for thirdparty lock release [integrity check]
2023-06-05 06:49:45,637 [INFO] IntegrityCheckThread:86 - entering critical section [integrity check]
2023-06-05 06:49:45,637 [INFO] ThirdPartyUpdaterWithRetryManager:70 - Updater plugin not ready yet. [1/15]
2023-06-05 06:49:45,715 [INFO] PluginManage:359 - Loaded plugin tools (category:base,tabindex:7)
2023-06-05 06:49:45,715 [INFO] PluginManage:310 - Check plugin tutovideos
2023-06-05 06:49:46,293 [INFO] PluginManage:359 - Loaded plugin tutovideos (category:base,tabindex:-1)
2023-06-05 06:49:46,293 [INFO] PluginManage:310 - Check plugin updater
2023-06-05 06:49:46,355 [INFO] PluginManage:359 - Loaded plugin updater (category:base,tabindex:12)
2023-06-05 06:49:46,355 [INFO] PluginManage:283 - PluginManage : Loaded plugins [15]
2023-06-05 06:49:47,246 [INFO] PinOutPanel:1499 - setPackage(No Configuration,No Configuration)
2023-06-05 06:49:47,574 [INFO] CADModel:165 - CPN selected for project level
2023-06-05 06:49:47,574 [INFO] CADModel:114 - Register for checkConnection events
2023-06-05 06:49:47,652 [INFO] IPUIPlugin:80 - create IPUIPlugin
2023-06-05 06:49:47,652 [INFO] PluginManager:220 - loadIPPluginJar : add adc
2023-06-05 06:49:47,746 [INFO] IPUIPlugin:80 - create IPUIPlugin
2023-06-05 06:49:47,746 [INFO] PluginManager:220 - loadIPPluginJar : add aes
2023-06-05 06:49:47,840 [INFO] IPUIPlugin:80 - create IPUIPlugin
2023-06-05 06:49:47,840 [INFO] PluginManager:220 - loadIPPluginJar : add can
2023-06-05 06:49:47,918 [INFO] IPUIPlugin:80 - create IPUIPlugin
2023-06-05 06:49:47,918 [INFO] PluginManager:220 - loadIPPluginJar : add comp
2023-06-05 06:49:47,996 [INFO] IPUIPlugin:80 - create IPUIPlugin
2023-06-05 06:49:47,996 [INFO] PluginManager:220 - loadIPPluginJar : add cryp
2023-06-05 06:49:48,074 [INFO] IPUIPlugin:80 - create IPUIPlugin
2023-06-05 06:49:48,074 [INFO] PluginManager:220 - loadIPPluginJar : add dfsdm
2023-06-05 06:49:48,105 [INFO] IPUIPlugin:80 - create IPUIPlugin
2023-06-05 06:49:48,105 [INFO] PluginManager:220 - loadIPPluginJar : add dma
2023-06-05 06:49:48,215 [INFO] IPUIPlugin:80 - create IPUIPlugin
2023-06-05 06:49:48,215 [INFO] PluginManager:220 - loadIPPluginJar : add dma3
2023-06-05 06:49:48,277 [INFO] IPUIPlugin:80 - create IPUIPlugin
2023-06-05 06:49:48,277 [INFO] PluginManager:220 - loadIPPluginJar : add fatfs
2023-06-05 06:49:48,402 [INFO] IPUIPlugin:80 - create IPUIPlugin
2023-06-05 06:49:48,402 [INFO] PluginManager:220 - loadIPPluginJar : add fmc
2023-06-05 06:49:48,449 [INFO] IPUIPlugin:80 - create IPUIPlugin
2023-06-05 06:49:48,449 [INFO] PluginManager:220 - loadIPPluginJar : add freertos
2023-06-05 06:49:48,512 [INFO] IPUIPlugin:80 - create IPUIPlugin
2023-06-05 06:49:48,512 [INFO] PluginManager:220 - loadIPPluginJar : add genericplugin
2023-06-05 06:49:48,637 [INFO] ThirdPartyUpdaterWithRetryManager:70 - Updater plugin not ready yet. [2/15]
2023-06-05 06:49:48,746 [INFO] IPUIPlugin:80 - create IPUIPlugin
2023-06-05 06:49:48,746 [INFO] PluginManager:220 - loadIPPluginJar : add gfxmmu
2023-06-05 06:49:49,090 [INFO] IPUIPlugin:80 - create IPUIPlugin
2023-06-05 06:49:49,090 [INFO] PluginManager:220 - loadIPPluginJar : add gic
2023-06-05 06:49:49,121 [INFO] IPUIPlugin:80 - create IPUIPlugin
2023-06-05 06:49:49,121 [INFO] PluginManager:220 - loadIPPluginJar : add gpio
2023-06-05 06:49:49,371 [INFO] IPUIPlugin:80 - create IPUIPlugin
2023-06-05 06:49:49,371 [INFO] PluginManager:220 - loadIPPluginJar : add gtzc
2023-06-05 06:49:49,449 [INFO] IPUIPlugin:80 - create IPUIPlugin
2023-06-05 06:49:49,449 [INFO] PluginManager:220 - loadIPPluginJar : add hash
2023-06-05 06:49:49,590 [INFO] IPUIPlugin:80 - create IPUIPlugin
2023-06-05 06:49:49,590 [INFO] PluginManager:220 - loadIPPluginJar : add i2c
2023-06-05 06:49:49,699 [INFO] IPUIPlugin:80 - create IPUIPlugin
2023-06-05 06:49:49,699 [INFO] PluginManager:220 - loadIPPluginJar : add i2s
2023-06-05 06:49:49,809 [INFO] IPUIPlugin:80 - create IPUIPlugin
2023-06-05 06:49:49,809 [INFO] PluginManager:220 - loadIPPluginJar : add i3c
2023-06-05 06:49:50,121 [INFO] IPUIPlugin:80 - create IPUIPlugin
2023-06-05 06:49:50,121 [INFO] PluginManager:220 - loadIPPluginJar : add ipddr
2023-06-05 06:49:50,387 [INFO] IPUIPlugin:80 - create IPUIPlugin
2023-06-05 06:49:50,387 [INFO] PluginManager:220 - loadIPPluginJar : add linkedlist
2023-06-05 06:49:50,480 [INFO] IPUIPlugin:80 - create IPUIPlugin
2023-06-05 06:49:50,480 [INFO] PluginManager:220 - loadIPPluginJar : add lorawan
2023-06-05 06:49:50,605 [INFO] IPUIPlugin:80 - create IPUIPlugin
2023-06-05 06:49:50,605 [INFO] PluginManager:220 - loadIPPluginJar : add ltdc
2023-06-05 06:49:50,684 [INFO] IPUIPlugin:80 - create IPUIPlugin
2023-06-05 06:49:50,684 [INFO] PluginManager:220 - loadIPPluginJar : add mdma
2023-06-05 06:49:50,715 [INFO] IPUIPlugin:80 - create IPUIPlugin
2023-06-05 06:49:50,730 [INFO] PluginManager:220 - loadIPPluginJar : add nvic
2023-06-05 06:49:50,840 [INFO] IPUIPlugin:80 - create IPUIPlugin
2023-06-05 06:49:50,840 [INFO] PluginManager:220 - loadIPPluginJar : add opamp
2023-06-05 06:49:51,090 [INFO] IPUIPlugin:80 - create IPUIPlugin
2023-06-05 06:49:51,090 [INFO] PluginManager:220 - loadIPPluginJar : add openamp
2023-06-05 06:49:51,449 [INFO] IPUIPlugin:80 - create IPUIPlugin
2023-06-05 06:49:51,449 [INFO] PluginManager:220 - loadIPPluginJar : add pdm2pcm
2023-06-05 06:49:51,512 [INFO] IPUIPlugin:80 - create IPUIPlugin
2023-06-05 06:49:51,543 [INFO] PluginManager:220 - loadIPPluginJar : add plateformsettings
2023-06-05 06:49:51,637 [INFO] IPUIPlugin:80 - create IPUIPlugin
2023-06-05 06:49:51,637 [INFO] PluginManager:220 - loadIPPluginJar : add quadspi
2023-06-05 06:49:51,652 [INFO] ThirdPartyUpdaterWithRetryManager:70 - Updater plugin not ready yet. [3/15]
2023-06-05 06:49:51,699 [INFO] IPUIPlugin:80 - create IPUIPlugin
2023-06-05 06:49:51,699 [INFO] PluginManager:220 - loadIPPluginJar : add resmgrutility
2023-06-05 06:49:51,902 [INFO] IPUIPlugin:80 - create IPUIPlugin
2023-06-05 06:49:51,902 [INFO] PluginManager:220 - loadIPPluginJar : add sai
2023-06-05 06:49:52,059 [INFO] IPUIPlugin:80 - create IPUIPlugin
2023-06-05 06:49:52,059 [INFO] PluginManager:220 - loadIPPluginJar : add spi
2023-06-05 06:49:52,293 [INFO] IPUIPlugin:80 - create IPUIPlugin
2023-06-05 06:49:52,293 [INFO] PluginManager:220 - loadIPPluginJar : add stm32_wpan
2023-06-05 06:49:52,387 [INFO] IPUIPlugin:80 - create IPUIPlugin
2023-06-05 06:49:52,387 [INFO] PluginManager:220 - loadIPPluginJar : add tim
2023-06-05 06:49:52,621 [INFO] IPUIPlugin:80 - create IPUIPlugin
2023-06-05 06:49:52,621 [INFO] PluginManager:220 - loadIPPluginJar : add touchsensing
2023-06-05 06:49:52,777 [INFO] IPUIPlugin:80 - create IPUIPlugin
2023-06-05 06:49:52,777 [INFO] PluginManager:220 - loadIPPluginJar : add tracer_emb
2023-06-05 06:49:52,855 [INFO] IPUIPlugin:80 - create IPUIPlugin
2023-06-05 06:49:52,855 [INFO] PluginManager:220 - loadIPPluginJar : add ts
2023-06-05 06:49:53,012 [INFO] IPUIPlugin:80 - create IPUIPlugin
2023-06-05 06:49:53,012 [INFO] PluginManager:220 - loadIPPluginJar : add tsc
2023-06-05 06:49:53,090 [INFO] IPUIPlugin:80 - create IPUIPlugin
2023-06-05 06:49:53,090 [INFO] PluginManager:220 - loadIPPluginJar : add ucpd
2023-06-05 06:49:53,246 [INFO] IPUIPlugin:80 - create IPUIPlugin
2023-06-05 06:49:53,246 [INFO] PluginManager:220 - loadIPPluginJar : add usart
2023-06-05 06:49:53,262 [ERROR] LogOutputStream:75 - [STDERR_REDIRECT] SLF4J: Failed to load class "org.slf4j.impl.StaticLoggerBinder".
2023-06-05 06:49:53,262 [ERROR] LogOutputStream:75 - [STDERR_REDIRECT] SLF4J: Defaulting to no-operation (NOP) logger implementation
2023-06-05 06:49:53,277 [ERROR] LogOutputStream:75 - [STDERR_REDIRECT] SLF4J: See http://www.slf4j.org/codes.html#StaticLoggerBinder for further details.
2023-06-05 06:49:53,418 [INFO] IPUIPlugin:80 - create IPUIPlugin
2023-06-05 06:49:53,418 [INFO] PluginManager:220 - loadIPPluginJar : add usbx
2023-06-05 06:49:53,756 [INFO] CADModel:165 - CPN selected for project level
2023-06-05 06:49:53,756 [INFO] CADModel:114 - Register for checkConnection events
2023-06-05 06:49:53,756 [FATAL] Updater:308 - Updater called before beeing initialized
2023-06-05 06:49:53,756 [ERROR] CADModel:125 - Updater not yet initialized, retry later 
2023-06-05 06:49:54,224 [INFO] CADModel:165 - CPN selected for project level
2023-06-05 06:49:54,224 [INFO] CADModel:114 - Register for checkConnection events
2023-06-05 06:49:54,224 [FATAL] Updater:308 - Updater called before beeing initialized
2023-06-05 06:49:54,224 [ERROR] CADModel:125 - Updater not yet initialized, retry later 
2023-06-05 06:49:54,240 [FATAL] Updater:308 - Updater called before beeing initialized
2023-06-05 06:49:54,662 [INFO] ThirdPartyUpdaterWithRetryManager:70 - Updater plugin not ready yet. [4/15]
2023-06-05 06:49:54,678 [FATAL] Updater:308 - Updater called before beeing initialized
2023-06-05 06:49:54,709 [INFO] DbMcusAds:53 - JSON generation date=Tue Mar 07 14:20:54 IST 2023 (1678179054945)
2023-06-05 06:49:54,709 [FATAL] Updater:308 - Updater called before beeing initialized
2023-06-05 06:49:54,959 [WARN] DetailPanel:346 - Failed to get advertising image, set to default
2023-06-05 06:49:55,318 [FATAL] Updater:308 - Updater called before beeing initialized
2023-06-05 06:49:55,318 [FATAL] Updater:308 - Updater called before beeing initialized
2023-06-05 06:49:55,318 [FATAL] Updater:308 - Updater called before beeing initialized
2023-06-05 06:49:55,318 [WARN] DetailPanel:346 - Failed to get advertising image, set to default
2023-06-05 06:49:55,334 [FATAL] Updater:308 - Updater called before beeing initialized
2023-06-05 06:49:55,506 [ERROR] Updater:1120 - MainUpdater not yet initialized. External WinMGr cannot be set.
2023-06-05 06:49:55,537 [INFO] Updater:1056 - Updater Version found : 6.8.1
2023-06-05 06:49:55,584 [INFO] ApplicationProperties:184 - Using Application install path: C:\ST\STM32CubeIDE_1.12.1\STM32CubeIDE\plugins\com.st.stm32cube.common.mx_6.8.1.202304191431
2023-06-05 06:49:55,974 [ERROR] ServerAccessManage:1146 - Warning during Server Connection :  Unknown host sw-center.st.com
2023-06-05 06:49:55,990 [INFO] MainUpdater:2854 - connection check result : 22
2023-06-05 06:49:55,990 [INFO] MainUpdater:283 - Updater Check For Update Now.
2023-06-05 06:49:55,990 [INFO] MicroXplorer:498 - Change Database Version : DB.6.0.81
2023-06-05 06:49:56,396 [INFO] CheckServerUpdateThread:120 - End of CheckServer Thread
2023-06-05 06:49:56,537 [ERROR] ServerAccessManage:1146 - Warning during Server Connection :  Unknown host sw-center.st.com
2023-06-05 06:49:56,537 [INFO] MainUpdater:2854 - connection check result : 22
2023-06-05 06:49:58,515 [WARN] PackLoader:240 - Cannot read IP mode file for STMicroelectronics.X-CUBE-GNSS1.6.0.0
2023-06-05 06:49:58,719 [WARN] PackLoader:240 - Cannot read IP mode file for STMicroelectronics.X-CUBE-AZRTOS-F4.1.1.0
2023-06-05 06:49:58,800 [WARN] PackLoader:240 - Cannot read IP mode file for STMicroelectronics.X-CUBE-SMBUS.2.1.0
2023-06-05 06:49:58,840 [WARN] PackLoader:240 - Cannot read IP mode file for wolfSSL.I-CUBE-wolfSSL.5.6.0
2023-06-05 06:49:59,000 [WARN] PackLoader:240 - Cannot read IP mode file for STMicroelectronics.X-CUBE-AZRTOS-F7.1.1.0
2023-06-05 06:49:59,427 [WARN] PackLoader:240 - Cannot read IP mode file for STMicroelectronics.X-CUBE-MEMS1.9.6.0
2023-06-05 06:50:00,536 [ERROR] RealEvaluatedCondition:428 - Found unsupported composite condition: GROUP='STM32_MetaDataManager' CLASS='Data Exchange'
2023-06-05 06:50:00,536 [ERROR] RealEvaluatedCondition:428 - Found unsupported composite condition: CLASS='Data Exchange' GROUP='STM32_MetaDataManager'
2023-06-05 06:50:00,536 [WARN] PackLoader:240 - Cannot read IP mode file for STMicroelectronics.FP-SNS-MOTENV1.4.3.0
2023-06-05 06:50:00,583 [WARN] PackLoader:240 - Cannot read IP mode file for STMicroelectronics.FP-SNS-FLIGHT1.5.0.0
2023-06-05 06:50:00,614 [ERROR] RealEvaluatedCondition:428 - Found unsupported composite condition: CLASS='Data Exchange' GROUP='STM32_MetaDataManager'
2023-06-05 06:50:00,630 [ERROR] RealEvaluatedCondition:428 - Found unsupported composite condition: CLASS='Data Exchange' GROUP='STM32_MetaDataManager'
2023-06-05 06:50:00,630 [WARN] PackLoader:240 - Cannot read IP mode file for STMicroelectronics.FP-SNS-MOTENV1.4.3.1
2023-06-05 06:50:00,676 [WARN] PackLoader:240 - Cannot read IP mode file for STMicroelectronics.FP-SNS-FLIGHT1.5.0.1
2023-06-05 06:50:00,739 [WARN] PackLoader:240 - Cannot read IP mode file for STMicroelectronics.X-CUBE-BLE1.6.2.4
2023-06-05 06:50:00,786 [WARN] PackLoader:240 - Cannot read IP mode file for emotas.I-CUBE-CANOPEN.1.1.3
2023-06-05 06:50:00,958 [WARN] PackLoader:240 - Cannot read IP mode file for STMicroelectronics.X-CUBE-BLEMGR.2.0.0
2023-06-05 06:50:01,083 [WARN] ConditionMgr:438 - getConditionDescription Invalid condition id : UX DEVICE CLASS RTOS Condition cause : null
2023-06-05 06:50:01,083 [WARN] ConditionMgr:438 - getConditionDescription Invalid condition id : UX DEVICE CLASS RTOS Condition cause : null
2023-06-05 06:50:01,130 [WARN] PackLoader:240 - Cannot read IP mode file for STMicroelectronics.X-CUBE-AZRTOS-H7.3.1.0
2023-06-05 06:50:01,145 [WARN] ConditionMgr:1039 - genDependencies : Invalid condition id : UX DEVICE CLASS RTOS Condition cause : null
2023-06-05 06:50:01,145 [WARN] ConditionMgr:1039 - genDependencies : Invalid condition id : UX DEVICE CLASS RTOS Condition cause : null
2023-06-05 06:50:01,145 [WARN] ConditionMgr:1039 - genDependencies : Invalid condition id : UX DEVICE CLASS RTOS Condition cause : null
2023-06-05 06:50:01,145 [WARN] ConditionMgr:1039 - genDependencies : Invalid condition id : UX DEVICE CLASS RTOS Condition cause : null
2023-06-05 06:50:01,145 [WARN] ConditionMgr:1039 - genDependencies : Invalid condition id : UX DEVICE CLASS RTOS Condition cause : null
2023-06-05 06:50:01,317 [WARN] PackLoader:240 - Cannot read IP mode file for STMicroelectronics.X-CUBE-DISPLAY.3.0.0
2023-06-05 06:50:01,395 [WARN] PackLoader:240 - Cannot read IP mode file for STMicroelectronics.X-CUBE-NFC7.1.0.0
2023-06-05 06:50:01,458 [WARN] PackLoader:240 - Cannot read IP mode file for STMicroelectronics.X-CUBE-EEPRMA1.4.1.0
2023-06-05 06:50:01,473 [INFO] ApiDb:581 - Connected to CubeFinder SQLite database (C:\Users\This pc\.stmcufinder\plugins\mcufinder\mcu\cube-finder-db.db)
2023-06-05 06:50:01,661 [WARN] ConditionMgr:438 - getConditionDescription Invalid condition id : LAN8742 Phy interface Condition cause : null
2023-06-05 06:50:01,661 [WARN] PackLoader:240 - Cannot read IP mode file for STMicroelectronics.X-CUBE-AZRTOS-L4.2.0.0
2023-06-05 06:50:01,661 [WARN] ConditionMgr:1039 - genDependencies : Invalid condition id : LAN8742 Phy interface Condition cause : null
2023-06-05 06:50:01,661 [WARN] ConditionMgr:1039 - genDependencies : Invalid condition id : LAN8742 Phy interface Condition cause : null
2023-06-05 06:50:01,661 [WARN] ConditionMgr:1039 - genDependencies : Invalid condition id : LAN8742 Phy interface Condition cause : null
2023-06-05 06:50:01,723 [WARN] PackLoader:240 - Cannot read IP mode file for WES.I-CUBE-Cesium.1.3.0
2023-06-05 06:50:01,770 [WARN] PackLoader:240 - Cannot read IP mode file for STMicroelectronics.X-CUBE-SFXS2LP1.4.0.0
2023-06-05 06:50:01,817 [WARN] PackLoader:240 - Cannot read IP mode file for STMicroelectronics.X-CUBE-BLE2.3.3.0
2023-06-05 06:50:01,848 [WARN] PackLoader:240 - Cannot read IP mode file for STMicroelectronics.X-CUBE-ISPU.1.1.0
2023-06-05 06:50:01,911 [WARN] PackLoader:240 - Cannot read IP mode file for STMicroelectronics.X-CUBE-FREERTOS.1.0.1
2023-06-05 06:50:01,926 [INFO] ApiDb:668 - CubeFinder database Data Model version=2.1
2023-06-05 06:50:01,926 [INFO] ApiDb:669 - CubeFinder database Configuration version=3.0.35
2023-06-05 06:50:01,926 [INFO] ApiDb:670 - CubeFinder database generation date=2023-05-12 (1683877179)
2023-06-05 06:50:01,942 [INFO] ApiDb:671 - CubeFinder database FW Pack versions=[FP-ATR-ASTRA1_V2.0.0, FP-SNS-FLIGHT1_V5.0.0, FP-SNS-MOTENV1_V4.3.0, STM32Cube_FW_C0_V1.0.1, STM32Cube_FW_F0_V1.11.4, STM32Cube_FW_F3_V1.11.4, STM32Cube_FW_F4_V1.27.1, STM32Cube_FW_F7_V1.17.0, STM32Cube_FW_G0_V1.6.1, STM32Cube_FW_G4_V1.5.1, STM32Cube_FW_H5_V0.5.1, STM32Cube_FW_H5_V1.0.0, STM32Cube_FW_H7_V1.11.0, STM32Cube_FW_L0_V1.12.2, STM32Cube_FW_L5_V1.5.0, STM32Cube_FW_U5_V1.2.0, STM32Cube_FW_WBA_V1.0.0, STM32Cube_FW_WBA_V1.0.0RC1, STM32Cube_FW_WBA_V1.0.0RC3, STM32Cube_FW_WB_V1.15.0RC1, STM32Cube_FW_WB_V1.16.0, STM32Cube_FW_WB_V1.16.0RC2, STM32Cube_FW_WL_V1.3.0, X-CUBE-ALGOBUILD_V1.3.0, X-CUBE-ALS_V1.0.1, X-CUBE-AZRTOS-F4_V1.1.0, X-CUBE-AZRTOS-F7_V1.1.0, X-CUBE-AZRTOS-G0_V1.1.0, X-CUBE-AZRTOS-G4_V2.0.0, X-CUBE-AZRTOS-H7_V3.1.0, X-CUBE-AZRTOS-L4_V1.0.0, X-CUBE-AZRTOS-L5_V1.1.0, X-CUBE-AZRTOS-WB_V1.1.0, X-CUBE-AZRTOS-WL_V1.0.0, X-CUBE-BLE1_V6.2.4, X-CUBE-BLE2_V3.3.0, X-CUBE-BLEMGR_V2.0.0, X-CUBE-EEPRMA1_V4.1.0, X-CUBE-FREERTOS_V1.0.1, X-CUBE-GNSS1_V6.0.0, X-CUBE-MEMS1_V9.1.0, X-CUBE-MEMS1_V9.4.0, X-CUBE-MEMS1_V9.6.0, X-CUBE-NFC4_V3.0.0, X-CUBE-NFC7_V1.0.0, X-CUBE-SFXS2LP1_V4.0.0, X-CUBE-SUBG2_V5.0.0]
2023-06-05 06:50:01,973 [WARN] PackLoader:240 - Cannot read IP mode file for STMicroelectronics.X-CUBE-TOUCHGFX.4.21.4
2023-06-05 06:50:02,051 [WARN] PackLoader:240 - Cannot read IP mode file for STMicroelectronics.X-CUBE-ALGOBUILD.1.3.0
2023-06-05 06:50:02,145 [WARN] PackLoader:240 - Cannot read IP mode file for STMicroelectronics.X-CUBE-AZRTOS-L5.1.1.0
2023-06-05 06:50:02,255 [WARN] PackLoader:240 - Cannot read IP mode file for STMicroelectronics.X-CUBE-AZRTOS-G0.1.1.0
2023-06-05 06:50:02,317 [WARN] PackLoader:240 - Cannot read IP mode file for STMicroelectronics.X-CUBE-AI.8.0.1
2023-06-05 06:50:02,380 [WARN] PackLoader:240 - Cannot read IP mode file for STMicroelectronics.X-CUBE-SUBG2.5.0.0
2023-06-05 06:50:02,442 [WARN] PackLoader:240 - Cannot read IP mode file for STMicroelectronics.X-CUBE-NFC4.3.0.0
2023-06-05 06:50:02,458 [INFO] DbBoardsSqlite:226 - include board P-NUCLEO-WB55-NUCLEO as a kit item of type 'Nucleo-64'
2023-06-05 06:50:02,458 [INFO] DbBoardsSqlite:226 - include board P-NUCLEO-WB55-USBDONGLE as a kit item of type 'Nucleo USB Dongle'
2023-06-05 06:50:02,458 [INFO] DbBoardsSqlite:226 - include board STEVAL-IDP005V1 as a kit item of type 'Evaluation Board'
2023-06-05 06:50:02,458 [INFO] DbBoardsSqlite:226 - include board STEVAL-IDP005V2 as a kit item of type 'Evaluation Board'
2023-06-05 06:50:02,551 [WARN] PackLoader:240 - Cannot read IP mode file for STMicroelectronics.X-CUBE-AZRTOS-G4.2.0.0
2023-06-05 06:50:02,630 [WARN] PackLoader:240 - Cannot read IP mode file for STMicroelectronics.X-CUBE-TOF1.3.3.0
2023-06-05 06:50:02,692 [WARN] PackLoader:240 - Cannot read IP mode file for STMicroelectronics.FP-ATR-SIGFOX1.3.2.0
2023-06-05 06:50:02,801 [WARN] PackLoader:240 - Cannot read IP mode file for STMicroelectronics.X-CUBE-AZRTOS-L4.1.0.0
2023-06-05 06:50:02,895 [WARN] PackLoader:240 - Cannot read IP mode file for STMicroelectronics.X-CUBE-AZRTOS-WL.1.0.0
2023-06-05 06:50:02,958 [WARN] PackLoader:240 - Cannot read IP mode file for portGmbH.I-Cube-SoM-uGOAL.1.1.0
2023-06-05 06:50:03,005 [WARN] PackLoader:240 - Cannot read IP mode file for STMicroelectronics.X-CUBE-ALS.1.0.1
2023-06-05 06:50:03,130 [WARN] PackLoader:240 - Cannot read IP mode file for STMicroelectronics.X-CUBE-AZRTOS-WB.1.1.0
2023-06-05 06:50:03,817 [INFO] ApiDb:240 - Found 297 in-development CPN: [B-G473E-ZEST1S, B-WB1M-WPAN1, B-WL5M-SUBG1, NUCLEO-C031C6, NUCLEO-H503RB, NUCLEO-H563ZI, NUCLEO-U545RE-Q, NUCLEO-U5A5ZJ-Q, NUCLEO-WBA52CG, STEVAL-PROTEUS1, STEVAL-STWINBX1, STM320518-EVAL, STM32C0116-DK, STM32C011D6Y3TR, STM32C011D6Y6TR, STM32C011F4P3, STM32C011F4P6, STM32C011F4U3, STM32C011F4U6TR, STM32C011F6P3, STM32C011F6P6, STM32C011F6U3, STM32C011F6U6TR, STM32C011J4M3, STM32C011J4M6, STM32C011J6M3, STM32C011J6M6, STM32C0316-DK, STM32C031C4T3, STM32C031C4T6, STM32C031C4U3, STM32C031C4U6, STM32C031C6T3, STM32C031C6T6, STM32C031C6U3, STM32C031C6U6, STM32C031F4P3, STM32C031F4P6, STM32C031F6P3, STM32C031F6P6, STM32C031G4U3, STM32C031G4U6, STM32C031G6U3, STM32C031G6U6, STM32C031K4T3, STM32C031K4T6, STM32C031K4U3, STM32C031K4U6, STM32C031K6T3, STM32C031K6T6, STM32C031K6U3, STM32C031K6U6, STM32G071K8TXN, STM32G071K8UXN, STM32G081GBU6N, STM32G081KBT6N, STM32G081KBUXN, STM32G0B1CCT6N, STM32G0B1KCT6, STM32G0B1NEY6TR, STM32G0B1RCT6N, STM32G0C1CCT6, STM32G0C1CCT6N, STM32G0C1CCU6N, STM32G0C1CET6N, STM32G0C1CEU6N, STM32G0C1KCT6, STM32G0C1NEY6TR, STM32G0C1RCI6N, STM32G0C1RCT6N, STM32G0C1REI6N, STM32G0C1RET6N, STM32G0C1VCI6, STM32G0C1VEI6, STM32G471CCT6, STM32G471CCU6, STM32G471CET3, STM32G471CET6, STM32G471CEU3, STM32G471CEU6, STM32G471MCT6, STM32G471MET3, STM32G471MET6, STM32G471MEY6TR, STM32G471QCT6, STM32G471QET3, STM32G471RCT6, STM32G471RET3, STM32G471RET6, STM32G471VCH6, STM32G471VCI6, STM32G471VCT6, STM32G471VEH3, STM32G471VEH6, STM32G471VEI3, STM32G471VEI6, STM32G471VET3, STM32G471VET6, STM32G474CCT6, STM32H503CBT6, STM32H503CBU6, STM32H503EBY6TR, STM32H503KBU6, STM32H503RBT6, STM32H562AGI6, STM32H562AII6, STM32H562IGK6, STM32H562IGT6, STM32H562IIK6, STM32H562IIT6, STM32H562RGT6, STM32H562RGV6, STM32H562RIT6, STM32H562RIV6, STM32H562VGT6, STM32H562VIT6, STM32H562ZGT6, STM32H562ZIT6, STM32H563AGI6, STM32H563AII3Q, STM32H563AII6, STM32H563IGK6, STM32H563IGT6, STM32H563IIK3Q, STM32H563IIK6, STM32H563IIT3Q, STM32H563IIT6, STM32H563MIY3QTR, STM32H563RGT6, STM32H563RGV6, STM32H563RIT6, STM32H563RIV6, STM32H563VGT6, STM32H563VIT3Q, STM32H563VIT6, STM32H563ZGT6, STM32H563ZIT3Q, STM32H563ZIT6, STM32H573AII3Q, STM32H573AII6, STM32H573I-DK, STM32H573IIK3Q, STM32H573IIK6, STM32H573IIT3Q, STM32H573IIT6, STM32H573MIY3QTR, STM32H573RIT6, STM32H573RIV6, STM32H573VIT3Q, STM32H573VIT6, STM32H573ZIT3Q, STM32H573ZIT6, STM32L4R5QGI6STR, STM32MP131AAE3, STM32MP131AAF3, STM32MP131AAG3, STM32MP131CAE3, STM32MP131CAF3, STM32MP131CAG3, STM32MP131DAE7, STM32MP131DAF7, STM32MP131DAG7, STM32MP131FAE7, STM32MP131FAF7, STM32MP131FAG7, STM32MP133AAE3, STM32MP133AAF3, STM32MP133AAG3, STM32MP133CAE3, STM32MP133CAF3, STM32MP133CAG3, STM32MP133DAE7, STM32MP133DAF7, STM32MP133DAG7, STM32MP133FAE7, STM32MP133FAF7, STM32MP133FAG7, STM32MP135AAE3, STM32MP135AAF3, STM32MP135AAG3, STM32MP135CAE3, STM32MP135CAF3, STM32MP135CAG3, STM32MP135DAE7, STM32MP135DAF7, STM32MP135DAG7, STM32MP135F-DK, STM32MP135FAE7, STM32MP135FAF7, STM32MP135FAF7T, STM32MP135FAF7U, STM32MP135FAG7, STM32U535CBT6, STM32U535CBT6Q, STM32U535CBU6, STM32U535CBU6Q, STM32U535CCT6, STM32U535CCT6Q, STM32U535CCU6, STM32U535CCU6Q, STM32U535CET6, STM32U535CET6Q, STM32U535CEU6, STM32U535CEU6Q, STM32U535JEY6QTR, STM32U535NCY6QTR, STM32U535NEY6QTR, STM32U535RBI6, STM32U535RBI6Q, STM32U535RBT6, STM32U535RBT6Q, STM32U535RCI6, STM32U535RCI6Q, STM32U535RCT6, STM32U535RCT6Q, STM32U535REI6, STM32U535REI6Q, STM32U535RET6, STM32U535RET6Q, STM32U535VCI6, STM32U535VCI6Q, STM32U535VCT6, STM32U535VCT6Q, STM32U535VEI6, STM32U535VEI6Q, STM32U535VET6, STM32U535VET6Q, STM32U545CET6, STM32U545CET6Q, STM32U545CEU6, STM32U545CEU6Q, STM32U545JEY6QTR, STM32U545NEY6QTR, STM32U545REI6, STM32U545REI6Q, STM32U545RET6, STM32U545RET6Q, STM32U545VEI6, STM32U545VEI6Q, STM32U545VET6, STM32U545VET6Q, STM32U595AIH6, STM32U595AIH6Q, STM32U595AJH6, STM32U595AJH6Q, STM32U595QII6, STM32U595QII6Q, STM32U595QJI6, STM32U595QJI6Q, STM32U595RIT6, STM32U595RIT6Q, STM32U595RJT6, STM32U595RJT6Q, STM32U595VIT6, STM32U595VIT6Q, STM32U595VJT6, STM32U595VJT6Q, STM32U595ZIT6, STM32U595ZIT6Q, STM32U595ZIY6QTR, STM32U595ZJT6, STM32U595ZJT6Q, STM32U595ZJY6QTR, STM32U599BJY6QTR, STM32U599NIH6Q, STM32U599NJH6Q, STM32U599VIT6Q, STM32U599VJT6, STM32U599VJT6Q, STM32U599ZIT6Q, STM32U599ZIY6QTR, STM32U599ZJT6Q, STM32U599ZJY6QTR, STM32U5A5AJH6, STM32U5A5AJH6Q, STM32U5A5QJI6, STM32U5A5QJI6Q, STM32U5A5RJT6, STM32U5A5RJT6Q, STM32U5A5VJT6, STM32U5A5VJT6Q, STM32U5A5ZJT6, STM32U5A5ZJT6Q, STM32U5A5ZJY6QTR, STM32U5A9BJY6QTR, STM32U5A9J-DK, STM32U5A9NJH6Q, STM32U5A9VJT6Q, STM32U5A9ZJT6Q, STM32U5A9ZJY6QTR, STM32WB1MMCH6, STM32WBA52CEU6, STM32WBA52CEU6T, STM32WBA52CGU6, STM32WBA52CGU6T, STM32WL5MOCH6, STM32WL5MOCH6TR]
2023-06-05 06:50:03,911 [WARN] PackLoader:240 - Cannot read IP mode file for SEGGER.I-CUBE-embOS.1.3.1
2023-06-05 06:50:04,317 [WARN] PackLoader:240 - Cannot read IP mode file for STMicroelectronics.FP-ATR-ASTRA1.2.0.0
2023-06-05 06:50:04,317 [INFO] ThirdParty:978 - Integrity check success = true
2023-06-05 06:50:04,317 [INFO] IntegrityCheckThread:100 - exiting critical section [integrity check]
2023-06-05 06:50:04,317 [INFO] IntegrityCheckThread:103 - End integrity checks thread
2023-06-05 06:50:04,723 [INFO] BoardInfo:880 - No configuration file found for board P-NUCLEO-WB55
2023-06-05 06:50:04,723 [INFO] DbBoards:157 - Kit is not supported: P-NUCLEO-WB55
2023-06-05 06:50:04,755 [INFO] BoardInfo:880 - No configuration file found for board STEVAL-BFA001V1B
2023-06-05 06:50:04,755 [INFO] DbBoards:157 - Kit is not supported: STEVAL-BFA001V1B
2023-06-05 06:50:04,755 [INFO] BoardInfo:880 - No configuration file found for board STEVAL-BFA001V2B
2023-06-05 06:50:04,755 [INFO] DbBoards:157 - Kit is not supported: STEVAL-BFA001V2B
2023-06-05 06:50:05,317 [INFO] DbBoards:161 - Found 187 boards, 184 are supported
2023-06-05 06:50:05,333 [INFO] ApiDb:668 - CubeFinder database Data Model version=2.1
2023-06-05 06:50:05,333 [INFO] ApiDb:669 - CubeFinder database Configuration version=3.0.35
2023-06-05 06:50:05,333 [INFO] ApiDb:670 - CubeFinder database generation date=2023-05-12 (1683877179)
2023-06-05 06:50:05,333 [INFO] ApiDb:671 - CubeFinder database FW Pack versions=[FP-ATR-ASTRA1_V2.0.0, FP-SNS-FLIGHT1_V5.0.0, FP-SNS-MOTENV1_V4.3.0, STM32Cube_FW_C0_V1.0.1, STM32Cube_FW_F0_V1.11.4, STM32Cube_FW_F3_V1.11.4, STM32Cube_FW_F4_V1.27.1, STM32Cube_FW_F7_V1.17.0, STM32Cube_FW_G0_V1.6.1, STM32Cube_FW_G4_V1.5.1, STM32Cube_FW_H5_V0.5.1, STM32Cube_FW_H5_V1.0.0, STM32Cube_FW_H7_V1.11.0, STM32Cube_FW_L0_V1.12.2, STM32Cube_FW_L5_V1.5.0, STM32Cube_FW_U5_V1.2.0, STM32Cube_FW_WBA_V1.0.0, STM32Cube_FW_WBA_V1.0.0RC1, STM32Cube_FW_WBA_V1.0.0RC3, STM32Cube_FW_WB_V1.15.0RC1, STM32Cube_FW_WB_V1.16.0, STM32Cube_FW_WB_V1.16.0RC2, STM32Cube_FW_WL_V1.3.0, X-CUBE-ALGOBUILD_V1.3.0, X-CUBE-ALS_V1.0.1, X-CUBE-AZRTOS-F4_V1.1.0, X-CUBE-AZRTOS-F7_V1.1.0, X-CUBE-AZRTOS-G0_V1.1.0, X-CUBE-AZRTOS-G4_V2.0.0, X-CUBE-AZRTOS-H7_V3.1.0, X-CUBE-AZRTOS-L4_V1.0.0, X-CUBE-AZRTOS-L5_V1.1.0, X-CUBE-AZRTOS-WB_V1.1.0, X-CUBE-AZRTOS-WL_V1.0.0, X-CUBE-BLE1_V6.2.4, X-CUBE-BLE2_V3.3.0, X-CUBE-BLEMGR_V2.0.0, X-CUBE-EEPRMA1_V4.1.0, X-CUBE-FREERTOS_V1.0.1, X-CUBE-GNSS1_V6.0.0, X-CUBE-MEMS1_V9.1.0, X-CUBE-MEMS1_V9.4.0, X-CUBE-MEMS1_V9.6.0, X-CUBE-NFC4_V3.0.0, X-CUBE-NFC7_V1.0.0, X-CUBE-SFXS2LP1_V4.0.0, X-CUBE-SUBG2_V5.0.0]
2023-06-05 06:50:12,485 [INFO] ApiDb:240 - Found 297 in-development CPN: [B-G473E-ZEST1S, B-WB1M-WPAN1, B-WL5M-SUBG1, NUCLEO-C031C6, NUCLEO-H503RB, NUCLEO-H563ZI, NUCLEO-U545RE-Q, NUCLEO-U5A5ZJ-Q, NUCLEO-WBA52CG, STEVAL-PROTEUS1, STEVAL-STWINBX1, STM320518-EVAL, STM32C0116-DK, STM32C011D6Y3TR, STM32C011D6Y6TR, STM32C011F4P3, STM32C011F4P6, STM32C011F4U3, STM32C011F4U6TR, STM32C011F6P3, STM32C011F6P6, STM32C011F6U3, STM32C011F6U6TR, STM32C011J4M3, STM32C011J4M6, STM32C011J6M3, STM32C011J6M6, STM32C0316-DK, STM32C031C4T3, STM32C031C4T6, STM32C031C4U3, STM32C031C4U6, STM32C031C6T3, STM32C031C6T6, STM32C031C6U3, STM32C031C6U6, STM32C031F4P3, STM32C031F4P6, STM32C031F6P3, STM32C031F6P6, STM32C031G4U3, STM32C031G4U6, STM32C031G6U3, STM32C031G6U6, STM32C031K4T3, STM32C031K4T6, STM32C031K4U3, STM32C031K4U6, STM32C031K6T3, STM32C031K6T6, STM32C031K6U3, STM32C031K6U6, STM32G071K8TXN, STM32G071K8UXN, STM32G081GBU6N, STM32G081KBT6N, STM32G081KBUXN, STM32G0B1CCT6N, STM32G0B1KCT6, STM32G0B1NEY6TR, STM32G0B1RCT6N, STM32G0C1CCT6, STM32G0C1CCT6N, STM32G0C1CCU6N, STM32G0C1CET6N, STM32G0C1CEU6N, STM32G0C1KCT6, STM32G0C1NEY6TR, STM32G0C1RCI6N, STM32G0C1RCT6N, STM32G0C1REI6N, STM32G0C1RET6N, STM32G0C1VCI6, STM32G0C1VEI6, STM32G471CCT6, STM32G471CCU6, STM32G471CET3, STM32G471CET6, STM32G471CEU3, STM32G471CEU6, STM32G471MCT6, STM32G471MET3, STM32G471MET6, STM32G471MEY6TR, STM32G471QCT6, STM32G471QET3, STM32G471RCT6, STM32G471RET3, STM32G471RET6, STM32G471VCH6, STM32G471VCI6, STM32G471VCT6, STM32G471VEH3, STM32G471VEH6, STM32G471VEI3, STM32G471VEI6, STM32G471VET3, STM32G471VET6, STM32G474CCT6, STM32H503CBT6, STM32H503CBU6, STM32H503EBY6TR, STM32H503KBU6, STM32H503RBT6, STM32H562AGI6, STM32H562AII6, STM32H562IGK6, STM32H562IGT6, STM32H562IIK6, STM32H562IIT6, STM32H562RGT6, STM32H562RGV6, STM32H562RIT6, STM32H562RIV6, STM32H562VGT6, STM32H562VIT6, STM32H562ZGT6, STM32H562ZIT6, STM32H563AGI6, STM32H563AII3Q, STM32H563AII6, STM32H563IGK6, STM32H563IGT6, STM32H563IIK3Q, STM32H563IIK6, STM32H563IIT3Q, STM32H563IIT6, STM32H563MIY3QTR, STM32H563RGT6, STM32H563RGV6, STM32H563RIT6, STM32H563RIV6, STM32H563VGT6, STM32H563VIT3Q, STM32H563VIT6, STM32H563ZGT6, STM32H563ZIT3Q, STM32H563ZIT6, STM32H573AII3Q, STM32H573AII6, STM32H573I-DK, STM32H573IIK3Q, STM32H573IIK6, STM32H573IIT3Q, STM32H573IIT6, STM32H573MIY3QTR, STM32H573RIT6, STM32H573RIV6, STM32H573VIT3Q, STM32H573VIT6, STM32H573ZIT3Q, STM32H573ZIT6, STM32L4R5QGI6STR, STM32MP131AAE3, STM32MP131AAF3, STM32MP131AAG3, STM32MP131CAE3, STM32MP131CAF3, STM32MP131CAG3, STM32MP131DAE7, STM32MP131DAF7, STM32MP131DAG7, STM32MP131FAE7, STM32MP131FAF7, STM32MP131FAG7, STM32MP133AAE3, STM32MP133AAF3, STM32MP133AAG3, STM32MP133CAE3, STM32MP133CAF3, STM32MP133CAG3, STM32MP133DAE7, STM32MP133DAF7, STM32MP133DAG7, STM32MP133FAE7, STM32MP133FAF7, STM32MP133FAG7, STM32MP135AAE3, STM32MP135AAF3, STM32MP135AAG3, STM32MP135CAE3, STM32MP135CAF3, STM32MP135CAG3, STM32MP135DAE7, STM32MP135DAF7, STM32MP135DAG7, STM32MP135F-DK, STM32MP135FAE7, STM32MP135FAF7, STM32MP135FAF7T, STM32MP135FAF7U, STM32MP135FAG7, STM32U535CBT6, STM32U535CBT6Q, STM32U535CBU6, STM32U535CBU6Q, STM32U535CCT6, STM32U535CCT6Q, STM32U535CCU6, STM32U535CCU6Q, STM32U535CET6, STM32U535CET6Q, STM32U535CEU6, STM32U535CEU6Q, STM32U535JEY6QTR, STM32U535NCY6QTR, STM32U535NEY6QTR, STM32U535RBI6, STM32U535RBI6Q, STM32U535RBT6, STM32U535RBT6Q, STM32U535RCI6, STM32U535RCI6Q, STM32U535RCT6, STM32U535RCT6Q, STM32U535REI6, STM32U535REI6Q, STM32U535RET6, STM32U535RET6Q, STM32U535VCI6, STM32U535VCI6Q, STM32U535VCT6, STM32U535VCT6Q, STM32U535VEI6, STM32U535VEI6Q, STM32U535VET6, STM32U535VET6Q, STM32U545CET6, STM32U545CET6Q, STM32U545CEU6, STM32U545CEU6Q, STM32U545JEY6QTR, STM32U545NEY6QTR, STM32U545REI6, STM32U545REI6Q, STM32U545RET6, STM32U545RET6Q, STM32U545VEI6, STM32U545VEI6Q, STM32U545VET6, STM32U545VET6Q, STM32U595AIH6, STM32U595AIH6Q, STM32U595AJH6, STM32U595AJH6Q, STM32U595QII6, STM32U595QII6Q, STM32U595QJI6, STM32U595QJI6Q, STM32U595RIT6, STM32U595RIT6Q, STM32U595RJT6, STM32U595RJT6Q, STM32U595VIT6, STM32U595VIT6Q, STM32U595VJT6, STM32U595VJT6Q, STM32U595ZIT6, STM32U595ZIT6Q, STM32U595ZIY6QTR, STM32U595ZJT6, STM32U595ZJT6Q, STM32U595ZJY6QTR, STM32U599BJY6QTR, STM32U599NIH6Q, STM32U599NJH6Q, STM32U599VIT6Q, STM32U599VJT6, STM32U599VJT6Q, STM32U599ZIT6Q, STM32U599ZIY6QTR, STM32U599ZJT6Q, STM32U599ZJY6QTR, STM32U5A5AJH6, STM32U5A5AJH6Q, STM32U5A5QJI6, STM32U5A5QJI6Q, STM32U5A5RJT6, STM32U5A5RJT6Q, STM32U5A5VJT6, STM32U5A5VJT6Q, STM32U5A5ZJT6, STM32U5A5ZJT6Q, STM32U5A5ZJY6QTR, STM32U5A9BJY6QTR, STM32U5A9J-DK, STM32U5A9NJH6Q, STM32U5A9VJT6Q, STM32U5A9ZJT6Q, STM32U5A9ZJY6QTR, STM32WB1MMCH6, STM32WBA52CEU6, STM32WBA52CEU6T, STM32WBA52CGU6, STM32WBA52CGU6T, STM32WL5MOCH6, STM32WL5MOCH6TR]
2023-06-05 06:50:12,517 [INFO] DbMcus:216 - Found 3775 MCUs, 3775 are supported
2023-06-05 06:50:12,563 [INFO] ApiDb:423 - Load user favorites file C:\Users\This pc/.stm32cubeide/favorites.mcus.txt: 1 item(s)
2023-06-05 06:50:12,563 [INFO] ApiDb:427 - User favorites MCUs=[STM32F401RET6]
2023-06-05 06:50:12,563 [INFO] DbMcus:222 - Set 1 / 1 favorites MCUs
2023-06-05 06:50:15,270 [INFO] ApiDb:423 - Load user favorites file C:\Users\This pc/.stm32cubeide/favorites.boards.txt: 0 item(s)
2023-06-05 06:50:15,270 [INFO] ApiDb:427 - User favorites Boards=[]
2023-06-05 06:50:15,270 [INFO] DbBoards:190 - Set 0 / 0 favorites Boards
2023-06-05 06:50:15,270 [INFO] McuFinderGlobals:66 - Set McuFinderConnectedMode to false
2023-06-05 06:50:15,301 [INFO] MultiScanPanel:200 - Auto-refresh data requested => check proxy status ongoing
2023-06-05 06:50:15,301 [INFO] MultiScanPanel:204 - Proxy status is invalid
2023-06-05 06:50:15,317 [INFO] FinderPluginLoader:95 - Searching for filters in installed packs
2023-06-05 06:50:21,293 [INFO] DetailPanel:341 - Set advertising image to C:/Users/This pc/STM32Cube/Repository/\en.prom-stm32h5-mcu-finder.jpg
2023-06-05 06:52:56,956 [ERROR] ConfigurationRetriever:142 - IOException on connection: sw-center.st.com
2023-06-05 06:52:56,959 [ERROR] ConfigurationRetriever:142 - IOException on connection: sw-center.st.com
2023-06-05 06:52:56,960 [ERROR] ConfigurationRetriever:142 - IOException on connection: sw-center.st.com
2023-06-05 06:52:58,342 [INFO] McuFinderGlobals:66 - Set McuFinderConnectedMode to true
2023-06-05 06:52:58,342 [INFO] ApiDb:448 - Save user favorites file C:\Users\This pc/.stm32cubeide/favorites.mcus.txt: 1 item(s)
2023-06-05 06:52:58,358 [INFO] ApiDb:452 - User favorites MCUs=[STM32F401RET6]
2023-06-05 07:31:53,820 [ERROR] ConfigurationRetriever:142 - IOException on connection: sw-center.st.com
2023-06-05 07:31:53,820 [ERROR] ConfigurationRetriever:142 - IOException on connection: sw-center.st.com
2023-06-05 07:31:53,835 [ERROR] ConfigurationRetriever:142 - IOException on connection: sw-center.st.com
2023-06-05 07:33:40,135 [ERROR] ConfigurationRetriever:142 - IOException on connection: sw-center.st.com
2023-06-05 07:33:40,135 [ERROR] ConfigurationRetriever:142 - IOException on connection: sw-center.st.com
2023-06-05 07:33:40,135 [ERROR] ConfigurationRetriever:142 - IOException on connection: sw-center.st.com
2023-06-05 07:38:32,397 [ERROR] ConfigurationRetriever:142 - IOException on connection: sw-center.st.com
2023-06-05 07:38:32,397 [ERROR] ConfigurationRetriever:142 - IOException on connection: sw-center.st.com
2023-06-05 07:38:32,397 [ERROR] ConfigurationRetriever:142 - IOException on connection: sw-center.st.com
2023-06-05 07:39:53,160 [ERROR] ConfigurationRetriever:142 - IOException on connection: sw-center.st.com
2023-06-05 07:39:53,160 [ERROR] ConfigurationRetriever:142 - IOException on connection: sw-center.st.com
2023-06-05 07:39:53,160 [ERROR] ConfigurationRetriever:142 - IOException on connection: sw-center.st.com
2023-06-05 07:40:31,463 [ERROR] ConfigurationRetriever:142 - IOException on connection: sw-center.st.com
2023-06-05 07:40:31,478 [ERROR] ConfigurationRetriever:142 - IOException on connection: sw-center.st.com
2023-06-05 07:40:31,478 [ERROR] ConfigurationRetriever:142 - IOException on connection: sw-center.st.com
2023-06-05 07:44:38,928 [ERROR] ConfigurationRetriever:142 - IOException on connection: sw-center.st.com
2023-06-05 07:44:38,943 [ERROR] ConfigurationRetriever:142 - IOException on connection: sw-center.st.com
2023-06-05 07:44:38,943 [ERROR] ConfigurationRetriever:142 - IOException on connection: sw-center.st.com
2023-06-05 07:47:33,729 [ERROR] ConfigurationRetriever:142 - IOException on connection: sw-center.st.com
2023-06-05 07:47:33,731 [ERROR] ConfigurationRetriever:142 - IOException on connection: sw-center.st.com
2023-06-05 07:47:33,735 [ERROR] ConfigurationRetriever:142 - IOException on connection: sw-center.st.com
2023-06-05 07:48:26,303 [ERROR] ConfigurationRetriever:142 - IOException on connection: sw-center.st.com
2023-06-05 07:48:26,303 [ERROR] ConfigurationRetriever:142 - IOException on connection: sw-center.st.com
2023-06-05 07:48:26,303 [ERROR] ConfigurationRetriever:142 - IOException on connection: sw-center.st.com
2023-06-05 07:49:38,741 [ERROR] ConfigurationRetriever:142 - IOException on connection: sw-center.st.com
2023-06-05 07:49:38,745 [ERROR] ConfigurationRetriever:142 - IOException on connection: sw-center.st.com
2023-06-05 07:49:38,749 [ERROR] ConfigurationRetriever:142 - IOException on connection: sw-center.st.com
2023-06-05 07:50:54,834 [ERROR] ConfigurationRetriever:142 - IOException on connection: sw-center.st.com
2023-06-05 07:50:54,834 [ERROR] ConfigurationRetriever:142 - IOException on connection: sw-center.st.com
2023-06-05 07:50:54,834 [ERROR] ConfigurationRetriever:142 - IOException on connection: sw-center.st.com
2023-06-05 08:45:53,913 [ERROR] ConfigurationRetriever:142 - IOException on connection: sw-center.st.com
2023-06-05 08:45:53,913 [ERROR] ConfigurationRetriever:142 - IOException on connection: sw-center.st.com
2023-06-05 08:45:53,913 [ERROR] ConfigurationRetriever:142 - IOException on connection: sw-center.st.com
2023-06-05 08:47:35,666 [ERROR] ConfigurationRetriever:142 - IOException on connection: sw-center.st.com
2023-06-05 08:47:35,666 [ERROR] ConfigurationRetriever:142 - IOException on connection: sw-center.st.com
2023-06-05 08:47:35,666 [ERROR] ConfigurationRetriever:142 - IOException on connection: sw-center.st.com
2023-06-05 08:52:09,338 [ERROR] ConfigurationRetriever:142 - IOException on connection: sw-center.st.com
2023-06-05 08:52:09,338 [ERROR] ConfigurationRetriever:142 - IOException on connection: sw-center.st.com
2023-06-05 08:52:09,338 [ERROR] ConfigurationRetriever:142 - IOException on connection: sw-center.st.com
2023-06-05 08:53:07,295 [ERROR] ConfigurationRetriever:142 - IOException on connection: sw-center.st.com
2023-06-05 08:53:07,295 [ERROR] ConfigurationRetriever:142 - IOException on connection: sw-center.st.com
2023-06-05 08:53:07,295 [ERROR] ConfigurationRetriever:142 - IOException on connection: sw-center.st.com
2023-06-05 08:54:39,617 [ERROR] ConfigurationRetriever:142 - IOException on connection: sw-center.st.com
2023-06-05 08:54:39,617 [ERROR] ConfigurationRetriever:142 - IOException on connection: sw-center.st.com
2023-06-05 08:54:39,617 [ERROR] ConfigurationRetriever:142 - IOException on connection: sw-center.st.com
2023-06-05 08:57:54,180 [ERROR] ConfigurationRetriever:142 - IOException on connection: sw-center.st.com
2023-06-05 08:57:54,180 [ERROR] ConfigurationRetriever:142 - IOException on connection: sw-center.st.com
2023-06-05 08:57:54,180 [ERROR] ConfigurationRetriever:142 - IOException on connection: sw-center.st.com
2023-06-05 09:04:14,818 [ERROR] ConfigurationRetriever:142 - IOException on connection: sw-center.st.com
2023-06-05 09:04:14,820 [ERROR] ConfigurationRetriever:142 - IOException on connection: sw-center.st.com
2023-06-05 09:04:14,824 [ERROR] ConfigurationRetriever:142 - IOException on connection: sw-center.st.com
2023-06-05 09:24:02,394 [ERROR] ConfigurationRetriever:142 - IOException on connection: sw-center.st.com
2023-06-05 09:24:02,394 [ERROR] ConfigurationRetriever:142 - IOException on connection: sw-center.st.com
2023-06-05 09:24:02,394 [ERROR] ConfigurationRetriever:142 - IOException on connection: sw-center.st.com
2023-06-05 09:28:11,773 [ERROR] ConfigurationRetriever:142 - IOException on connection: sw-center.st.com
2023-06-05 09:28:11,773 [ERROR] ConfigurationRetriever:142 - IOException on connection: sw-center.st.com
2023-06-05 09:28:11,773 [ERROR] ConfigurationRetriever:142 - IOException on connection: sw-center.st.com
2023-06-05 09:33:19,055 [ERROR] ConfigurationRetriever:142 - IOException on connection: sw-center.st.com
2023-06-05 09:33:19,070 [ERROR] ConfigurationRetriever:142 - IOException on connection: sw-center.st.com
2023-06-05 09:33:19,070 [ERROR] ConfigurationRetriever:142 - IOException on connection: sw-center.st.com
2023-06-05 09:36:24,990 [ERROR] ConfigurationRetriever:142 - IOException on connection: sw-center.st.com
2023-06-05 09:36:25,005 [ERROR] ConfigurationRetriever:142 - IOException on connection: sw-center.st.com
2023-06-05 09:36:25,005 [ERROR] ConfigurationRetriever:142 - IOException on connection: sw-center.st.com
2023-06-05 09:37:27,308 [ERROR] ConfigurationRetriever:142 - IOException on connection: sw-center.st.com
2023-06-05 09:37:27,314 [ERROR] ConfigurationRetriever:142 - IOException on connection: sw-center.st.com
2023-06-05 09:37:27,319 [ERROR] ConfigurationRetriever:142 - IOException on connection: sw-center.st.com
2023-06-05 09:38:24,554 [ERROR] ConfigurationRetriever:142 - IOException on connection: sw-center.st.com
2023-06-05 09:38:24,569 [ERROR] ConfigurationRetriever:142 - IOException on connection: sw-center.st.com
2023-06-05 09:38:24,569 [ERROR] ConfigurationRetriever:142 - IOException on connection: sw-center.st.com
2023-06-05 09:41:02,388 [ERROR] ConfigurationRetriever:142 - IOException on connection: sw-center.st.com
2023-06-05 09:41:02,388 [ERROR] ConfigurationRetriever:142 - IOException on connection: sw-center.st.com
2023-06-05 09:41:02,404 [ERROR] ConfigurationRetriever:142 - IOException on connection: sw-center.st.com
2023-06-05 09:42:28,015 [ERROR] ConfigurationRetriever:142 - IOException on connection: sw-center.st.com
2023-06-05 09:42:28,030 [ERROR] ConfigurationRetriever:142 - IOException on connection: sw-center.st.com
2023-06-05 09:42:28,030 [ERROR] ConfigurationRetriever:142 - IOException on connection: sw-center.st.com
2023-06-05 09:43:51,317 [ERROR] ConfigurationRetriever:142 - IOException on connection: sw-center.st.com
2023-06-05 09:43:51,317 [ERROR] ConfigurationRetriever:142 - IOException on connection: sw-center.st.com
2023-06-05 09:43:51,333 [ERROR] ConfigurationRetriever:142 - IOException on connection: sw-center.st.com
2023-06-05 09:45:52,515 [ERROR] ConfigurationRetriever:142 - IOException on connection: sw-center.st.com
2023-06-05 09:45:52,530 [ERROR] ConfigurationRetriever:142 - IOException on connection: sw-center.st.com
2023-06-05 09:45:52,530 [ERROR] ConfigurationRetriever:142 - IOException on connection: sw-center.st.com
2023-06-05 09:46:46,257 [ERROR] ConfigurationRetriever:142 - IOException on connection: sw-center.st.com
2023-06-05 09:46:46,257 [ERROR] ConfigurationRetriever:142 - IOException on connection: sw-center.st.com
2023-06-05 09:46:46,273 [ERROR] ConfigurationRetriever:142 - IOException on connection: sw-center.st.com
2023-06-05 09:48:05,132 [ERROR] ConfigurationRetriever:142 - IOException on connection: sw-center.st.com
2023-06-05 09:48:05,132 [ERROR] ConfigurationRetriever:142 - IOException on connection: sw-center.st.com
2023-06-05 09:48:05,132 [ERROR] ConfigurationRetriever:142 - IOException on connection: sw-center.st.com
2023-06-05 09:49:49,703 [ERROR] ConfigurationRetriever:142 - IOException on connection: sw-center.st.com
2023-06-05 09:49:49,703 [ERROR] ConfigurationRetriever:142 - IOException on connection: sw-center.st.com
2023-06-05 09:49:49,703 [ERROR] ConfigurationRetriever:142 - IOException on connection: sw-center.st.com
2023-06-05 09:50:44,033 [ERROR] ConfigurationRetriever:142 - IOException on connection: sw-center.st.com
2023-06-05 09:50:44,049 [ERROR] ConfigurationRetriever:142 - IOException on connection: sw-center.st.com
2023-06-05 09:50:44,049 [ERROR] ConfigurationRetriever:142 - IOException on connection: sw-center.st.com
2023-06-05 12:19:09,173 [ERROR] ConfigurationRetriever:142 - IOException on connection: sw-center.st.com
2023-06-05 12:19:09,173 [ERROR] ConfigurationRetriever:142 - IOException on connection: sw-center.st.com
2023-06-05 12:19:09,173 [ERROR] ConfigurationRetriever:142 - IOException on connection: sw-center.st.com
2023-06-05 15:05:18,762 [INFO] Activator:176 - 


2023-06-05 15:05:18,778 [INFO] Activator:177 - !SESSION log4j initialized
2023-06-05 15:05:37,434 [INFO] LogOutputStream:77 - [STDOUT_REDIRECT] 
2023-06-05 15:05:38,872 [ERROR] ConfigurationRetriever:142 - IOException on connection: sw-center.st.com
2023-06-05 15:05:38,872 [ERROR] ConfigurationRetriever:142 - IOException on connection: sw-center.st.com
2023-06-05 15:05:38,872 [ERROR] ConfigurationRetriever:142 - IOException on connection: sw-center.st.com
2023-06-05 15:05:41,997 [INFO] ApplicationProperties:184 - Using Application install path: C:\ST\STM32CubeIDE_1.12.1\STM32CubeIDE\plugins\com.st.stm32cube.common.mx_6.8.1.202304191431
2023-06-05 15:05:42,059 [INFO] DbMcusXml:78 - Set database path to: C:\ST\STM32CubeIDE_1.12.1\STM32CubeIDE\plugins\com.st.stm32cube.common.mx_6.8.1.202304191431\\db\/mcu/
2023-06-05 15:05:42,059 [INFO] ApiDb:274 - Set plugin database path to: C:\ST\STM32CubeIDE_1.12.1\STM32CubeIDE\plugins\com.st.stm32cube.common.mx_6.8.1.202304191431\\db\/plugins/boardmanager/
2023-06-05 15:05:42,059 [WARN] ApiDb:259 - Overriding images path with different value:  => C:\ST\STM32CubeIDE_1.12.1\STM32CubeIDE\plugins\com.st.stm32cube.common.mx_6.8.1.202304191431\\db\/plugins/mcufinder/images/
2023-06-05 15:05:42,153 [INFO] ApiDb:250 - Set database path to: C:\Users\This pc\.stmcufinder\plugins\mcufinder//mcu/
2023-06-05 15:05:42,169 [INFO] DbMcusAds:125 - Set database path to: C:\Users\This pc\.stmcufinder\plugins\mcufinder//mcu/
2023-06-05 15:05:42,169 [INFO] CrossReferenceDbSqlite:203 - Set database path to: C:\Users\This pc\.stmcufinder\plugins\mcufinder//mcu/cs/
2023-06-05 15:05:42,591 [INFO] RulesReader:64 - Compatibility file has been processed (293 Rules)
2023-06-05 15:05:42,934 [INFO] DbMcusXml:78 - Set database path to: C:\ST\STM32CubeIDE_1.12.1\STM32CubeIDE\plugins\com.st.stm32cube.common.mx_6.8.1.202304191431\\db\/mcu/
2023-06-05 15:05:42,934 [INFO] ApiDb:274 - Set plugin database path to: C:\ST\STM32CubeIDE_1.12.1\STM32CubeIDE\plugins\com.st.stm32cube.common.mx_6.8.1.202304191431\\db\/plugins/boardmanager/
2023-06-05 15:05:42,934 [INFO] ApiDb:261 - Set plugin images path to: C:\ST\STM32CubeIDE_1.12.1\STM32CubeIDE\plugins\com.st.stm32cube.common.mx_6.8.1.202304191431\\db\/plugins/mcufinder/images/
2023-06-05 15:05:42,934 [WARN] DbFile:41 - Overriding database path with different value: C:\Users\This pc\.stmcufinder\plugins\mcufinder/ => C:\Users\This pc\.stmcufinder\plugins\mcufinder
2023-06-05 15:05:42,934 [INFO] ApiDb:250 - Set database path to: C:\Users\This pc\.stmcufinder\plugins\mcufinder//mcu/
2023-06-05 15:05:42,934 [WARN] DbFile:41 - Overriding database path with different value: C:\Users\This pc\.stmcufinder\plugins\mcufinder/ => C:\Users\This pc\.stmcufinder\plugins\mcufinder
2023-06-05 15:05:42,934 [INFO] DbMcusAds:125 - Set database path to: C:\Users\This pc\.stmcufinder\plugins\mcufinder//mcu/
2023-06-05 15:05:42,934 [WARN] DbFile:41 - Overriding database path with different value: C:\Users\This pc\.stmcufinder\plugins\mcufinder/ => C:\Users\This pc\.stmcufinder\plugins\mcufinder
2023-06-05 15:05:42,934 [WARN] DbFile:41 - Overriding database path with different value: C:\Users\This pc\.stmcufinder\plugins\mcufinder/ => C:\Users\This pc\.stmcufinder\plugins\mcufinder
2023-06-05 15:05:42,934 [INFO] CrossReferenceDbSqlite:203 - Set database path to: C:\Users\This pc\.stmcufinder\plugins\mcufinder//mcu/cs/
2023-06-05 15:05:43,200 [INFO] MainPanel:253 - HeapMemory: 268435456
2023-06-05 15:05:43,465 [INFO] DbMcusXml:78 - Set database path to: C:\ST\STM32CubeIDE_1.12.1\STM32CubeIDE\plugins\com.st.stm32cube.common.mx_6.8.1.202304191431\\db\/mcu/
2023-06-05 15:05:43,465 [INFO] ApiDb:274 - Set plugin database path to: C:\ST\STM32CubeIDE_1.12.1\STM32CubeIDE\plugins\com.st.stm32cube.common.mx_6.8.1.202304191431\\db\/plugins/boardmanager/
2023-06-05 15:05:43,465 [INFO] ApiDb:261 - Set plugin images path to: C:\ST\STM32CubeIDE_1.12.1\STM32CubeIDE\plugins\com.st.stm32cube.common.mx_6.8.1.202304191431\\db\/plugins/mcufinder/images/
2023-06-05 15:05:43,465 [WARN] DbFile:41 - Overriding database path with different value: C:\Users\This pc\.stmcufinder\plugins\mcufinder/ => C:\Users\This pc\.stmcufinder\plugins\mcufinder
2023-06-05 15:05:43,465 [INFO] ApiDb:250 - Set database path to: C:\Users\This pc\.stmcufinder\plugins\mcufinder//mcu/
2023-06-05 15:05:43,465 [WARN] DbFile:41 - Overriding database path with different value: C:\Users\This pc\.stmcufinder\plugins\mcufinder/ => C:\Users\This pc\.stmcufinder\plugins\mcufinder
2023-06-05 15:05:43,465 [INFO] DbMcusAds:125 - Set database path to: C:\Users\This pc\.stmcufinder\plugins\mcufinder//mcu/
2023-06-05 15:05:43,465 [WARN] DbFile:41 - Overriding database path with different value: C:\Users\This pc\.stmcufinder\plugins\mcufinder/ => C:\Users\This pc\.stmcufinder\plugins\mcufinder
2023-06-05 15:05:43,465 [WARN] DbFile:41 - Overriding database path with different value: C:\Users\This pc\.stmcufinder\plugins\mcufinder/ => C:\Users\This pc\.stmcufinder\plugins\mcufinder
2023-06-05 15:05:43,465 [INFO] CrossReferenceDbSqlite:203 - Set database path to: C:\Users\This pc\.stmcufinder\plugins\mcufinder//mcu/cs/
2023-06-05 15:05:43,528 [INFO] ApplicationProperties:184 - Using Application install path: C:\ST\STM32CubeIDE_1.12.1\STM32CubeIDE\plugins\com.st.stm32cube.common.mx_6.8.1.202304191431
2023-06-05 15:05:43,528 [INFO] PluginManage:196 - Search for loadable plugins [exclusion list=, ]
2023-06-05 15:05:43,544 [INFO] PluginManage:310 - Check plugin analytics
2023-06-05 15:05:43,997 [INFO] AnalyticsPlugin:253 - Accepted Software Licenses: STM32CubeMX.6.8.1
2023-06-05 15:05:43,997 [INFO] AnalyticsPlugin:255 - Accepted CMSIS Pack Licenses: 
2023-06-05 15:05:43,997 [INFO] AnalyticsPlugin:257 - Accepted Firmware Licenses: FW.F4.1.27.0
2023-06-05 15:05:44,012 [ERROR] ConfigurationRetriever:142 - IOException on connection: sw-center.st.com
2023-06-05 15:05:44,028 [ERROR] ConfigurationRetriever:142 - IOException on connection: sw-center.st.com
2023-06-05 15:05:44,028 [ERROR] ConfigurationRetriever:142 - IOException on connection: sw-center.st.com
2023-06-05 15:05:44,044 [INFO] PluginManage:359 - Loaded plugin analytics (category:tool,tabindex:-1)
2023-06-05 15:05:44,044 [INFO] PluginManage:310 - Check plugin cadmodel
2023-06-05 15:05:44,059 [INFO] CADModel:105 - Init CAD model plugin
2023-06-05 15:05:44,059 [INFO] PluginManage:359 - Loaded plugin cadmodel (category:power,tabindex:5)
2023-06-05 15:05:44,059 [INFO] PluginManage:310 - Check plugin clock
2023-06-05 15:05:44,090 [INFO] PluginManage:359 - Loaded plugin clock (category:base,tabindex:2)
2023-06-05 15:05:44,090 [INFO] PluginManage:310 - Check plugin ddr
2023-06-05 15:05:44,106 [INFO] PluginManage:359 - Loaded plugin ddr (category:tool,tabindex:6)
2023-06-05 15:05:44,106 [INFO] PluginManage:310 - Check plugin filemanager
2023-06-05 15:05:44,419 [INFO] PluginManage:359 - Loaded plugin filemanager (category:base,tabindex:10)
2023-06-05 15:05:44,434 [INFO] PluginManage:310 - Check plugin ipmanager
2023-06-05 15:05:44,450 [INFO] PluginManage:359 - Loaded plugin ipmanager (category:base,tabindex:5)
2023-06-05 15:05:44,450 [INFO] PluginManage:310 - Check plugin lpbam
2023-06-05 15:05:44,481 [INFO] PluginManage:359 - Loaded plugin lpbam (category:base,tabindex:0)
2023-06-05 15:05:44,481 [INFO] PluginManage:310 - Check plugin pinoutandconfiguration
2023-06-05 15:05:44,497 [INFO] PluginManage:359 - Loaded plugin pinoutandconfiguration (category:base,tabindex:1)
2023-06-05 15:05:44,497 [INFO] PluginManage:310 - Check plugin pinoutconfig
2023-06-05 15:05:44,669 [WARN] SupportedApi:132 - Cannot load RTOS API schema: s4s-elt-must-match.1: The content of 'definitions' must match (annotation?, (simpleType | complexType)?, (unique | key | keyref)*)). A problem was found starting at: attribute.
2023-06-05 15:05:45,059 [INFO] PluginManage:359 - Loaded plugin pinoutconfig (category:base,tabindex:0)
2023-06-05 15:05:45,059 [INFO] PluginManage:310 - Check plugin power
2023-06-05 15:05:45,106 [INFO] PluginManage:359 - Loaded plugin power (category:power,tabindex:4)
2023-06-05 15:05:45,106 [INFO] PluginManage:310 - Check plugin projectmanager
2023-06-05 15:05:45,153 [INFO] PluginManage:359 - Loaded plugin projectmanager (category:projectmanager,tabindex:3)
2023-06-05 15:05:45,153 [INFO] PluginManage:310 - Check plugin thirdparty
2023-06-05 15:05:45,575 [INFO] PluginManage:359 - Loaded plugin thirdparty (category:base,tabindex:-1)
2023-06-05 15:05:45,575 [INFO] PluginManage:310 - Check plugin tools
2023-06-05 15:05:45,575 [WARN] IntegrityCheckThread:84 - waiting for thirdparty lock release [integrity check]
2023-06-05 15:05:45,575 [INFO] IntegrityCheckThread:86 - entering critical section [integrity check]
2023-06-05 15:05:45,590 [INFO] ThirdPartyUpdaterWithRetryManager:70 - Updater plugin not ready yet. [1/15]
2023-06-05 15:05:45,590 [INFO] PluginManage:359 - Loaded plugin tools (category:base,tabindex:7)
2023-06-05 15:05:45,590 [INFO] PluginManage:310 - Check plugin tutovideos
2023-06-05 15:05:46,106 [INFO] PluginManage:359 - Loaded plugin tutovideos (category:base,tabindex:-1)
2023-06-05 15:05:46,106 [INFO] PluginManage:310 - Check plugin updater
2023-06-05 15:05:46,153 [INFO] PluginManage:359 - Loaded plugin updater (category:base,tabindex:12)
2023-06-05 15:05:46,153 [INFO] PluginManage:283 - PluginManage : Loaded plugins [15]
2023-06-05 15:05:47,028 [INFO] PinOutPanel:1499 - setPackage(No Configuration,No Configuration)
2023-06-05 15:05:47,247 [INFO] CADModel:165 - CPN selected for project level
2023-06-05 15:05:47,247 [INFO] CADModel:114 - Register for checkConnection events
2023-06-05 15:05:47,309 [INFO] IPUIPlugin:80 - create IPUIPlugin
2023-06-05 15:05:47,309 [INFO] PluginManager:220 - loadIPPluginJar : add adc
2023-06-05 15:05:47,309 [INFO] IPUIPlugin:80 - create IPUIPlugin
2023-06-05 15:05:47,309 [INFO] PluginManager:220 - loadIPPluginJar : add aes
2023-06-05 15:05:47,325 [INFO] IPUIPlugin:80 - create IPUIPlugin
2023-06-05 15:05:47,325 [INFO] PluginManager:220 - loadIPPluginJar : add can
2023-06-05 15:05:47,325 [INFO] IPUIPlugin:80 - create IPUIPlugin
2023-06-05 15:05:47,325 [INFO] PluginManager:220 - loadIPPluginJar : add comp
2023-06-05 15:05:47,340 [INFO] IPUIPlugin:80 - create IPUIPlugin
2023-06-05 15:05:47,340 [INFO] PluginManager:220 - loadIPPluginJar : add cryp
2023-06-05 15:05:47,356 [INFO] IPUIPlugin:80 - create IPUIPlugin
2023-06-05 15:05:47,356 [INFO] PluginManager:220 - loadIPPluginJar : add dfsdm
2023-06-05 15:05:47,372 [INFO] IPUIPlugin:80 - create IPUIPlugin
2023-06-05 15:05:47,372 [INFO] PluginManager:220 - loadIPPluginJar : add dma
2023-06-05 15:05:47,372 [INFO] IPUIPlugin:80 - create IPUIPlugin
2023-06-05 15:05:47,372 [INFO] PluginManager:220 - loadIPPluginJar : add dma3
2023-06-05 15:05:47,387 [INFO] IPUIPlugin:80 - create IPUIPlugin
2023-06-05 15:05:47,387 [INFO] PluginManager:220 - loadIPPluginJar : add fatfs
2023-06-05 15:05:47,403 [INFO] IPUIPlugin:80 - create IPUIPlugin
2023-06-05 15:05:47,403 [INFO] PluginManager:220 - loadIPPluginJar : add fmc
2023-06-05 15:05:47,419 [INFO] IPUIPlugin:80 - create IPUIPlugin
2023-06-05 15:05:47,434 [INFO] PluginManager:220 - loadIPPluginJar : add freertos
2023-06-05 15:05:47,434 [INFO] IPUIPlugin:80 - create IPUIPlugin
2023-06-05 15:05:47,434 [INFO] PluginManager:220 - loadIPPluginJar : add genericplugin
2023-06-05 15:05:47,434 [INFO] IPUIPlugin:80 - create IPUIPlugin
2023-06-05 15:05:47,434 [INFO] PluginManager:220 - loadIPPluginJar : add gfxmmu
2023-06-05 15:05:47,465 [INFO] IPUIPlugin:80 - create IPUIPlugin
2023-06-05 15:05:47,465 [INFO] PluginManager:220 - loadIPPluginJar : add gic
2023-06-05 15:05:47,481 [INFO] IPUIPlugin:80 - create IPUIPlugin
2023-06-05 15:05:47,481 [INFO] PluginManager:220 - loadIPPluginJar : add gpio
2023-06-05 15:05:47,481 [INFO] IPUIPlugin:80 - create IPUIPlugin
2023-06-05 15:05:47,481 [INFO] PluginManager:220 - loadIPPluginJar : add gtzc
2023-06-05 15:05:47,497 [INFO] IPUIPlugin:80 - create IPUIPlugin
2023-06-05 15:05:47,497 [INFO] PluginManager:220 - loadIPPluginJar : add hash
2023-06-05 15:05:47,497 [INFO] IPUIPlugin:80 - create IPUIPlugin
2023-06-05 15:05:47,497 [INFO] PluginManager:220 - loadIPPluginJar : add i2c
2023-06-05 15:05:47,512 [INFO] IPUIPlugin:80 - create IPUIPlugin
2023-06-05 15:05:47,512 [INFO] PluginManager:220 - loadIPPluginJar : add i2s
2023-06-05 15:05:47,528 [INFO] IPUIPlugin:80 - create IPUIPlugin
2023-06-05 15:05:47,528 [INFO] PluginManager:220 - loadIPPluginJar : add i3c
2023-06-05 15:05:47,528 [INFO] IPUIPlugin:80 - create IPUIPlugin
2023-06-05 15:05:47,528 [INFO] PluginManager:220 - loadIPPluginJar : add ipddr
2023-06-05 15:05:47,559 [INFO] IPUIPlugin:80 - create IPUIPlugin
2023-06-05 15:05:47,559 [INFO] PluginManager:220 - loadIPPluginJar : add linkedlist
2023-06-05 15:05:47,559 [INFO] IPUIPlugin:80 - create IPUIPlugin
2023-06-05 15:05:47,559 [INFO] PluginManager:220 - loadIPPluginJar : add lorawan
2023-06-05 15:05:47,575 [INFO] IPUIPlugin:80 - create IPUIPlugin
2023-06-05 15:05:47,575 [INFO] PluginManager:220 - loadIPPluginJar : add ltdc
2023-06-05 15:05:47,590 [INFO] IPUIPlugin:80 - create IPUIPlugin
2023-06-05 15:05:47,590 [INFO] PluginManager:220 - loadIPPluginJar : add mdma
2023-06-05 15:05:47,590 [INFO] IPUIPlugin:80 - create IPUIPlugin
2023-06-05 15:05:47,590 [INFO] PluginManager:220 - loadIPPluginJar : add nvic
2023-06-05 15:05:47,606 [INFO] IPUIPlugin:80 - create IPUIPlugin
2023-06-05 15:05:47,606 [INFO] PluginManager:220 - loadIPPluginJar : add opamp
2023-06-05 15:05:47,622 [INFO] IPUIPlugin:80 - create IPUIPlugin
2023-06-05 15:05:47,622 [INFO] PluginManager:220 - loadIPPluginJar : add openamp
2023-06-05 15:05:47,622 [INFO] IPUIPlugin:80 - create IPUIPlugin
2023-06-05 15:05:47,622 [INFO] PluginManager:220 - loadIPPluginJar : add pdm2pcm
2023-06-05 15:05:47,653 [INFO] IPUIPlugin:80 - create IPUIPlugin
2023-06-05 15:05:47,653 [INFO] PluginManager:220 - loadIPPluginJar : add plateformsettings
2023-06-05 15:05:47,669 [INFO] IPUIPlugin:80 - create IPUIPlugin
2023-06-05 15:05:47,669 [INFO] PluginManager:220 - loadIPPluginJar : add quadspi
2023-06-05 15:05:47,669 [INFO] IPUIPlugin:80 - create IPUIPlugin
2023-06-05 15:05:47,669 [INFO] PluginManager:220 - loadIPPluginJar : add resmgrutility
2023-06-05 15:05:47,684 [INFO] IPUIPlugin:80 - create IPUIPlugin
2023-06-05 15:05:47,684 [INFO] PluginManager:220 - loadIPPluginJar : add sai
2023-06-05 15:05:47,684 [INFO] IPUIPlugin:80 - create IPUIPlugin
2023-06-05 15:05:47,684 [INFO] PluginManager:220 - loadIPPluginJar : add spi
2023-06-05 15:05:47,700 [INFO] IPUIPlugin:80 - create IPUIPlugin
2023-06-05 15:05:47,700 [INFO] PluginManager:220 - loadIPPluginJar : add stm32_wpan
2023-06-05 15:05:47,700 [INFO] IPUIPlugin:80 - create IPUIPlugin
2023-06-05 15:05:47,700 [INFO] PluginManager:220 - loadIPPluginJar : add tim
2023-06-05 15:05:47,715 [INFO] IPUIPlugin:80 - create IPUIPlugin
2023-06-05 15:05:47,715 [INFO] PluginManager:220 - loadIPPluginJar : add touchsensing
2023-06-05 15:05:47,731 [INFO] IPUIPlugin:80 - create IPUIPlugin
2023-06-05 15:05:47,731 [INFO] PluginManager:220 - loadIPPluginJar : add tracer_emb
2023-06-05 15:05:47,731 [INFO] IPUIPlugin:80 - create IPUIPlugin
2023-06-05 15:05:47,731 [INFO] PluginManager:220 - loadIPPluginJar : add ts
2023-06-05 15:05:47,731 [INFO] IPUIPlugin:80 - create IPUIPlugin
2023-06-05 15:05:47,731 [INFO] PluginManager:220 - loadIPPluginJar : add tsc
2023-06-05 15:05:47,747 [INFO] IPUIPlugin:80 - create IPUIPlugin
2023-06-05 15:05:47,747 [INFO] PluginManager:220 - loadIPPluginJar : add ucpd
2023-06-05 15:05:47,747 [INFO] IPUIPlugin:80 - create IPUIPlugin
2023-06-05 15:05:47,747 [INFO] PluginManager:220 - loadIPPluginJar : add usart
2023-06-05 15:05:47,762 [INFO] IPUIPlugin:80 - create IPUIPlugin
2023-06-05 15:05:47,762 [INFO] PluginManager:220 - loadIPPluginJar : add usbx
2023-06-05 15:05:48,021 [INFO] CADModel:165 - CPN selected for project level
2023-06-05 15:05:48,021 [INFO] CADModel:114 - Register for checkConnection events
2023-06-05 15:05:48,021 [FATAL] Updater:308 - Updater called before beeing initialized
2023-06-05 15:05:48,021 [ERROR] CADModel:125 - Updater not yet initialized, retry later 
2023-06-05 15:05:48,474 [INFO] CADModel:165 - CPN selected for project level
2023-06-05 15:05:48,474 [INFO] CADModel:114 - Register for checkConnection events
2023-06-05 15:05:48,474 [FATAL] Updater:308 - Updater called before beeing initialized
2023-06-05 15:05:48,474 [ERROR] CADModel:125 - Updater not yet initialized, retry later 
2023-06-05 15:05:48,490 [FATAL] Updater:308 - Updater called before beeing initialized
2023-06-05 15:05:48,599 [INFO] ThirdPartyUpdaterWithRetryManager:70 - Updater plugin not ready yet. [2/15]
2023-06-05 15:05:48,896 [FATAL] Updater:308 - Updater called before beeing initialized
2023-06-05 15:05:48,927 [INFO] DbMcusAds:53 - JSON generation date=Tue Mar 07 14:20:54 IST 2023 (1678179054945)
2023-06-05 15:05:48,927 [FATAL] Updater:308 - Updater called before beeing initialized
2023-06-05 15:05:49,052 [WARN] DetailPanel:346 - Failed to get advertising image, set to default
2023-06-05 15:05:49,459 [FATAL] Updater:308 - Updater called before beeing initialized
2023-06-05 15:05:49,459 [FATAL] Updater:308 - Updater called before beeing initialized
2023-06-05 15:05:49,474 [FATAL] Updater:308 - Updater called before beeing initialized
2023-06-05 15:05:49,474 [WARN] DetailPanel:346 - Failed to get advertising image, set to default
2023-06-05 15:05:49,474 [FATAL] Updater:308 - Updater called before beeing initialized
2023-06-05 15:05:49,615 [ERROR] Updater:1120 - MainUpdater not yet initialized. External WinMGr cannot be set.
2023-06-05 15:05:49,615 [INFO] Updater:1056 - Updater Version found : 6.8.1
2023-06-05 15:05:49,662 [INFO] ApplicationProperties:184 - Using Application install path: C:\ST\STM32CubeIDE_1.12.1\STM32CubeIDE\plugins\com.st.stm32cube.common.mx_6.8.1.202304191431
2023-06-05 15:05:49,880 [ERROR] ServerAccessManage:1146 - Warning during Server Connection :  Unknown host sw-center.st.com
2023-06-05 15:05:49,912 [INFO] MainUpdater:2854 - connection check result : 22
2023-06-05 15:05:49,912 [INFO] MainUpdater:283 - Updater Check For Update Now.
2023-06-05 15:05:49,912 [INFO] MicroXplorer:498 - Change Database Version : DB.6.0.81
2023-06-05 15:05:50,209 [INFO] CheckServerUpdateThread:120 - End of CheckServer Thread
2023-06-05 15:05:50,349 [ERROR] ServerAccessManage:1146 - Warning during Server Connection :  Unknown host sw-center.st.com
2023-06-05 15:05:50,365 [INFO] MainUpdater:2854 - connection check result : 22
2023-06-05 15:05:52,240 [WARN] PackLoader:240 - Cannot read IP mode file for STMicroelectronics.X-CUBE-GNSS1.6.0.0
2023-06-05 15:05:52,365 [WARN] PackLoader:240 - Cannot read IP mode file for STMicroelectronics.X-CUBE-AZRTOS-F4.1.1.0
2023-06-05 15:05:52,412 [WARN] PackLoader:240 - Cannot read IP mode file for STMicroelectronics.X-CUBE-SMBUS.2.1.0
2023-06-05 15:05:52,427 [WARN] PackLoader:240 - Cannot read IP mode file for wolfSSL.I-CUBE-wolfSSL.5.6.0
2023-06-05 15:05:52,521 [WARN] PackLoader:240 - Cannot read IP mode file for STMicroelectronics.X-CUBE-AZRTOS-F7.1.1.0
2023-06-05 15:05:52,834 [WARN] PackLoader:240 - Cannot read IP mode file for STMicroelectronics.X-CUBE-MEMS1.9.6.0
2023-06-05 15:05:53,490 [ERROR] RealEvaluatedCondition:428 - Found unsupported composite condition: GROUP='STM32_MetaDataManager' CLASS='Data Exchange'
2023-06-05 15:05:53,490 [ERROR] RealEvaluatedCondition:428 - Found unsupported composite condition: GROUP='STM32_MetaDataManager' CLASS='Data Exchange'
2023-06-05 15:05:53,490 [WARN] PackLoader:240 - Cannot read IP mode file for STMicroelectronics.FP-SNS-MOTENV1.4.3.0
2023-06-05 15:05:53,505 [WARN] PackLoader:240 - Cannot read IP mode file for STMicroelectronics.FP-SNS-FLIGHT1.5.0.0
2023-06-05 15:05:53,521 [ERROR] RealEvaluatedCondition:428 - Found unsupported composite condition: CLASS='Data Exchange' GROUP='STM32_MetaDataManager'
2023-06-05 15:05:53,521 [ERROR] RealEvaluatedCondition:428 - Found unsupported composite condition: GROUP='STM32_MetaDataManager' CLASS='Data Exchange'
2023-06-05 15:05:53,521 [WARN] PackLoader:240 - Cannot read IP mode file for STMicroelectronics.FP-SNS-MOTENV1.4.3.1
2023-06-05 15:05:53,537 [WARN] PackLoader:240 - Cannot read IP mode file for STMicroelectronics.FP-SNS-FLIGHT1.5.0.1
2023-06-05 15:05:53,552 [WARN] PackLoader:240 - Cannot read IP mode file for STMicroelectronics.X-CUBE-BLE1.6.2.4
2023-06-05 15:05:53,584 [WARN] PackLoader:240 - Cannot read IP mode file for emotas.I-CUBE-CANOPEN.1.1.3
2023-06-05 15:05:53,599 [WARN] PackLoader:240 - Cannot read IP mode file for STMicroelectronics.X-CUBE-BLEMGR.2.0.0
2023-06-05 15:05:53,662 [WARN] ConditionMgr:438 - getConditionDescription Invalid condition id : UX DEVICE CLASS RTOS Condition cause : null
2023-06-05 15:05:53,662 [WARN] ConditionMgr:438 - getConditionDescription Invalid condition id : UX DEVICE CLASS RTOS Condition cause : null
2023-06-05 15:05:53,677 [WARN] PackLoader:240 - Cannot read IP mode file for STMicroelectronics.X-CUBE-AZRTOS-H7.3.1.0
2023-06-05 15:05:53,677 [WARN] ConditionMgr:1039 - genDependencies : Invalid condition id : UX DEVICE CLASS RTOS Condition cause : null
2023-06-05 15:05:53,677 [WARN] ConditionMgr:1039 - genDependencies : Invalid condition id : UX DEVICE CLASS RTOS Condition cause : null
2023-06-05 15:05:53,693 [WARN] ConditionMgr:1039 - genDependencies : Invalid condition id : UX DEVICE CLASS RTOS Condition cause : null
2023-06-05 15:05:53,693 [WARN] ConditionMgr:1039 - genDependencies : Invalid condition id : UX DEVICE CLASS RTOS Condition cause : null
2023-06-05 15:05:53,693 [WARN] ConditionMgr:1039 - genDependencies : Invalid condition id : UX DEVICE CLASS RTOS Condition cause : null
2023-06-05 15:05:53,709 [WARN] PackLoader:240 - Cannot read IP mode file for STMicroelectronics.X-CUBE-DISPLAY.3.0.0
2023-06-05 15:05:53,740 [WARN] PackLoader:240 - Cannot read IP mode file for STMicroelectronics.X-CUBE-NFC7.1.0.0
2023-06-05 15:05:53,849 [WARN] PackLoader:240 - Cannot read IP mode file for STMicroelectronics.X-CUBE-EEPRMA1.4.1.0
2023-06-05 15:05:53,912 [WARN] ConditionMgr:438 - getConditionDescription Invalid condition id : LAN8742 Phy interface Condition cause : null
2023-06-05 15:05:53,912 [WARN] PackLoader:240 - Cannot read IP mode file for STMicroelectronics.X-CUBE-AZRTOS-L4.2.0.0
2023-06-05 15:05:53,912 [WARN] ConditionMgr:1039 - genDependencies : Invalid condition id : LAN8742 Phy interface Condition cause : null
2023-06-05 15:05:53,912 [WARN] ConditionMgr:1039 - genDependencies : Invalid condition id : LAN8742 Phy interface Condition cause : null
2023-06-05 15:05:53,912 [WARN] ConditionMgr:1039 - genDependencies : Invalid condition id : LAN8742 Phy interface Condition cause : null
2023-06-05 15:05:53,943 [WARN] PackLoader:240 - Cannot read IP mode file for WES.I-CUBE-Cesium.1.3.0
2023-06-05 15:05:53,959 [WARN] PackLoader:240 - Cannot read IP mode file for STMicroelectronics.X-CUBE-SFXS2LP1.4.0.0
2023-06-05 15:05:53,974 [WARN] PackLoader:240 - Cannot read IP mode file for STMicroelectronics.X-CUBE-BLE2.3.3.0
2023-06-05 15:05:53,990 [WARN] PackLoader:240 - Cannot read IP mode file for STMicroelectronics.X-CUBE-ISPU.1.1.0
2023-06-05 15:05:54,005 [WARN] PackLoader:240 - Cannot read IP mode file for STMicroelectronics.X-CUBE-FREERTOS.1.0.1
2023-06-05 15:05:54,021 [WARN] PackLoader:240 - Cannot read IP mode file for STMicroelectronics.X-CUBE-TOUCHGFX.4.21.4
2023-06-05 15:05:54,037 [WARN] PackLoader:240 - Cannot read IP mode file for STMicroelectronics.X-CUBE-ALGOBUILD.1.3.0
2023-06-05 15:05:54,084 [WARN] PackLoader:240 - Cannot read IP mode file for STMicroelectronics.X-CUBE-AZRTOS-L5.1.1.0
2023-06-05 15:05:54,209 [WARN] PackLoader:240 - Cannot read IP mode file for STMicroelectronics.X-CUBE-AZRTOS-G0.1.1.0
2023-06-05 15:05:54,224 [WARN] PackLoader:240 - Cannot read IP mode file for STMicroelectronics.X-CUBE-AI.8.0.1
2023-06-05 15:05:54,255 [WARN] PackLoader:240 - Cannot read IP mode file for STMicroelectronics.X-CUBE-SUBG2.5.0.0
2023-06-05 15:05:54,302 [WARN] PackLoader:240 - Cannot read IP mode file for STMicroelectronics.X-CUBE-NFC4.3.0.0
2023-06-05 15:05:54,396 [WARN] PackLoader:240 - Cannot read IP mode file for STMicroelectronics.X-CUBE-AZRTOS-G4.2.0.0
2023-06-05 15:05:54,459 [WARN] PackLoader:240 - Cannot read IP mode file for STMicroelectronics.X-CUBE-TOF1.3.3.0
2023-06-05 15:05:54,521 [WARN] PackLoader:240 - Cannot read IP mode file for STMicroelectronics.FP-ATR-SIGFOX1.3.2.0
2023-06-05 15:05:54,599 [WARN] PackLoader:240 - Cannot read IP mode file for STMicroelectronics.X-CUBE-AZRTOS-L4.1.0.0
2023-06-05 15:05:54,662 [WARN] PackLoader:240 - Cannot read IP mode file for STMicroelectronics.X-CUBE-AZRTOS-WL.1.0.0
2023-06-05 15:05:54,740 [WARN] PackLoader:240 - Cannot read IP mode file for portGmbH.I-Cube-SoM-uGOAL.1.1.0
2023-06-05 15:05:54,755 [WARN] PackLoader:240 - Cannot read IP mode file for STMicroelectronics.X-CUBE-ALS.1.0.1
2023-06-05 15:05:54,802 [WARN] PackLoader:240 - Cannot read IP mode file for STMicroelectronics.X-CUBE-AZRTOS-WB.1.1.0
2023-06-05 15:05:54,959 [WARN] PackLoader:240 - Cannot read IP mode file for SEGGER.I-CUBE-embOS.1.3.1
2023-06-05 15:05:55,115 [WARN] PackLoader:240 - Cannot read IP mode file for STMicroelectronics.FP-ATR-ASTRA1.2.0.0
2023-06-05 15:05:55,115 [INFO] ThirdParty:978 - Integrity check success = true
2023-06-05 15:05:55,115 [INFO] IntegrityCheckThread:100 - exiting critical section [integrity check]
2023-06-05 15:05:55,115 [INFO] IntegrityCheckThread:103 - End integrity checks thread
2023-06-05 15:05:55,771 [INFO] ApiDb:581 - Connected to CubeFinder SQLite database (C:\Users\This pc\.stmcufinder\plugins\mcufinder\mcu\cube-finder-db.db)
2023-06-05 15:05:56,005 [INFO] ApiDb:668 - CubeFinder database Data Model version=2.1
2023-06-05 15:05:56,021 [INFO] ApiDb:669 - CubeFinder database Configuration version=3.0.35
2023-06-05 15:05:56,021 [INFO] ApiDb:670 - CubeFinder database generation date=2023-05-12 (1683877179)
2023-06-05 15:05:56,021 [INFO] ApiDb:671 - CubeFinder database FW Pack versions=[FP-ATR-ASTRA1_V2.0.0, FP-SNS-FLIGHT1_V5.0.0, FP-SNS-MOTENV1_V4.3.0, STM32Cube_FW_C0_V1.0.1, STM32Cube_FW_F0_V1.11.4, STM32Cube_FW_F3_V1.11.4, STM32Cube_FW_F4_V1.27.1, STM32Cube_FW_F7_V1.17.0, STM32Cube_FW_G0_V1.6.1, STM32Cube_FW_G4_V1.5.1, STM32Cube_FW_H5_V0.5.1, STM32Cube_FW_H5_V1.0.0, STM32Cube_FW_H7_V1.11.0, STM32Cube_FW_L0_V1.12.2, STM32Cube_FW_L5_V1.5.0, STM32Cube_FW_U5_V1.2.0, STM32Cube_FW_WBA_V1.0.0, STM32Cube_FW_WBA_V1.0.0RC1, STM32Cube_FW_WBA_V1.0.0RC3, STM32Cube_FW_WB_V1.15.0RC1, STM32Cube_FW_WB_V1.16.0, STM32Cube_FW_WB_V1.16.0RC2, STM32Cube_FW_WL_V1.3.0, X-CUBE-ALGOBUILD_V1.3.0, X-CUBE-ALS_V1.0.1, X-CUBE-AZRTOS-F4_V1.1.0, X-CUBE-AZRTOS-F7_V1.1.0, X-CUBE-AZRTOS-G0_V1.1.0, X-CUBE-AZRTOS-G4_V2.0.0, X-CUBE-AZRTOS-H7_V3.1.0, X-CUBE-AZRTOS-L4_V1.0.0, X-CUBE-AZRTOS-L5_V1.1.0, X-CUBE-AZRTOS-WB_V1.1.0, X-CUBE-AZRTOS-WL_V1.0.0, X-CUBE-BLE1_V6.2.4, X-CUBE-BLE2_V3.3.0, X-CUBE-BLEMGR_V2.0.0, X-CUBE-EEPRMA1_V4.1.0, X-CUBE-FREERTOS_V1.0.1, X-CUBE-GNSS1_V6.0.0, X-CUBE-MEMS1_V9.1.0, X-CUBE-MEMS1_V9.4.0, X-CUBE-MEMS1_V9.6.0, X-CUBE-NFC4_V3.0.0, X-CUBE-NFC7_V1.0.0, X-CUBE-SFXS2LP1_V4.0.0, X-CUBE-SUBG2_V5.0.0]
2023-06-05 15:05:56,318 [INFO] DbBoardsSqlite:226 - include board P-NUCLEO-WB55-NUCLEO as a kit item of type 'Nucleo-64'
2023-06-05 15:05:56,318 [INFO] DbBoardsSqlite:226 - include board P-NUCLEO-WB55-USBDONGLE as a kit item of type 'Nucleo USB Dongle'
2023-06-05 15:05:56,318 [INFO] DbBoardsSqlite:226 - include board STEVAL-IDP005V1 as a kit item of type 'Evaluation Board'
2023-06-05 15:05:56,318 [INFO] DbBoardsSqlite:226 - include board STEVAL-IDP005V2 as a kit item of type 'Evaluation Board'
2023-06-05 15:05:56,552 [INFO] ApiDb:240 - Found 297 in-development CPN: [B-G473E-ZEST1S, B-WB1M-WPAN1, B-WL5M-SUBG1, NUCLEO-C031C6, NUCLEO-H503RB, NUCLEO-H563ZI, NUCLEO-U545RE-Q, NUCLEO-U5A5ZJ-Q, NUCLEO-WBA52CG, STEVAL-PROTEUS1, STEVAL-STWINBX1, STM320518-EVAL, STM32C0116-DK, STM32C011D6Y3TR, STM32C011D6Y6TR, STM32C011F4P3, STM32C011F4P6, STM32C011F4U3, STM32C011F4U6TR, STM32C011F6P3, STM32C011F6P6, STM32C011F6U3, STM32C011F6U6TR, STM32C011J4M3, STM32C011J4M6, STM32C011J6M3, STM32C011J6M6, STM32C0316-DK, STM32C031C4T3, STM32C031C4T6, STM32C031C4U3, STM32C031C4U6, STM32C031C6T3, STM32C031C6T6, STM32C031C6U3, STM32C031C6U6, STM32C031F4P3, STM32C031F4P6, STM32C031F6P3, STM32C031F6P6, STM32C031G4U3, STM32C031G4U6, STM32C031G6U3, STM32C031G6U6, STM32C031K4T3, STM32C031K4T6, STM32C031K4U3, STM32C031K4U6, STM32C031K6T3, STM32C031K6T6, STM32C031K6U3, STM32C031K6U6, STM32G071K8TXN, STM32G071K8UXN, STM32G081GBU6N, STM32G081KBT6N, STM32G081KBUXN, STM32G0B1CCT6N, STM32G0B1KCT6, STM32G0B1NEY6TR, STM32G0B1RCT6N, STM32G0C1CCT6, STM32G0C1CCT6N, STM32G0C1CCU6N, STM32G0C1CET6N, STM32G0C1CEU6N, STM32G0C1KCT6, STM32G0C1NEY6TR, STM32G0C1RCI6N, STM32G0C1RCT6N, STM32G0C1REI6N, STM32G0C1RET6N, STM32G0C1VCI6, STM32G0C1VEI6, STM32G471CCT6, STM32G471CCU6, STM32G471CET3, STM32G471CET6, STM32G471CEU3, STM32G471CEU6, STM32G471MCT6, STM32G471MET3, STM32G471MET6, STM32G471MEY6TR, STM32G471QCT6, STM32G471QET3, STM32G471RCT6, STM32G471RET3, STM32G471RET6, STM32G471VCH6, STM32G471VCI6, STM32G471VCT6, STM32G471VEH3, STM32G471VEH6, STM32G471VEI3, STM32G471VEI6, STM32G471VET3, STM32G471VET6, STM32G474CCT6, STM32H503CBT6, STM32H503CBU6, STM32H503EBY6TR, STM32H503KBU6, STM32H503RBT6, STM32H562AGI6, STM32H562AII6, STM32H562IGK6, STM32H562IGT6, STM32H562IIK6, STM32H562IIT6, STM32H562RGT6, STM32H562RGV6, STM32H562RIT6, STM32H562RIV6, STM32H562VGT6, STM32H562VIT6, STM32H562ZGT6, STM32H562ZIT6, STM32H563AGI6, STM32H563AII3Q, STM32H563AII6, STM32H563IGK6, STM32H563IGT6, STM32H563IIK3Q, STM32H563IIK6, STM32H563IIT3Q, STM32H563IIT6, STM32H563MIY3QTR, STM32H563RGT6, STM32H563RGV6, STM32H563RIT6, STM32H563RIV6, STM32H563VGT6, STM32H563VIT3Q, STM32H563VIT6, STM32H563ZGT6, STM32H563ZIT3Q, STM32H563ZIT6, STM32H573AII3Q, STM32H573AII6, STM32H573I-DK, STM32H573IIK3Q, STM32H573IIK6, STM32H573IIT3Q, STM32H573IIT6, STM32H573MIY3QTR, STM32H573RIT6, STM32H573RIV6, STM32H573VIT3Q, STM32H573VIT6, STM32H573ZIT3Q, STM32H573ZIT6, STM32L4R5QGI6STR, STM32MP131AAE3, STM32MP131AAF3, STM32MP131AAG3, STM32MP131CAE3, STM32MP131CAF3, STM32MP131CAG3, STM32MP131DAE7, STM32MP131DAF7, STM32MP131DAG7, STM32MP131FAE7, STM32MP131FAF7, STM32MP131FAG7, STM32MP133AAE3, STM32MP133AAF3, STM32MP133AAG3, STM32MP133CAE3, STM32MP133CAF3, STM32MP133CAG3, STM32MP133DAE7, STM32MP133DAF7, STM32MP133DAG7, STM32MP133FAE7, STM32MP133FAF7, STM32MP133FAG7, STM32MP135AAE3, STM32MP135AAF3, STM32MP135AAG3, STM32MP135CAE3, STM32MP135CAF3, STM32MP135CAG3, STM32MP135DAE7, STM32MP135DAF7, STM32MP135DAG7, STM32MP135F-DK, STM32MP135FAE7, STM32MP135FAF7, STM32MP135FAF7T, STM32MP135FAF7U, STM32MP135FAG7, STM32U535CBT6, STM32U535CBT6Q, STM32U535CBU6, STM32U535CBU6Q, STM32U535CCT6, STM32U535CCT6Q, STM32U535CCU6, STM32U535CCU6Q, STM32U535CET6, STM32U535CET6Q, STM32U535CEU6, STM32U535CEU6Q, STM32U535JEY6QTR, STM32U535NCY6QTR, STM32U535NEY6QTR, STM32U535RBI6, STM32U535RBI6Q, STM32U535RBT6, STM32U535RBT6Q, STM32U535RCI6, STM32U535RCI6Q, STM32U535RCT6, STM32U535RCT6Q, STM32U535REI6, STM32U535REI6Q, STM32U535RET6, STM32U535RET6Q, STM32U535VCI6, STM32U535VCI6Q, STM32U535VCT6, STM32U535VCT6Q, STM32U535VEI6, STM32U535VEI6Q, STM32U535VET6, STM32U535VET6Q, STM32U545CET6, STM32U545CET6Q, STM32U545CEU6, STM32U545CEU6Q, STM32U545JEY6QTR, STM32U545NEY6QTR, STM32U545REI6, STM32U545REI6Q, STM32U545RET6, STM32U545RET6Q, STM32U545VEI6, STM32U545VEI6Q, STM32U545VET6, STM32U545VET6Q, STM32U595AIH6, STM32U595AIH6Q, STM32U595AJH6, STM32U595AJH6Q, STM32U595QII6, STM32U595QII6Q, STM32U595QJI6, STM32U595QJI6Q, STM32U595RIT6, STM32U595RIT6Q, STM32U595RJT6, STM32U595RJT6Q, STM32U595VIT6, STM32U595VIT6Q, STM32U595VJT6, STM32U595VJT6Q, STM32U595ZIT6, STM32U595ZIT6Q, STM32U595ZIY6QTR, STM32U595ZJT6, STM32U595ZJT6Q, STM32U595ZJY6QTR, STM32U599BJY6QTR, STM32U599NIH6Q, STM32U599NJH6Q, STM32U599VIT6Q, STM32U599VJT6, STM32U599VJT6Q, STM32U599ZIT6Q, STM32U599ZIY6QTR, STM32U599ZJT6Q, STM32U599ZJY6QTR, STM32U5A5AJH6, STM32U5A5AJH6Q, STM32U5A5QJI6, STM32U5A5QJI6Q, STM32U5A5RJT6, STM32U5A5RJT6Q, STM32U5A5VJT6, STM32U5A5VJT6Q, STM32U5A5ZJT6, STM32U5A5ZJT6Q, STM32U5A5ZJY6QTR, STM32U5A9BJY6QTR, STM32U5A9J-DK, STM32U5A9NJH6Q, STM32U5A9VJT6Q, STM32U5A9ZJT6Q, STM32U5A9ZJY6QTR, STM32WB1MMCH6, STM32WBA52CEU6, STM32WBA52CEU6T, STM32WBA52CGU6, STM32WBA52CGU6T, STM32WL5MOCH6, STM32WL5MOCH6TR]
2023-06-05 15:05:57,068 [INFO] BoardInfo:880 - No configuration file found for board P-NUCLEO-WB55
2023-06-05 15:05:57,068 [INFO] DbBoards:157 - Kit is not supported: P-NUCLEO-WB55
2023-06-05 15:05:57,084 [INFO] BoardInfo:880 - No configuration file found for board STEVAL-BFA001V1B
2023-06-05 15:05:57,084 [INFO] DbBoards:157 - Kit is not supported: STEVAL-BFA001V1B
2023-06-05 15:05:57,084 [INFO] BoardInfo:880 - No configuration file found for board STEVAL-BFA001V2B
2023-06-05 15:05:57,084 [INFO] DbBoards:157 - Kit is not supported: STEVAL-BFA001V2B
2023-06-05 15:05:57,521 [INFO] DbBoards:161 - Found 187 boards, 184 are supported
2023-06-05 15:05:57,521 [INFO] ApiDb:668 - CubeFinder database Data Model version=2.1
2023-06-05 15:05:57,537 [INFO] ApiDb:669 - CubeFinder database Configuration version=3.0.35
2023-06-05 15:05:57,537 [INFO] ApiDb:670 - CubeFinder database generation date=2023-05-12 (1683877179)
2023-06-05 15:05:57,537 [INFO] ApiDb:671 - CubeFinder database FW Pack versions=[FP-ATR-ASTRA1_V2.0.0, FP-SNS-FLIGHT1_V5.0.0, FP-SNS-MOTENV1_V4.3.0, STM32Cube_FW_C0_V1.0.1, STM32Cube_FW_F0_V1.11.4, STM32Cube_FW_F3_V1.11.4, STM32Cube_FW_F4_V1.27.1, STM32Cube_FW_F7_V1.17.0, STM32Cube_FW_G0_V1.6.1, STM32Cube_FW_G4_V1.5.1, STM32Cube_FW_H5_V0.5.1, STM32Cube_FW_H5_V1.0.0, STM32Cube_FW_H7_V1.11.0, STM32Cube_FW_L0_V1.12.2, STM32Cube_FW_L5_V1.5.0, STM32Cube_FW_U5_V1.2.0, STM32Cube_FW_WBA_V1.0.0, STM32Cube_FW_WBA_V1.0.0RC1, STM32Cube_FW_WBA_V1.0.0RC3, STM32Cube_FW_WB_V1.15.0RC1, STM32Cube_FW_WB_V1.16.0, STM32Cube_FW_WB_V1.16.0RC2, STM32Cube_FW_WL_V1.3.0, X-CUBE-ALGOBUILD_V1.3.0, X-CUBE-ALS_V1.0.1, X-CUBE-AZRTOS-F4_V1.1.0, X-CUBE-AZRTOS-F7_V1.1.0, X-CUBE-AZRTOS-G0_V1.1.0, X-CUBE-AZRTOS-G4_V2.0.0, X-CUBE-AZRTOS-H7_V3.1.0, X-CUBE-AZRTOS-L4_V1.0.0, X-CUBE-AZRTOS-L5_V1.1.0, X-CUBE-AZRTOS-WB_V1.1.0, X-CUBE-AZRTOS-WL_V1.0.0, X-CUBE-BLE1_V6.2.4, X-CUBE-BLE2_V3.3.0, X-CUBE-BLEMGR_V2.0.0, X-CUBE-EEPRMA1_V4.1.0, X-CUBE-FREERTOS_V1.0.1, X-CUBE-GNSS1_V6.0.0, X-CUBE-MEMS1_V9.1.0, X-CUBE-MEMS1_V9.4.0, X-CUBE-MEMS1_V9.6.0, X-CUBE-NFC4_V3.0.0, X-CUBE-NFC7_V1.0.0, X-CUBE-SFXS2LP1_V4.0.0, X-CUBE-SUBG2_V5.0.0]
2023-06-05 15:06:02,865 [INFO] ApiDb:240 - Found 297 in-development CPN: [B-G473E-ZEST1S, B-WB1M-WPAN1, B-WL5M-SUBG1, NUCLEO-C031C6, NUCLEO-H503RB, NUCLEO-H563ZI, NUCLEO-U545RE-Q, NUCLEO-U5A5ZJ-Q, NUCLEO-WBA52CG, STEVAL-PROTEUS1, STEVAL-STWINBX1, STM320518-EVAL, STM32C0116-DK, STM32C011D6Y3TR, STM32C011D6Y6TR, STM32C011F4P3, STM32C011F4P6, STM32C011F4U3, STM32C011F4U6TR, STM32C011F6P3, STM32C011F6P6, STM32C011F6U3, STM32C011F6U6TR, STM32C011J4M3, STM32C011J4M6, STM32C011J6M3, STM32C011J6M6, STM32C0316-DK, STM32C031C4T3, STM32C031C4T6, STM32C031C4U3, STM32C031C4U6, STM32C031C6T3, STM32C031C6T6, STM32C031C6U3, STM32C031C6U6, STM32C031F4P3, STM32C031F4P6, STM32C031F6P3, STM32C031F6P6, STM32C031G4U3, STM32C031G4U6, STM32C031G6U3, STM32C031G6U6, STM32C031K4T3, STM32C031K4T6, STM32C031K4U3, STM32C031K4U6, STM32C031K6T3, STM32C031K6T6, STM32C031K6U3, STM32C031K6U6, STM32G071K8TXN, STM32G071K8UXN, STM32G081GBU6N, STM32G081KBT6N, STM32G081KBUXN, STM32G0B1CCT6N, STM32G0B1KCT6, STM32G0B1NEY6TR, STM32G0B1RCT6N, STM32G0C1CCT6, STM32G0C1CCT6N, STM32G0C1CCU6N, STM32G0C1CET6N, STM32G0C1CEU6N, STM32G0C1KCT6, STM32G0C1NEY6TR, STM32G0C1RCI6N, STM32G0C1RCT6N, STM32G0C1REI6N, STM32G0C1RET6N, STM32G0C1VCI6, STM32G0C1VEI6, STM32G471CCT6, STM32G471CCU6, STM32G471CET3, STM32G471CET6, STM32G471CEU3, STM32G471CEU6, STM32G471MCT6, STM32G471MET3, STM32G471MET6, STM32G471MEY6TR, STM32G471QCT6, STM32G471QET3, STM32G471RCT6, STM32G471RET3, STM32G471RET6, STM32G471VCH6, STM32G471VCI6, STM32G471VCT6, STM32G471VEH3, STM32G471VEH6, STM32G471VEI3, STM32G471VEI6, STM32G471VET3, STM32G471VET6, STM32G474CCT6, STM32H503CBT6, STM32H503CBU6, STM32H503EBY6TR, STM32H503KBU6, STM32H503RBT6, STM32H562AGI6, STM32H562AII6, STM32H562IGK6, STM32H562IGT6, STM32H562IIK6, STM32H562IIT6, STM32H562RGT6, STM32H562RGV6, STM32H562RIT6, STM32H562RIV6, STM32H562VGT6, STM32H562VIT6, STM32H562ZGT6, STM32H562ZIT6, STM32H563AGI6, STM32H563AII3Q, STM32H563AII6, STM32H563IGK6, STM32H563IGT6, STM32H563IIK3Q, STM32H563IIK6, STM32H563IIT3Q, STM32H563IIT6, STM32H563MIY3QTR, STM32H563RGT6, STM32H563RGV6, STM32H563RIT6, STM32H563RIV6, STM32H563VGT6, STM32H563VIT3Q, STM32H563VIT6, STM32H563ZGT6, STM32H563ZIT3Q, STM32H563ZIT6, STM32H573AII3Q, STM32H573AII6, STM32H573I-DK, STM32H573IIK3Q, STM32H573IIK6, STM32H573IIT3Q, STM32H573IIT6, STM32H573MIY3QTR, STM32H573RIT6, STM32H573RIV6, STM32H573VIT3Q, STM32H573VIT6, STM32H573ZIT3Q, STM32H573ZIT6, STM32L4R5QGI6STR, STM32MP131AAE3, STM32MP131AAF3, STM32MP131AAG3, STM32MP131CAE3, STM32MP131CAF3, STM32MP131CAG3, STM32MP131DAE7, STM32MP131DAF7, STM32MP131DAG7, STM32MP131FAE7, STM32MP131FAF7, STM32MP131FAG7, STM32MP133AAE3, STM32MP133AAF3, STM32MP133AAG3, STM32MP133CAE3, STM32MP133CAF3, STM32MP133CAG3, STM32MP133DAE7, STM32MP133DAF7, STM32MP133DAG7, STM32MP133FAE7, STM32MP133FAF7, STM32MP133FAG7, STM32MP135AAE3, STM32MP135AAF3, STM32MP135AAG3, STM32MP135CAE3, STM32MP135CAF3, STM32MP135CAG3, STM32MP135DAE7, STM32MP135DAF7, STM32MP135DAG7, STM32MP135F-DK, STM32MP135FAE7, STM32MP135FAF7, STM32MP135FAF7T, STM32MP135FAF7U, STM32MP135FAG7, STM32U535CBT6, STM32U535CBT6Q, STM32U535CBU6, STM32U535CBU6Q, STM32U535CCT6, STM32U535CCT6Q, STM32U535CCU6, STM32U535CCU6Q, STM32U535CET6, STM32U535CET6Q, STM32U535CEU6, STM32U535CEU6Q, STM32U535JEY6QTR, STM32U535NCY6QTR, STM32U535NEY6QTR, STM32U535RBI6, STM32U535RBI6Q, STM32U535RBT6, STM32U535RBT6Q, STM32U535RCI6, STM32U535RCI6Q, STM32U535RCT6, STM32U535RCT6Q, STM32U535REI6, STM32U535REI6Q, STM32U535RET6, STM32U535RET6Q, STM32U535VCI6, STM32U535VCI6Q, STM32U535VCT6, STM32U535VCT6Q, STM32U535VEI6, STM32U535VEI6Q, STM32U535VET6, STM32U535VET6Q, STM32U545CET6, STM32U545CET6Q, STM32U545CEU6, STM32U545CEU6Q, STM32U545JEY6QTR, STM32U545NEY6QTR, STM32U545REI6, STM32U545REI6Q, STM32U545RET6, STM32U545RET6Q, STM32U545VEI6, STM32U545VEI6Q, STM32U545VET6, STM32U545VET6Q, STM32U595AIH6, STM32U595AIH6Q, STM32U595AJH6, STM32U595AJH6Q, STM32U595QII6, STM32U595QII6Q, STM32U595QJI6, STM32U595QJI6Q, STM32U595RIT6, STM32U595RIT6Q, STM32U595RJT6, STM32U595RJT6Q, STM32U595VIT6, STM32U595VIT6Q, STM32U595VJT6, STM32U595VJT6Q, STM32U595ZIT6, STM32U595ZIT6Q, STM32U595ZIY6QTR, STM32U595ZJT6, STM32U595ZJT6Q, STM32U595ZJY6QTR, STM32U599BJY6QTR, STM32U599NIH6Q, STM32U599NJH6Q, STM32U599VIT6Q, STM32U599VJT6, STM32U599VJT6Q, STM32U599ZIT6Q, STM32U599ZIY6QTR, STM32U599ZJT6Q, STM32U599ZJY6QTR, STM32U5A5AJH6, STM32U5A5AJH6Q, STM32U5A5QJI6, STM32U5A5QJI6Q, STM32U5A5RJT6, STM32U5A5RJT6Q, STM32U5A5VJT6, STM32U5A5VJT6Q, STM32U5A5ZJT6, STM32U5A5ZJT6Q, STM32U5A5ZJY6QTR, STM32U5A9BJY6QTR, STM32U5A9J-DK, STM32U5A9NJH6Q, STM32U5A9VJT6Q, STM32U5A9ZJT6Q, STM32U5A9ZJY6QTR, STM32WB1MMCH6, STM32WBA52CEU6, STM32WBA52CEU6T, STM32WBA52CGU6, STM32WBA52CGU6T, STM32WL5MOCH6, STM32WL5MOCH6TR]
2023-06-05 15:06:02,880 [INFO] DbMcus:216 - Found 3775 MCUs, 3775 are supported
2023-06-05 15:06:02,896 [INFO] ApiDb:423 - Load user favorites file C:\Users\This pc/.stm32cubeide/favorites.mcus.txt: 1 item(s)
2023-06-05 15:06:02,896 [INFO] ApiDb:427 - User favorites MCUs=[STM32F401RET6]
2023-06-05 15:06:02,896 [INFO] DbMcus:222 - Set 1 / 1 favorites MCUs
2023-06-05 15:06:03,568 [ERROR] LogOutputStream:75 - [STDERR_REDIRECT] SLF4J: Failed to load class "org.slf4j.impl.StaticLoggerBinder".
2023-06-05 15:06:03,568 [ERROR] LogOutputStream:75 - [STDERR_REDIRECT] SLF4J: Defaulting to no-operation (NOP) logger implementation
2023-06-05 15:06:03,584 [ERROR] LogOutputStream:75 - [STDERR_REDIRECT] SLF4J: See http://www.slf4j.org/codes.html#StaticLoggerBinder for further details.
2023-06-05 15:06:04,537 [INFO] ApiDb:423 - Load user favorites file C:\Users\This pc/.stm32cubeide/favorites.boards.txt: 0 item(s)
2023-06-05 15:06:04,537 [INFO] ApiDb:427 - User favorites Boards=[]
2023-06-05 15:06:04,537 [INFO] DbBoards:190 - Set 0 / 0 favorites Boards
2023-06-05 15:06:04,537 [INFO] McuFinderGlobals:66 - Set McuFinderConnectedMode to false
2023-06-05 15:06:04,568 [INFO] MultiScanPanel:200 - Auto-refresh data requested => check proxy status ongoing
2023-06-05 15:06:04,568 [INFO] MultiScanPanel:204 - Proxy status is invalid
2023-06-05 15:06:04,568 [INFO] FinderPluginLoader:95 - Searching for filters in installed packs
2023-06-05 15:06:09,240 [INFO] DetailPanel:341 - Set advertising image to C:/Users/This pc/STM32Cube/Repository/\en.prom-stm32h5-mcu-finder.jpg
2023-06-05 15:06:52,537 [ERROR] ConfigurationRetriever:142 - IOException on connection: sw-center.st.com
2023-06-05 15:06:52,552 [ERROR] ConfigurationRetriever:142 - IOException on connection: sw-center.st.com
2023-06-05 15:06:52,552 [ERROR] ConfigurationRetriever:142 - IOException on connection: sw-center.st.com
2023-06-05 15:06:53,865 [INFO] McuFinderGlobals:66 - Set McuFinderConnectedMode to true
2023-06-05 15:06:53,865 [INFO] ApiDb:448 - Save user favorites file C:\Users\This pc/.stm32cubeide/favorites.mcus.txt: 1 item(s)
2023-06-05 15:06:53,880 [INFO] ApiDb:452 - User favorites MCUs=[STM32F401RET6]
2023-06-05 17:13:32,139 [ERROR] ConfigurationRetriever:142 - IOException on connection: sw-center.st.com
2023-06-05 17:13:32,139 [ERROR] ConfigurationRetriever:142 - IOException on connection: sw-center.st.com
2023-06-05 17:13:32,139 [ERROR] ConfigurationRetriever:142 - IOException on connection: sw-center.st.com
2023-06-05 17:25:49,505 [INFO] Activator:176 - 


2023-06-05 17:25:49,505 [INFO] Activator:177 - !SESSION log4j initialized
2023-06-05 17:26:07,164 [INFO] LogOutputStream:77 - [STDOUT_REDIRECT] 
2023-06-05 17:26:08,586 [ERROR] ConfigurationRetriever:142 - IOException on connection: sw-center.st.com
2023-06-05 17:26:08,602 [ERROR] ConfigurationRetriever:142 - IOException on connection: sw-center.st.com
2023-06-05 17:26:08,602 [ERROR] ConfigurationRetriever:142 - IOException on connection: sw-center.st.com
2023-06-05 17:26:33,055 [ERROR] LogOutputStream:75 - [STDERR_REDIRECT] SLF4J: Failed to load class "org.slf4j.impl.StaticLoggerBinder".
2023-06-05 17:26:33,055 [ERROR] LogOutputStream:75 - [STDERR_REDIRECT] SLF4J: Defaulting to no-operation (NOP) logger implementation
2023-06-05 17:26:33,071 [ERROR] LogOutputStream:75 - [STDERR_REDIRECT] SLF4J: See http://www.slf4j.org/codes.html#StaticLoggerBinder for further details.
2023-06-05 17:58:13,207 [ERROR] ConfigurationRetriever:142 - IOException on connection: sw-center.st.com
2023-06-05 17:58:13,207 [ERROR] ConfigurationRetriever:142 - IOException on connection: sw-center.st.com
2023-06-05 17:58:13,207 [ERROR] ConfigurationRetriever:142 - IOException on connection: sw-center.st.com
2023-06-05 22:55:19,190 [INFO] Activator:176 - 


2023-06-05 22:55:19,190 [INFO] Activator:177 - !SESSION log4j initialized
2023-06-05 22:55:48,202 [INFO] LogOutputStream:77 - [STDOUT_REDIRECT] 
2023-06-05 22:56:16,158 [ERROR] LogOutputStream:75 - [STDERR_REDIRECT] SLF4J: Failed to load class "org.slf4j.impl.StaticLoggerBinder".
2023-06-05 22:56:16,163 [ERROR] LogOutputStream:75 - [STDERR_REDIRECT] SLF4J: Defaulting to no-operation (NOP) logger implementation
2023-06-05 22:56:16,168 [ERROR] LogOutputStream:75 - [STDERR_REDIRECT] SLF4J: See http://www.slf4j.org/codes.html#StaticLoggerBinder for further details.
