2023-11-13 08:01:28,277 [WARN] ServerAccessManage:1168 - Warning during Server Connection :  timeout Read timed out
2023-11-13 08:01:28,561 [INFO] MainUpdater:2854 - connection check result : 10
2023-11-13 08:01:28,563 [INFO] McuFinderGlobals:66 - Set McuFinderConnectedMode to true
2023-11-13 08:01:30,190 [INFO] ServerAccessManage:473 - Download File mcusAds.json._tmp_
2023-11-13 08:01:30,379 [INFO] LoadUrlFilesThread:156 - End of LoadUrlFiles Thread
2023-11-13 08:01:32,101 [INFO] ServerAccessManage:473 - Download File cube-finder-db.zip
2023-11-13 08:01:39,651 [INFO] FileExtend:240 - Unzip File : cube-finder-db.zip
2023-11-13 08:01:39,652 [INFO] FileExtend:255 - Standard Zip Deflate
2023-11-13 08:01:41,527 [INFO] LoadUrlFilesThread:156 - End of LoadUrlFiles Thread
2023-11-13 08:01:45,127 [INFO] ServerAccessManage:473 - Download File crdb.zip
2023-11-13 08:01:46,730 [INFO] FileExtend:240 - Unzip File : crdb.zip
2023-11-13 08:01:46,732 [INFO] FileExtend:255 - Standard Zip Deflate
2023-11-13 08:01:46,991 [INFO] LoadUrlFilesThread:156 - End of LoadUrlFiles Thread
2023-11-13 08:01:49,195 [INFO] ServerAccessManage:473 - Download File tutoVideoDB.zip
2023-11-13 08:01:49,341 [INFO] FileExtend:240 - Unzip File : tutoVideoDB.zip
2023-11-13 08:01:49,342 [INFO] FileExtend:255 - Standard Zip Deflate
2023-11-13 08:01:49,565 [INFO] LoadUrlFilesThread:156 - End of LoadUrlFiles Thread
2023-11-13 08:01:49,590 [WARN] DbFile:41 - Overriding database path with different value: C:\Users\This pc\.stmcufinder\plugins\mcufinder/ => C:\Users\This pc\.stmcufinder\plugins\mcufinder
2023-11-13 08:01:50,795 [INFO] ServerAccessManage:473 - Download File api_config.json
2023-11-13 08:01:50,983 [INFO] LoadUrlFilesThread:156 - End of LoadUrlFiles Thread
2023-11-13 08:01:51,000 [INFO] DbMcusAds:53 - JSON generation date=Tue Mar 07 14:20:55 IST 2023 (1678179055335)
2023-11-13 08:01:51,015 [INFO] ApiDb:448 - Save user favorites file C:\Users\This pc/.stm32cubeide/favorites.mcus.txt: 1 item(s)
2023-11-13 08:01:51,016 [INFO] ApiDb:452 - User favorites MCUs=[STM32F401RET6]
2023-11-13 08:01:51,035 [INFO] ApiDb:581 - Connected to CubeFinder SQLite database (C:\Users\This pc\.stmcufinder\plugins\mcufinder\mcu\cube-finder-db.db)
2023-11-13 08:01:51,305 [INFO] ApiDb:668 - CubeFinder database Data Model version=2.1
2023-11-13 08:01:51,306 [INFO] ApiDb:669 - CubeFinder database Configuration version=3.0.37
2023-11-13 08:01:51,306 [INFO] ApiDb:670 - CubeFinder database generation date=2023-10-13 (1697197505)
2023-11-13 08:01:51,306 [INFO] ApiDb:671 - CubeFinder database FW Pack versions=[FP-ATR-ASTRA1_V2.0.0, FP-SNS-FLIGHT1_V5.0.1, FP-SNS-FLIGHT1_V5.0.2, FP-SNS-MOTENV1_V4.3.1, FP-SNS-MOTENV1_V4.3.2, FP-SNS-SMARTAG2_V1.2.0, I-CUBE-ITTIADB_V8.6.3-1, STM32Cube_FW_C0_V1.1.0, STM32Cube_FW_F4_V1.27.1, STM32Cube_FW_F7_V1.17.0, STM32Cube_FW_G0_V1.6.1, STM32Cube_FW_G4_V1.5.1, STM32Cube_FW_H5_V0.5.1, STM32Cube_FW_H5_V1.1.1, STM32Cube_FW_H7_V1.11.0, STM32Cube_FW_L0_V1.12.2, STM32Cube_FW_L5_V1.5.0, STM32Cube_FW_U5_V1.3.0, STM32Cube_FW_U5_V1.3.0RC4, STM32Cube_FW_WBA_V1.0.0RC1, STM32Cube_FW_WBA_V1.1.0RC1, STM32Cube_FW_WBA_V1.1.1, STM32Cube_FW_WB_V1.15.0RC1, STM32Cube_FW_WB_V1.16.0, STM32Cube_FW_WB_V1.16.0RC2, STM32Cube_FW_WB_V1.17.3, STM32Cube_FW_WL_V1.3.0, X-CUBE-ALGOBUILD_V1.3.0, X-CUBE-ALS_V1.0.1, X-CUBE-AZRTOS-F4_V1.1.0, X-CUBE-AZRTOS-F7_V1.1.0, X-CUBE-AZRTOS-G0_V1.1.0, X-CUBE-AZRTOS-G4_V2.0.0, X-CUBE-AZRTOS-H7_V3.1.0, X-CUBE-AZRTOS-L4_V1.0.0, X-CUBE-AZRTOS-L4_V2.0.0, X-CUBE-AZRTOS-L5_V1.1.0, X-CUBE-AZRTOS-WB_V2.0.0, X-CUBE-AZRTOS-WL_V2.0.0, X-CUBE-BLE1_V7.0.0, X-CUBE-BLE2_V3.3.0, X-CUBE-BLEMGR_V2.0.0, X-CUBE-EEPRMA1_V4.1.0, X-CUBE-FREERTOS_V1.1.0, X-CUBE-GNSS1_V6.0.0, X-CUBE-MEMS1_V10.0.0, X-CUBE-MEMS1_V9.1.0, X-CUBE-MEMS1_V9.4.0, X-CUBE-MEMS1_V9.6.0, X-CUBE-NFC4_V3.0.0, X-CUBE-NFC7_V1.0.1, X-CUBE-SFXS2LP1_V4.0.0, X-CUBE-SUBG2_V5.0.0, X-CUBE-TOF1_V3.3.1]
2023-11-13 08:01:57,402 [INFO] ApiDb:240 - Found 297 in-development CPN: [B-G473E-ZEST1S, B-WB1M-WPAN1, B-WL5M-SUBG1, NUCLEO-C031C6, NUCLEO-H503RB, NUCLEO-H563ZI, NUCLEO-U545RE-Q, NUCLEO-U5A5ZJ-Q, NUCLEO-WBA52CG, STEVAL-PROTEUS1, STEVAL-STWINBX1, STM320518-EVAL, STM32C0116-DK, STM32C011D6Y3TR, STM32C011D6Y6TR, STM32C011F4P3, STM32C011F4P6, STM32C011F4U3, STM32C011F4U6TR, STM32C011F6P3, STM32C011F6P6, STM32C011F6U3, STM32C011F6U6TR, STM32C011J4M3, STM32C011J4M6, STM32C011J6M3, STM32C011J6M6, STM32C0316-DK, STM32C031C4T3, STM32C031C4T6, STM32C031C4U3, STM32C031C4U6, STM32C031C6T3, STM32C031C6T6, STM32C031C6U3, STM32C031C6U6, STM32C031F4P3, STM32C031F4P6, STM32C031F6P3, STM32C031F6P6, STM32C031G4U3, STM32C031G4U6, STM32C031G6U3, STM32C031G6U6, STM32C031K4T3, STM32C031K4T6, STM32C031K4U3, STM32C031K4U6, STM32C031K6T3, STM32C031K6T6, STM32C031K6U3, STM32C031K6U6, STM32G071K8TXN, STM32G071K8UXN, STM32G081GBU6N, STM32G081KBT6N, STM32G081KBUXN, STM32G0B1CCT6N, STM32G0B1KCT6, STM32G0B1NEY6TR, STM32G0B1RCT6N, STM32G0C1CCT6, STM32G0C1CCT6N, STM32G0C1CCU6N, STM32G0C1CET6N, STM32G0C1CEU6N, STM32G0C1KCT6, STM32G0C1NEY6TR, STM32G0C1RCI6N, STM32G0C1RCT6N, STM32G0C1REI6N, STM32G0C1RET6N, STM32G0C1VCI6, STM32G0C1VEI6, STM32G471CCT6, STM32G471CCU6, STM32G471CET3, STM32G471CET6, STM32G471CEU3, STM32G471CEU6, STM32G471MCT6, STM32G471MET3, STM32G471MET6, STM32G471MEY6TR, STM32G471QCT6, STM32G471QET3, STM32G471RCT6, STM32G471RET3, STM32G471RET6, STM32G471VCH6, STM32G471VCI6, STM32G471VCT6, STM32G471VEH3, STM32G471VEH6, STM32G471VEI3, STM32G471VEI6, STM32G471VET3, STM32G471VET6, STM32G474CCT6, STM32H503CBT6, STM32H503CBU6, STM32H503EBY6TR, STM32H503KBU6, STM32H503RBT6, STM32H562AGI6, STM32H562AII6, STM32H562IGK6, STM32H562IGT6, STM32H562IIK6, STM32H562IIT6, STM32H562RGT6, STM32H562RGV6, STM32H562RIT6, STM32H562RIV6, STM32H562VGT6, STM32H562VIT6, STM32H562ZGT6, STM32H562ZIT6, STM32H563AGI6, STM32H563AII3Q, STM32H563AII6, STM32H563IGK6, STM32H563IGT6, STM32H563IIK3Q, STM32H563IIK6, STM32H563IIT3Q, STM32H563IIT6, STM32H563MIY3QTR, STM32H563RGT6, STM32H563RGV6, STM32H563RIT6, STM32H563RIV6, STM32H563VGT6, STM32H563VIT3Q, STM32H563VIT6, STM32H563ZGT6, STM32H563ZIT3Q, STM32H563ZIT6, STM32H573AII3Q, STM32H573AII6, STM32H573I-DK, STM32H573IIK3Q, STM32H573IIK6, STM32H573IIT3Q, STM32H573IIT6, STM32H573MIY3QTR, STM32H573RIT6, STM32H573RIV6, STM32H573VIT3Q, STM32H573VIT6, STM32H573ZIT3Q, STM32H573ZIT6, STM32L4R5QGI6STR, STM32MP131AAE3, STM32MP131AAF3, STM32MP131AAG3, STM32MP131CAE3, STM32MP131CAF3, STM32MP131CAG3, STM32MP131DAE7, STM32MP131DAF7, STM32MP131DAG7, STM32MP131FAE7, STM32MP131FAF7, STM32MP131FAG7, STM32MP133AAE3, STM32MP133AAF3, STM32MP133AAG3, STM32MP133CAE3, STM32MP133CAF3, STM32MP133CAG3, STM32MP133DAE7, STM32MP133DAF7, STM32MP133DAG7, STM32MP133FAE7, STM32MP133FAF7, STM32MP133FAG7, STM32MP135AAE3, STM32MP135AAF3, STM32MP135AAG3, STM32MP135CAE3, STM32MP135CAF3, STM32MP135CAG3, STM32MP135DAE7, STM32MP135DAF7, STM32MP135DAG7, STM32MP135F-DK, STM32MP135FAE7, STM32MP135FAF7, STM32MP135FAF7T, STM32MP135FAF7U, STM32MP135FAG7, STM32U535CBT6, STM32U535CBT6Q, STM32U535CBU6, STM32U535CBU6Q, STM32U535CCT6, STM32U535CCT6Q, STM32U535CCU6, STM32U535CCU6Q, STM32U535CET6, STM32U535CET6Q, STM32U535CEU6, STM32U535CEU6Q, STM32U535JEY6QTR, STM32U535NCY6QTR, STM32U535NEY6QTR, STM32U535RBI6, STM32U535RBI6Q, STM32U535RBT6, STM32U535RBT6Q, STM32U535RCI6, STM32U535RCI6Q, STM32U535RCT6, STM32U535RCT6Q, STM32U535REI6, STM32U535REI6Q, STM32U535RET6, STM32U535RET6Q, STM32U535VCI6, STM32U535VCI6Q, STM32U535VCT6, STM32U535VCT6Q, STM32U535VEI6, STM32U535VEI6Q, STM32U535VET6, STM32U535VET6Q, STM32U545CET6, STM32U545CET6Q, STM32U545CEU6, STM32U545CEU6Q, STM32U545JEY6QTR, STM32U545NEY6QTR, STM32U545REI6, STM32U545REI6Q, STM32U545RET6, STM32U545RET6Q, STM32U545VEI6, STM32U545VEI6Q, STM32U545VET6, STM32U545VET6Q, STM32U595AIH6, STM32U595AIH6Q, STM32U595AJH6, STM32U595AJH6Q, STM32U595QII6, STM32U595QII6Q, STM32U595QJI6, STM32U595QJI6Q, STM32U595RIT6, STM32U595RIT6Q, STM32U595RJT6, STM32U595RJT6Q, STM32U595VIT6, STM32U595VIT6Q, STM32U595VJT6, STM32U595VJT6Q, STM32U595ZIT6, STM32U595ZIT6Q, STM32U595ZIY6QTR, STM32U595ZJT6, STM32U595ZJT6Q, STM32U595ZJY6QTR, STM32U599BJY6QTR, STM32U599NIH6Q, STM32U599NJH6Q, STM32U599VIT6Q, STM32U599VJT6, STM32U599VJT6Q, STM32U599ZIT6Q, STM32U599ZIY6QTR, STM32U599ZJT6Q, STM32U599ZJY6QTR, STM32U5A5AJH6, STM32U5A5AJH6Q, STM32U5A5QJI6, STM32U5A5QJI6Q, STM32U5A5RJT6, STM32U5A5RJT6Q, STM32U5A5VJT6, STM32U5A5VJT6Q, STM32U5A5ZJT6, STM32U5A5ZJT6Q, STM32U5A5ZJY6QTR, STM32U5A9BJY6QTR, STM32U5A9J-DK, STM32U5A9NJH6Q, STM32U5A9VJT6Q, STM32U5A9ZJT6Q, STM32U5A9ZJY6QTR, STM32WB1MMCH6, STM32WBA52CEU6, STM32WBA52CEU6T, STM32WBA52CGU6, STM32WBA52CGU6T, STM32WL5MOCH6, STM32WL5MOCH6TR]
2023-11-13 08:01:57,410 [INFO] DbMcus:216 - Found 3825 MCUs, 3825 are supported
2023-11-13 08:01:57,411 [INFO] ApiDb:423 - Load user favorites file C:\Users\This pc/.stm32cubeide/favorites.mcus.txt: 1 item(s)
2023-11-13 08:01:57,411 [INFO] ApiDb:427 - User favorites MCUs=[STM32F401RET6]
2023-11-13 08:01:57,411 [INFO] DbMcus:222 - Set 1 / 1 favorites MCUs
2023-11-13 08:01:58,879 [INFO] ApiDb:448 - Save user favorites file C:\Users\This pc/.stm32cubeide/favorites.boards.txt: 0 item(s)
2023-11-13 08:01:58,880 [INFO] ApiDb:452 - User favorites Boards=[]
2023-11-13 08:01:58,884 [INFO] ApiDb:581 - Connected to CubeFinder SQLite database (C:\Users\This pc\.stmcufinder\plugins\mcufinder\mcu\cube-finder-db.db)
2023-11-13 08:01:59,124 [INFO] ApiDb:668 - CubeFinder database Data Model version=2.1
2023-11-13 08:01:59,125 [INFO] ApiDb:669 - CubeFinder database Configuration version=3.0.37
2023-11-13 08:01:59,125 [INFO] ApiDb:670 - CubeFinder database generation date=2023-10-13 (1697197505)
2023-11-13 08:01:59,125 [INFO] ApiDb:671 - CubeFinder database FW Pack versions=[FP-ATR-ASTRA1_V2.0.0, FP-SNS-FLIGHT1_V5.0.1, FP-SNS-FLIGHT1_V5.0.2, FP-SNS-MOTENV1_V4.3.1, FP-SNS-MOTENV1_V4.3.2, FP-SNS-SMARTAG2_V1.2.0, I-CUBE-ITTIADB_V8.6.3-1, STM32Cube_FW_C0_V1.1.0, STM32Cube_FW_F4_V1.27.1, STM32Cube_FW_F7_V1.17.0, STM32Cube_FW_G0_V1.6.1, STM32Cube_FW_G4_V1.5.1, STM32Cube_FW_H5_V0.5.1, STM32Cube_FW_H5_V1.1.1, STM32Cube_FW_H7_V1.11.0, STM32Cube_FW_L0_V1.12.2, STM32Cube_FW_L5_V1.5.0, STM32Cube_FW_U5_V1.3.0, STM32Cube_FW_U5_V1.3.0RC4, STM32Cube_FW_WBA_V1.0.0RC1, STM32Cube_FW_WBA_V1.1.0RC1, STM32Cube_FW_WBA_V1.1.1, STM32Cube_FW_WB_V1.15.0RC1, STM32Cube_FW_WB_V1.16.0, STM32Cube_FW_WB_V1.16.0RC2, STM32Cube_FW_WB_V1.17.3, STM32Cube_FW_WL_V1.3.0, X-CUBE-ALGOBUILD_V1.3.0, X-CUBE-ALS_V1.0.1, X-CUBE-AZRTOS-F4_V1.1.0, X-CUBE-AZRTOS-F7_V1.1.0, X-CUBE-AZRTOS-G0_V1.1.0, X-CUBE-AZRTOS-G4_V2.0.0, X-CUBE-AZRTOS-H7_V3.1.0, X-CUBE-AZRTOS-L4_V1.0.0, X-CUBE-AZRTOS-L4_V2.0.0, X-CUBE-AZRTOS-L5_V1.1.0, X-CUBE-AZRTOS-WB_V2.0.0, X-CUBE-AZRTOS-WL_V2.0.0, X-CUBE-BLE1_V7.0.0, X-CUBE-BLE2_V3.3.0, X-CUBE-BLEMGR_V2.0.0, X-CUBE-EEPRMA1_V4.1.0, X-CUBE-FREERTOS_V1.1.0, X-CUBE-GNSS1_V6.0.0, X-CUBE-MEMS1_V10.0.0, X-CUBE-MEMS1_V9.1.0, X-CUBE-MEMS1_V9.4.0, X-CUBE-MEMS1_V9.6.0, X-CUBE-NFC4_V3.0.0, X-CUBE-NFC7_V1.0.1, X-CUBE-SFXS2LP1_V4.0.0, X-CUBE-SUBG2_V5.0.0, X-CUBE-TOF1_V3.3.1]
2023-11-13 08:01:59,327 [INFO] DbBoardsSqlite:226 - include board P-NUCLEO-WB55-NUCLEO as a kit item of type 'Nucleo-64'
2023-11-13 08:01:59,328 [INFO] DbBoardsSqlite:226 - include board P-NUCLEO-WB55-USBDONGLE as a kit item of type 'Nucleo USB Dongle'
2023-11-13 08:01:59,328 [INFO] DbBoardsSqlite:226 - include board STEVAL-IDP005V1 as a kit item of type 'Evaluation Board'
2023-11-13 08:01:59,329 [INFO] DbBoardsSqlite:226 - include board STEVAL-IDP005V2 as a kit item of type 'Evaluation Board'
2023-11-13 08:01:59,518 [INFO] ApiDb:240 - Found 297 in-development CPN: [B-G473E-ZEST1S, B-WB1M-WPAN1, B-WL5M-SUBG1, NUCLEO-C031C6, NUCLEO-H503RB, NUCLEO-H563ZI, NUCLEO-U545RE-Q, NUCLEO-U5A5ZJ-Q, NUCLEO-WBA52CG, STEVAL-PROTEUS1, STEVAL-STWINBX1, STM320518-EVAL, STM32C0116-DK, STM32C011D6Y3TR, STM32C011D6Y6TR, STM32C011F4P3, STM32C011F4P6, STM32C011F4U3, STM32C011F4U6TR, STM32C011F6P3, STM32C011F6P6, STM32C011F6U3, STM32C011F6U6TR, STM32C011J4M3, STM32C011J4M6, STM32C011J6M3, STM32C011J6M6, STM32C0316-DK, STM32C031C4T3, STM32C031C4T6, STM32C031C4U3, STM32C031C4U6, STM32C031C6T3, STM32C031C6T6, STM32C031C6U3, STM32C031C6U6, STM32C031F4P3, STM32C031F4P6, STM32C031F6P3, STM32C031F6P6, STM32C031G4U3, STM32C031G4U6, STM32C031G6U3, STM32C031G6U6, STM32C031K4T3, STM32C031K4T6, STM32C031K4U3, STM32C031K4U6, STM32C031K6T3, STM32C031K6T6, STM32C031K6U3, STM32C031K6U6, STM32G071K8TXN, STM32G071K8UXN, STM32G081GBU6N, STM32G081KBT6N, STM32G081KBUXN, STM32G0B1CCT6N, STM32G0B1KCT6, STM32G0B1NEY6TR, STM32G0B1RCT6N, STM32G0C1CCT6, STM32G0C1CCT6N, STM32G0C1CCU6N, STM32G0C1CET6N, STM32G0C1CEU6N, STM32G0C1KCT6, STM32G0C1NEY6TR, STM32G0C1RCI6N, STM32G0C1RCT6N, STM32G0C1REI6N, STM32G0C1RET6N, STM32G0C1VCI6, STM32G0C1VEI6, STM32G471CCT6, STM32G471CCU6, STM32G471CET3, STM32G471CET6, STM32G471CEU3, STM32G471CEU6, STM32G471MCT6, STM32G471MET3, STM32G471MET6, STM32G471MEY6TR, STM32G471QCT6, STM32G471QET3, STM32G471RCT6, STM32G471RET3, STM32G471RET6, STM32G471VCH6, STM32G471VCI6, STM32G471VCT6, STM32G471VEH3, STM32G471VEH6, STM32G471VEI3, STM32G471VEI6, STM32G471VET3, STM32G471VET6, STM32G474CCT6, STM32H503CBT6, STM32H503CBU6, STM32H503EBY6TR, STM32H503KBU6, STM32H503RBT6, STM32H562AGI6, STM32H562AII6, STM32H562IGK6, STM32H562IGT6, STM32H562IIK6, STM32H562IIT6, STM32H562RGT6, STM32H562RGV6, STM32H562RIT6, STM32H562RIV6, STM32H562VGT6, STM32H562VIT6, STM32H562ZGT6, STM32H562ZIT6, STM32H563AGI6, STM32H563AII3Q, STM32H563AII6, STM32H563IGK6, STM32H563IGT6, STM32H563IIK3Q, STM32H563IIK6, STM32H563IIT3Q, STM32H563IIT6, STM32H563MIY3QTR, STM32H563RGT6, STM32H563RGV6, STM32H563RIT6, STM32H563RIV6, STM32H563VGT6, STM32H563VIT3Q, STM32H563VIT6, STM32H563ZGT6, STM32H563ZIT3Q, STM32H563ZIT6, STM32H573AII3Q, STM32H573AII6, STM32H573I-DK, STM32H573IIK3Q, STM32H573IIK6, STM32H573IIT3Q, STM32H573IIT6, STM32H573MIY3QTR, STM32H573RIT6, STM32H573RIV6, STM32H573VIT3Q, STM32H573VIT6, STM32H573ZIT3Q, STM32H573ZIT6, STM32L4R5QGI6STR, STM32MP131AAE3, STM32MP131AAF3, STM32MP131AAG3, STM32MP131CAE3, STM32MP131CAF3, STM32MP131CAG3, STM32MP131DAE7, STM32MP131DAF7, STM32MP131DAG7, STM32MP131FAE7, STM32MP131FAF7, STM32MP131FAG7, STM32MP133AAE3, STM32MP133AAF3, STM32MP133AAG3, STM32MP133CAE3, STM32MP133CAF3, STM32MP133CAG3, STM32MP133DAE7, STM32MP133DAF7, STM32MP133DAG7, STM32MP133FAE7, STM32MP133FAF7, STM32MP133FAG7, STM32MP135AAE3, STM32MP135AAF3, STM32MP135AAG3, STM32MP135CAE3, STM32MP135CAF3, STM32MP135CAG3, STM32MP135DAE7, STM32MP135DAF7, STM32MP135DAG7, STM32MP135F-DK, STM32MP135FAE7, STM32MP135FAF7, STM32MP135FAF7T, STM32MP135FAF7U, STM32MP135FAG7, STM32U535CBT6, STM32U535CBT6Q, STM32U535CBU6, STM32U535CBU6Q, STM32U535CCT6, STM32U535CCT6Q, STM32U535CCU6, STM32U535CCU6Q, STM32U535CET6, STM32U535CET6Q, STM32U535CEU6, STM32U535CEU6Q, STM32U535JEY6QTR, STM32U535NCY6QTR, STM32U535NEY6QTR, STM32U535RBI6, STM32U535RBI6Q, STM32U535RBT6, STM32U535RBT6Q, STM32U535RCI6, STM32U535RCI6Q, STM32U535RCT6, STM32U535RCT6Q, STM32U535REI6, STM32U535REI6Q, STM32U535RET6, STM32U535RET6Q, STM32U535VCI6, STM32U535VCI6Q, STM32U535VCT6, STM32U535VCT6Q, STM32U535VEI6, STM32U535VEI6Q, STM32U535VET6, STM32U535VET6Q, STM32U545CET6, STM32U545CET6Q, STM32U545CEU6, STM32U545CEU6Q, STM32U545JEY6QTR, STM32U545NEY6QTR, STM32U545REI6, STM32U545REI6Q, STM32U545RET6, STM32U545RET6Q, STM32U545VEI6, STM32U545VEI6Q, STM32U545VET6, STM32U545VET6Q, STM32U595AIH6, STM32U595AIH6Q, STM32U595AJH6, STM32U595AJH6Q, STM32U595QII6, STM32U595QII6Q, STM32U595QJI6, STM32U595QJI6Q, STM32U595RIT6, STM32U595RIT6Q, STM32U595RJT6, STM32U595RJT6Q, STM32U595VIT6, STM32U595VIT6Q, STM32U595VJT6, STM32U595VJT6Q, STM32U595ZIT6, STM32U595ZIT6Q, STM32U595ZIY6QTR, STM32U595ZJT6, STM32U595ZJT6Q, STM32U595ZJY6QTR, STM32U599BJY6QTR, STM32U599NIH6Q, STM32U599NJH6Q, STM32U599VIT6Q, STM32U599VJT6, STM32U599VJT6Q, STM32U599ZIT6Q, STM32U599ZIY6QTR, STM32U599ZJT6Q, STM32U599ZJY6QTR, STM32U5A5AJH6, STM32U5A5AJH6Q, STM32U5A5QJI6, STM32U5A5QJI6Q, STM32U5A5RJT6, STM32U5A5RJT6Q, STM32U5A5VJT6, STM32U5A5VJT6Q, STM32U5A5ZJT6, STM32U5A5ZJT6Q, STM32U5A5ZJY6QTR, STM32U5A9BJY6QTR, STM32U5A9J-DK, STM32U5A9NJH6Q, STM32U5A9VJT6Q, STM32U5A9ZJT6Q, STM32U5A9ZJY6QTR, STM32WB1MMCH6, STM32WBA52CEU6, STM32WBA52CEU6T, STM32WBA52CGU6, STM32WBA52CGU6T, STM32WL5MOCH6, STM32WL5MOCH6TR]
2023-11-13 08:01:59,955 [INFO] BoardInfo:880 - No configuration file found for board P-NUCLEO-WB55
2023-11-13 08:01:59,956 [INFO] DbBoards:157 - Kit is not supported: P-NUCLEO-WB55
2023-11-13 08:01:59,977 [INFO] BoardInfo:880 - No configuration file found for board STEVAL-BFA001V1B
2023-11-13 08:01:59,977 [INFO] DbBoards:157 - Kit is not supported: STEVAL-BFA001V1B
2023-11-13 08:01:59,982 [INFO] BoardInfo:880 - No configuration file found for board STEVAL-BFA001V2B
2023-11-13 08:01:59,983 [INFO] DbBoards:157 - Kit is not supported: STEVAL-BFA001V2B
2023-11-13 08:02:00,009 [INFO] BoardInfo:880 - No configuration file found for board STEVAL-SMARTAG2
2023-11-13 08:02:00,009 [INFO] DbBoards:157 - Board is not supported: STEVAL-SMARTAG2
2023-11-13 08:02:00,486 [INFO] DbBoards:161 - Found 188 boards, 184 are supported
2023-11-13 08:02:00,493 [INFO] ApiDb:423 - Load user favorites file C:\Users\This pc/.stm32cubeide/favorites.boards.txt: 0 item(s)
2023-11-13 08:02:00,494 [INFO] ApiDb:427 - User favorites Boards=[]
2023-11-13 08:02:00,494 [INFO] DbBoards:190 - Set 0 / 0 favorites Boards
2023-11-13 08:02:00,543 [INFO] LoadUrlFilesThread:185 - End of LoadServerUrlFiles without Thread
2023-11-13 08:02:00,543 [INFO] TargetSelectorAdapter:259 - Refresh data is successful
2023-11-13 08:02:00,553 [INFO] ApiDb:668 - CubeFinder database Data Model version=2.1
2023-11-13 08:02:00,553 [INFO] ApiDb:669 - CubeFinder database Configuration version=3.0.37
2023-11-13 08:02:00,553 [INFO] ApiDb:670 - CubeFinder database generation date=2023-10-13 (1697197505)
2023-11-13 08:02:00,553 [INFO] ApiDb:671 - CubeFinder database FW Pack versions=[FP-ATR-ASTRA1_V2.0.0, FP-SNS-FLIGHT1_V5.0.1, FP-SNS-FLIGHT1_V5.0.2, FP-SNS-MOTENV1_V4.3.1, FP-SNS-MOTENV1_V4.3.2, FP-SNS-SMARTAG2_V1.2.0, I-CUBE-ITTIADB_V8.6.3-1, STM32Cube_FW_C0_V1.1.0, STM32Cube_FW_F4_V1.27.1, STM32Cube_FW_F7_V1.17.0, STM32Cube_FW_G0_V1.6.1, STM32Cube_FW_G4_V1.5.1, STM32Cube_FW_H5_V0.5.1, STM32Cube_FW_H5_V1.1.1, STM32Cube_FW_H7_V1.11.0, STM32Cube_FW_L0_V1.12.2, STM32Cube_FW_L5_V1.5.0, STM32Cube_FW_U5_V1.3.0, STM32Cube_FW_U5_V1.3.0RC4, STM32Cube_FW_WBA_V1.0.0RC1, STM32Cube_FW_WBA_V1.1.0RC1, STM32Cube_FW_WBA_V1.1.1, STM32Cube_FW_WB_V1.15.0RC1, STM32Cube_FW_WB_V1.16.0, STM32Cube_FW_WB_V1.16.0RC2, STM32Cube_FW_WB_V1.17.3, STM32Cube_FW_WL_V1.3.0, X-CUBE-ALGOBUILD_V1.3.0, X-CUBE-ALS_V1.0.1, X-CUBE-AZRTOS-F4_V1.1.0, X-CUBE-AZRTOS-F7_V1.1.0, X-CUBE-AZRTOS-G0_V1.1.0, X-CUBE-AZRTOS-G4_V2.0.0, X-CUBE-AZRTOS-H7_V3.1.0, X-CUBE-AZRTOS-L4_V1.0.0, X-CUBE-AZRTOS-L4_V2.0.0, X-CUBE-AZRTOS-L5_V1.1.0, X-CUBE-AZRTOS-WB_V2.0.0, X-CUBE-AZRTOS-WL_V2.0.0, X-CUBE-BLE1_V7.0.0, X-CUBE-BLE2_V3.3.0, X-CUBE-BLEMGR_V2.0.0, X-CUBE-EEPRMA1_V4.1.0, X-CUBE-FREERTOS_V1.1.0, X-CUBE-GNSS1_V6.0.0, X-CUBE-MEMS1_V10.0.0, X-CUBE-MEMS1_V9.1.0, X-CUBE-MEMS1_V9.4.0, X-CUBE-MEMS1_V9.6.0, X-CUBE-NFC4_V3.0.0, X-CUBE-NFC7_V1.0.1, X-CUBE-SFXS2LP1_V4.0.0, X-CUBE-SUBG2_V5.0.0, X-CUBE-TOF1_V3.3.1]
2023-11-13 08:02:03,379 [ERROR] DbExamplesSqlite:418 - Missing JSON key: board_cpn
2023-11-13 08:02:03,380 [ERROR] DbExamplesSqlite:418 - Missing JSON key: board_cpn
2023-11-13 08:02:03,380 [ERROR] DbExamplesSqlite:418 - Missing JSON key: board_cpn
2023-11-13 08:02:03,381 [ERROR] DbExamplesSqlite:418 - Missing JSON key: board_cpn
2023-11-13 08:02:03,410 [INFO] DbExamplesSqlite:376 - Ignored 27 examples not supported by CubeIDE
2023-11-13 08:02:03,410 [INFO] DbExamplesSqlite:377 - Found 7221 examples active
2023-11-13 08:02:03,411 [INFO] DbExamplesSqlite:378 - Found 777 examples obsolete
2023-11-13 08:02:03,411 [INFO] DbExamplesSqlite:379 - Found 0 examples under development
2023-11-13 08:02:03,412 [INFO] DbExamplesSqlite:380 - Found 74 examples not building
2023-11-13 08:02:03,416 [INFO] DbExamples:125 - Found 7268 examples
2023-11-13 08:02:03,535 [ERROR] DbExamples:208 - Found 22 examples with invalid data (board or MCU)
2023-11-13 08:02:03,536 [INFO] DbExamples:222 - Found 92 boards with related examples
2023-11-13 08:02:03,539 [INFO] DbExamples:235 - Found 78 MCUs with related examples
2023-11-13 08:02:03,601 [INFO] ApiDb:423 - Load user favorites file C:\Users\This pc/.stm32cubeide/favorites.examples.txt: 0 item(s)
2023-11-13 08:02:03,602 [INFO] ApiDb:427 - User favorites Examples=[]
2023-11-13 08:02:03,608 [INFO] DbExamples:250 - Set 0 / 0 favorites Examples
2023-11-13 08:02:03,743 [INFO] McuFinderGlobals:66 - Set McuFinderConnectedMode to true
2023-11-13 08:02:03,747 [INFO] MultiScanPanel:200 - Auto-refresh data requested => check proxy status ongoing
2023-11-13 08:02:03,748 [INFO] FinderPluginLoader:95 - Searching for filters in installed packs
2023-11-13 08:02:06,231 [INFO] LoadUrlFilesThread:185 - End of LoadServerUrlFiles without Thread
2023-11-13 08:02:06,231 [INFO] DetailPanel:341 - Set advertising image to C:/Users/This pc/STM32Cube/Repository/\en.prom-stm32h5-mcu-finder.jpg
2023-11-13 08:02:38,935 [INFO] MainUpdater:2854 - connection check result : 10
2023-11-13 08:02:38,936 [INFO] MainUpdater:2854 - connection check result : 10
2023-11-13 08:02:39,416 [INFO] MicroXplorer:468 - Change Database Path : 
2023-11-13 08:02:39,416 [INFO] MicroXplorer:498 - Change Database Version : DB.6.0.81
2023-11-13 08:02:39,514 [WARN] ThirdParty:871 - waiting for thirdparty lock release [close project]
2023-11-13 08:02:39,518 [INFO] ThirdParty:873 - entering critical section [close project]
2023-11-13 08:02:39,518 [INFO] ThirdParty:883 - exiting critical section [close project]
2023-11-13 08:02:39,522 [INFO] PinOutPanel:1499 - setPackage(No Configuration,No Configuration)
2023-11-13 08:02:39,546 [INFO] UtilMem:75 - Begin LoadConfig() Used Memory: 706451720 Bytes (964689920)
2023-11-13 08:02:39,547 [INFO] MicroXplorer:468 - Change Database Path : 
2023-11-13 08:02:39,548 [INFO] MicroXplorer:498 - Change Database Version : DB.6.0.81
2023-11-13 08:02:39,548 [INFO] OpenFileManager:308 - Change cursor
2023-11-13 08:02:39,624 [INFO] RulesReader:64 - Compatibility file has been processed (293 Rules)
2023-11-13 08:02:39,638 [INFO] Mcu:1937 - Initializing MCU STM32F103C(4-6)Tx STM32F103C6Tx STM32F103C6T6A
2023-11-13 08:02:41,836 [INFO] Context:659 - Trying to add GPIOservice into a context  which must be forbidden
2023-11-13 08:02:43,738 [INFO] RtosManager:555 - Registered RTOS mode: class=CMSIS, group=RTOS, mode=CMSIS_V1, owner=FREERTOS
2023-11-13 08:02:43,738 [INFO] RtosManager:555 - Registered RTOS mode: class=CMSIS, group=RTOS2, mode=CMSIS_V2, owner=FREERTOS
2023-11-13 08:02:43,738 [INFO] RtosManager:555 - Registered RTOS mode: class=RTOS, group=Core, mode=CMSIS_V1, owner=FREERTOS
2023-11-13 08:02:43,739 [INFO] RtosManager:555 - Registered RTOS mode: class=RTOS, group=Core, mode=CMSIS_V2, owner=FREERTOS
2023-11-13 08:02:43,739 [WARN] ModelIntegratedComponent:184 - Missing modes for component STMicroelectronics:FreeRTOS:0.0.1:STMicroelectronics:RTOS:FreeRTOS:Core:::10.2.0:
2023-11-13 08:02:43,856 [WARN] ModelIntegratedComponent:63 - No mode defined for component null
2023-11-13 08:02:43,857 [WARN] ModelIntegratedComponent:63 - No mode defined for component null
2023-11-13 08:02:43,857 [WARN] ModelIntegratedComponent:63 - No mode defined for component null
2023-11-13 08:02:43,857 [WARN] ModelIntegratedComponent:63 - No mode defined for component null
2023-11-13 08:02:43,858 [WARN] ModelIntegratedComponent:63 - No mode defined for component null
2023-11-13 08:02:43,858 [WARN] ModelIntegratedComponent:63 - No mode defined for component null
2023-11-13 08:02:43,858 [WARN] ModelIntegratedComponent:63 - No mode defined for component null
2023-11-13 08:02:43,858 [WARN] ModelIntegratedComponent:63 - No mode defined for component null
2023-11-13 08:02:43,858 [WARN] ModelIntegratedComponent:63 - No mode defined for component null
2023-11-13 08:02:43,859 [WARN] ModelIntegratedComponent:63 - No mode defined for component null
2023-11-13 08:02:43,859 [WARN] ModelIntegratedComponent:63 - No mode defined for component null
2023-11-13 08:02:43,859 [WARN] ModelIntegratedComponent:63 - No mode defined for component null
2023-11-13 08:02:43,859 [WARN] ModelIntegratedComponent:63 - No mode defined for component null
2023-11-13 08:02:43,859 [WARN] ModelIntegratedComponent:63 - No mode defined for component null
2023-11-13 08:02:43,859 [WARN] ModelIntegratedComponent:63 - No mode defined for component null
2023-11-13 08:02:43,860 [WARN] ModelIntegratedComponent:63 - No mode defined for component null
2023-11-13 08:02:43,860 [WARN] ModelIntegratedComponent:63 - No mode defined for component null
2023-11-13 08:02:43,860 [WARN] ModelIntegratedComponent:63 - No mode defined for component null
2023-11-13 08:02:43,861 [WARN] ModelIntegratedComponent:63 - No mode defined for component null
2023-11-13 08:02:43,861 [WARN] ModelIntegratedComponent:63 - No mode defined for component null
2023-11-13 08:02:43,861 [WARN] ModelIntegratedComponent:63 - No mode defined for component null
2023-11-13 08:02:43,861 [WARN] ModelIntegratedComponent:63 - No mode defined for component null
2023-11-13 08:02:43,861 [WARN] ModelIntegratedComponent:63 - No mode defined for component null
2023-11-13 08:02:43,861 [WARN] ModelIntegratedComponent:63 - No mode defined for component null
2023-11-13 08:02:43,862 [WARN] ModelIntegratedComponent:63 - No mode defined for component null
2023-11-13 08:02:43,870 [WARN] ModelIntegratedComponent:63 - No mode defined for component null
2023-11-13 08:02:43,899 [WARN] ModelIntegratedComponent:63 - No mode defined for component null
2023-11-13 08:02:43,899 [WARN] ModelIntegratedComponent:63 - No mode defined for component null
2023-11-13 08:02:43,899 [WARN] ModelIntegratedComponent:63 - No mode defined for component null
2023-11-13 08:02:43,900 [WARN] ModelIntegratedComponent:63 - No mode defined for component null
2023-11-13 08:02:43,900 [WARN] ModelIntegratedComponent:63 - No mode defined for component null
2023-11-13 08:02:43,900 [WARN] ModelIntegratedComponent:63 - No mode defined for component null
2023-11-13 08:02:43,900 [WARN] ModelIntegratedComponent:63 - No mode defined for component null
2023-11-13 08:02:44,834 [INFO] ThirdPartyModel:298 - Start build external matchings
2023-11-13 08:02:51,197 [INFO] ThirdPartyModel:316 - End build external matchings
2023-11-13 08:02:53,055 [INFO] UtilMem:75 - End LoadConfig() Used Memory: 728560256 Bytes (964689920)
2023-11-13 08:02:53,107 [WARN] ThirdParty:833 - waiting for thirdparty lock release [change project]
2023-11-13 08:02:53,108 [INFO] ThirdParty:835 - entering critical section [change project]
2023-11-13 08:02:53,108 [INFO] ThirdParty:1030 - CMSIS Pack Vendor :STMicroelectronics X-CUBE-ISPU 1.1.0
2023-11-13 08:02:53,108 [INFO] ThirdParty:1030 - CMSIS Pack Vendor :STMicroelectronics X-CUBE-GNSS1 6.0.0
2023-11-13 08:02:53,108 [INFO] ThirdParty:1030 - CMSIS Pack Vendor :STMicroelectronics USB_HOST 2.0.0
2023-11-13 08:02:53,108 [INFO] ThirdParty:1030 - CMSIS Pack Vendor :STMicroelectronics X-CUBE-AZRTOS-F4 1.1.0
2023-11-13 08:02:53,109 [INFO] ThirdParty:1030 - CMSIS Pack Vendor :STMicroelectronics LIBJPEG 8.0.0
2023-11-13 08:02:53,109 [INFO] ThirdParty:1030 - CMSIS Pack Vendor :STMicroelectronics X-CUBE-SMBUS 2.1.0
2023-11-13 08:02:53,109 [INFO] ThirdParty:1030 - CMSIS Pack Vendor :wolfSSL I-CUBE-wolfSSL 5.6.0
2023-11-13 08:02:53,109 [INFO] ThirdParty:1030 - CMSIS Pack Vendor :STMicroelectronics USB_DEVICE 3.0.0
2023-11-13 08:02:53,109 [INFO] ThirdParty:1030 - CMSIS Pack Vendor :STMicroelectronics X-CUBE-AZRTOS-WB 2.0.0
2023-11-13 08:02:53,109 [INFO] ThirdParty:1030 - CMSIS Pack Vendor :STMicroelectronics X-CUBE-FREERTOS 1.0.1
2023-11-13 08:02:53,109 [INFO] ThirdParty:1030 - CMSIS Pack Vendor :STMicroelectronics X-CUBE-AZRTOS-F7 1.1.0
2023-11-13 08:02:53,110 [INFO] ThirdParty:1030 - CMSIS Pack Vendor :STMicroelectronics X-CUBE-TOUCHGFX 4.21.4
2023-11-13 08:02:53,110 [INFO] ThirdParty:1030 - CMSIS Pack Vendor :STMicroelectronics X-CUBE-AZRTOS-L5 2.0.0
2023-11-13 08:02:53,110 [INFO] ThirdParty:1030 - CMSIS Pack Vendor :STMicroelectronics USB_DEVICE 2.0.0
2023-11-13 08:02:53,110 [INFO] ThirdParty:1030 - CMSIS Pack Vendor :STMicroelectronics X-CUBE-MEMS1 9.6.0
2023-11-13 08:02:53,110 [INFO] ThirdParty:1030 - CMSIS Pack Vendor :STMicroelectronics X-CUBE-EEPRMA1 4.2.0
2023-11-13 08:02:53,110 [INFO] ThirdParty:1030 - CMSIS Pack Vendor :ITTIA_DB I-CUBE-ITTIADB 8.8.0
2023-11-13 08:02:53,110 [INFO] ThirdParty:1030 - CMSIS Pack Vendor :STMicroelectronics FP-SNS-MOTENV1 4.3.0
2023-11-13 08:02:53,111 [INFO] ThirdParty:1030 - CMSIS Pack Vendor :STMicroelectronics FP-SNS-MOTENV1 4.3.2
2023-11-13 08:02:53,111 [INFO] ThirdParty:1030 - CMSIS Pack Vendor :STMicroelectronics FP-SNS-FLIGHT1 5.0.0
2023-11-13 08:02:53,111 [INFO] ThirdParty:1030 - CMSIS Pack Vendor :STMicroelectronics FP-SNS-MOTENV1 4.3.1
2023-11-13 08:02:53,111 [INFO] ThirdParty:1030 - CMSIS Pack Vendor :STMicroelectronics FP-SNS-FLIGHT1 5.0.1
2023-11-13 08:02:53,111 [INFO] ThirdParty:1030 - CMSIS Pack Vendor :STMicroelectronics X-CUBE-ALGOBUILD 1.3.0
2023-11-13 08:02:53,111 [INFO] ThirdParty:1030 - CMSIS Pack Vendor :STMicroelectronics X-CUBE-BLE1 6.2.4
2023-11-13 08:02:53,112 [INFO] ThirdParty:1030 - CMSIS Pack Vendor :STMicroelectronics X-CUBE-AZRTOS-L5 1.1.0
2023-11-13 08:02:53,112 [INFO] ThirdParty:1030 - CMSIS Pack Vendor :STMicroelectronics FreeRTOS 0.0.1
2023-11-13 08:02:53,112 [INFO] ThirdParty:1030 - CMSIS Pack Vendor :STMicroelectronics X-CUBE-AZRTOS-G0 1.1.0
2023-11-13 08:02:53,112 [INFO] ThirdParty:1030 - CMSIS Pack Vendor :emotas I-CUBE-CANOPEN 1.1.3
2023-11-13 08:02:53,112 [INFO] ThirdParty:1030 - CMSIS Pack Vendor :STMicroelectronics X-CUBE-BLEMGR 2.0.0
2023-11-13 08:02:53,112 [INFO] ThirdParty:1030 - CMSIS Pack Vendor :STMicroelectronics X-CUBE-AI 8.0.1
2023-11-13 08:02:53,113 [INFO] ThirdParty:1030 - CMSIS Pack Vendor :STMicroelectronics X-CUBE-NFC4 3.0.0
2023-11-13 08:02:53,113 [INFO] ThirdParty:1030 - CMSIS Pack Vendor :STMicroelectronics X-CUBE-SUBG2 5.0.0
2023-11-13 08:02:53,113 [INFO] ThirdParty:1030 - CMSIS Pack Vendor :STMicroelectronics STM32_WPAN 1.0.0
2023-11-13 08:02:53,113 [INFO] ThirdParty:1030 - CMSIS Pack Vendor :STMicroelectronics lwIP 2.0.3
2023-11-13 08:02:53,113 [INFO] ThirdParty:1030 - CMSIS Pack Vendor :STMicroelectronics FP-SNS-FLIGHT1 5.0.2
2023-11-13 08:02:53,113 [INFO] ThirdParty:1030 - CMSIS Pack Vendor :STMicroelectronics USB_HOST 1.0.0
2023-11-13 08:02:53,117 [INFO] ThirdParty:1030 - CMSIS Pack Vendor :STMicroelectronics X-CUBE-TOF1 3.3.1
2023-11-13 08:02:53,120 [INFO] ThirdParty:1030 - CMSIS Pack Vendor :STMicroelectronics X-CUBE-AZRTOS-G4 2.0.0
2023-11-13 08:02:53,120 [INFO] ThirdParty:1030 - CMSIS Pack Vendor :STMicroelectronics PDM2PCM 3.1.0
2023-11-13 08:02:53,120 [INFO] ThirdParty:1030 - CMSIS Pack Vendor :STMicroelectronics X-CUBE-AZRTOS-H7 3.1.0
2023-11-13 08:02:53,120 [INFO] ThirdParty:1030 - CMSIS Pack Vendor :STMicroelectronics X-CUBE-TOF1 3.3.0
2023-11-13 08:02:53,121 [INFO] ThirdParty:1030 - CMSIS Pack Vendor :Infineon AIROC-Wi-Fi-Bluetooth-STM32 1.5.1
2023-11-13 08:02:53,121 [INFO] ThirdParty:1030 - CMSIS Pack Vendor :STMicroelectronics X-CUBE-BLEMGR 3.0.0
2023-11-13 08:02:53,121 [INFO] ThirdParty:1030 - CMSIS Pack Vendor :STMicroelectronics PDM2PCM 3.3.0
2023-11-13 08:02:53,121 [INFO] ThirdParty:1030 - CMSIS Pack Vendor :STMicroelectronics X-CUBE-DISPLAY 3.0.0
2023-11-13 08:02:53,121 [INFO] ThirdParty:1030 - CMSIS Pack Vendor :STMicroelectronics FP-SNS-MOTENVWB1 1.3.0
2023-11-13 08:02:53,121 [INFO] ThirdParty:1030 - CMSIS Pack Vendor :STMicroelectronics X-CUBE-BLE1 7.0.0
2023-11-13 08:02:53,121 [INFO] ThirdParty:1030 - CMSIS Pack Vendor :STMicroelectronics FP-ATR-SIGFOX1 3.2.0
2023-11-13 08:02:53,122 [INFO] ThirdParty:1030 - CMSIS Pack Vendor :STMicroelectronics X-CUBE-AZRTOS-L4 1.0.0
2023-11-13 08:02:53,122 [INFO] ThirdParty:1030 - CMSIS Pack Vendor :STMicroelectronics HAL Drivers 0.0.0
2023-11-13 08:02:53,122 [INFO] ThirdParty:1030 - CMSIS Pack Vendor :STMicroelectronics MBEDTLS 2.16.2
2023-11-13 08:02:53,122 [INFO] ThirdParty:1030 - CMSIS Pack Vendor :STMicroelectronics X-CUBE-MEMS1 10.0.0
2023-11-13 08:02:53,122 [INFO] ThirdParty:1030 - CMSIS Pack Vendor :STMicroelectronics X-CUBE-FREERTOS 1.1.0
2023-11-13 08:02:53,122 [INFO] ThirdParty:1030 - CMSIS Pack Vendor :STMicroelectronics X-CUBE-TOUCHGFX 4.22.0
2023-11-13 08:02:53,123 [INFO] ThirdParty:1030 - CMSIS Pack Vendor :STMicroelectronics X-CUBE-NFC7 1.0.1
2023-11-13 08:02:53,123 [INFO] ThirdParty:1030 - CMSIS Pack Vendor :STMicroelectronics MBEDTLS 2.14.1
2023-11-13 08:02:53,123 [INFO] ThirdParty:1030 - CMSIS Pack Vendor :STMicroelectronics X-CUBE-NFC7 1.0.0
2023-11-13 08:02:53,123 [INFO] ThirdParty:1030 - CMSIS Pack Vendor :STMicroelectronics X-CUBE-TOUCHGFX 4.22.1
2023-11-13 08:02:53,123 [INFO] ThirdParty:1030 - CMSIS Pack Vendor :STMicroelectronics X-CUBE-AZRTOS-WL 1.0.0
2023-11-13 08:02:53,123 [INFO] ThirdParty:1030 - CMSIS Pack Vendor :STMicroelectronics X-CUBE-NFC6 3.0.0
2023-11-13 08:02:53,123 [INFO] ThirdParty:1030 - CMSIS Pack Vendor :STMicroelectronics X-CUBE-EEPRMA1 4.1.0
2023-11-13 08:02:53,124 [INFO] ThirdParty:1030 - CMSIS Pack Vendor :portGmbH I-Cube-SoM-uGOAL 1.1.0
2023-11-13 08:02:53,124 [INFO] ThirdParty:1030 - CMSIS Pack Vendor :STMicroelectronics X-CUBE-ALS 1.0.1
2023-11-13 08:02:53,124 [INFO] ThirdParty:1030 - CMSIS Pack Vendor :STMicroelectronics ThreadX 1.0.0
2023-11-13 08:02:53,124 [INFO] ThirdParty:1030 - CMSIS Pack Vendor :STMicroelectronics FP-SNS-SMARTAG2 1.2.0
2023-11-13 08:02:53,124 [INFO] ThirdParty:1030 - CMSIS Pack Vendor :STMicroelectronics X-CUBE-AZRTOS-WB 1.1.0
2023-11-13 08:02:53,124 [INFO] ThirdParty:1030 - CMSIS Pack Vendor :STMicroelectronics X-CUBE-AZRTOS-WL 2.0.0
2023-11-13 08:02:53,125 [INFO] ThirdParty:1030 - CMSIS Pack Vendor :SEGGER I-CUBE-embOS 1.3.1
2023-11-13 08:02:53,125 [INFO] ThirdParty:1030 - CMSIS Pack Vendor :STMicroelectronics USB_DEVICE 1.0.0
2023-11-13 08:02:53,125 [INFO] ThirdParty:1030 - CMSIS Pack Vendor :STMicroelectronics X-CUBE-AI 8.1.0
2023-11-13 08:02:53,125 [INFO] ThirdParty:1030 - CMSIS Pack Vendor :STMicroelectronics X-CUBE-AZRTOS-L4 2.0.0
2023-11-13 08:02:53,125 [INFO] ThirdParty:1030 - CMSIS Pack Vendor :STMicroelectronics ThreadX 0.0.2
2023-11-13 08:02:53,125 [INFO] ThirdParty:1030 - CMSIS Pack Vendor :WES I-CUBE-Cesium 1.3.0
2023-11-13 08:02:53,125 [INFO] ThirdParty:1030 - CMSIS Pack Vendor :STMicroelectronics FP-ATR-ASTRA1 2.0.0
2023-11-13 08:02:53,208 [INFO] ThirdParty:1030 - CMSIS Pack Vendor :STMicroelectronics lwIP 2.1.2
2023-11-13 08:02:53,210 [INFO] ThirdParty:1030 - CMSIS Pack Vendor :STMicroelectronics X-CUBE-SFXS2LP1 4.0.0
2023-11-13 08:02:53,210 [INFO] ThirdParty:1030 - CMSIS Pack Vendor :STMicroelectronics X-CUBE-BLE2 3.3.0
2023-11-13 08:02:53,211 [INFO] ThirdParty:1030 - CMSIS Pack Vendor :STMicroelectronics PDM2PCM 3.2.0
2023-11-13 08:02:53,211 [INFO] ThirdParty:841 - exiting critical section [change project]
2023-11-13 08:02:54,142 [INFO] PinOutPanel:1499 - setPackage(No Configuration,No Configuration)
2023-11-13 08:02:54,144 [INFO] PinOutPanel:1499 - setPackage(STM32F103C6Tx,LQFP48)
2023-11-13 08:02:55,112 [INFO] UtilMem:75 - Before build in PCC Used Memory: 793561688 Bytes (964689920)
2023-11-13 08:02:56,225 [INFO] UtilMem:75 - After build in PCC Used Memory: 628516232 Bytes (964689920)
2023-11-13 08:02:56,280 [INFO] IPUIPlugin:80 - create IPUIPlugin
2023-11-13 08:02:56,281 [INFO] IPUIPlugin:80 - create IPUIPlugin
2023-11-13 08:02:56,281 [INFO] IPUIPlugin:80 - create IPUIPlugin
2023-11-13 08:02:56,281 [INFO] IPUIPlugin:80 - create IPUIPlugin
2023-11-13 08:02:56,281 [INFO] IPUIPlugin:80 - create IPUIPlugin
2023-11-13 08:02:56,282 [INFO] IPUIPlugin:80 - create IPUIPlugin
2023-11-13 08:02:56,282 [INFO] IPUIPlugin:80 - create IPUIPlugin
2023-11-13 08:02:56,282 [INFO] IPUIPlugin:80 - create IPUIPlugin
2023-11-13 08:02:56,283 [INFO] IPUIPlugin:80 - create IPUIPlugin
2023-11-13 08:02:56,283 [INFO] IPUIPlugin:80 - create IPUIPlugin
2023-11-13 08:02:56,284 [INFO] IPUIPlugin:80 - create IPUIPlugin
2023-11-13 08:02:56,284 [INFO] IPUIPlugin:80 - create IPUIPlugin
2023-11-13 08:02:56,285 [INFO] IPUIPlugin:80 - create IPUIPlugin
2023-11-13 08:02:56,285 [INFO] IPUIPlugin:80 - create IPUIPlugin
2023-11-13 08:02:56,286 [INFO] IPUIPlugin:80 - create IPUIPlugin
2023-11-13 08:02:56,286 [INFO] IPUIPlugin:80 - create IPUIPlugin
2023-11-13 08:02:56,287 [INFO] IPUIPlugin:80 - create IPUIPlugin
2023-11-13 08:02:56,287 [INFO] IPUIPlugin:80 - create IPUIPlugin
2023-11-13 08:02:56,288 [INFO] IPUIPlugin:80 - create IPUIPlugin
2023-11-13 08:02:56,289 [INFO] IPUIPlugin:80 - create IPUIPlugin
2023-11-13 08:02:56,290 [INFO] IPUIPlugin:80 - create IPUIPlugin
2023-11-13 08:02:56,290 [INFO] IPUIPlugin:80 - create IPUIPlugin
2023-11-13 08:02:56,291 [INFO] IPUIPlugin:80 - create IPUIPlugin
2023-11-13 08:02:56,576 [INFO] CADModel:165 - CPN selected for project levelSTM32F103C6T6A
2023-11-13 08:02:56,576 [INFO] CADModel:114 - Register for checkConnection events
2023-11-13 08:02:56,635 [INFO] OpenFileManager:328 - Restore cursor
2023-11-13 08:02:57,842 [INFO] UtilMem:75 - End SaveConfig() Used Memory: 649177664 Bytes (964689920)
2023-11-13 08:02:58,029 [INFO] UtilMem:75 - End SaveConfig() Used Memory: 659376816 Bytes (964689920)
2023-11-13 08:02:59,169 [INFO] BlockDiagram:2759 - set Specific Code input for plugin: NVIC
2023-11-13 08:02:59,170 [INFO] BlockDiagram:2759 - set Specific Code input for plugin: GPIO
2023-11-13 08:02:59,170 [INFO] BlockDiagram:2759 - set Specific Code input for plugin: RCC
2023-11-13 08:02:59,170 [INFO] BlockDiagram:2759 - set Specific Code input for plugin: TIM1_8F1
2023-11-13 08:02:59,170 [INFO] BlockDiagram:2759 - set Specific Code input for plugin: TIM1_8F1
2023-11-13 08:02:59,172 [INFO] CodeGenerator:793 - code generatio: config db path: C:\ST\STM32CubeIDE_1.12.1\STM32CubeIDE\plugins\com.st.stm32cube.common.mx_6.8.1.202304191431\\db\
2023-11-13 08:02:59,985 [INFO] CodeEngine:255 - oldGeneratedFile, E:\STM32_prgrm\PWM_TEST_1\MXTmpFiles\license.tmp_save
2023-11-13 08:03:01,163 [INFO] CodeEngine:279 - Generated code: E:\STM32_prgrm\PWM_TEST_1\MXTmpFiles\license.tmp
2023-11-13 08:03:01,470 [INFO] CodeEngine:255 - oldGeneratedFile, E:\STM32_prgrm\PWM_TEST_1\MXTmpFiles\gpio.tmp_save
2023-11-13 08:03:02,455 [INFO] CodeEngine:279 - Generated code: E:\STM32_prgrm\PWM_TEST_1\MXTmpFiles\gpio.tmp
2023-11-13 08:03:03,217 [INFO] CodeEngine:255 - oldGeneratedFile, E:\STM32_prgrm\PWM_TEST_1\Core\Src\stm32f1xx_it.c_save
2023-11-13 08:03:04,406 [INFO] CodeEngine:279 - Generated code: E:\STM32_prgrm\PWM_TEST_1\Core\Src\stm32f1xx_it.c
2023-11-13 08:03:04,418 [INFO] CodeEngine:255 - oldGeneratedFile, E:\STM32_prgrm\PWM_TEST_1\Core\Inc\stm32f1xx_it.h_save
2023-11-13 08:03:04,651 [INFO] CodeEngine:279 - Generated code: E:\STM32_prgrm\PWM_TEST_1\Core\Inc\stm32f1xx_it.h
2023-11-13 08:03:04,731 [INFO] CodeEngine:255 - oldGeneratedFile, E:\STM32_prgrm\PWM_TEST_1\Core\Src\stm32f1xx_hal_msp.c_save
2023-11-13 08:03:05,172 [INFO] CodeEngine:279 - Generated code: E:\STM32_prgrm\PWM_TEST_1\Core\Src\stm32f1xx_hal_msp.c
2023-11-13 08:03:05,184 [INFO] CodeEngine:255 - oldGeneratedFile, E:\STM32_prgrm\PWM_TEST_1\MXTmpFiles\system.tmp_save
2023-11-13 08:03:05,417 [INFO] CodeEngine:279 - Generated code: E:\STM32_prgrm\PWM_TEST_1\MXTmpFiles\system.tmp
2023-11-13 08:03:05,472 [INFO] CodeEngine:311 - oldGeneratedFile, E:\STM32_prgrm\PWM_TEST_1\Core\Inc\stm32f1xx_hal_conf.h_save
2023-11-13 08:03:05,857 [INFO] CodeEngine:335 - Generated code: E:\STM32_prgrm\PWM_TEST_1\Core\Inc\stm32f1xx_hal_conf.h
2023-11-13 08:03:05,944 [WARN] IPConfigManager:3431 - IP not found : TIM
2023-11-13 08:03:05,946 [WARN] CodeGenerator:3754 - IP not found : null
2023-11-13 08:03:06,002 [INFO] CodeEngine:255 - oldGeneratedFile, E:\STM32_prgrm\PWM_TEST_1\Core\Inc\main.h_save
2023-11-13 08:03:06,344 [INFO] CodeEngine:279 - Generated code: E:\STM32_prgrm\PWM_TEST_1\Core\Inc\main.h
2023-11-13 08:03:06,385 [INFO] CodeEngine:255 - oldGeneratedFile, E:\STM32_prgrm\PWM_TEST_1\Core\Src\main.c_save
2023-11-13 08:03:06,995 [INFO] CodeEngine:279 - Generated code: E:\STM32_prgrm\PWM_TEST_1\Core\Src\main.c
2023-11-13 08:03:09,770 [INFO] ProjectBuilder:2996 - Time for Copy HAL[1] : 461mS.
2023-11-13 08:03:09,780 [INFO] ProjectBuilder:4304 - Project Generator version: 3.19.2
2023-11-13 08:03:11,468 [INFO] ConfigFileManager:1483 - The Die is : DIE412
2023-11-13 08:03:11,496 [INFO] ApiDbMcu:507 - Load IP Config File for FATFS
2023-11-13 08:03:11,606 [INFO] ApiDbMcu:507 - Load IP Config File for FREERTOS
2023-11-13 08:03:11,697 [INFO] ApiDbMcu:507 - Load IP Config File for USB_DEVICE
2023-11-13 08:03:19,033 [INFO] ProjectBuilder:4505 - Time for Generating toolchain IDE Files: 9252mS.
2023-11-13 08:03:19,034 [INFO] ProjectBuilder:2867 - Time for Copy CMSIS : 1mS.
2023-11-13 08:03:19,039 [INFO] ProjectBuilder:2867 - Time for Copy CMSIS : 0mS.
2023-11-13 08:03:23,744 [INFO] McuFinderGlobals:66 - Set McuFinderConnectedMode to true
2023-11-13 08:03:23,749 [INFO] ApiDb:448 - Save user favorites file C:\Users\This pc/.stm32cubeide/favorites.mcus.txt: 1 item(s)
2023-11-13 08:03:23,749 [INFO] ApiDb:452 - User favorites MCUs=[STM32F401RET6]
2023-11-13 08:05:20,004 [INFO] MainUpdater:2854 - connection check result : 10
2023-11-13 08:05:20,230 [INFO] McuFinderGlobals:66 - Set McuFinderConnectedMode to true
2023-11-13 08:05:20,232 [INFO] MultiScanPanel:200 - Auto-refresh data requested => check proxy status ongoing
2023-11-13 08:05:20,233 [INFO] FinderPluginLoader:95 - Searching for filters in installed packs
2023-11-13 08:05:22,757 [INFO] LoadUrlFilesThread:185 - End of LoadServerUrlFiles without Thread
2023-11-13 08:05:22,758 [INFO] DetailPanel:341 - Set advertising image to C:/Users/This pc/STM32Cube/Repository/\en.prom-stm32h5-mcu-finder.jpg
2023-11-13 08:05:30,653 [INFO] ApiDb:581 - Connected to CubeFinder SQLite database (C:\Users\This pc\.stmcufinder\plugins\mcufinder\mcu\cube-finder-db.db)
2023-11-13 08:05:55,234 [INFO] MainUpdater:2854 - connection check result : 10
2023-11-13 08:05:55,234 [INFO] MainUpdater:2854 - connection check result : 10
2023-11-13 08:05:56,130 [INFO] MicroXplorer:468 - Change Database Path : 
2023-11-13 08:05:56,131 [INFO] MicroXplorer:498 - Change Database Version : DB.6.0.81
2023-11-13 08:05:56,209 [WARN] ThirdParty:871 - waiting for thirdparty lock release [close project]
2023-11-13 08:05:56,209 [INFO] ThirdParty:873 - entering critical section [close project]
2023-11-13 08:05:56,209 [INFO] ThirdParty:883 - exiting critical section [close project]
2023-11-13 08:05:56,212 [INFO] PinOutPanel:1499 - setPackage(No Configuration,No Configuration)
2023-11-13 08:05:56,218 [INFO] UtilMem:75 - Begin LoadConfig() Used Memory: 656737640 Bytes (1008730112)
2023-11-13 08:05:56,220 [INFO] MicroXplorer:468 - Change Database Path : 
2023-11-13 08:05:56,221 [INFO] MicroXplorer:498 - Change Database Version : DB.6.0.81
2023-11-13 08:05:56,221 [INFO] OpenFileManager:308 - Change cursor
2023-11-13 08:05:56,310 [INFO] RulesReader:64 - Compatibility file has been processed (293 Rules)
2023-11-13 08:05:56,323 [INFO] Mcu:1937 - Initializing MCU STM32F103C6Tx STM32F103C6Tx 
2023-11-13 08:05:56,325 [INFO] Mcu:1950 - No CPN specified => set CPN to STM32F103C6T6A
2023-11-13 08:05:57,680 [INFO] Context:659 - Trying to add GPIOservice into a context  which must be forbidden
2023-11-13 08:05:58,106 [INFO] ImportTextPane:194 - (OptionalMessage_ERROR) Unable to find key (Mcu.ThirdPartyNb) in loaded IOC file
2023-11-13 08:05:58,106 [INFO] ImportTextPane:194 - (OptionalMessage_ERROR) Unable to find key (Mcu.PinsNb) in loaded IOC file
2023-11-13 08:05:58,106 [INFO] ImportTextPane:194 - (OptionalMessage_ERROR) Unable to find key (Mcu.IPNb) in loaded IOC file
2023-11-13 08:05:58,677 [INFO] RtosManager:555 - Registered RTOS mode: class=CMSIS, group=RTOS, mode=CMSIS_V1, owner=FREERTOS
2023-11-13 08:05:58,677 [INFO] RtosManager:555 - Registered RTOS mode: class=CMSIS, group=RTOS2, mode=CMSIS_V2, owner=FREERTOS
2023-11-13 08:05:58,677 [INFO] RtosManager:555 - Registered RTOS mode: class=RTOS, group=Core, mode=CMSIS_V1, owner=FREERTOS
2023-11-13 08:05:58,678 [INFO] RtosManager:555 - Registered RTOS mode: class=RTOS, group=Core, mode=CMSIS_V2, owner=FREERTOS
2023-11-13 08:05:58,678 [WARN] ModelIntegratedComponent:184 - Missing modes for component STMicroelectronics:FreeRTOS:0.0.1:STMicroelectronics:RTOS:FreeRTOS:Core:::10.2.0:
2023-11-13 08:05:58,813 [WARN] ModelIntegratedComponent:63 - No mode defined for component null
2023-11-13 08:05:58,813 [WARN] ModelIntegratedComponent:63 - No mode defined for component null
2023-11-13 08:05:58,813 [WARN] ModelIntegratedComponent:63 - No mode defined for component null
2023-11-13 08:05:58,814 [WARN] ModelIntegratedComponent:63 - No mode defined for component null
2023-11-13 08:05:58,814 [WARN] ModelIntegratedComponent:63 - No mode defined for component null
2023-11-13 08:05:58,814 [WARN] ModelIntegratedComponent:63 - No mode defined for component null
2023-11-13 08:05:58,814 [WARN] ModelIntegratedComponent:63 - No mode defined for component null
2023-11-13 08:05:58,814 [WARN] ModelIntegratedComponent:63 - No mode defined for component null
2023-11-13 08:05:58,814 [WARN] ModelIntegratedComponent:63 - No mode defined for component null
2023-11-13 08:05:58,814 [WARN] ModelIntegratedComponent:63 - No mode defined for component null
2023-11-13 08:05:58,814 [WARN] ModelIntegratedComponent:63 - No mode defined for component null
2023-11-13 08:05:58,815 [WARN] ModelIntegratedComponent:63 - No mode defined for component null
2023-11-13 08:05:58,815 [WARN] ModelIntegratedComponent:63 - No mode defined for component null
2023-11-13 08:05:58,815 [WARN] ModelIntegratedComponent:63 - No mode defined for component null
2023-11-13 08:05:58,815 [WARN] ModelIntegratedComponent:63 - No mode defined for component null
2023-11-13 08:05:58,815 [WARN] ModelIntegratedComponent:63 - No mode defined for component null
2023-11-13 08:05:58,815 [WARN] ModelIntegratedComponent:63 - No mode defined for component null
2023-11-13 08:05:58,815 [WARN] ModelIntegratedComponent:63 - No mode defined for component null
2023-11-13 08:05:58,816 [WARN] ModelIntegratedComponent:63 - No mode defined for component null
2023-11-13 08:05:58,816 [WARN] ModelIntegratedComponent:63 - No mode defined for component null
2023-11-13 08:05:58,816 [WARN] ModelIntegratedComponent:63 - No mode defined for component null
2023-11-13 08:05:58,816 [WARN] ModelIntegratedComponent:63 - No mode defined for component null
2023-11-13 08:05:58,816 [WARN] ModelIntegratedComponent:63 - No mode defined for component null
2023-11-13 08:05:58,816 [WARN] ModelIntegratedComponent:63 - No mode defined for component null
2023-11-13 08:05:58,816 [WARN] ModelIntegratedComponent:63 - No mode defined for component null
2023-11-13 08:05:58,816 [WARN] ModelIntegratedComponent:63 - No mode defined for component null
2023-11-13 08:05:58,817 [WARN] ModelIntegratedComponent:63 - No mode defined for component null
2023-11-13 08:05:58,817 [WARN] ModelIntegratedComponent:63 - No mode defined for component null
2023-11-13 08:05:58,817 [WARN] ModelIntegratedComponent:63 - No mode defined for component null
2023-11-13 08:05:58,817 [WARN] ModelIntegratedComponent:63 - No mode defined for component null
2023-11-13 08:05:58,817 [WARN] ModelIntegratedComponent:63 - No mode defined for component null
2023-11-13 08:05:58,817 [WARN] ModelIntegratedComponent:63 - No mode defined for component null
2023-11-13 08:05:58,817 [WARN] ModelIntegratedComponent:63 - No mode defined for component null
2023-11-13 08:05:59,298 [INFO] ThirdPartyModel:298 - Start build external matchings
2023-11-13 08:06:02,436 [INFO] ThirdPartyModel:316 - End build external matchings
2023-11-13 08:06:02,755 [INFO] UtilMem:75 - End LoadConfig() Used Memory: 657259880 Bytes (1008730112)
2023-11-13 08:06:02,811 [WARN] ThirdParty:833 - waiting for thirdparty lock release [change project]
2023-11-13 08:06:02,812 [INFO] ThirdParty:835 - entering critical section [change project]
2023-11-13 08:06:02,812 [INFO] ThirdParty:1030 - CMSIS Pack Vendor :STMicroelectronics X-CUBE-ISPU 1.1.0
2023-11-13 08:06:02,812 [INFO] ThirdParty:1030 - CMSIS Pack Vendor :STMicroelectronics X-CUBE-GNSS1 6.0.0
2023-11-13 08:06:02,812 [INFO] ThirdParty:1030 - CMSIS Pack Vendor :STMicroelectronics USB_HOST 2.0.0
2023-11-13 08:06:02,813 [INFO] ThirdParty:1030 - CMSIS Pack Vendor :STMicroelectronics X-CUBE-AZRTOS-F4 1.1.0
2023-11-13 08:06:02,813 [INFO] ThirdParty:1030 - CMSIS Pack Vendor :STMicroelectronics LIBJPEG 8.0.0
2023-11-13 08:06:02,813 [INFO] ThirdParty:1030 - CMSIS Pack Vendor :STMicroelectronics X-CUBE-SMBUS 2.1.0
2023-11-13 08:06:02,813 [INFO] ThirdParty:1030 - CMSIS Pack Vendor :wolfSSL I-CUBE-wolfSSL 5.6.0
2023-11-13 08:06:02,815 [INFO] ThirdParty:1030 - CMSIS Pack Vendor :STMicroelectronics USB_DEVICE 3.0.0
2023-11-13 08:06:02,815 [INFO] ThirdParty:1030 - CMSIS Pack Vendor :STMicroelectronics X-CUBE-AZRTOS-WB 2.0.0
2023-11-13 08:06:02,816 [INFO] ThirdParty:1030 - CMSIS Pack Vendor :STMicroelectronics X-CUBE-FREERTOS 1.0.1
2023-11-13 08:06:02,816 [INFO] ThirdParty:1030 - CMSIS Pack Vendor :STMicroelectronics X-CUBE-AZRTOS-F7 1.1.0
2023-11-13 08:06:02,816 [INFO] ThirdParty:1030 - CMSIS Pack Vendor :STMicroelectronics X-CUBE-TOUCHGFX 4.21.4
2023-11-13 08:06:02,816 [INFO] ThirdParty:1030 - CMSIS Pack Vendor :STMicroelectronics X-CUBE-AZRTOS-L5 2.0.0
2023-11-13 08:06:02,816 [INFO] ThirdParty:1030 - CMSIS Pack Vendor :STMicroelectronics USB_DEVICE 2.0.0
2023-11-13 08:06:02,816 [INFO] ThirdParty:1030 - CMSIS Pack Vendor :STMicroelectronics X-CUBE-MEMS1 9.6.0
2023-11-13 08:06:02,816 [INFO] ThirdParty:1030 - CMSIS Pack Vendor :STMicroelectronics X-CUBE-EEPRMA1 4.2.0
2023-11-13 08:06:02,816 [INFO] ThirdParty:1030 - CMSIS Pack Vendor :ITTIA_DB I-CUBE-ITTIADB 8.8.0
2023-11-13 08:06:02,816 [INFO] ThirdParty:1030 - CMSIS Pack Vendor :STMicroelectronics FP-SNS-MOTENV1 4.3.0
2023-11-13 08:06:02,817 [INFO] ThirdParty:1030 - CMSIS Pack Vendor :STMicroelectronics FP-SNS-MOTENV1 4.3.2
2023-11-13 08:06:02,817 [INFO] ThirdParty:1030 - CMSIS Pack Vendor :STMicroelectronics FP-SNS-FLIGHT1 5.0.0
2023-11-13 08:06:02,817 [INFO] ThirdParty:1030 - CMSIS Pack Vendor :STMicroelectronics FP-SNS-MOTENV1 4.3.1
2023-11-13 08:06:02,817 [INFO] ThirdParty:1030 - CMSIS Pack Vendor :STMicroelectronics FP-SNS-FLIGHT1 5.0.1
2023-11-13 08:06:02,817 [INFO] ThirdParty:1030 - CMSIS Pack Vendor :STMicroelectronics X-CUBE-ALGOBUILD 1.3.0
2023-11-13 08:06:02,817 [INFO] ThirdParty:1030 - CMSIS Pack Vendor :STMicroelectronics X-CUBE-BLE1 6.2.4
2023-11-13 08:06:02,817 [INFO] ThirdParty:1030 - CMSIS Pack Vendor :STMicroelectronics X-CUBE-AZRTOS-L5 1.1.0
2023-11-13 08:06:02,817 [INFO] ThirdParty:1030 - CMSIS Pack Vendor :STMicroelectronics FreeRTOS 0.0.1
2023-11-13 08:06:02,817 [INFO] ThirdParty:1030 - CMSIS Pack Vendor :STMicroelectronics X-CUBE-AZRTOS-G0 1.1.0
2023-11-13 08:06:02,818 [INFO] ThirdParty:1030 - CMSIS Pack Vendor :emotas I-CUBE-CANOPEN 1.1.3
2023-11-13 08:06:02,818 [INFO] ThirdParty:1030 - CMSIS Pack Vendor :STMicroelectronics X-CUBE-BLEMGR 2.0.0
2023-11-13 08:06:02,818 [INFO] ThirdParty:1030 - CMSIS Pack Vendor :STMicroelectronics X-CUBE-AI 8.0.1
2023-11-13 08:06:02,818 [INFO] ThirdParty:1030 - CMSIS Pack Vendor :STMicroelectronics X-CUBE-NFC4 3.0.0
2023-11-13 08:06:02,818 [INFO] ThirdParty:1030 - CMSIS Pack Vendor :STMicroelectronics X-CUBE-SUBG2 5.0.0
2023-11-13 08:06:02,818 [INFO] ThirdParty:1030 - CMSIS Pack Vendor :STMicroelectronics STM32_WPAN 1.0.0
2023-11-13 08:06:02,818 [INFO] ThirdParty:1030 - CMSIS Pack Vendor :STMicroelectronics lwIP 2.0.3
2023-11-13 08:06:02,818 [INFO] ThirdParty:1030 - CMSIS Pack Vendor :STMicroelectronics FP-SNS-FLIGHT1 5.0.2
2023-11-13 08:06:02,818 [INFO] ThirdParty:1030 - CMSIS Pack Vendor :STMicroelectronics USB_HOST 1.0.0
2023-11-13 08:06:02,818 [INFO] ThirdParty:1030 - CMSIS Pack Vendor :STMicroelectronics X-CUBE-TOF1 3.3.1
2023-11-13 08:06:02,819 [INFO] ThirdParty:1030 - CMSIS Pack Vendor :STMicroelectronics X-CUBE-AZRTOS-G4 2.0.0
2023-11-13 08:06:02,819 [INFO] ThirdParty:1030 - CMSIS Pack Vendor :STMicroelectronics PDM2PCM 3.1.0
2023-11-13 08:06:02,819 [INFO] ThirdParty:1030 - CMSIS Pack Vendor :STMicroelectronics X-CUBE-AZRTOS-H7 3.1.0
2023-11-13 08:06:02,819 [INFO] ThirdParty:1030 - CMSIS Pack Vendor :STMicroelectronics X-CUBE-TOF1 3.3.0
2023-11-13 08:06:02,819 [INFO] ThirdParty:1030 - CMSIS Pack Vendor :Infineon AIROC-Wi-Fi-Bluetooth-STM32 1.5.1
2023-11-13 08:06:02,819 [INFO] ThirdParty:1030 - CMSIS Pack Vendor :STMicroelectronics X-CUBE-BLEMGR 3.0.0
2023-11-13 08:06:02,819 [INFO] ThirdParty:1030 - CMSIS Pack Vendor :STMicroelectronics PDM2PCM 3.3.0
2023-11-13 08:06:02,819 [INFO] ThirdParty:1030 - CMSIS Pack Vendor :STMicroelectronics X-CUBE-DISPLAY 3.0.0
2023-11-13 08:06:02,819 [INFO] ThirdParty:1030 - CMSIS Pack Vendor :STMicroelectronics FP-SNS-MOTENVWB1 1.3.0
2023-11-13 08:06:02,820 [INFO] ThirdParty:1030 - CMSIS Pack Vendor :STMicroelectronics X-CUBE-BLE1 7.0.0
2023-11-13 08:06:02,820 [INFO] ThirdParty:1030 - CMSIS Pack Vendor :STMicroelectronics FP-ATR-SIGFOX1 3.2.0
2023-11-13 08:06:02,820 [INFO] ThirdParty:1030 - CMSIS Pack Vendor :STMicroelectronics X-CUBE-AZRTOS-L4 1.0.0
2023-11-13 08:06:02,820 [INFO] ThirdParty:1030 - CMSIS Pack Vendor :STMicroelectronics HAL Drivers 0.0.0
2023-11-13 08:06:02,820 [INFO] ThirdParty:1030 - CMSIS Pack Vendor :STMicroelectronics MBEDTLS 2.16.2
2023-11-13 08:06:02,820 [INFO] ThirdParty:1030 - CMSIS Pack Vendor :STMicroelectronics X-CUBE-MEMS1 10.0.0
2023-11-13 08:06:02,820 [INFO] ThirdParty:1030 - CMSIS Pack Vendor :STMicroelectronics X-CUBE-FREERTOS 1.1.0
2023-11-13 08:06:02,821 [INFO] ThirdParty:1030 - CMSIS Pack Vendor :STMicroelectronics X-CUBE-TOUCHGFX 4.22.0
2023-11-13 08:06:02,822 [INFO] ThirdParty:1030 - CMSIS Pack Vendor :STMicroelectronics X-CUBE-NFC7 1.0.1
2023-11-13 08:06:02,822 [INFO] ThirdParty:1030 - CMSIS Pack Vendor :STMicroelectronics MBEDTLS 2.14.1
2023-11-13 08:06:02,822 [INFO] ThirdParty:1030 - CMSIS Pack Vendor :STMicroelectronics X-CUBE-NFC7 1.0.0
2023-11-13 08:06:02,822 [INFO] ThirdParty:1030 - CMSIS Pack Vendor :STMicroelectronics X-CUBE-TOUCHGFX 4.22.1
2023-11-13 08:06:02,822 [INFO] ThirdParty:1030 - CMSIS Pack Vendor :STMicroelectronics X-CUBE-AZRTOS-WL 1.0.0
2023-11-13 08:06:02,822 [INFO] ThirdParty:1030 - CMSIS Pack Vendor :STMicroelectronics X-CUBE-NFC6 3.0.0
2023-11-13 08:06:02,822 [INFO] ThirdParty:1030 - CMSIS Pack Vendor :STMicroelectronics X-CUBE-EEPRMA1 4.1.0
2023-11-13 08:06:02,823 [INFO] ThirdParty:1030 - CMSIS Pack Vendor :portGmbH I-Cube-SoM-uGOAL 1.1.0
2023-11-13 08:06:02,823 [INFO] ThirdParty:1030 - CMSIS Pack Vendor :STMicroelectronics X-CUBE-ALS 1.0.1
2023-11-13 08:06:02,823 [INFO] ThirdParty:1030 - CMSIS Pack Vendor :STMicroelectronics ThreadX 1.0.0
2023-11-13 08:06:02,823 [INFO] ThirdParty:1030 - CMSIS Pack Vendor :STMicroelectronics FP-SNS-SMARTAG2 1.2.0
2023-11-13 08:06:02,823 [INFO] ThirdParty:1030 - CMSIS Pack Vendor :STMicroelectronics X-CUBE-AZRTOS-WB 1.1.0
2023-11-13 08:06:02,823 [INFO] ThirdParty:1030 - CMSIS Pack Vendor :STMicroelectronics X-CUBE-AZRTOS-WL 2.0.0
2023-11-13 08:06:02,823 [INFO] ThirdParty:1030 - CMSIS Pack Vendor :SEGGER I-CUBE-embOS 1.3.1
2023-11-13 08:06:02,823 [INFO] ThirdParty:1030 - CMSIS Pack Vendor :STMicroelectronics USB_DEVICE 1.0.0
2023-11-13 08:06:02,824 [INFO] ThirdParty:1030 - CMSIS Pack Vendor :STMicroelectronics X-CUBE-AI 8.1.0
2023-11-13 08:06:02,824 [INFO] ThirdParty:1030 - CMSIS Pack Vendor :STMicroelectronics X-CUBE-AZRTOS-L4 2.0.0
2023-11-13 08:06:02,824 [INFO] ThirdParty:1030 - CMSIS Pack Vendor :STMicroelectronics ThreadX 0.0.2
2023-11-13 08:06:02,824 [INFO] ThirdParty:1030 - CMSIS Pack Vendor :WES I-CUBE-Cesium 1.3.0
2023-11-13 08:06:02,824 [INFO] ThirdParty:1030 - CMSIS Pack Vendor :STMicroelectronics FP-ATR-ASTRA1 2.0.0
2023-11-13 08:06:02,824 [INFO] ThirdParty:1030 - CMSIS Pack Vendor :STMicroelectronics lwIP 2.1.2
2023-11-13 08:06:02,824 [INFO] ThirdParty:1030 - CMSIS Pack Vendor :STMicroelectronics X-CUBE-SFXS2LP1 4.0.0
2023-11-13 08:06:02,825 [INFO] ThirdParty:1030 - CMSIS Pack Vendor :STMicroelectronics X-CUBE-BLE2 3.3.0
2023-11-13 08:06:02,827 [INFO] ThirdParty:1030 - CMSIS Pack Vendor :STMicroelectronics PDM2PCM 3.2.0
2023-11-13 08:06:02,828 [INFO] ThirdParty:841 - exiting critical section [change project]
2023-11-13 08:06:03,120 [INFO] PinOutPanel:1499 - setPackage(No Configuration,No Configuration)
2023-11-13 08:06:03,123 [INFO] PinOutPanel:1499 - setPackage(STM32F103C6Tx,LQFP48)
2023-11-13 08:06:03,628 [INFO] UtilMem:75 - Before build in PCC Used Memory: 559220072 Bytes (1008730112)
2023-11-13 08:06:04,342 [INFO] UtilMem:75 - After build in PCC Used Memory: 599588200 Bytes (1008730112)
2023-11-13 08:06:04,388 [INFO] IPUIPlugin:80 - create IPUIPlugin
2023-11-13 08:06:04,389 [INFO] IPUIPlugin:80 - create IPUIPlugin
2023-11-13 08:06:04,389 [INFO] IPUIPlugin:80 - create IPUIPlugin
2023-11-13 08:06:04,389 [INFO] IPUIPlugin:80 - create IPUIPlugin
2023-11-13 08:06:04,389 [INFO] IPUIPlugin:80 - create IPUIPlugin
2023-11-13 08:06:04,390 [INFO] IPUIPlugin:80 - create IPUIPlugin
2023-11-13 08:06:04,390 [INFO] IPUIPlugin:80 - create IPUIPlugin
2023-11-13 08:06:04,390 [INFO] IPUIPlugin:80 - create IPUIPlugin
2023-11-13 08:06:04,390 [INFO] IPUIPlugin:80 - create IPUIPlugin
2023-11-13 08:06:04,391 [INFO] IPUIPlugin:80 - create IPUIPlugin
2023-11-13 08:06:04,391 [INFO] IPUIPlugin:80 - create IPUIPlugin
2023-11-13 08:06:04,392 [INFO] IPUIPlugin:80 - create IPUIPlugin
2023-11-13 08:06:04,392 [INFO] IPUIPlugin:80 - create IPUIPlugin
2023-11-13 08:06:04,392 [INFO] IPUIPlugin:80 - create IPUIPlugin
2023-11-13 08:06:04,393 [INFO] IPUIPlugin:80 - create IPUIPlugin
2023-11-13 08:06:04,393 [INFO] IPUIPlugin:80 - create IPUIPlugin
2023-11-13 08:06:04,394 [INFO] IPUIPlugin:80 - create IPUIPlugin
2023-11-13 08:06:04,394 [INFO] IPUIPlugin:80 - create IPUIPlugin
2023-11-13 08:06:04,395 [INFO] IPUIPlugin:80 - create IPUIPlugin
2023-11-13 08:06:04,395 [INFO] IPUIPlugin:80 - create IPUIPlugin
2023-11-13 08:06:04,396 [INFO] IPUIPlugin:80 - create IPUIPlugin
2023-11-13 08:06:04,397 [INFO] IPUIPlugin:80 - create IPUIPlugin
2023-11-13 08:06:04,398 [INFO] IPUIPlugin:80 - create IPUIPlugin
2023-11-13 08:06:04,464 [INFO] CADModel:165 - CPN selected for project levelSTM32F103C6T6A
2023-11-13 08:06:04,464 [INFO] CADModel:114 - Register for checkConnection events
2023-11-13 08:06:04,529 [INFO] OpenFileManager:328 - Restore cursor
2023-11-13 08:06:05,219 [INFO] UtilMem:75 - End SaveConfig() Used Memory: 647822696 Bytes (1008730112)
2023-11-13 08:06:05,456 [INFO] UtilMem:75 - End SaveConfig() Used Memory: 659889528 Bytes (1008730112)
2023-11-13 08:06:06,709 [INFO] BlockDiagram:2759 - set Specific Code input for plugin: NVIC
2023-11-13 08:06:06,710 [INFO] BlockDiagram:2759 - set Specific Code input for plugin: RCC
2023-11-13 08:06:06,713 [INFO] CodeGenerator:793 - code generatio: config db path: C:\ST\STM32CubeIDE_1.12.1\STM32CubeIDE\plugins\com.st.stm32cube.common.mx_6.8.1.202304191431\\db\
2023-11-13 08:06:07,373 [INFO] CodeEngine:255 - oldGeneratedFile, E:\STM32_prgrm\PWM_TEST_2\MXTmpFiles\license.tmp_save
2023-11-13 08:06:07,697 [INFO] CodeEngine:279 - Generated code: E:\STM32_prgrm\PWM_TEST_2\MXTmpFiles\license.tmp
2023-11-13 08:06:07,723 [INFO] CodeEngine:255 - oldGeneratedFile, E:\STM32_prgrm\PWM_TEST_2\Core\Src\stm32f1xx_it.c_save
2023-11-13 08:06:08,103 [INFO] CodeEngine:279 - Generated code: E:\STM32_prgrm\PWM_TEST_2\Core\Src\stm32f1xx_it.c
2023-11-13 08:06:08,114 [INFO] CodeEngine:255 - oldGeneratedFile, E:\STM32_prgrm\PWM_TEST_2\Core\Inc\stm32f1xx_it.h_save
2023-11-13 08:06:08,329 [INFO] CodeEngine:279 - Generated code: E:\STM32_prgrm\PWM_TEST_2\Core\Inc\stm32f1xx_it.h
2023-11-13 08:06:08,398 [INFO] CodeEngine:255 - oldGeneratedFile, E:\STM32_prgrm\PWM_TEST_2\Core\Src\stm32f1xx_hal_msp.c_save
2023-11-13 08:06:08,755 [INFO] CodeEngine:279 - Generated code: E:\STM32_prgrm\PWM_TEST_2\Core\Src\stm32f1xx_hal_msp.c
2023-11-13 08:06:08,764 [INFO] CodeEngine:255 - oldGeneratedFile, E:\STM32_prgrm\PWM_TEST_2\MXTmpFiles\system.tmp_save
2023-11-13 08:06:08,977 [INFO] CodeEngine:279 - Generated code: E:\STM32_prgrm\PWM_TEST_2\MXTmpFiles\system.tmp
2023-11-13 08:06:08,999 [INFO] CodeEngine:311 - oldGeneratedFile, E:\STM32_prgrm\PWM_TEST_2\Core\Inc\stm32f1xx_hal_conf.h_save
2023-11-13 08:06:09,559 [INFO] CodeEngine:335 - Generated code: E:\STM32_prgrm\PWM_TEST_2\Core\Inc\stm32f1xx_hal_conf.h
2023-11-13 08:06:09,650 [INFO] CodeEngine:255 - oldGeneratedFile, E:\STM32_prgrm\PWM_TEST_2\Core\Inc\main.h_save
2023-11-13 08:06:10,163 [INFO] CodeEngine:279 - Generated code: E:\STM32_prgrm\PWM_TEST_2\Core\Inc\main.h
2023-11-13 08:06:10,176 [INFO] CodeEngine:255 - oldGeneratedFile, E:\STM32_prgrm\PWM_TEST_2\Core\Src\main.c_save
2023-11-13 08:06:10,630 [INFO] CodeEngine:279 - Generated code: E:\STM32_prgrm\PWM_TEST_2\Core\Src\main.c
2023-11-13 08:06:13,166 [INFO] ProjectBuilder:2996 - Time for Copy HAL[1] : 343mS.
2023-11-13 08:06:13,176 [INFO] ProjectBuilder:4304 - Project Generator version: 3.19.2
2023-11-13 08:06:14,856 [INFO] ConfigFileManager:1483 - The Die is : DIE412
2023-11-13 08:06:14,885 [INFO] ApiDbMcu:507 - Load IP Config File for FATFS
2023-11-13 08:06:14,998 [INFO] ApiDbMcu:507 - Load IP Config File for FREERTOS
2023-11-13 08:06:15,087 [INFO] ApiDbMcu:507 - Load IP Config File for USB_DEVICE
2023-11-13 08:06:23,034 [INFO] ProjectBuilder:4505 - Time for Generating toolchain IDE Files: 9858mS.
2023-11-13 08:06:23,036 [INFO] ProjectBuilder:2867 - Time for Copy CMSIS : 1mS.
2023-11-13 08:06:23,042 [INFO] ProjectBuilder:2867 - Time for Copy CMSIS : 1mS.
2023-11-13 08:06:24,551 [INFO] McuFinderGlobals:66 - Set McuFinderConnectedMode to true
2023-11-13 08:06:24,554 [INFO] ApiDb:448 - Save user favorites file C:\Users\This pc/.stm32cubeide/favorites.mcus.txt: 1 item(s)
2023-11-13 08:06:24,555 [INFO] ApiDb:452 - User favorites MCUs=[STM32F401RET6]
2023-11-13 08:12:32,157 [INFO] UtilMem:75 - End SaveConfig() Used Memory: 553798328 Bytes (1011875840)
2023-11-13 08:12:33,609 [INFO] UtilMem:75 - End SaveConfig() Used Memory: 599299008 Bytes (1011875840)
2023-11-13 08:12:34,787 [INFO] BlockDiagram:2759 - set Specific Code input for plugin: NVIC
2023-11-13 08:12:34,788 [INFO] BlockDiagram:2759 - set Specific Code input for plugin: GPIO
2023-11-13 08:12:34,788 [INFO] BlockDiagram:2759 - set Specific Code input for plugin: RCC
2023-11-13 08:12:34,788 [INFO] BlockDiagram:2759 - set Specific Code input for plugin: TIM1_8F1
2023-11-13 08:12:34,791 [INFO] CodeGenerator:793 - code generatio: config db path: C:\ST\STM32CubeIDE_1.12.1\STM32CubeIDE\plugins\com.st.stm32cube.common.mx_6.8.1.202304191431\\db\
2023-11-13 08:12:36,014 [INFO] CodeEngine:255 - oldGeneratedFile, E:\STM32_prgrm\PWM_TEST_2\MXTmpFiles\license.tmp_save
2023-11-13 08:12:36,495 [INFO] CodeEngine:279 - Generated code: E:\STM32_prgrm\PWM_TEST_2\MXTmpFiles\license.tmp
2023-11-13 08:12:36,589 [INFO] CodeEngine:255 - oldGeneratedFile, E:\STM32_prgrm\PWM_TEST_2\MXTmpFiles\gpio.tmp_save
2023-11-13 08:12:36,978 [INFO] CodeEngine:279 - Generated code: E:\STM32_prgrm\PWM_TEST_2\MXTmpFiles\gpio.tmp
2023-11-13 08:12:37,536 [INFO] CodeEngine:255 - oldGeneratedFile, E:\STM32_prgrm\PWM_TEST_2\Core\Src\stm32f1xx_it.c_save
2023-11-13 08:12:38,121 [INFO] CodeEngine:279 - Generated code: E:\STM32_prgrm\PWM_TEST_2\Core\Src\stm32f1xx_it.c
2023-11-13 08:12:38,141 [INFO] CodeEngine:255 - oldGeneratedFile, E:\STM32_prgrm\PWM_TEST_2\Core\Inc\stm32f1xx_it.h_save
2023-11-13 08:12:38,371 [INFO] CodeEngine:279 - Generated code: E:\STM32_prgrm\PWM_TEST_2\Core\Inc\stm32f1xx_it.h
2023-11-13 08:12:38,439 [INFO] CodeEngine:255 - oldGeneratedFile, E:\STM32_prgrm\PWM_TEST_2\Core\Src\stm32f1xx_hal_msp.c_save
2023-11-13 08:12:38,888 [INFO] CodeEngine:279 - Generated code: E:\STM32_prgrm\PWM_TEST_2\Core\Src\stm32f1xx_hal_msp.c
2023-11-13 08:12:38,903 [INFO] CodeEngine:255 - oldGeneratedFile, E:\STM32_prgrm\PWM_TEST_2\MXTmpFiles\system.tmp_save
2023-11-13 08:12:39,127 [INFO] CodeEngine:279 - Generated code: E:\STM32_prgrm\PWM_TEST_2\MXTmpFiles\system.tmp
2023-11-13 08:12:39,228 [INFO] CodeEngine:311 - oldGeneratedFile, E:\STM32_prgrm\PWM_TEST_2\Core\Inc\stm32f1xx_hal_conf.h_save
2023-11-13 08:12:39,614 [INFO] CodeEngine:335 - Generated code: E:\STM32_prgrm\PWM_TEST_2\Core\Inc\stm32f1xx_hal_conf.h
2023-11-13 08:12:39,749 [WARN] IPConfigManager:3431 - IP not found : TIM
2023-11-13 08:12:39,751 [WARN] CodeGenerator:3754 - IP not found : null
2023-11-13 08:12:39,841 [INFO] CodeEngine:255 - oldGeneratedFile, E:\STM32_prgrm\PWM_TEST_2\Core\Inc\main.h_save
2023-11-13 08:12:40,205 [INFO] CodeEngine:279 - Generated code: E:\STM32_prgrm\PWM_TEST_2\Core\Inc\main.h
2023-11-13 08:12:40,259 [INFO] CodeEngine:255 - oldGeneratedFile, E:\STM32_prgrm\PWM_TEST_2\Core\Src\main.c_save
2023-11-13 08:12:40,675 [INFO] CodeEngine:279 - Generated code: E:\STM32_prgrm\PWM_TEST_2\Core\Src\main.c
2023-11-13 08:12:43,415 [INFO] ProjectBuilder:2996 - Time for Copy HAL[1] : 408mS.
2023-11-13 08:12:43,424 [INFO] ProjectBuilder:4304 - Project Generator version: 3.19.2
2023-11-13 08:12:45,159 [INFO] ConfigFileManager:1483 - The Die is : DIE412
2023-11-13 08:12:50,289 [INFO] ProjectBuilder:4505 - Time for Generating toolchain IDE Files: 6864mS.
2023-11-13 08:12:50,290 [INFO] ProjectBuilder:2867 - Time for Copy CMSIS : 1mS.
2023-11-13 08:12:50,295 [INFO] ProjectBuilder:2867 - Time for Copy CMSIS : 0mS.
2023-11-13 08:55:07,987 [INFO] UtilMem:75 - End SaveConfig() Used Memory: 659581096 Bytes (1028653056)
2023-11-13 08:55:08,099 [ERROR] ConfigurationRetriever:142 - IOException on connection: sw-center.st.com
2023-11-13 08:55:08,101 [ERROR] ConfigurationRetriever:142 - IOException on connection: sw-center.st.com
2023-11-13 08:55:08,103 [ERROR] ConfigurationRetriever:142 - IOException on connection: sw-center.st.com
2023-11-13 08:55:08,763 [INFO] BlockDiagram:2759 - set Specific Code input for plugin: NVIC
2023-11-13 08:55:08,764 [INFO] BlockDiagram:2759 - set Specific Code input for plugin: GPIO
2023-11-13 08:55:08,764 [INFO] BlockDiagram:2759 - set Specific Code input for plugin: RCC
2023-11-13 08:55:08,764 [INFO] BlockDiagram:2759 - set Specific Code input for plugin: TIM1_8F1
2023-11-13 08:55:08,766 [INFO] CodeGenerator:793 - code generatio: config db path: C:\ST\STM32CubeIDE_1.12.1\STM32CubeIDE\plugins\com.st.stm32cube.common.mx_6.8.1.202304191431\\db\
2023-11-13 08:55:09,317 [INFO] CodeEngine:255 - oldGeneratedFile, E:\STM32_prgrm\PWM_TEST_2\MXTmpFiles\license.tmp_save
2023-11-13 08:55:09,618 [INFO] CodeEngine:279 - Generated code: E:\STM32_prgrm\PWM_TEST_2\MXTmpFiles\license.tmp
2023-11-13 08:55:09,664 [INFO] CodeEngine:255 - oldGeneratedFile, E:\STM32_prgrm\PWM_TEST_2\MXTmpFiles\gpio.tmp_save
2023-11-13 08:55:09,949 [INFO] CodeEngine:279 - Generated code: E:\STM32_prgrm\PWM_TEST_2\MXTmpFiles\gpio.tmp
2023-11-13 08:55:10,338 [INFO] CodeEngine:255 - oldGeneratedFile, E:\STM32_prgrm\PWM_TEST_2\Core\Src\stm32f1xx_it.c_save
2023-11-13 08:55:11,213 [INFO] CodeEngine:279 - Generated code: E:\STM32_prgrm\PWM_TEST_2\Core\Src\stm32f1xx_it.c
2023-11-13 08:55:11,228 [INFO] CodeEngine:255 - oldGeneratedFile, E:\STM32_prgrm\PWM_TEST_2\Core\Inc\stm32f1xx_it.h_save
2023-11-13 08:55:11,432 [INFO] CodeEngine:279 - Generated code: E:\STM32_prgrm\PWM_TEST_2\Core\Inc\stm32f1xx_it.h
2023-11-13 08:55:11,498 [INFO] CodeEngine:255 - oldGeneratedFile, E:\STM32_prgrm\PWM_TEST_2\Core\Src\stm32f1xx_hal_msp.c_save
2023-11-13 08:55:11,887 [INFO] CodeEngine:279 - Generated code: E:\STM32_prgrm\PWM_TEST_2\Core\Src\stm32f1xx_hal_msp.c
2023-11-13 08:55:11,897 [INFO] CodeEngine:255 - oldGeneratedFile, E:\STM32_prgrm\PWM_TEST_2\MXTmpFiles\system.tmp_save
2023-11-13 08:55:12,091 [INFO] CodeEngine:279 - Generated code: E:\STM32_prgrm\PWM_TEST_2\MXTmpFiles\system.tmp
2023-11-13 08:55:12,143 [INFO] CodeEngine:311 - oldGeneratedFile, E:\STM32_prgrm\PWM_TEST_2\Core\Inc\stm32f1xx_hal_conf.h_save
2023-11-13 08:55:12,486 [INFO] CodeEngine:335 - Generated code: E:\STM32_prgrm\PWM_TEST_2\Core\Inc\stm32f1xx_hal_conf.h
2023-11-13 08:55:12,559 [WARN] IPConfigManager:3431 - IP not found : TIM
2023-11-13 08:55:12,560 [WARN] CodeGenerator:3754 - IP not found : null
2023-11-13 08:55:12,602 [INFO] CodeEngine:255 - oldGeneratedFile, E:\STM32_prgrm\PWM_TEST_2\Core\Inc\main.h_save
2023-11-13 08:55:12,893 [INFO] CodeEngine:279 - Generated code: E:\STM32_prgrm\PWM_TEST_2\Core\Inc\main.h
2023-11-13 08:55:12,927 [INFO] CodeEngine:255 - oldGeneratedFile, E:\STM32_prgrm\PWM_TEST_2\Core\Src\main.c_save
2023-11-13 08:55:13,305 [INFO] CodeEngine:279 - Generated code: E:\STM32_prgrm\PWM_TEST_2\Core\Src\main.c
2023-11-13 08:55:15,845 [INFO] ProjectBuilder:2996 - Time for Copy HAL[1] : 401mS.
2023-11-13 08:55:15,852 [INFO] ProjectBuilder:4304 - Project Generator version: 3.19.2
2023-11-13 08:55:17,717 [INFO] ConfigFileManager:1483 - The Die is : DIE412
2023-11-13 08:55:23,090 [INFO] ProjectBuilder:4505 - Time for Generating toolchain IDE Files: 7238mS.
2023-11-13 08:55:23,092 [INFO] ProjectBuilder:2867 - Time for Copy CMSIS : 1mS.
2023-11-13 08:55:23,097 [INFO] ProjectBuilder:2867 - Time for Copy CMSIS : 0mS.
