2023-06-06 05:30:43,869 [INFO] Activator:176 - 


2023-06-06 05:30:43,885 [INFO] Activator:177 - !SESSION log4j initialized
2023-06-06 05:31:08,485 [INFO] LogOutputStream:77 - [STDOUT_REDIRECT] 
2023-06-06 05:31:09,891 [ERROR] ConfigurationRetriever:142 - IOException on connection: sw-center.st.com
2023-06-06 05:31:09,891 [ERROR] ConfigurationRetriever:142 - IOException on connection: sw-center.st.com
2023-06-06 05:31:09,923 [ERROR] ConfigurationRetriever:142 - IOException on connection: sw-center.st.com
2023-06-06 05:31:39,217 [ERROR] LogOutputStream:75 - [STDERR_REDIRECT] SLF4J: Failed to load class "org.slf4j.impl.StaticLoggerBinder".
2023-06-06 05:31:39,219 [ERROR] LogOutputStream:75 - [STDERR_REDIRECT] SLF4J: Defaulting to no-operation (NOP) logger implementation
2023-06-06 05:31:39,227 [ERROR] LogOutputStream:75 - [STDERR_REDIRECT] SLF4J: See http://www.slf4j.org/codes.html#StaticLoggerBinder for further details.
2023-06-06 07:25:50,444 [ERROR] ConfigurationRetriever:142 - IOException on connection: sw-center.st.com
2023-06-06 07:25:50,444 [ERROR] ConfigurationRetriever:142 - IOException on connection: sw-center.st.com
2023-06-06 07:25:50,444 [ERROR] ConfigurationRetriever:142 - IOException on connection: sw-center.st.com
2023-06-06 07:26:34,863 [ERROR] ConfigurationRetriever:142 - IOException on connection: sw-center.st.com
2023-06-06 07:26:34,863 [ERROR] ConfigurationRetriever:142 - IOException on connection: sw-center.st.com
2023-06-06 07:26:34,863 [ERROR] ConfigurationRetriever:142 - IOException on connection: sw-center.st.com
2023-06-06 07:50:52,194 [ERROR] ConfigurationRetriever:142 - IOException on connection: sw-center.st.com
2023-06-06 07:50:52,209 [ERROR] ConfigurationRetriever:142 - IOException on connection: sw-center.st.com
2023-06-06 07:50:52,209 [ERROR] ConfigurationRetriever:142 - IOException on connection: sw-center.st.com
2023-06-06 08:51:56,810 [ERROR] ConfigurationRetriever:142 - IOException on connection: sw-center.st.com
2023-06-06 08:51:56,826 [ERROR] ConfigurationRetriever:142 - IOException on connection: sw-center.st.com
2023-06-06 08:51:56,826 [ERROR] ConfigurationRetriever:142 - IOException on connection: sw-center.st.com
2023-06-06 09:04:18,724 [ERROR] ConfigurationRetriever:142 - IOException on connection: sw-center.st.com
2023-06-06 09:04:18,724 [ERROR] ConfigurationRetriever:142 - IOException on connection: sw-center.st.com
2023-06-06 09:04:18,740 [ERROR] ConfigurationRetriever:142 - IOException on connection: sw-center.st.com
2023-06-06 09:27:24,928 [INFO] ApplicationProperties:184 - Using Application install path: C:\ST\STM32CubeIDE_1.12.1\STM32CubeIDE\plugins\com.st.stm32cube.common.mx_6.8.1.202304191431
2023-06-06 09:27:24,991 [INFO] DbMcusXml:78 - Set database path to: C:\ST\STM32CubeIDE_1.12.1\STM32CubeIDE\plugins\com.st.stm32cube.common.mx_6.8.1.202304191431\\db\/mcu/
2023-06-06 09:27:25,007 [INFO] ApiDb:274 - Set plugin database path to: C:\ST\STM32CubeIDE_1.12.1\STM32CubeIDE\plugins\com.st.stm32cube.common.mx_6.8.1.202304191431\\db\/plugins/boardmanager/
2023-06-06 09:27:25,007 [WARN] ApiDb:259 - Overriding images path with different value:  => C:\ST\STM32CubeIDE_1.12.1\STM32CubeIDE\plugins\com.st.stm32cube.common.mx_6.8.1.202304191431\\db\/plugins/mcufinder/images/
2023-06-06 09:27:25,069 [INFO] ApiDb:250 - Set database path to: C:\Users\This pc\.stmcufinder\plugins\mcufinder//mcu/
2023-06-06 09:27:25,085 [INFO] DbMcusAds:125 - Set database path to: C:\Users\This pc\.stmcufinder\plugins\mcufinder//mcu/
2023-06-06 09:27:25,085 [INFO] CrossReferenceDbSqlite:203 - Set database path to: C:\Users\This pc\.stmcufinder\plugins\mcufinder//mcu/cs/
2023-06-06 09:27:25,538 [INFO] RulesReader:64 - Compatibility file has been processed (293 Rules)
2023-06-06 09:27:25,899 [INFO] DbMcusXml:78 - Set database path to: C:\ST\STM32CubeIDE_1.12.1\STM32CubeIDE\plugins\com.st.stm32cube.common.mx_6.8.1.202304191431\\db\/mcu/
2023-06-06 09:27:25,899 [INFO] ApiDb:274 - Set plugin database path to: C:\ST\STM32CubeIDE_1.12.1\STM32CubeIDE\plugins\com.st.stm32cube.common.mx_6.8.1.202304191431\\db\/plugins/boardmanager/
2023-06-06 09:27:25,899 [INFO] ApiDb:261 - Set plugin images path to: C:\ST\STM32CubeIDE_1.12.1\STM32CubeIDE\plugins\com.st.stm32cube.common.mx_6.8.1.202304191431\\db\/plugins/mcufinder/images/
2023-06-06 09:27:25,899 [WARN] DbFile:41 - Overriding database path with different value: C:\Users\This pc\.stmcufinder\plugins\mcufinder/ => C:\Users\This pc\.stmcufinder\plugins\mcufinder
2023-06-06 09:27:25,899 [INFO] ApiDb:250 - Set database path to: C:\Users\This pc\.stmcufinder\plugins\mcufinder//mcu/
2023-06-06 09:27:25,915 [WARN] DbFile:41 - Overriding database path with different value: C:\Users\This pc\.stmcufinder\plugins\mcufinder/ => C:\Users\This pc\.stmcufinder\plugins\mcufinder
2023-06-06 09:27:25,915 [INFO] DbMcusAds:125 - Set database path to: C:\Users\This pc\.stmcufinder\plugins\mcufinder//mcu/
2023-06-06 09:27:25,915 [WARN] DbFile:41 - Overriding database path with different value: C:\Users\This pc\.stmcufinder\plugins\mcufinder/ => C:\Users\This pc\.stmcufinder\plugins\mcufinder
2023-06-06 09:27:25,915 [WARN] DbFile:41 - Overriding database path with different value: C:\Users\This pc\.stmcufinder\plugins\mcufinder/ => C:\Users\This pc\.stmcufinder\plugins\mcufinder
2023-06-06 09:27:25,915 [INFO] CrossReferenceDbSqlite:203 - Set database path to: C:\Users\This pc\.stmcufinder\plugins\mcufinder//mcu/cs/
2023-06-06 09:27:26,243 [INFO] MainPanel:253 - HeapMemory: 268435456
2023-06-06 09:27:26,618 [INFO] DbMcusXml:78 - Set database path to: C:\ST\STM32CubeIDE_1.12.1\STM32CubeIDE\plugins\com.st.stm32cube.common.mx_6.8.1.202304191431\\db\/mcu/
2023-06-06 09:27:26,618 [INFO] ApiDb:274 - Set plugin database path to: C:\ST\STM32CubeIDE_1.12.1\STM32CubeIDE\plugins\com.st.stm32cube.common.mx_6.8.1.202304191431\\db\/plugins/boardmanager/
2023-06-06 09:27:26,618 [INFO] ApiDb:261 - Set plugin images path to: C:\ST\STM32CubeIDE_1.12.1\STM32CubeIDE\plugins\com.st.stm32cube.common.mx_6.8.1.202304191431\\db\/plugins/mcufinder/images/
2023-06-06 09:27:26,618 [WARN] DbFile:41 - Overriding database path with different value: C:\Users\This pc\.stmcufinder\plugins\mcufinder/ => C:\Users\This pc\.stmcufinder\plugins\mcufinder
2023-06-06 09:27:26,618 [INFO] ApiDb:250 - Set database path to: C:\Users\This pc\.stmcufinder\plugins\mcufinder//mcu/
2023-06-06 09:27:26,618 [WARN] DbFile:41 - Overriding database path with different value: C:\Users\This pc\.stmcufinder\plugins\mcufinder/ => C:\Users\This pc\.stmcufinder\plugins\mcufinder
2023-06-06 09:27:26,618 [INFO] DbMcusAds:125 - Set database path to: C:\Users\This pc\.stmcufinder\plugins\mcufinder//mcu/
2023-06-06 09:27:26,618 [WARN] DbFile:41 - Overriding database path with different value: C:\Users\This pc\.stmcufinder\plugins\mcufinder/ => C:\Users\This pc\.stmcufinder\plugins\mcufinder
2023-06-06 09:27:26,618 [WARN] DbFile:41 - Overriding database path with different value: C:\Users\This pc\.stmcufinder\plugins\mcufinder/ => C:\Users\This pc\.stmcufinder\plugins\mcufinder
2023-06-06 09:27:26,618 [INFO] CrossReferenceDbSqlite:203 - Set database path to: C:\Users\This pc\.stmcufinder\plugins\mcufinder//mcu/cs/
2023-06-06 09:27:26,680 [INFO] ApplicationProperties:184 - Using Application install path: C:\ST\STM32CubeIDE_1.12.1\STM32CubeIDE\plugins\com.st.stm32cube.common.mx_6.8.1.202304191431
2023-06-06 09:27:26,696 [INFO] PluginManage:196 - Search for loadable plugins [exclusion list=, ]
2023-06-06 09:27:26,696 [INFO] PluginManage:310 - Check plugin analytics
2023-06-06 09:27:27,321 [INFO] AnalyticsPlugin:253 - Accepted Software Licenses: STM32CubeMX.6.8.1
2023-06-06 09:27:27,321 [INFO] AnalyticsPlugin:255 - Accepted CMSIS Pack Licenses: 
2023-06-06 09:27:27,321 [INFO] AnalyticsPlugin:257 - Accepted Firmware Licenses: FW.F4.1.27.0
2023-06-06 09:27:27,336 [INFO] PluginManage:359 - Loaded plugin analytics (category:tool,tabindex:-1)
2023-06-06 09:27:27,352 [INFO] PluginManage:310 - Check plugin cadmodel
2023-06-06 09:27:27,368 [ERROR] ConfigurationRetriever:142 - IOException on connection: sw-center.st.com
2023-06-06 09:27:27,383 [ERROR] ConfigurationRetriever:142 - IOException on connection: sw-center.st.com
2023-06-06 09:27:27,383 [ERROR] ConfigurationRetriever:142 - IOException on connection: sw-center.st.com
2023-06-06 09:27:27,415 [INFO] CADModel:105 - Init CAD model plugin
2023-06-06 09:27:27,415 [INFO] PluginManage:359 - Loaded plugin cadmodel (category:power,tabindex:5)
2023-06-06 09:27:27,415 [INFO] PluginManage:310 - Check plugin clock
2023-06-06 09:27:27,477 [INFO] PluginManage:359 - Loaded plugin clock (category:base,tabindex:2)
2023-06-06 09:27:27,477 [INFO] PluginManage:310 - Check plugin ddr
2023-06-06 09:27:27,493 [INFO] PluginManage:359 - Loaded plugin ddr (category:tool,tabindex:6)
2023-06-06 09:27:27,493 [INFO] PluginManage:310 - Check plugin filemanager
2023-06-06 09:27:27,899 [INFO] PluginManage:359 - Loaded plugin filemanager (category:base,tabindex:10)
2023-06-06 09:27:27,899 [INFO] PluginManage:310 - Check plugin ipmanager
2023-06-06 09:27:27,946 [INFO] PluginManage:359 - Loaded plugin ipmanager (category:base,tabindex:5)
2023-06-06 09:27:27,946 [INFO] PluginManage:310 - Check plugin lpbam
2023-06-06 09:27:27,993 [INFO] PluginManage:359 - Loaded plugin lpbam (category:base,tabindex:0)
2023-06-06 09:27:27,993 [INFO] PluginManage:310 - Check plugin pinoutandconfiguration
2023-06-06 09:27:28,040 [INFO] PluginManage:359 - Loaded plugin pinoutandconfiguration (category:base,tabindex:1)
2023-06-06 09:27:28,040 [INFO] PluginManage:310 - Check plugin pinoutconfig
2023-06-06 09:27:28,321 [WARN] SupportedApi:132 - Cannot load RTOS API schema: s4s-elt-must-match.1: The content of 'definitions' must match (annotation?, (simpleType | complexType)?, (unique | key | keyref)*)). A problem was found starting at: attribute.
2023-06-06 09:27:28,930 [INFO] PluginManage:359 - Loaded plugin pinoutconfig (category:base,tabindex:0)
2023-06-06 09:27:28,930 [INFO] PluginManage:310 - Check plugin power
2023-06-06 09:27:29,102 [INFO] PluginManage:359 - Loaded plugin power (category:power,tabindex:4)
2023-06-06 09:27:29,102 [INFO] PluginManage:310 - Check plugin projectmanager
2023-06-06 09:27:29,196 [INFO] PluginManage:359 - Loaded plugin projectmanager (category:projectmanager,tabindex:3)
2023-06-06 09:27:29,196 [INFO] PluginManage:310 - Check plugin thirdparty
2023-06-06 09:27:30,055 [INFO] PluginManage:359 - Loaded plugin thirdparty (category:base,tabindex:-1)
2023-06-06 09:27:30,055 [INFO] PluginManage:310 - Check plugin tools
2023-06-06 09:27:30,071 [WARN] IntegrityCheckThread:84 - waiting for thirdparty lock release [integrity check]
2023-06-06 09:27:30,071 [INFO] IntegrityCheckThread:86 - entering critical section [integrity check]
2023-06-06 09:27:30,086 [INFO] ThirdPartyUpdaterWithRetryManager:70 - Updater plugin not ready yet. [1/15]
2023-06-06 09:27:30,165 [INFO] PluginManage:359 - Loaded plugin tools (category:base,tabindex:7)
2023-06-06 09:27:30,165 [INFO] PluginManage:310 - Check plugin tutovideos
2023-06-06 09:27:30,961 [INFO] PluginManage:359 - Loaded plugin tutovideos (category:base,tabindex:-1)
2023-06-06 09:27:30,961 [INFO] PluginManage:310 - Check plugin updater
2023-06-06 09:27:31,024 [INFO] PluginManage:359 - Loaded plugin updater (category:base,tabindex:12)
2023-06-06 09:27:31,040 [INFO] PluginManage:283 - PluginManage : Loaded plugins [15]
2023-06-06 09:27:32,071 [INFO] PinOutPanel:1499 - setPackage(No Configuration,No Configuration)
2023-06-06 09:27:32,336 [INFO] CADModel:165 - CPN selected for project level
2023-06-06 09:27:32,336 [INFO] CADModel:114 - Register for checkConnection events
2023-06-06 09:27:32,415 [INFO] IPUIPlugin:80 - create IPUIPlugin
2023-06-06 09:27:32,415 [INFO] PluginManager:220 - loadIPPluginJar : add adc
2023-06-06 09:27:32,524 [INFO] IPUIPlugin:80 - create IPUIPlugin
2023-06-06 09:27:32,524 [INFO] PluginManager:220 - loadIPPluginJar : add aes
2023-06-06 09:27:32,633 [INFO] IPUIPlugin:80 - create IPUIPlugin
2023-06-06 09:27:32,633 [INFO] PluginManager:220 - loadIPPluginJar : add can
2023-06-06 09:27:32,696 [INFO] IPUIPlugin:80 - create IPUIPlugin
2023-06-06 09:27:32,696 [INFO] PluginManager:220 - loadIPPluginJar : add comp
2023-06-06 09:27:32,790 [INFO] IPUIPlugin:80 - create IPUIPlugin
2023-06-06 09:27:32,790 [INFO] PluginManager:220 - loadIPPluginJar : add cryp
2023-06-06 09:27:32,868 [INFO] IPUIPlugin:80 - create IPUIPlugin
2023-06-06 09:27:32,868 [INFO] PluginManager:220 - loadIPPluginJar : add dfsdm
2023-06-06 09:27:32,915 [INFO] IPUIPlugin:80 - create IPUIPlugin
2023-06-06 09:27:32,915 [INFO] PluginManager:220 - loadIPPluginJar : add dma
2023-06-06 09:27:33,040 [INFO] IPUIPlugin:80 - create IPUIPlugin
2023-06-06 09:27:33,040 [INFO] PluginManager:220 - loadIPPluginJar : add dma3
2023-06-06 09:27:33,086 [INFO] ThirdPartyUpdaterWithRetryManager:70 - Updater plugin not ready yet. [2/15]
2023-06-06 09:27:33,086 [INFO] IPUIPlugin:80 - create IPUIPlugin
2023-06-06 09:27:33,086 [INFO] PluginManager:220 - loadIPPluginJar : add fatfs
2023-06-06 09:27:33,243 [INFO] IPUIPlugin:80 - create IPUIPlugin
2023-06-06 09:27:33,243 [INFO] PluginManager:220 - loadIPPluginJar : add fmc
2023-06-06 09:27:33,290 [INFO] IPUIPlugin:80 - create IPUIPlugin
2023-06-06 09:27:33,290 [INFO] PluginManager:220 - loadIPPluginJar : add freertos
2023-06-06 09:27:33,352 [INFO] IPUIPlugin:80 - create IPUIPlugin
2023-06-06 09:27:33,352 [INFO] PluginManager:220 - loadIPPluginJar : add genericplugin
2023-06-06 09:27:33,665 [INFO] IPUIPlugin:80 - create IPUIPlugin
2023-06-06 09:27:33,665 [INFO] PluginManager:220 - loadIPPluginJar : add gfxmmu
2023-06-06 09:27:34,040 [INFO] IPUIPlugin:80 - create IPUIPlugin
2023-06-06 09:27:34,040 [INFO] PluginManager:220 - loadIPPluginJar : add gic
2023-06-06 09:27:34,086 [INFO] IPUIPlugin:80 - create IPUIPlugin
2023-06-06 09:27:34,086 [INFO] PluginManager:220 - loadIPPluginJar : add gpio
2023-06-06 09:27:34,368 [INFO] IPUIPlugin:80 - create IPUIPlugin
2023-06-06 09:27:34,368 [INFO] PluginManager:220 - loadIPPluginJar : add gtzc
2023-06-06 09:27:34,461 [INFO] IPUIPlugin:80 - create IPUIPlugin
2023-06-06 09:27:34,461 [INFO] PluginManager:220 - loadIPPluginJar : add hash
2023-06-06 09:27:34,602 [INFO] IPUIPlugin:80 - create IPUIPlugin
2023-06-06 09:27:34,602 [INFO] PluginManager:220 - loadIPPluginJar : add i2c
2023-06-06 09:27:34,727 [INFO] IPUIPlugin:80 - create IPUIPlugin
2023-06-06 09:27:34,727 [INFO] PluginManager:220 - loadIPPluginJar : add i2s
2023-06-06 09:27:34,852 [INFO] IPUIPlugin:80 - create IPUIPlugin
2023-06-06 09:27:34,852 [INFO] PluginManager:220 - loadIPPluginJar : add i3c
2023-06-06 09:27:35,180 [INFO] IPUIPlugin:80 - create IPUIPlugin
2023-06-06 09:27:35,180 [INFO] PluginManager:220 - loadIPPluginJar : add ipddr
2023-06-06 09:27:35,430 [INFO] IPUIPlugin:80 - create IPUIPlugin
2023-06-06 09:27:35,430 [INFO] PluginManager:220 - loadIPPluginJar : add linkedlist
2023-06-06 09:27:35,540 [INFO] IPUIPlugin:80 - create IPUIPlugin
2023-06-06 09:27:35,540 [INFO] PluginManager:220 - loadIPPluginJar : add lorawan
2023-06-06 09:27:35,649 [INFO] IPUIPlugin:80 - create IPUIPlugin
2023-06-06 09:27:35,649 [INFO] PluginManager:220 - loadIPPluginJar : add ltdc
2023-06-06 09:27:35,696 [INFO] IPUIPlugin:80 - create IPUIPlugin
2023-06-06 09:27:35,696 [INFO] PluginManager:220 - loadIPPluginJar : add mdma
2023-06-06 09:27:35,727 [INFO] IPUIPlugin:80 - create IPUIPlugin
2023-06-06 09:27:35,727 [INFO] PluginManager:220 - loadIPPluginJar : add nvic
2023-06-06 09:27:35,821 [INFO] IPUIPlugin:80 - create IPUIPlugin
2023-06-06 09:27:35,821 [INFO] PluginManager:220 - loadIPPluginJar : add opamp
2023-06-06 09:27:35,993 [INFO] IPUIPlugin:80 - create IPUIPlugin
2023-06-06 09:27:35,993 [INFO] PluginManager:220 - loadIPPluginJar : add openamp
2023-06-06 09:27:36,087 [INFO] ThirdPartyUpdaterWithRetryManager:70 - Updater plugin not ready yet. [3/15]
2023-06-06 09:27:36,118 [INFO] IPUIPlugin:80 - create IPUIPlugin
2023-06-06 09:27:36,118 [INFO] PluginManager:220 - loadIPPluginJar : add pdm2pcm
2023-06-06 09:27:36,149 [INFO] IPUIPlugin:80 - create IPUIPlugin
2023-06-06 09:27:36,165 [INFO] PluginManager:220 - loadIPPluginJar : add plateformsettings
2023-06-06 09:27:36,212 [INFO] IPUIPlugin:80 - create IPUIPlugin
2023-06-06 09:27:36,212 [INFO] PluginManager:220 - loadIPPluginJar : add quadspi
2023-06-06 09:27:36,258 [INFO] IPUIPlugin:80 - create IPUIPlugin
2023-06-06 09:27:36,258 [INFO] PluginManager:220 - loadIPPluginJar : add resmgrutility
2023-06-06 09:27:36,399 [INFO] IPUIPlugin:80 - create IPUIPlugin
2023-06-06 09:27:36,399 [INFO] PluginManager:220 - loadIPPluginJar : add sai
2023-06-06 09:27:36,493 [INFO] IPUIPlugin:80 - create IPUIPlugin
2023-06-06 09:27:36,493 [INFO] PluginManager:220 - loadIPPluginJar : add spi
2023-06-06 09:27:36,665 [INFO] IPUIPlugin:80 - create IPUIPlugin
2023-06-06 09:27:36,665 [INFO] PluginManager:220 - loadIPPluginJar : add stm32_wpan
2023-06-06 09:27:36,727 [INFO] IPUIPlugin:80 - create IPUIPlugin
2023-06-06 09:27:36,727 [INFO] PluginManager:220 - loadIPPluginJar : add tim
2023-06-06 09:27:36,883 [INFO] IPUIPlugin:80 - create IPUIPlugin
2023-06-06 09:27:36,883 [INFO] PluginManager:220 - loadIPPluginJar : add touchsensing
2023-06-06 09:27:36,946 [INFO] IPUIPlugin:80 - create IPUIPlugin
2023-06-06 09:27:36,946 [INFO] PluginManager:220 - loadIPPluginJar : add tracer_emb
2023-06-06 09:27:37,024 [INFO] IPUIPlugin:80 - create IPUIPlugin
2023-06-06 09:27:37,024 [INFO] PluginManager:220 - loadIPPluginJar : add ts
2023-06-06 09:27:37,071 [INFO] IPUIPlugin:80 - create IPUIPlugin
2023-06-06 09:27:37,071 [INFO] PluginManager:220 - loadIPPluginJar : add tsc
2023-06-06 09:27:37,133 [INFO] IPUIPlugin:80 - create IPUIPlugin
2023-06-06 09:27:37,133 [INFO] PluginManager:220 - loadIPPluginJar : add ucpd
2023-06-06 09:27:37,258 [INFO] IPUIPlugin:80 - create IPUIPlugin
2023-06-06 09:27:37,258 [INFO] PluginManager:220 - loadIPPluginJar : add usart
2023-06-06 09:27:37,383 [INFO] IPUIPlugin:80 - create IPUIPlugin
2023-06-06 09:27:37,383 [INFO] PluginManager:220 - loadIPPluginJar : add usbx
2023-06-06 09:27:37,669 [INFO] CADModel:165 - CPN selected for project level
2023-06-06 09:27:37,669 [INFO] CADModel:114 - Register for checkConnection events
2023-06-06 09:27:37,669 [FATAL] Updater:308 - Updater called before beeing initialized
2023-06-06 09:27:37,669 [ERROR] CADModel:125 - Updater not yet initialized, retry later 
2023-06-06 09:27:38,138 [INFO] CADModel:165 - CPN selected for project level
2023-06-06 09:27:38,138 [INFO] CADModel:114 - Register for checkConnection events
2023-06-06 09:27:38,138 [FATAL] Updater:308 - Updater called before beeing initialized
2023-06-06 09:27:38,138 [ERROR] CADModel:125 - Updater not yet initialized, retry later 
2023-06-06 09:27:38,153 [FATAL] Updater:308 - Updater called before beeing initialized
2023-06-06 09:27:38,591 [FATAL] Updater:308 - Updater called before beeing initialized
2023-06-06 09:27:38,622 [INFO] DbMcusAds:53 - JSON generation date=Tue Mar 07 14:20:54 IST 2023 (1678179054945)
2023-06-06 09:27:38,622 [FATAL] Updater:308 - Updater called before beeing initialized
2023-06-06 09:27:38,856 [WARN] DetailPanel:346 - Failed to get advertising image, set to default
2023-06-06 09:27:39,091 [INFO] ThirdPartyUpdaterWithRetryManager:70 - Updater plugin not ready yet. [4/15]
2023-06-06 09:27:39,263 [FATAL] Updater:308 - Updater called before beeing initialized
2023-06-06 09:27:39,263 [FATAL] Updater:308 - Updater called before beeing initialized
2023-06-06 09:27:39,263 [FATAL] Updater:308 - Updater called before beeing initialized
2023-06-06 09:27:39,263 [WARN] DetailPanel:346 - Failed to get advertising image, set to default
2023-06-06 09:27:39,278 [FATAL] Updater:308 - Updater called before beeing initialized
2023-06-06 09:27:39,560 [ERROR] Updater:1120 - MainUpdater not yet initialized. External WinMGr cannot be set.
2023-06-06 09:27:39,575 [INFO] Updater:1056 - Updater Version found : 6.8.1
2023-06-06 09:27:39,653 [INFO] ApplicationProperties:184 - Using Application install path: C:\ST\STM32CubeIDE_1.12.1\STM32CubeIDE\plugins\com.st.stm32cube.common.mx_6.8.1.202304191431
2023-06-06 09:27:39,981 [ERROR] ServerAccessManage:1146 - Warning during Server Connection :  Unknown host sw-center.st.com
2023-06-06 09:27:39,997 [INFO] MainUpdater:2854 - connection check result : 22
2023-06-06 09:27:39,997 [INFO] MainUpdater:283 - Updater Check For Update Now.
2023-06-06 09:27:39,997 [INFO] MicroXplorer:498 - Change Database Version : DB.6.0.81
2023-06-06 09:27:40,481 [INFO] CheckServerUpdateThread:120 - End of CheckServer Thread
2023-06-06 09:27:40,591 [ERROR] ServerAccessManage:1146 - Warning during Server Connection :  Unknown host sw-center.st.com
2023-06-06 09:27:40,591 [INFO] MainUpdater:2854 - connection check result : 22
2023-06-06 09:27:43,075 [WARN] PackLoader:240 - Cannot read IP mode file for STMicroelectronics.X-CUBE-GNSS1.6.0.0
2023-06-06 09:27:43,403 [WARN] PackLoader:240 - Cannot read IP mode file for STMicroelectronics.X-CUBE-AZRTOS-F4.1.1.0
2023-06-06 09:27:43,700 [WARN] PackLoader:240 - Cannot read IP mode file for STMicroelectronics.X-CUBE-SMBUS.2.1.0
2023-06-06 09:27:43,778 [WARN] PackLoader:240 - Cannot read IP mode file for wolfSSL.I-CUBE-wolfSSL.5.6.0
2023-06-06 09:27:43,935 [WARN] PackLoader:240 - Cannot read IP mode file for STMicroelectronics.X-CUBE-AZRTOS-F7.1.1.0
2023-06-06 09:27:44,388 [WARN] PackLoader:240 - Cannot read IP mode file for STMicroelectronics.X-CUBE-MEMS1.9.6.0
2023-06-06 09:27:45,263 [ERROR] RealEvaluatedCondition:428 - Found unsupported composite condition: CLASS='Data Exchange' GROUP='STM32_MetaDataManager'
2023-06-06 09:27:45,263 [ERROR] RealEvaluatedCondition:428 - Found unsupported composite condition: CLASS='Data Exchange' GROUP='STM32_MetaDataManager'
2023-06-06 09:27:45,278 [WARN] PackLoader:240 - Cannot read IP mode file for STMicroelectronics.FP-SNS-MOTENV1.4.3.0
2023-06-06 09:27:45,310 [WARN] PackLoader:240 - Cannot read IP mode file for STMicroelectronics.FP-SNS-FLIGHT1.5.0.0
2023-06-06 09:27:45,419 [ERROR] RealEvaluatedCondition:428 - Found unsupported composite condition: GROUP='STM32_MetaDataManager' CLASS='Data Exchange'
2023-06-06 09:27:45,419 [ERROR] RealEvaluatedCondition:428 - Found unsupported composite condition: GROUP='STM32_MetaDataManager' CLASS='Data Exchange'
2023-06-06 09:27:45,419 [WARN] PackLoader:240 - Cannot read IP mode file for STMicroelectronics.FP-SNS-MOTENV1.4.3.1
2023-06-06 09:27:45,513 [INFO] ApiDb:581 - Connected to CubeFinder SQLite database (C:\Users\This pc\.stmcufinder\plugins\mcufinder\mcu\cube-finder-db.db)
2023-06-06 09:27:45,983 [INFO] ApiDb:668 - CubeFinder database Data Model version=2.1
2023-06-06 09:27:45,983 [INFO] ApiDb:669 - CubeFinder database Configuration version=3.0.35
2023-06-06 09:27:45,983 [INFO] ApiDb:670 - CubeFinder database generation date=2023-05-12 (1683877179)
2023-06-06 09:27:45,999 [INFO] ApiDb:671 - CubeFinder database FW Pack versions=[FP-ATR-ASTRA1_V2.0.0, FP-SNS-FLIGHT1_V5.0.0, FP-SNS-MOTENV1_V4.3.0, STM32Cube_FW_C0_V1.0.1, STM32Cube_FW_F0_V1.11.4, STM32Cube_FW_F3_V1.11.4, STM32Cube_FW_F4_V1.27.1, STM32Cube_FW_F7_V1.17.0, STM32Cube_FW_G0_V1.6.1, STM32Cube_FW_G4_V1.5.1, STM32Cube_FW_H5_V0.5.1, STM32Cube_FW_H5_V1.0.0, STM32Cube_FW_H7_V1.11.0, STM32Cube_FW_L0_V1.12.2, STM32Cube_FW_L5_V1.5.0, STM32Cube_FW_U5_V1.2.0, STM32Cube_FW_WBA_V1.0.0, STM32Cube_FW_WBA_V1.0.0RC1, STM32Cube_FW_WBA_V1.0.0RC3, STM32Cube_FW_WB_V1.15.0RC1, STM32Cube_FW_WB_V1.16.0, STM32Cube_FW_WB_V1.16.0RC2, STM32Cube_FW_WL_V1.3.0, X-CUBE-ALGOBUILD_V1.3.0, X-CUBE-ALS_V1.0.1, X-CUBE-AZRTOS-F4_V1.1.0, X-CUBE-AZRTOS-F7_V1.1.0, X-CUBE-AZRTOS-G0_V1.1.0, X-CUBE-AZRTOS-G4_V2.0.0, X-CUBE-AZRTOS-H7_V3.1.0, X-CUBE-AZRTOS-L4_V1.0.0, X-CUBE-AZRTOS-L5_V1.1.0, X-CUBE-AZRTOS-WB_V1.1.0, X-CUBE-AZRTOS-WL_V1.0.0, X-CUBE-BLE1_V6.2.4, X-CUBE-BLE2_V3.3.0, X-CUBE-BLEMGR_V2.0.0, X-CUBE-EEPRMA1_V4.1.0, X-CUBE-FREERTOS_V1.0.1, X-CUBE-GNSS1_V6.0.0, X-CUBE-MEMS1_V9.1.0, X-CUBE-MEMS1_V9.4.0, X-CUBE-MEMS1_V9.6.0, X-CUBE-NFC4_V3.0.0, X-CUBE-NFC7_V1.0.0, X-CUBE-SFXS2LP1_V4.0.0, X-CUBE-SUBG2_V5.0.0]
2023-06-06 09:27:46,249 [WARN] PackLoader:240 - Cannot read IP mode file for STMicroelectronics.FP-SNS-FLIGHT1.5.0.1
2023-06-06 09:27:46,436 [WARN] PackLoader:240 - Cannot read IP mode file for STMicroelectronics.X-CUBE-BLE1.6.2.4
2023-06-06 09:27:46,546 [WARN] PackLoader:240 - Cannot read IP mode file for emotas.I-CUBE-CANOPEN.1.1.3
2023-06-06 09:27:46,624 [INFO] DbBoardsSqlite:226 - include board P-NUCLEO-WB55-NUCLEO as a kit item of type 'Nucleo-64'
2023-06-06 09:27:46,624 [INFO] DbBoardsSqlite:226 - include board P-NUCLEO-WB55-USBDONGLE as a kit item of type 'Nucleo USB Dongle'
2023-06-06 09:27:46,639 [INFO] DbBoardsSqlite:226 - include board STEVAL-IDP005V1 as a kit item of type 'Evaluation Board'
2023-06-06 09:27:46,639 [INFO] DbBoardsSqlite:226 - include board STEVAL-IDP005V2 as a kit item of type 'Evaluation Board'
2023-06-06 09:27:46,717 [WARN] PackLoader:240 - Cannot read IP mode file for STMicroelectronics.X-CUBE-BLEMGR.2.0.0
2023-06-06 09:27:46,921 [WARN] ConditionMgr:438 - getConditionDescription Invalid condition id : UX DEVICE CLASS RTOS Condition cause : null
2023-06-06 09:27:46,921 [WARN] ConditionMgr:438 - getConditionDescription Invalid condition id : UX DEVICE CLASS RTOS Condition cause : null
2023-06-06 09:27:46,936 [WARN] PackLoader:240 - Cannot read IP mode file for STMicroelectronics.X-CUBE-AZRTOS-H7.3.1.0
2023-06-06 09:27:46,967 [WARN] ConditionMgr:1039 - genDependencies : Invalid condition id : UX DEVICE CLASS RTOS Condition cause : null
2023-06-06 09:27:46,967 [WARN] ConditionMgr:1039 - genDependencies : Invalid condition id : UX DEVICE CLASS RTOS Condition cause : null
2023-06-06 09:27:46,983 [WARN] ConditionMgr:1039 - genDependencies : Invalid condition id : UX DEVICE CLASS RTOS Condition cause : null
2023-06-06 09:27:46,983 [WARN] ConditionMgr:1039 - genDependencies : Invalid condition id : UX DEVICE CLASS RTOS Condition cause : null
2023-06-06 09:27:46,983 [WARN] ConditionMgr:1039 - genDependencies : Invalid condition id : UX DEVICE CLASS RTOS Condition cause : null
2023-06-06 09:27:47,061 [WARN] PackLoader:240 - Cannot read IP mode file for STMicroelectronics.X-CUBE-DISPLAY.3.0.0
2023-06-06 09:27:47,124 [WARN] PackLoader:240 - Cannot read IP mode file for STMicroelectronics.X-CUBE-NFC7.1.0.0
2023-06-06 09:27:47,202 [WARN] PackLoader:240 - Cannot read IP mode file for STMicroelectronics.X-CUBE-EEPRMA1.4.1.0
2023-06-06 09:27:47,358 [WARN] ConditionMgr:438 - getConditionDescription Invalid condition id : LAN8742 Phy interface Condition cause : null
2023-06-06 09:27:47,374 [WARN] PackLoader:240 - Cannot read IP mode file for STMicroelectronics.X-CUBE-AZRTOS-L4.2.0.0
2023-06-06 09:27:47,374 [WARN] ConditionMgr:1039 - genDependencies : Invalid condition id : LAN8742 Phy interface Condition cause : null
2023-06-06 09:27:47,374 [WARN] ConditionMgr:1039 - genDependencies : Invalid condition id : LAN8742 Phy interface Condition cause : null
2023-06-06 09:27:47,374 [WARN] ConditionMgr:1039 - genDependencies : Invalid condition id : LAN8742 Phy interface Condition cause : null
2023-06-06 09:27:47,452 [WARN] PackLoader:240 - Cannot read IP mode file for WES.I-CUBE-Cesium.1.3.0
2023-06-06 09:27:47,530 [WARN] PackLoader:240 - Cannot read IP mode file for STMicroelectronics.X-CUBE-SFXS2LP1.4.0.0
2023-06-06 09:27:47,577 [WARN] PackLoader:240 - Cannot read IP mode file for STMicroelectronics.X-CUBE-BLE2.3.3.0
2023-06-06 09:27:47,639 [WARN] PackLoader:240 - Cannot read IP mode file for STMicroelectronics.X-CUBE-ISPU.1.1.0
2023-06-06 09:27:47,686 [WARN] PackLoader:240 - Cannot read IP mode file for STMicroelectronics.X-CUBE-FREERTOS.1.0.1
2023-06-06 09:27:47,749 [WARN] PackLoader:240 - Cannot read IP mode file for STMicroelectronics.X-CUBE-TOUCHGFX.4.21.4
2023-06-06 09:27:47,796 [WARN] PackLoader:240 - Cannot read IP mode file for STMicroelectronics.X-CUBE-ALGOBUILD.1.3.0
2023-06-06 09:27:47,842 [INFO] ApiDb:240 - Found 297 in-development CPN: [B-G473E-ZEST1S, B-WB1M-WPAN1, B-WL5M-SUBG1, NUCLEO-C031C6, NUCLEO-H503RB, NUCLEO-H563ZI, NUCLEO-U545RE-Q, NUCLEO-U5A5ZJ-Q, NUCLEO-WBA52CG, STEVAL-PROTEUS1, STEVAL-STWINBX1, STM320518-EVAL, STM32C0116-DK, STM32C011D6Y3TR, STM32C011D6Y6TR, STM32C011F4P3, STM32C011F4P6, STM32C011F4U3, STM32C011F4U6TR, STM32C011F6P3, STM32C011F6P6, STM32C011F6U3, STM32C011F6U6TR, STM32C011J4M3, STM32C011J4M6, STM32C011J6M3, STM32C011J6M6, STM32C0316-DK, STM32C031C4T3, STM32C031C4T6, STM32C031C4U3, STM32C031C4U6, STM32C031C6T3, STM32C031C6T6, STM32C031C6U3, STM32C031C6U6, STM32C031F4P3, STM32C031F4P6, STM32C031F6P3, STM32C031F6P6, STM32C031G4U3, STM32C031G4U6, STM32C031G6U3, STM32C031G6U6, STM32C031K4T3, STM32C031K4T6, STM32C031K4U3, STM32C031K4U6, STM32C031K6T3, STM32C031K6T6, STM32C031K6U3, STM32C031K6U6, STM32G071K8TXN, STM32G071K8UXN, STM32G081GBU6N, STM32G081KBT6N, STM32G081KBUXN, STM32G0B1CCT6N, STM32G0B1KCT6, STM32G0B1NEY6TR, STM32G0B1RCT6N, STM32G0C1CCT6, STM32G0C1CCT6N, STM32G0C1CCU6N, STM32G0C1CET6N, STM32G0C1CEU6N, STM32G0C1KCT6, STM32G0C1NEY6TR, STM32G0C1RCI6N, STM32G0C1RCT6N, STM32G0C1REI6N, STM32G0C1RET6N, STM32G0C1VCI6, STM32G0C1VEI6, STM32G471CCT6, STM32G471CCU6, STM32G471CET3, STM32G471CET6, STM32G471CEU3, STM32G471CEU6, STM32G471MCT6, STM32G471MET3, STM32G471MET6, STM32G471MEY6TR, STM32G471QCT6, STM32G471QET3, STM32G471RCT6, STM32G471RET3, STM32G471RET6, STM32G471VCH6, STM32G471VCI6, STM32G471VCT6, STM32G471VEH3, STM32G471VEH6, STM32G471VEI3, STM32G471VEI6, STM32G471VET3, STM32G471VET6, STM32G474CCT6, STM32H503CBT6, STM32H503CBU6, STM32H503EBY6TR, STM32H503KBU6, STM32H503RBT6, STM32H562AGI6, STM32H562AII6, STM32H562IGK6, STM32H562IGT6, STM32H562IIK6, STM32H562IIT6, STM32H562RGT6, STM32H562RGV6, STM32H562RIT6, STM32H562RIV6, STM32H562VGT6, STM32H562VIT6, STM32H562ZGT6, STM32H562ZIT6, STM32H563AGI6, STM32H563AII3Q, STM32H563AII6, STM32H563IGK6, STM32H563IGT6, STM32H563IIK3Q, STM32H563IIK6, STM32H563IIT3Q, STM32H563IIT6, STM32H563MIY3QTR, STM32H563RGT6, STM32H563RGV6, STM32H563RIT6, STM32H563RIV6, STM32H563VGT6, STM32H563VIT3Q, STM32H563VIT6, STM32H563ZGT6, STM32H563ZIT3Q, STM32H563ZIT6, STM32H573AII3Q, STM32H573AII6, STM32H573I-DK, STM32H573IIK3Q, STM32H573IIK6, STM32H573IIT3Q, STM32H573IIT6, STM32H573MIY3QTR, STM32H573RIT6, STM32H573RIV6, STM32H573VIT3Q, STM32H573VIT6, STM32H573ZIT3Q, STM32H573ZIT6, STM32L4R5QGI6STR, STM32MP131AAE3, STM32MP131AAF3, STM32MP131AAG3, STM32MP131CAE3, STM32MP131CAF3, STM32MP131CAG3, STM32MP131DAE7, STM32MP131DAF7, STM32MP131DAG7, STM32MP131FAE7, STM32MP131FAF7, STM32MP131FAG7, STM32MP133AAE3, STM32MP133AAF3, STM32MP133AAG3, STM32MP133CAE3, STM32MP133CAF3, STM32MP133CAG3, STM32MP133DAE7, STM32MP133DAF7, STM32MP133DAG7, STM32MP133FAE7, STM32MP133FAF7, STM32MP133FAG7, STM32MP135AAE3, STM32MP135AAF3, STM32MP135AAG3, STM32MP135CAE3, STM32MP135CAF3, STM32MP135CAG3, STM32MP135DAE7, STM32MP135DAF7, STM32MP135DAG7, STM32MP135F-DK, STM32MP135FAE7, STM32MP135FAF7, STM32MP135FAF7T, STM32MP135FAF7U, STM32MP135FAG7, STM32U535CBT6, STM32U535CBT6Q, STM32U535CBU6, STM32U535CBU6Q, STM32U535CCT6, STM32U535CCT6Q, STM32U535CCU6, STM32U535CCU6Q, STM32U535CET6, STM32U535CET6Q, STM32U535CEU6, STM32U535CEU6Q, STM32U535JEY6QTR, STM32U535NCY6QTR, STM32U535NEY6QTR, STM32U535RBI6, STM32U535RBI6Q, STM32U535RBT6, STM32U535RBT6Q, STM32U535RCI6, STM32U535RCI6Q, STM32U535RCT6, STM32U535RCT6Q, STM32U535REI6, STM32U535REI6Q, STM32U535RET6, STM32U535RET6Q, STM32U535VCI6, STM32U535VCI6Q, STM32U535VCT6, STM32U535VCT6Q, STM32U535VEI6, STM32U535VEI6Q, STM32U535VET6, STM32U535VET6Q, STM32U545CET6, STM32U545CET6Q, STM32U545CEU6, STM32U545CEU6Q, STM32U545JEY6QTR, STM32U545NEY6QTR, STM32U545REI6, STM32U545REI6Q, STM32U545RET6, STM32U545RET6Q, STM32U545VEI6, STM32U545VEI6Q, STM32U545VET6, STM32U545VET6Q, STM32U595AIH6, STM32U595AIH6Q, STM32U595AJH6, STM32U595AJH6Q, STM32U595QII6, STM32U595QII6Q, STM32U595QJI6, STM32U595QJI6Q, STM32U595RIT6, STM32U595RIT6Q, STM32U595RJT6, STM32U595RJT6Q, STM32U595VIT6, STM32U595VIT6Q, STM32U595VJT6, STM32U595VJT6Q, STM32U595ZIT6, STM32U595ZIT6Q, STM32U595ZIY6QTR, STM32U595ZJT6, STM32U595ZJT6Q, STM32U595ZJY6QTR, STM32U599BJY6QTR, STM32U599NIH6Q, STM32U599NJH6Q, STM32U599VIT6Q, STM32U599VJT6, STM32U599VJT6Q, STM32U599ZIT6Q, STM32U599ZIY6QTR, STM32U599ZJT6Q, STM32U599ZJY6QTR, STM32U5A5AJH6, STM32U5A5AJH6Q, STM32U5A5QJI6, STM32U5A5QJI6Q, STM32U5A5RJT6, STM32U5A5RJT6Q, STM32U5A5VJT6, STM32U5A5VJT6Q, STM32U5A5ZJT6, STM32U5A5ZJT6Q, STM32U5A5ZJY6QTR, STM32U5A9BJY6QTR, STM32U5A9J-DK, STM32U5A9NJH6Q, STM32U5A9VJT6Q, STM32U5A9ZJT6Q, STM32U5A9ZJY6QTR, STM32WB1MMCH6, STM32WBA52CEU6, STM32WBA52CEU6T, STM32WBA52CGU6, STM32WBA52CGU6T, STM32WL5MOCH6, STM32WL5MOCH6TR]
2023-06-06 09:27:47,936 [WARN] PackLoader:240 - Cannot read IP mode file for STMicroelectronics.X-CUBE-AZRTOS-L5.1.1.0
2023-06-06 09:27:48,077 [WARN] PackLoader:240 - Cannot read IP mode file for STMicroelectronics.X-CUBE-AZRTOS-G0.1.1.0
2023-06-06 09:27:48,171 [WARN] PackLoader:240 - Cannot read IP mode file for STMicroelectronics.X-CUBE-AI.8.0.1
2023-06-06 09:27:48,280 [WARN] PackLoader:240 - Cannot read IP mode file for STMicroelectronics.X-CUBE-SUBG2.5.0.0
2023-06-06 09:27:48,499 [WARN] PackLoader:240 - Cannot read IP mode file for STMicroelectronics.X-CUBE-NFC4.3.0.0
2023-06-06 09:27:48,577 [INFO] BoardInfo:880 - No configuration file found for board P-NUCLEO-WB55
2023-06-06 09:27:48,577 [INFO] DbBoards:157 - Kit is not supported: P-NUCLEO-WB55
2023-06-06 09:27:48,592 [WARN] PackLoader:240 - Cannot read IP mode file for STMicroelectronics.X-CUBE-AZRTOS-G4.2.0.0
2023-06-06 09:27:48,608 [INFO] BoardInfo:880 - No configuration file found for board STEVAL-BFA001V1B
2023-06-06 09:27:48,608 [INFO] DbBoards:157 - Kit is not supported: STEVAL-BFA001V1B
2023-06-06 09:27:48,624 [INFO] BoardInfo:880 - No configuration file found for board STEVAL-BFA001V2B
2023-06-06 09:27:48,624 [INFO] DbBoards:157 - Kit is not supported: STEVAL-BFA001V2B
2023-06-06 09:27:48,686 [WARN] PackLoader:240 - Cannot read IP mode file for STMicroelectronics.X-CUBE-TOF1.3.3.0
2023-06-06 09:27:48,796 [WARN] PackLoader:240 - Cannot read IP mode file for STMicroelectronics.FP-ATR-SIGFOX1.3.2.0
2023-06-06 09:27:48,967 [WARN] PackLoader:240 - Cannot read IP mode file for STMicroelectronics.X-CUBE-AZRTOS-L4.1.0.0
2023-06-06 09:27:49,108 [WARN] PackLoader:240 - Cannot read IP mode file for STMicroelectronics.X-CUBE-AZRTOS-WL.1.0.0
2023-06-06 09:27:49,217 [WARN] PackLoader:240 - Cannot read IP mode file for portGmbH.I-Cube-SoM-uGOAL.1.1.0
2023-06-06 09:27:49,264 [WARN] PackLoader:240 - Cannot read IP mode file for STMicroelectronics.X-CUBE-ALS.1.0.1
2023-06-06 09:27:49,342 [INFO] DbBoards:161 - Found 187 boards, 184 are supported
2023-06-06 09:27:49,342 [INFO] ApiDb:668 - CubeFinder database Data Model version=2.1
2023-06-06 09:27:49,358 [INFO] ApiDb:669 - CubeFinder database Configuration version=3.0.35
2023-06-06 09:27:49,358 [INFO] ApiDb:670 - CubeFinder database generation date=2023-05-12 (1683877179)
2023-06-06 09:27:49,358 [INFO] ApiDb:671 - CubeFinder database FW Pack versions=[FP-ATR-ASTRA1_V2.0.0, FP-SNS-FLIGHT1_V5.0.0, FP-SNS-MOTENV1_V4.3.0, STM32Cube_FW_C0_V1.0.1, STM32Cube_FW_F0_V1.11.4, STM32Cube_FW_F3_V1.11.4, STM32Cube_FW_F4_V1.27.1, STM32Cube_FW_F7_V1.17.0, STM32Cube_FW_G0_V1.6.1, STM32Cube_FW_G4_V1.5.1, STM32Cube_FW_H5_V0.5.1, STM32Cube_FW_H5_V1.0.0, STM32Cube_FW_H7_V1.11.0, STM32Cube_FW_L0_V1.12.2, STM32Cube_FW_L5_V1.5.0, STM32Cube_FW_U5_V1.2.0, STM32Cube_FW_WBA_V1.0.0, STM32Cube_FW_WBA_V1.0.0RC1, STM32Cube_FW_WBA_V1.0.0RC3, STM32Cube_FW_WB_V1.15.0RC1, STM32Cube_FW_WB_V1.16.0, STM32Cube_FW_WB_V1.16.0RC2, STM32Cube_FW_WL_V1.3.0, X-CUBE-ALGOBUILD_V1.3.0, X-CUBE-ALS_V1.0.1, X-CUBE-AZRTOS-F4_V1.1.0, X-CUBE-AZRTOS-F7_V1.1.0, X-CUBE-AZRTOS-G0_V1.1.0, X-CUBE-AZRTOS-G4_V2.0.0, X-CUBE-AZRTOS-H7_V3.1.0, X-CUBE-AZRTOS-L4_V1.0.0, X-CUBE-AZRTOS-L5_V1.1.0, X-CUBE-AZRTOS-WB_V1.1.0, X-CUBE-AZRTOS-WL_V1.0.0, X-CUBE-BLE1_V6.2.4, X-CUBE-BLE2_V3.3.0, X-CUBE-BLEMGR_V2.0.0, X-CUBE-EEPRMA1_V4.1.0, X-CUBE-FREERTOS_V1.0.1, X-CUBE-GNSS1_V6.0.0, X-CUBE-MEMS1_V9.1.0, X-CUBE-MEMS1_V9.4.0, X-CUBE-MEMS1_V9.6.0, X-CUBE-NFC4_V3.0.0, X-CUBE-NFC7_V1.0.0, X-CUBE-SFXS2LP1_V4.0.0, X-CUBE-SUBG2_V5.0.0]
2023-06-06 09:27:49,374 [WARN] PackLoader:240 - Cannot read IP mode file for STMicroelectronics.X-CUBE-AZRTOS-WB.1.1.0
2023-06-06 09:27:49,577 [WARN] PackLoader:240 - Cannot read IP mode file for SEGGER.I-CUBE-embOS.1.3.1
2023-06-06 09:27:49,874 [WARN] PackLoader:240 - Cannot read IP mode file for STMicroelectronics.FP-ATR-ASTRA1.2.0.0
2023-06-06 09:27:49,874 [INFO] ThirdParty:978 - Integrity check success = true
2023-06-06 09:27:49,874 [INFO] IntegrityCheckThread:100 - exiting critical section [integrity check]
2023-06-06 09:27:49,874 [INFO] IntegrityCheckThread:103 - End integrity checks thread
2023-06-06 09:27:55,311 [INFO] ApiDb:240 - Found 297 in-development CPN: [B-G473E-ZEST1S, B-WB1M-WPAN1, B-WL5M-SUBG1, NUCLEO-C031C6, NUCLEO-H503RB, NUCLEO-H563ZI, NUCLEO-U545RE-Q, NUCLEO-U5A5ZJ-Q, NUCLEO-WBA52CG, STEVAL-PROTEUS1, STEVAL-STWINBX1, STM320518-EVAL, STM32C0116-DK, STM32C011D6Y3TR, STM32C011D6Y6TR, STM32C011F4P3, STM32C011F4P6, STM32C011F4U3, STM32C011F4U6TR, STM32C011F6P3, STM32C011F6P6, STM32C011F6U3, STM32C011F6U6TR, STM32C011J4M3, STM32C011J4M6, STM32C011J6M3, STM32C011J6M6, STM32C0316-DK, STM32C031C4T3, STM32C031C4T6, STM32C031C4U3, STM32C031C4U6, STM32C031C6T3, STM32C031C6T6, STM32C031C6U3, STM32C031C6U6, STM32C031F4P3, STM32C031F4P6, STM32C031F6P3, STM32C031F6P6, STM32C031G4U3, STM32C031G4U6, STM32C031G6U3, STM32C031G6U6, STM32C031K4T3, STM32C031K4T6, STM32C031K4U3, STM32C031K4U6, STM32C031K6T3, STM32C031K6T6, STM32C031K6U3, STM32C031K6U6, STM32G071K8TXN, STM32G071K8UXN, STM32G081GBU6N, STM32G081KBT6N, STM32G081KBUXN, STM32G0B1CCT6N, STM32G0B1KCT6, STM32G0B1NEY6TR, STM32G0B1RCT6N, STM32G0C1CCT6, STM32G0C1CCT6N, STM32G0C1CCU6N, STM32G0C1CET6N, STM32G0C1CEU6N, STM32G0C1KCT6, STM32G0C1NEY6TR, STM32G0C1RCI6N, STM32G0C1RCT6N, STM32G0C1REI6N, STM32G0C1RET6N, STM32G0C1VCI6, STM32G0C1VEI6, STM32G471CCT6, STM32G471CCU6, STM32G471CET3, STM32G471CET6, STM32G471CEU3, STM32G471CEU6, STM32G471MCT6, STM32G471MET3, STM32G471MET6, STM32G471MEY6TR, STM32G471QCT6, STM32G471QET3, STM32G471RCT6, STM32G471RET3, STM32G471RET6, STM32G471VCH6, STM32G471VCI6, STM32G471VCT6, STM32G471VEH3, STM32G471VEH6, STM32G471VEI3, STM32G471VEI6, STM32G471VET3, STM32G471VET6, STM32G474CCT6, STM32H503CBT6, STM32H503CBU6, STM32H503EBY6TR, STM32H503KBU6, STM32H503RBT6, STM32H562AGI6, STM32H562AII6, STM32H562IGK6, STM32H562IGT6, STM32H562IIK6, STM32H562IIT6, STM32H562RGT6, STM32H562RGV6, STM32H562RIT6, STM32H562RIV6, STM32H562VGT6, STM32H562VIT6, STM32H562ZGT6, STM32H562ZIT6, STM32H563AGI6, STM32H563AII3Q, STM32H563AII6, STM32H563IGK6, STM32H563IGT6, STM32H563IIK3Q, STM32H563IIK6, STM32H563IIT3Q, STM32H563IIT6, STM32H563MIY3QTR, STM32H563RGT6, STM32H563RGV6, STM32H563RIT6, STM32H563RIV6, STM32H563VGT6, STM32H563VIT3Q, STM32H563VIT6, STM32H563ZGT6, STM32H563ZIT3Q, STM32H563ZIT6, STM32H573AII3Q, STM32H573AII6, STM32H573I-DK, STM32H573IIK3Q, STM32H573IIK6, STM32H573IIT3Q, STM32H573IIT6, STM32H573MIY3QTR, STM32H573RIT6, STM32H573RIV6, STM32H573VIT3Q, STM32H573VIT6, STM32H573ZIT3Q, STM32H573ZIT6, STM32L4R5QGI6STR, STM32MP131AAE3, STM32MP131AAF3, STM32MP131AAG3, STM32MP131CAE3, STM32MP131CAF3, STM32MP131CAG3, STM32MP131DAE7, STM32MP131DAF7, STM32MP131DAG7, STM32MP131FAE7, STM32MP131FAF7, STM32MP131FAG7, STM32MP133AAE3, STM32MP133AAF3, STM32MP133AAG3, STM32MP133CAE3, STM32MP133CAF3, STM32MP133CAG3, STM32MP133DAE7, STM32MP133DAF7, STM32MP133DAG7, STM32MP133FAE7, STM32MP133FAF7, STM32MP133FAG7, STM32MP135AAE3, STM32MP135AAF3, STM32MP135AAG3, STM32MP135CAE3, STM32MP135CAF3, STM32MP135CAG3, STM32MP135DAE7, STM32MP135DAF7, STM32MP135DAG7, STM32MP135F-DK, STM32MP135FAE7, STM32MP135FAF7, STM32MP135FAF7T, STM32MP135FAF7U, STM32MP135FAG7, STM32U535CBT6, STM32U535CBT6Q, STM32U535CBU6, STM32U535CBU6Q, STM32U535CCT6, STM32U535CCT6Q, STM32U535CCU6, STM32U535CCU6Q, STM32U535CET6, STM32U535CET6Q, STM32U535CEU6, STM32U535CEU6Q, STM32U535JEY6QTR, STM32U535NCY6QTR, STM32U535NEY6QTR, STM32U535RBI6, STM32U535RBI6Q, STM32U535RBT6, STM32U535RBT6Q, STM32U535RCI6, STM32U535RCI6Q, STM32U535RCT6, STM32U535RCT6Q, STM32U535REI6, STM32U535REI6Q, STM32U535RET6, STM32U535RET6Q, STM32U535VCI6, STM32U535VCI6Q, STM32U535VCT6, STM32U535VCT6Q, STM32U535VEI6, STM32U535VEI6Q, STM32U535VET6, STM32U535VET6Q, STM32U545CET6, STM32U545CET6Q, STM32U545CEU6, STM32U545CEU6Q, STM32U545JEY6QTR, STM32U545NEY6QTR, STM32U545REI6, STM32U545REI6Q, STM32U545RET6, STM32U545RET6Q, STM32U545VEI6, STM32U545VEI6Q, STM32U545VET6, STM32U545VET6Q, STM32U595AIH6, STM32U595AIH6Q, STM32U595AJH6, STM32U595AJH6Q, STM32U595QII6, STM32U595QII6Q, STM32U595QJI6, STM32U595QJI6Q, STM32U595RIT6, STM32U595RIT6Q, STM32U595RJT6, STM32U595RJT6Q, STM32U595VIT6, STM32U595VIT6Q, STM32U595VJT6, STM32U595VJT6Q, STM32U595ZIT6, STM32U595ZIT6Q, STM32U595ZIY6QTR, STM32U595ZJT6, STM32U595ZJT6Q, STM32U595ZJY6QTR, STM32U599BJY6QTR, STM32U599NIH6Q, STM32U599NJH6Q, STM32U599VIT6Q, STM32U599VJT6, STM32U599VJT6Q, STM32U599ZIT6Q, STM32U599ZIY6QTR, STM32U599ZJT6Q, STM32U599ZJY6QTR, STM32U5A5AJH6, STM32U5A5AJH6Q, STM32U5A5QJI6, STM32U5A5QJI6Q, STM32U5A5RJT6, STM32U5A5RJT6Q, STM32U5A5VJT6, STM32U5A5VJT6Q, STM32U5A5ZJT6, STM32U5A5ZJT6Q, STM32U5A5ZJY6QTR, STM32U5A9BJY6QTR, STM32U5A9J-DK, STM32U5A9NJH6Q, STM32U5A9VJT6Q, STM32U5A9ZJT6Q, STM32U5A9ZJY6QTR, STM32WB1MMCH6, STM32WBA52CEU6, STM32WBA52CEU6T, STM32WBA52CGU6, STM32WBA52CGU6T, STM32WL5MOCH6, STM32WL5MOCH6TR]
2023-06-06 09:27:55,327 [INFO] DbMcus:216 - Found 3775 MCUs, 3775 are supported
2023-06-06 09:27:55,342 [INFO] ApiDb:423 - Load user favorites file C:\Users\This pc/.stm32cubeide/favorites.mcus.txt: 1 item(s)
2023-06-06 09:27:55,358 [INFO] ApiDb:427 - User favorites MCUs=[STM32F401RET6]
2023-06-06 09:27:55,358 [INFO] DbMcus:222 - Set 1 / 1 favorites MCUs
2023-06-06 09:27:56,858 [INFO] ApiDb:423 - Load user favorites file C:\Users\This pc/.stm32cubeide/favorites.boards.txt: 0 item(s)
2023-06-06 09:27:56,858 [INFO] ApiDb:427 - User favorites Boards=[]
2023-06-06 09:27:56,858 [INFO] DbBoards:190 - Set 0 / 0 favorites Boards
2023-06-06 09:27:56,858 [INFO] McuFinderGlobals:66 - Set McuFinderConnectedMode to false
2023-06-06 09:27:56,889 [INFO] MultiScanPanel:200 - Auto-refresh data requested => check proxy status ongoing
2023-06-06 09:27:56,889 [INFO] MultiScanPanel:204 - Proxy status is invalid
2023-06-06 09:27:56,889 [INFO] FinderPluginLoader:95 - Searching for filters in installed packs
2023-06-06 09:28:02,860 [INFO] DetailPanel:341 - Set advertising image to C:/Users/This pc/STM32Cube/Repository/\en.prom-stm32h5-mcu-finder.jpg
2023-06-06 09:28:53,429 [ERROR] ConfigurationRetriever:142 - IOException on connection: sw-center.st.com
2023-06-06 09:28:53,429 [ERROR] ConfigurationRetriever:142 - IOException on connection: sw-center.st.com
2023-06-06 09:28:53,429 [ERROR] ConfigurationRetriever:142 - IOException on connection: sw-center.st.com
2023-06-06 09:28:54,460 [INFO] McuFinderGlobals:66 - Set McuFinderConnectedMode to true
2023-06-06 09:28:54,460 [INFO] ApiDb:448 - Save user favorites file C:\Users\This pc/.stm32cubeide/favorites.mcus.txt: 1 item(s)
2023-06-06 09:28:54,460 [INFO] ApiDb:452 - User favorites MCUs=[STM32F401RET6]
