2023-11-14 08:55:23,736 [INFO] MainUpdater:2854 - connection check result : 10
2023-11-14 08:55:24,400 [INFO] McuFinderGlobals:66 - Set McuFinderConnectedMode to true
2023-11-14 08:55:24,404 [INFO] MultiScanPanel:200 - Auto-refresh data requested => check proxy status ongoing
2023-11-14 08:55:24,406 [INFO] FinderPluginLoader:95 - Searching for filters in installed packs
2023-11-14 08:55:26,729 [INFO] LoadUrlFilesThread:185 - End of LoadServerUrlFiles without Thread
2023-11-14 08:55:26,729 [INFO] DetailPanel:341 - Set advertising image to C:/Users/This pc/STM32Cube/Repository/\en.prom-stm32h5-mcu-finder.jpg
2023-11-14 08:57:36,768 [INFO] MainUpdater:2854 - connection check result : 10
2023-11-14 08:57:36,769 [INFO] MainUpdater:2854 - connection check result : 10
2023-11-14 08:57:37,230 [INFO] MicroXplorer:468 - Change Database Path : 
2023-11-14 08:57:37,231 [INFO] MicroXplorer:498 - Change Database Version : DB.6.0.81
2023-11-14 08:57:37,362 [WARN] ThirdParty:871 - waiting for thirdparty lock release [close project]
2023-11-14 08:57:37,363 [INFO] ThirdParty:873 - entering critical section [close project]
2023-11-14 08:57:37,363 [INFO] ThirdParty:883 - exiting critical section [close project]
2023-11-14 08:57:37,368 [INFO] PinOutPanel:1499 - setPackage(No Configuration,No Configuration)
2023-11-14 08:57:37,399 [INFO] UtilMem:75 - Begin LoadConfig() Used Memory: 616622624 Bytes (1046478848)
2023-11-14 08:57:37,401 [INFO] MicroXplorer:468 - Change Database Path : 
2023-11-14 08:57:37,401 [INFO] MicroXplorer:498 - Change Database Version : DB.6.0.81
2023-11-14 08:57:37,402 [INFO] OpenFileManager:308 - Change cursor
2023-11-14 08:57:37,578 [INFO] RulesReader:64 - Compatibility file has been processed (293 Rules)
2023-11-14 08:57:37,593 [INFO] Mcu:1937 - Initializing MCU STM32F103C6Tx STM32F103C6Tx 
2023-11-14 08:57:37,594 [INFO] Mcu:1950 - No CPN specified => set CPN to STM32F103C6T6A
2023-11-14 08:57:39,276 [INFO] Context:659 - Trying to add GPIOservice into a context  which must be forbidden
2023-11-14 08:57:39,813 [INFO] ImportTextPane:194 - (OptionalMessage_ERROR) Unable to find key (Mcu.ThirdPartyNb) in loaded IOC file
2023-11-14 08:57:39,814 [INFO] ImportTextPane:194 - (OptionalMessage_ERROR) Unable to find key (Mcu.PinsNb) in loaded IOC file
2023-11-14 08:57:39,814 [INFO] ImportTextPane:194 - (OptionalMessage_ERROR) Unable to find key (Mcu.IPNb) in loaded IOC file
2023-11-14 08:57:40,565 [INFO] RtosManager:555 - Registered RTOS mode: class=CMSIS, group=RTOS, mode=CMSIS_V1, owner=FREERTOS
2023-11-14 08:57:40,565 [INFO] RtosManager:555 - Registered RTOS mode: class=CMSIS, group=RTOS2, mode=CMSIS_V2, owner=FREERTOS
2023-11-14 08:57:40,566 [INFO] RtosManager:555 - Registered RTOS mode: class=RTOS, group=Core, mode=CMSIS_V1, owner=FREERTOS
2023-11-14 08:57:40,566 [INFO] RtosManager:555 - Registered RTOS mode: class=RTOS, group=Core, mode=CMSIS_V2, owner=FREERTOS
2023-11-14 08:57:40,568 [WARN] ModelIntegratedComponent:184 - Missing modes for component STMicroelectronics:FreeRTOS:0.0.1:STMicroelectronics:RTOS:FreeRTOS:Core:::10.2.0:
2023-11-14 08:57:40,644 [WARN] ModelIntegratedComponent:63 - No mode defined for component null
2023-11-14 08:57:40,644 [WARN] ModelIntegratedComponent:63 - No mode defined for component null
2023-11-14 08:57:40,645 [WARN] ModelIntegratedComponent:63 - No mode defined for component null
2023-11-14 08:57:40,645 [WARN] ModelIntegratedComponent:63 - No mode defined for component null
2023-11-14 08:57:40,645 [WARN] ModelIntegratedComponent:63 - No mode defined for component null
2023-11-14 08:57:40,645 [WARN] ModelIntegratedComponent:63 - No mode defined for component null
2023-11-14 08:57:40,645 [WARN] ModelIntegratedComponent:63 - No mode defined for component null
2023-11-14 08:57:40,646 [WARN] ModelIntegratedComponent:63 - No mode defined for component null
2023-11-14 08:57:40,646 [WARN] ModelIntegratedComponent:63 - No mode defined for component null
2023-11-14 08:57:40,646 [WARN] ModelIntegratedComponent:63 - No mode defined for component null
2023-11-14 08:57:40,646 [WARN] ModelIntegratedComponent:63 - No mode defined for component null
2023-11-14 08:57:40,647 [WARN] ModelIntegratedComponent:63 - No mode defined for component null
2023-11-14 08:57:40,647 [WARN] ModelIntegratedComponent:63 - No mode defined for component null
2023-11-14 08:57:40,647 [WARN] ModelIntegratedComponent:63 - No mode defined for component null
2023-11-14 08:57:40,647 [WARN] ModelIntegratedComponent:63 - No mode defined for component null
2023-11-14 08:57:40,647 [WARN] ModelIntegratedComponent:63 - No mode defined for component null
2023-11-14 08:57:40,648 [WARN] ModelIntegratedComponent:63 - No mode defined for component null
2023-11-14 08:57:40,648 [WARN] ModelIntegratedComponent:63 - No mode defined for component null
2023-11-14 08:57:40,648 [WARN] ModelIntegratedComponent:63 - No mode defined for component null
2023-11-14 08:57:40,648 [WARN] ModelIntegratedComponent:63 - No mode defined for component null
2023-11-14 08:57:40,649 [WARN] ModelIntegratedComponent:63 - No mode defined for component null
2023-11-14 08:57:40,649 [WARN] ModelIntegratedComponent:63 - No mode defined for component null
2023-11-14 08:57:40,649 [WARN] ModelIntegratedComponent:63 - No mode defined for component null
2023-11-14 08:57:40,649 [WARN] ModelIntegratedComponent:63 - No mode defined for component null
2023-11-14 08:57:40,649 [WARN] ModelIntegratedComponent:63 - No mode defined for component null
2023-11-14 08:57:40,649 [WARN] ModelIntegratedComponent:63 - No mode defined for component null
2023-11-14 08:57:40,652 [WARN] ModelIntegratedComponent:63 - No mode defined for component null
2023-11-14 08:57:40,653 [WARN] ModelIntegratedComponent:63 - No mode defined for component null
2023-11-14 08:57:40,653 [WARN] ModelIntegratedComponent:63 - No mode defined for component null
2023-11-14 08:57:40,654 [WARN] ModelIntegratedComponent:63 - No mode defined for component null
2023-11-14 08:57:40,654 [WARN] ModelIntegratedComponent:63 - No mode defined for component null
2023-11-14 08:57:40,654 [WARN] ModelIntegratedComponent:63 - No mode defined for component null
2023-11-14 08:57:40,654 [WARN] ModelIntegratedComponent:63 - No mode defined for component null
2023-11-14 08:57:41,254 [INFO] ThirdPartyModel:298 - Start build external matchings
2023-11-14 08:57:45,041 [INFO] ThirdPartyModel:316 - End build external matchings
2023-11-14 08:57:45,494 [INFO] UtilMem:75 - End LoadConfig() Used Memory: 751790264 Bytes (1046478848)
2023-11-14 08:57:45,557 [WARN] ThirdParty:833 - waiting for thirdparty lock release [change project]
2023-11-14 08:57:45,558 [INFO] ThirdParty:835 - entering critical section [change project]
2023-11-14 08:57:45,559 [INFO] ThirdParty:1030 - CMSIS Pack Vendor :STMicroelectronics X-CUBE-ISPU 1.1.0
2023-11-14 08:57:45,559 [INFO] ThirdParty:1030 - CMSIS Pack Vendor :STMicroelectronics X-CUBE-GNSS1 6.0.0
2023-11-14 08:57:45,562 [INFO] ThirdParty:1030 - CMSIS Pack Vendor :STMicroelectronics USB_HOST 2.0.0
2023-11-14 08:57:45,562 [INFO] ThirdParty:1030 - CMSIS Pack Vendor :STMicroelectronics X-CUBE-AZRTOS-F4 1.1.0
2023-11-14 08:57:45,562 [INFO] ThirdParty:1030 - CMSIS Pack Vendor :STMicroelectronics LIBJPEG 8.0.0
2023-11-14 08:57:45,563 [INFO] ThirdParty:1030 - CMSIS Pack Vendor :STMicroelectronics X-CUBE-SMBUS 2.1.0
2023-11-14 08:57:45,563 [INFO] ThirdParty:1030 - CMSIS Pack Vendor :wolfSSL I-CUBE-wolfSSL 5.6.0
2023-11-14 08:57:45,563 [INFO] ThirdParty:1030 - CMSIS Pack Vendor :STMicroelectronics USB_DEVICE 3.0.0
2023-11-14 08:57:45,563 [INFO] ThirdParty:1030 - CMSIS Pack Vendor :STMicroelectronics X-CUBE-AZRTOS-WB 2.0.0
2023-11-14 08:57:45,563 [INFO] ThirdParty:1030 - CMSIS Pack Vendor :STMicroelectronics X-CUBE-FREERTOS 1.0.1
2023-11-14 08:57:45,564 [INFO] ThirdParty:1030 - CMSIS Pack Vendor :STMicroelectronics X-CUBE-AZRTOS-F7 1.1.0
2023-11-14 08:57:45,564 [INFO] ThirdParty:1030 - CMSIS Pack Vendor :STMicroelectronics X-CUBE-TOUCHGFX 4.21.4
2023-11-14 08:57:45,565 [INFO] ThirdParty:1030 - CMSIS Pack Vendor :STMicroelectronics X-CUBE-AZRTOS-L5 2.0.0
2023-11-14 08:57:45,565 [INFO] ThirdParty:1030 - CMSIS Pack Vendor :STMicroelectronics USB_DEVICE 2.0.0
2023-11-14 08:57:45,565 [INFO] ThirdParty:1030 - CMSIS Pack Vendor :STMicroelectronics X-CUBE-MEMS1 9.6.0
2023-11-14 08:57:45,566 [INFO] ThirdParty:1030 - CMSIS Pack Vendor :STMicroelectronics X-CUBE-EEPRMA1 4.2.0
2023-11-14 08:57:45,570 [INFO] ThirdParty:1030 - CMSIS Pack Vendor :ITTIA_DB I-CUBE-ITTIADB 8.8.0
2023-11-14 08:57:45,571 [INFO] ThirdParty:1030 - CMSIS Pack Vendor :STMicroelectronics FP-SNS-MOTENV1 4.3.0
2023-11-14 08:57:45,571 [INFO] ThirdParty:1030 - CMSIS Pack Vendor :STMicroelectronics FP-SNS-MOTENV1 4.3.2
2023-11-14 08:57:45,572 [INFO] ThirdParty:1030 - CMSIS Pack Vendor :STMicroelectronics FP-SNS-FLIGHT1 5.0.0
2023-11-14 08:57:45,572 [INFO] ThirdParty:1030 - CMSIS Pack Vendor :STMicroelectronics FP-SNS-MOTENV1 4.3.1
2023-11-14 08:57:45,572 [INFO] ThirdParty:1030 - CMSIS Pack Vendor :STMicroelectronics FP-SNS-FLIGHT1 5.0.1
2023-11-14 08:57:45,572 [INFO] ThirdParty:1030 - CMSIS Pack Vendor :STMicroelectronics X-CUBE-ALGOBUILD 1.3.0
2023-11-14 08:57:45,572 [INFO] ThirdParty:1030 - CMSIS Pack Vendor :STMicroelectronics X-CUBE-BLE1 6.2.4
2023-11-14 08:57:45,573 [INFO] ThirdParty:1030 - CMSIS Pack Vendor :STMicroelectronics X-CUBE-AZRTOS-L5 1.1.0
2023-11-14 08:57:45,573 [INFO] ThirdParty:1030 - CMSIS Pack Vendor :STMicroelectronics FreeRTOS 0.0.1
2023-11-14 08:57:45,573 [INFO] ThirdParty:1030 - CMSIS Pack Vendor :STMicroelectronics X-CUBE-AZRTOS-G0 1.1.0
2023-11-14 08:57:45,573 [INFO] ThirdParty:1030 - CMSIS Pack Vendor :emotas I-CUBE-CANOPEN 1.1.3
2023-11-14 08:57:45,573 [INFO] ThirdParty:1030 - CMSIS Pack Vendor :STMicroelectronics X-CUBE-BLEMGR 2.0.0
2023-11-14 08:57:45,573 [INFO] ThirdParty:1030 - CMSIS Pack Vendor :STMicroelectronics X-CUBE-AI 8.0.1
2023-11-14 08:57:45,574 [INFO] ThirdParty:1030 - CMSIS Pack Vendor :STMicroelectronics X-CUBE-NFC4 3.0.0
2023-11-14 08:57:45,574 [INFO] ThirdParty:1030 - CMSIS Pack Vendor :STMicroelectronics X-CUBE-SUBG2 5.0.0
2023-11-14 08:57:45,574 [INFO] ThirdParty:1030 - CMSIS Pack Vendor :STMicroelectronics STM32_WPAN 1.0.0
2023-11-14 08:57:45,574 [INFO] ThirdParty:1030 - CMSIS Pack Vendor :STMicroelectronics lwIP 2.0.3
2023-11-14 08:57:45,574 [INFO] ThirdParty:1030 - CMSIS Pack Vendor :STMicroelectronics FP-SNS-FLIGHT1 5.0.2
2023-11-14 08:57:45,574 [INFO] ThirdParty:1030 - CMSIS Pack Vendor :STMicroelectronics USB_HOST 1.0.0
2023-11-14 08:57:45,574 [INFO] ThirdParty:1030 - CMSIS Pack Vendor :STMicroelectronics X-CUBE-TOF1 3.3.1
2023-11-14 08:57:45,575 [INFO] ThirdParty:1030 - CMSIS Pack Vendor :STMicroelectronics X-CUBE-AZRTOS-G4 2.0.0
2023-11-14 08:57:45,575 [INFO] ThirdParty:1030 - CMSIS Pack Vendor :STMicroelectronics PDM2PCM 3.1.0
2023-11-14 08:57:45,575 [INFO] ThirdParty:1030 - CMSIS Pack Vendor :STMicroelectronics X-CUBE-AZRTOS-H7 3.1.0
2023-11-14 08:57:45,575 [INFO] ThirdParty:1030 - CMSIS Pack Vendor :STMicroelectronics X-CUBE-TOF1 3.3.0
2023-11-14 08:57:45,575 [INFO] ThirdParty:1030 - CMSIS Pack Vendor :Infineon AIROC-Wi-Fi-Bluetooth-STM32 1.5.1
2023-11-14 08:57:45,575 [INFO] ThirdParty:1030 - CMSIS Pack Vendor :STMicroelectronics X-CUBE-BLEMGR 3.0.0
2023-11-14 08:57:45,576 [INFO] ThirdParty:1030 - CMSIS Pack Vendor :STMicroelectronics PDM2PCM 3.3.0
2023-11-14 08:57:45,576 [INFO] ThirdParty:1030 - CMSIS Pack Vendor :STMicroelectronics X-CUBE-DISPLAY 3.0.0
2023-11-14 08:57:45,576 [INFO] ThirdParty:1030 - CMSIS Pack Vendor :STMicroelectronics FP-SNS-MOTENVWB1 1.3.0
2023-11-14 08:57:45,576 [INFO] ThirdParty:1030 - CMSIS Pack Vendor :STMicroelectronics X-CUBE-BLE1 7.0.0
2023-11-14 08:57:45,576 [INFO] ThirdParty:1030 - CMSIS Pack Vendor :STMicroelectronics FP-ATR-SIGFOX1 3.2.0
2023-11-14 08:57:45,576 [INFO] ThirdParty:1030 - CMSIS Pack Vendor :STMicroelectronics X-CUBE-AZRTOS-L4 1.0.0
2023-11-14 08:57:45,577 [INFO] ThirdParty:1030 - CMSIS Pack Vendor :STMicroelectronics HAL Drivers 0.0.0
2023-11-14 08:57:45,577 [INFO] ThirdParty:1030 - CMSIS Pack Vendor :STMicroelectronics MBEDTLS 2.16.2
2023-11-14 08:57:45,577 [INFO] ThirdParty:1030 - CMSIS Pack Vendor :STMicroelectronics X-CUBE-MEMS1 10.0.0
2023-11-14 08:57:45,577 [INFO] ThirdParty:1030 - CMSIS Pack Vendor :STMicroelectronics X-CUBE-FREERTOS 1.1.0
2023-11-14 08:57:45,578 [INFO] ThirdParty:1030 - CMSIS Pack Vendor :STMicroelectronics X-CUBE-TOUCHGFX 4.22.0
2023-11-14 08:57:45,578 [INFO] ThirdParty:1030 - CMSIS Pack Vendor :STMicroelectronics X-CUBE-NFC7 1.0.1
2023-11-14 08:57:45,578 [INFO] ThirdParty:1030 - CMSIS Pack Vendor :STMicroelectronics MBEDTLS 2.14.1
2023-11-14 08:57:45,578 [INFO] ThirdParty:1030 - CMSIS Pack Vendor :STMicroelectronics X-CUBE-NFC7 1.0.0
2023-11-14 08:57:45,578 [INFO] ThirdParty:1030 - CMSIS Pack Vendor :STMicroelectronics X-CUBE-TOUCHGFX 4.22.1
2023-11-14 08:57:45,578 [INFO] ThirdParty:1030 - CMSIS Pack Vendor :STMicroelectronics X-CUBE-AZRTOS-WL 1.0.0
2023-11-14 08:57:45,579 [INFO] ThirdParty:1030 - CMSIS Pack Vendor :STMicroelectronics X-CUBE-NFC6 3.0.0
2023-11-14 08:57:45,579 [INFO] ThirdParty:1030 - CMSIS Pack Vendor :STMicroelectronics X-CUBE-EEPRMA1 4.1.0
2023-11-14 08:57:45,579 [INFO] ThirdParty:1030 - CMSIS Pack Vendor :portGmbH I-Cube-SoM-uGOAL 1.1.0
2023-11-14 08:57:45,579 [INFO] ThirdParty:1030 - CMSIS Pack Vendor :STMicroelectronics X-CUBE-ALS 1.0.1
2023-11-14 08:57:45,579 [INFO] ThirdParty:1030 - CMSIS Pack Vendor :STMicroelectronics ThreadX 1.0.0
2023-11-14 08:57:45,579 [INFO] ThirdParty:1030 - CMSIS Pack Vendor :STMicroelectronics FP-SNS-SMARTAG2 1.2.0
2023-11-14 08:57:45,580 [INFO] ThirdParty:1030 - CMSIS Pack Vendor :STMicroelectronics X-CUBE-AZRTOS-WB 1.1.0
2023-11-14 08:57:45,580 [INFO] ThirdParty:1030 - CMSIS Pack Vendor :STMicroelectronics X-CUBE-AZRTOS-WL 2.0.0
2023-11-14 08:57:45,580 [INFO] ThirdParty:1030 - CMSIS Pack Vendor :SEGGER I-CUBE-embOS 1.3.1
2023-11-14 08:57:45,580 [INFO] ThirdParty:1030 - CMSIS Pack Vendor :STMicroelectronics USB_DEVICE 1.0.0
2023-11-14 08:57:45,581 [INFO] ThirdParty:1030 - CMSIS Pack Vendor :STMicroelectronics X-CUBE-AI 8.1.0
2023-11-14 08:57:45,581 [INFO] ThirdParty:1030 - CMSIS Pack Vendor :STMicroelectronics X-CUBE-AZRTOS-L4 2.0.0
2023-11-14 08:57:45,581 [INFO] ThirdParty:1030 - CMSIS Pack Vendor :STMicroelectronics ThreadX 0.0.2
2023-11-14 08:57:45,581 [INFO] ThirdParty:1030 - CMSIS Pack Vendor :WES I-CUBE-Cesium 1.3.0
2023-11-14 08:57:45,581 [INFO] ThirdParty:1030 - CMSIS Pack Vendor :STMicroelectronics FP-ATR-ASTRA1 2.0.0
2023-11-14 08:57:45,582 [INFO] ThirdParty:1030 - CMSIS Pack Vendor :STMicroelectronics lwIP 2.1.2
2023-11-14 08:57:45,582 [INFO] ThirdParty:1030 - CMSIS Pack Vendor :STMicroelectronics X-CUBE-SFXS2LP1 4.0.0
2023-11-14 08:57:45,582 [INFO] ThirdParty:1030 - CMSIS Pack Vendor :STMicroelectronics X-CUBE-BLE2 3.3.0
2023-11-14 08:57:45,582 [INFO] ThirdParty:1030 - CMSIS Pack Vendor :STMicroelectronics PDM2PCM 3.2.0
2023-11-14 08:57:45,583 [INFO] ThirdParty:841 - exiting critical section [change project]
2023-11-14 08:57:45,986 [INFO] PinOutPanel:1499 - setPackage(No Configuration,No Configuration)
2023-11-14 08:57:45,989 [INFO] PinOutPanel:1499 - setPackage(STM32F103C6Tx,LQFP48)
2023-11-14 08:57:46,656 [INFO] UtilMem:75 - Before build in PCC Used Memory: 603504552 Bytes (1046478848)
2023-11-14 08:57:47,819 [INFO] UtilMem:75 - After build in PCC Used Memory: 644921256 Bytes (1046478848)
2023-11-14 08:57:47,877 [INFO] IPUIPlugin:80 - create IPUIPlugin
2023-11-14 08:57:47,877 [INFO] IPUIPlugin:80 - create IPUIPlugin
2023-11-14 08:57:47,877 [INFO] IPUIPlugin:80 - create IPUIPlugin
2023-11-14 08:57:47,878 [INFO] IPUIPlugin:80 - create IPUIPlugin
2023-11-14 08:57:47,878 [INFO] IPUIPlugin:80 - create IPUIPlugin
2023-11-14 08:57:47,879 [INFO] IPUIPlugin:80 - create IPUIPlugin
2023-11-14 08:57:47,880 [INFO] IPUIPlugin:80 - create IPUIPlugin
2023-11-14 08:57:47,880 [INFO] IPUIPlugin:80 - create IPUIPlugin
2023-11-14 08:57:47,881 [INFO] IPUIPlugin:80 - create IPUIPlugin
2023-11-14 08:57:47,882 [INFO] IPUIPlugin:80 - create IPUIPlugin
2023-11-14 08:57:47,882 [INFO] IPUIPlugin:80 - create IPUIPlugin
2023-11-14 08:57:47,884 [INFO] IPUIPlugin:80 - create IPUIPlugin
2023-11-14 08:57:47,885 [INFO] IPUIPlugin:80 - create IPUIPlugin
2023-11-14 08:57:47,886 [INFO] IPUIPlugin:80 - create IPUIPlugin
2023-11-14 08:57:47,886 [INFO] IPUIPlugin:80 - create IPUIPlugin
2023-11-14 08:57:47,887 [INFO] IPUIPlugin:80 - create IPUIPlugin
2023-11-14 08:57:47,888 [INFO] IPUIPlugin:80 - create IPUIPlugin
2023-11-14 08:57:47,888 [INFO] IPUIPlugin:80 - create IPUIPlugin
2023-11-14 08:57:47,889 [INFO] IPUIPlugin:80 - create IPUIPlugin
2023-11-14 08:57:47,890 [INFO] IPUIPlugin:80 - create IPUIPlugin
2023-11-14 08:57:47,891 [INFO] IPUIPlugin:80 - create IPUIPlugin
2023-11-14 08:57:47,892 [INFO] IPUIPlugin:80 - create IPUIPlugin
2023-11-14 08:57:47,893 [INFO] IPUIPlugin:80 - create IPUIPlugin
2023-11-14 08:57:47,998 [INFO] CADModel:165 - CPN selected for project levelSTM32F103C6T6A
2023-11-14 08:57:47,998 [INFO] CADModel:114 - Register for checkConnection events
2023-11-14 08:57:48,076 [INFO] OpenFileManager:328 - Restore cursor
2023-11-14 08:57:49,176 [INFO] UtilMem:75 - End SaveConfig() Used Memory: 691899680 Bytes (1046478848)
2023-11-14 08:57:49,644 [INFO] UtilMem:75 - End SaveConfig() Used Memory: 703119272 Bytes (1046478848)
2023-11-14 08:57:50,297 [INFO] BlockDiagram:2759 - set Specific Code input for plugin: NVIC
2023-11-14 08:57:50,298 [INFO] BlockDiagram:2759 - set Specific Code input for plugin: RCC
2023-11-14 08:57:50,305 [INFO] CodeGenerator:793 - code generatio: config db path: C:\ST\STM32CubeIDE_1.12.1\STM32CubeIDE\plugins\com.st.stm32cube.common.mx_6.8.1.202304191431\\db\
2023-11-14 08:57:50,885 [INFO] CodeEngine:255 - oldGeneratedFile, E:\STM32_prgrm\THREE_PWM_SIGNAL_GENERATE_BHLE\MXTmpFiles\license.tmp_save
2023-11-14 08:57:51,504 [INFO] CodeEngine:279 - Generated code: E:\STM32_prgrm\THREE_PWM_SIGNAL_GENERATE_BHLE\MXTmpFiles\license.tmp
2023-11-14 08:57:51,537 [INFO] CodeEngine:255 - oldGeneratedFile, E:\STM32_prgrm\THREE_PWM_SIGNAL_GENERATE_BHLE\Core\Src\stm32f1xx_it.c_save
2023-11-14 08:57:52,628 [INFO] CodeEngine:279 - Generated code: E:\STM32_prgrm\THREE_PWM_SIGNAL_GENERATE_BHLE\Core\Src\stm32f1xx_it.c
2023-11-14 08:57:52,637 [INFO] CodeEngine:255 - oldGeneratedFile, E:\STM32_prgrm\THREE_PWM_SIGNAL_GENERATE_BHLE\Core\Inc\stm32f1xx_it.h_save
2023-11-14 08:57:52,877 [INFO] CodeEngine:279 - Generated code: E:\STM32_prgrm\THREE_PWM_SIGNAL_GENERATE_BHLE\Core\Inc\stm32f1xx_it.h
2023-11-14 08:57:52,946 [INFO] CodeEngine:255 - oldGeneratedFile, E:\STM32_prgrm\THREE_PWM_SIGNAL_GENERATE_BHLE\Core\Src\stm32f1xx_hal_msp.c_save
2023-11-14 08:57:53,379 [INFO] CodeEngine:279 - Generated code: E:\STM32_prgrm\THREE_PWM_SIGNAL_GENERATE_BHLE\Core\Src\stm32f1xx_hal_msp.c
2023-11-14 08:57:53,388 [INFO] CodeEngine:255 - oldGeneratedFile, E:\STM32_prgrm\THREE_PWM_SIGNAL_GENERATE_BHLE\MXTmpFiles\system.tmp_save
2023-11-14 08:57:53,606 [INFO] CodeEngine:279 - Generated code: E:\STM32_prgrm\THREE_PWM_SIGNAL_GENERATE_BHLE\MXTmpFiles\system.tmp
2023-11-14 08:57:53,627 [INFO] CodeEngine:311 - oldGeneratedFile, E:\STM32_prgrm\THREE_PWM_SIGNAL_GENERATE_BHLE\Core\Inc\stm32f1xx_hal_conf.h_save
2023-11-14 08:57:54,055 [INFO] CodeEngine:335 - Generated code: E:\STM32_prgrm\THREE_PWM_SIGNAL_GENERATE_BHLE\Core\Inc\stm32f1xx_hal_conf.h
2023-11-14 08:57:54,147 [INFO] CodeEngine:255 - oldGeneratedFile, E:\STM32_prgrm\THREE_PWM_SIGNAL_GENERATE_BHLE\Core\Inc\main.h_save
2023-11-14 08:57:54,561 [INFO] CodeEngine:279 - Generated code: E:\STM32_prgrm\THREE_PWM_SIGNAL_GENERATE_BHLE\Core\Inc\main.h
2023-11-14 08:57:54,572 [INFO] CodeEngine:255 - oldGeneratedFile, E:\STM32_prgrm\THREE_PWM_SIGNAL_GENERATE_BHLE\Core\Src\main.c_save
2023-11-14 08:57:54,960 [INFO] CodeEngine:279 - Generated code: E:\STM32_prgrm\THREE_PWM_SIGNAL_GENERATE_BHLE\Core\Src\main.c
2023-11-14 08:57:57,118 [INFO] ProjectBuilder:2996 - Time for Copy HAL[1] : 451mS.
2023-11-14 08:57:57,129 [INFO] ProjectBuilder:4304 - Project Generator version: 3.19.2
2023-11-14 08:57:58,986 [INFO] ConfigFileManager:1483 - The Die is : DIE412
2023-11-14 08:57:59,021 [INFO] ApiDbMcu:507 - Load IP Config File for FATFS
2023-11-14 08:57:59,041 [INFO] ApiDbMcu:507 - Load IP Config File for FREERTOS
2023-11-14 08:57:59,065 [INFO] ApiDbMcu:507 - Load IP Config File for USB_DEVICE
2023-11-14 08:58:07,421 [INFO] ProjectBuilder:4505 - Time for Generating toolchain IDE Files: 10292mS.
2023-11-14 08:58:07,423 [INFO] ProjectBuilder:2867 - Time for Copy CMSIS : 1mS.
2023-11-14 08:58:07,428 [INFO] ProjectBuilder:2867 - Time for Copy CMSIS : 0mS.
2023-11-14 08:58:09,385 [INFO] McuFinderGlobals:66 - Set McuFinderConnectedMode to true
2023-11-14 08:58:09,388 [INFO] ApiDb:448 - Save user favorites file C:\Users\This pc/.stm32cubeide/favorites.mcus.txt: 1 item(s)
2023-11-14 08:58:09,389 [INFO] ApiDb:452 - User favorites MCUs=[STM32F401RET6]
2023-11-14 08:59:44,332 [INFO] UtilMem:75 - End SaveConfig() Used Memory: 587893928 Bytes (1049624576)
2023-11-14 08:59:44,668 [INFO] UtilMem:75 - End SaveConfig() Used Memory: 604228592 Bytes (1049624576)
2023-11-14 08:59:45,469 [INFO] BlockDiagram:2759 - set Specific Code input for plugin: NVIC
2023-11-14 08:59:45,472 [INFO] BlockDiagram:2759 - set Specific Code input for plugin: GPIO
2023-11-14 08:59:45,472 [INFO] BlockDiagram:2759 - set Specific Code input for plugin: RCC
2023-11-14 08:59:45,472 [INFO] BlockDiagram:2759 - set Specific Code input for plugin: TIM1_8F1
2023-11-14 08:59:45,480 [INFO] CodeGenerator:793 - code generatio: config db path: C:\ST\STM32CubeIDE_1.12.1\STM32CubeIDE\plugins\com.st.stm32cube.common.mx_6.8.1.202304191431\\db\
2023-11-14 08:59:46,354 [INFO] CodeEngine:255 - oldGeneratedFile, E:\STM32_prgrm\THREE_PWM_SIGNAL_GENERATE_BHLE\MXTmpFiles\license.tmp_save
2023-11-14 08:59:46,905 [INFO] CodeEngine:279 - Generated code: E:\STM32_prgrm\THREE_PWM_SIGNAL_GENERATE_BHLE\MXTmpFiles\license.tmp
2023-11-14 08:59:47,013 [INFO] CodeEngine:255 - oldGeneratedFile, E:\STM32_prgrm\THREE_PWM_SIGNAL_GENERATE_BHLE\MXTmpFiles\gpio.tmp_save
2023-11-14 08:59:47,391 [INFO] CodeEngine:279 - Generated code: E:\STM32_prgrm\THREE_PWM_SIGNAL_GENERATE_BHLE\MXTmpFiles\gpio.tmp
2023-11-14 08:59:47,704 [INFO] CodeEngine:255 - oldGeneratedFile, E:\STM32_prgrm\THREE_PWM_SIGNAL_GENERATE_BHLE\Core\Src\stm32f1xx_it.c_save
2023-11-14 08:59:48,164 [INFO] CodeEngine:279 - Generated code: E:\STM32_prgrm\THREE_PWM_SIGNAL_GENERATE_BHLE\Core\Src\stm32f1xx_it.c
2023-11-14 08:59:48,180 [INFO] CodeEngine:255 - oldGeneratedFile, E:\STM32_prgrm\THREE_PWM_SIGNAL_GENERATE_BHLE\Core\Inc\stm32f1xx_it.h_save
2023-11-14 08:59:48,439 [INFO] CodeEngine:279 - Generated code: E:\STM32_prgrm\THREE_PWM_SIGNAL_GENERATE_BHLE\Core\Inc\stm32f1xx_it.h
2023-11-14 08:59:48,531 [INFO] CodeEngine:255 - oldGeneratedFile, E:\STM32_prgrm\THREE_PWM_SIGNAL_GENERATE_BHLE\Core\Src\stm32f1xx_hal_msp.c_save
2023-11-14 08:59:49,247 [INFO] CodeEngine:279 - Generated code: E:\STM32_prgrm\THREE_PWM_SIGNAL_GENERATE_BHLE\Core\Src\stm32f1xx_hal_msp.c
2023-11-14 08:59:49,260 [INFO] CodeEngine:255 - oldGeneratedFile, E:\STM32_prgrm\THREE_PWM_SIGNAL_GENERATE_BHLE\MXTmpFiles\system.tmp_save
2023-11-14 08:59:49,491 [INFO] CodeEngine:279 - Generated code: E:\STM32_prgrm\THREE_PWM_SIGNAL_GENERATE_BHLE\MXTmpFiles\system.tmp
2023-11-14 08:59:49,545 [INFO] CodeEngine:311 - oldGeneratedFile, E:\STM32_prgrm\THREE_PWM_SIGNAL_GENERATE_BHLE\Core\Inc\stm32f1xx_hal_conf.h_save
2023-11-14 08:59:50,017 [INFO] CodeEngine:335 - Generated code: E:\STM32_prgrm\THREE_PWM_SIGNAL_GENERATE_BHLE\Core\Inc\stm32f1xx_hal_conf.h
2023-11-14 08:59:50,120 [WARN] IPConfigManager:3431 - IP not found : TIM
2023-11-14 08:59:50,122 [WARN] CodeGenerator:3754 - IP not found : null
2023-11-14 08:59:50,173 [INFO] CodeEngine:255 - oldGeneratedFile, E:\STM32_prgrm\THREE_PWM_SIGNAL_GENERATE_BHLE\Core\Inc\main.h_save
2023-11-14 08:59:50,595 [INFO] CodeEngine:279 - Generated code: E:\STM32_prgrm\THREE_PWM_SIGNAL_GENERATE_BHLE\Core\Inc\main.h
2023-11-14 08:59:50,639 [INFO] CodeEngine:255 - oldGeneratedFile, E:\STM32_prgrm\THREE_PWM_SIGNAL_GENERATE_BHLE\Core\Src\main.c_save
2023-11-14 08:59:51,070 [INFO] CodeEngine:279 - Generated code: E:\STM32_prgrm\THREE_PWM_SIGNAL_GENERATE_BHLE\Core\Src\main.c
2023-11-14 08:59:53,439 [INFO] ProjectBuilder:2996 - Time for Copy HAL[1] : 433mS.
2023-11-14 08:59:53,450 [INFO] ProjectBuilder:4304 - Project Generator version: 3.19.2
2023-11-14 08:59:55,242 [INFO] ConfigFileManager:1483 - The Die is : DIE412
2023-11-14 09:00:00,456 [INFO] ProjectBuilder:4505 - Time for Generating toolchain IDE Files: 7006mS.
2023-11-14 09:00:00,458 [INFO] ProjectBuilder:2867 - Time for Copy CMSIS : 1mS.
2023-11-14 09:00:00,464 [INFO] ProjectBuilder:2867 - Time for Copy CMSIS : 0mS.
