2023-11-18 07:14:09,640 [ERROR] ServerAccessManage:1146 - Warning during Server Connection :  Unknown host sw-center.st.com
2023-11-18 07:14:09,809 [INFO] MainUpdater:2854 - connection check result : 22
2023-11-18 07:15:24,570 [ERROR] ServerAccessManage:1146 - Warning during Server Connection :  Unknown host sw-center.st.com
2023-11-18 07:15:24,576 [INFO] MainUpdater:2854 - connection check result : 22
2023-11-18 07:15:30,005 [ERROR] ServerAccessManage:1146 - Warning during Server Connection :  Unknown host sw-center.st.com
2023-11-18 07:15:30,017 [INFO] MainUpdater:2854 - connection check result : 22
2023-11-18 07:15:32,260 [INFO] ApiDb:668 - CubeFinder database Data Model version=2.1
2023-11-18 07:15:32,261 [INFO] ApiDb:669 - CubeFinder database Configuration version=3.0.37
2023-11-18 07:15:32,261 [INFO] ApiDb:670 - CubeFinder database generation date=2023-10-13 (1697197505)
2023-11-18 07:15:32,261 [INFO] ApiDb:671 - CubeFinder database FW Pack versions=[FP-ATR-ASTRA1_V2.0.0, FP-SNS-FLIGHT1_V5.0.1, FP-SNS-FLIGHT1_V5.0.2, FP-SNS-MOTENV1_V4.3.1, FP-SNS-MOTENV1_V4.3.2, FP-SNS-SMARTAG2_V1.2.0, I-CUBE-ITTIADB_V8.6.3-1, STM32Cube_FW_C0_V1.1.0, STM32Cube_FW_F4_V1.27.1, STM32Cube_FW_F7_V1.17.0, STM32Cube_FW_G0_V1.6.1, STM32Cube_FW_G4_V1.5.1, STM32Cube_FW_H5_V0.5.1, STM32Cube_FW_H5_V1.1.1, STM32Cube_FW_H7_V1.11.0, STM32Cube_FW_L0_V1.12.2, STM32Cube_FW_L5_V1.5.0, STM32Cube_FW_U5_V1.3.0, STM32Cube_FW_U5_V1.3.0RC4, STM32Cube_FW_WBA_V1.0.0RC1, STM32Cube_FW_WBA_V1.1.0RC1, STM32Cube_FW_WBA_V1.1.1, STM32Cube_FW_WB_V1.15.0RC1, STM32Cube_FW_WB_V1.16.0, STM32Cube_FW_WB_V1.16.0RC2, STM32Cube_FW_WB_V1.17.3, STM32Cube_FW_WL_V1.3.0, X-CUBE-ALGOBUILD_V1.3.0, X-CUBE-ALS_V1.0.1, X-CUBE-AZRTOS-F4_V1.1.0, X-CUBE-AZRTOS-F7_V1.1.0, X-CUBE-AZRTOS-G0_V1.1.0, X-CUBE-AZRTOS-G4_V2.0.0, X-CUBE-AZRTOS-H7_V3.1.0, X-CUBE-AZRTOS-L4_V1.0.0, X-CUBE-AZRTOS-L4_V2.0.0, X-CUBE-AZRTOS-L5_V1.1.0, X-CUBE-AZRTOS-WB_V2.0.0, X-CUBE-AZRTOS-WL_V2.0.0, X-CUBE-BLE1_V7.0.0, X-CUBE-BLE2_V3.3.0, X-CUBE-BLEMGR_V2.0.0, X-CUBE-EEPRMA1_V4.1.0, X-CUBE-FREERTOS_V1.1.0, X-CUBE-GNSS1_V6.0.0, X-CUBE-MEMS1_V10.0.0, X-CUBE-MEMS1_V9.1.0, X-CUBE-MEMS1_V9.4.0, X-CUBE-MEMS1_V9.6.0, X-CUBE-NFC4_V3.0.0, X-CUBE-NFC7_V1.0.1, X-CUBE-SFXS2LP1_V4.0.0, X-CUBE-SUBG2_V5.0.0, X-CUBE-TOF1_V3.3.1]
2023-11-18 07:15:32,780 [INFO] DbBoardsSqlite:226 - include board P-NUCLEO-WB55-NUCLEO as a kit item of type 'Nucleo-64'
2023-11-18 07:15:32,782 [INFO] DbBoardsSqlite:226 - include board P-NUCLEO-WB55-USBDONGLE as a kit item of type 'Nucleo USB Dongle'
2023-11-18 07:15:32,787 [INFO] DbBoardsSqlite:226 - include board STEVAL-IDP005V1 as a kit item of type 'Evaluation Board'
2023-11-18 07:15:32,789 [INFO] DbBoardsSqlite:226 - include board STEVAL-IDP005V2 as a kit item of type 'Evaluation Board'
2023-11-18 07:15:33,700 [INFO] ApiDb:240 - Found 297 in-development CPN: [B-G473E-ZEST1S, B-WB1M-WPAN1, B-WL5M-SUBG1, NUCLEO-C031C6, NUCLEO-H503RB, NUCLEO-H563ZI, NUCLEO-U545RE-Q, NUCLEO-U5A5ZJ-Q, NUCLEO-WBA52CG, STEVAL-PROTEUS1, STEVAL-STWINBX1, STM320518-EVAL, STM32C0116-DK, STM32C011D6Y3TR, STM32C011D6Y6TR, STM32C011F4P3, STM32C011F4P6, STM32C011F4U3, STM32C011F4U6TR, STM32C011F6P3, STM32C011F6P6, STM32C011F6U3, STM32C011F6U6TR, STM32C011J4M3, STM32C011J4M6, STM32C011J6M3, STM32C011J6M6, STM32C0316-DK, STM32C031C4T3, STM32C031C4T6, STM32C031C4U3, STM32C031C4U6, STM32C031C6T3, STM32C031C6T6, STM32C031C6U3, STM32C031C6U6, STM32C031F4P3, STM32C031F4P6, STM32C031F6P3, STM32C031F6P6, STM32C031G4U3, STM32C031G4U6, STM32C031G6U3, STM32C031G6U6, STM32C031K4T3, STM32C031K4T6, STM32C031K4U3, STM32C031K4U6, STM32C031K6T3, STM32C031K6T6, STM32C031K6U3, STM32C031K6U6, STM32G071K8TXN, STM32G071K8UXN, STM32G081GBU6N, STM32G081KBT6N, STM32G081KBUXN, STM32G0B1CCT6N, STM32G0B1KCT6, STM32G0B1NEY6TR, STM32G0B1RCT6N, STM32G0C1CCT6, STM32G0C1CCT6N, STM32G0C1CCU6N, STM32G0C1CET6N, STM32G0C1CEU6N, STM32G0C1KCT6, STM32G0C1NEY6TR, STM32G0C1RCI6N, STM32G0C1RCT6N, STM32G0C1REI6N, STM32G0C1RET6N, STM32G0C1VCI6, STM32G0C1VEI6, STM32G471CCT6, STM32G471CCU6, STM32G471CET3, STM32G471CET6, STM32G471CEU3, STM32G471CEU6, STM32G471MCT6, STM32G471MET3, STM32G471MET6, STM32G471MEY6TR, STM32G471QCT6, STM32G471QET3, STM32G471RCT6, STM32G471RET3, STM32G471RET6, STM32G471VCH6, STM32G471VCI6, STM32G471VCT6, STM32G471VEH3, STM32G471VEH6, STM32G471VEI3, STM32G471VEI6, STM32G471VET3, STM32G471VET6, STM32G474CCT6, STM32H503CBT6, STM32H503CBU6, STM32H503EBY6TR, STM32H503KBU6, STM32H503RBT6, STM32H562AGI6, STM32H562AII6, STM32H562IGK6, STM32H562IGT6, STM32H562IIK6, STM32H562IIT6, STM32H562RGT6, STM32H562RGV6, STM32H562RIT6, STM32H562RIV6, STM32H562VGT6, STM32H562VIT6, STM32H562ZGT6, STM32H562ZIT6, STM32H563AGI6, STM32H563AII3Q, STM32H563AII6, STM32H563IGK6, STM32H563IGT6, STM32H563IIK3Q, STM32H563IIK6, STM32H563IIT3Q, STM32H563IIT6, STM32H563MIY3QTR, STM32H563RGT6, STM32H563RGV6, STM32H563RIT6, STM32H563RIV6, STM32H563VGT6, STM32H563VIT3Q, STM32H563VIT6, STM32H563ZGT6, STM32H563ZIT3Q, STM32H563ZIT6, STM32H573AII3Q, STM32H573AII6, STM32H573I-DK, STM32H573IIK3Q, STM32H573IIK6, STM32H573IIT3Q, STM32H573IIT6, STM32H573MIY3QTR, STM32H573RIT6, STM32H573RIV6, STM32H573VIT3Q, STM32H573VIT6, STM32H573ZIT3Q, STM32H573ZIT6, STM32L4R5QGI6STR, STM32MP131AAE3, STM32MP131AAF3, STM32MP131AAG3, STM32MP131CAE3, STM32MP131CAF3, STM32MP131CAG3, STM32MP131DAE7, STM32MP131DAF7, STM32MP131DAG7, STM32MP131FAE7, STM32MP131FAF7, STM32MP131FAG7, STM32MP133AAE3, STM32MP133AAF3, STM32MP133AAG3, STM32MP133CAE3, STM32MP133CAF3, STM32MP133CAG3, STM32MP133DAE7, STM32MP133DAF7, STM32MP133DAG7, STM32MP133FAE7, STM32MP133FAF7, STM32MP133FAG7, STM32MP135AAE3, STM32MP135AAF3, STM32MP135AAG3, STM32MP135CAE3, STM32MP135CAF3, STM32MP135CAG3, STM32MP135DAE7, STM32MP135DAF7, STM32MP135DAG7, STM32MP135F-DK, STM32MP135FAE7, STM32MP135FAF7, STM32MP135FAF7T, STM32MP135FAF7U, STM32MP135FAG7, STM32U535CBT6, STM32U535CBT6Q, STM32U535CBU6, STM32U535CBU6Q, STM32U535CCT6, STM32U535CCT6Q, STM32U535CCU6, STM32U535CCU6Q, STM32U535CET6, STM32U535CET6Q, STM32U535CEU6, STM32U535CEU6Q, STM32U535JEY6QTR, STM32U535NCY6QTR, STM32U535NEY6QTR, STM32U535RBI6, STM32U535RBI6Q, STM32U535RBT6, STM32U535RBT6Q, STM32U535RCI6, STM32U535RCI6Q, STM32U535RCT6, STM32U535RCT6Q, STM32U535REI6, STM32U535REI6Q, STM32U535RET6, STM32U535RET6Q, STM32U535VCI6, STM32U535VCI6Q, STM32U535VCT6, STM32U535VCT6Q, STM32U535VEI6, STM32U535VEI6Q, STM32U535VET6, STM32U535VET6Q, STM32U545CET6, STM32U545CET6Q, STM32U545CEU6, STM32U545CEU6Q, STM32U545JEY6QTR, STM32U545NEY6QTR, STM32U545REI6, STM32U545REI6Q, STM32U545RET6, STM32U545RET6Q, STM32U545VEI6, STM32U545VEI6Q, STM32U545VET6, STM32U545VET6Q, STM32U595AIH6, STM32U595AIH6Q, STM32U595AJH6, STM32U595AJH6Q, STM32U595QII6, STM32U595QII6Q, STM32U595QJI6, STM32U595QJI6Q, STM32U595RIT6, STM32U595RIT6Q, STM32U595RJT6, STM32U595RJT6Q, STM32U595VIT6, STM32U595VIT6Q, STM32U595VJT6, STM32U595VJT6Q, STM32U595ZIT6, STM32U595ZIT6Q, STM32U595ZIY6QTR, STM32U595ZJT6, STM32U595ZJT6Q, STM32U595ZJY6QTR, STM32U599BJY6QTR, STM32U599NIH6Q, STM32U599NJH6Q, STM32U599VIT6Q, STM32U599VJT6, STM32U599VJT6Q, STM32U599ZIT6Q, STM32U599ZIY6QTR, STM32U599ZJT6Q, STM32U599ZJY6QTR, STM32U5A5AJH6, STM32U5A5AJH6Q, STM32U5A5QJI6, STM32U5A5QJI6Q, STM32U5A5RJT6, STM32U5A5RJT6Q, STM32U5A5VJT6, STM32U5A5VJT6Q, STM32U5A5ZJT6, STM32U5A5ZJT6Q, STM32U5A5ZJY6QTR, STM32U5A9BJY6QTR, STM32U5A9J-DK, STM32U5A9NJH6Q, STM32U5A9VJT6Q, STM32U5A9ZJT6Q, STM32U5A9ZJY6QTR, STM32WB1MMCH6, STM32WBA52CEU6, STM32WBA52CEU6T, STM32WBA52CGU6, STM32WBA52CGU6T, STM32WL5MOCH6, STM32WL5MOCH6TR]
2023-11-18 07:15:34,554 [INFO] BoardInfo:880 - No configuration file found for board P-NUCLEO-WB55
2023-11-18 07:15:34,565 [INFO] DbBoards:157 - Kit is not supported: P-NUCLEO-WB55
2023-11-18 07:15:34,605 [INFO] BoardInfo:880 - No configuration file found for board STEVAL-BFA001V1B
2023-11-18 07:15:34,606 [INFO] DbBoards:157 - Kit is not supported: STEVAL-BFA001V1B
2023-11-18 07:15:34,612 [INFO] BoardInfo:880 - No configuration file found for board STEVAL-BFA001V2B
2023-11-18 07:15:34,612 [INFO] DbBoards:157 - Kit is not supported: STEVAL-BFA001V2B
2023-11-18 07:15:34,646 [INFO] BoardInfo:880 - No configuration file found for board STEVAL-SMARTAG2
2023-11-18 07:15:34,646 [INFO] DbBoards:157 - Board is not supported: STEVAL-SMARTAG2
2023-11-18 07:15:35,279 [INFO] DbBoards:161 - Found 188 boards, 184 are supported
2023-11-18 07:15:35,293 [INFO] ApiDb:423 - Load user favorites file C:\Users\This pc/.stm32cubeide/favorites.boards.txt: 0 item(s)
2023-11-18 07:15:35,293 [INFO] ApiDb:427 - User favorites Boards=[]
2023-11-18 07:15:35,294 [INFO] DbBoards:190 - Set 0 / 0 favorites Boards
2023-11-18 07:15:35,297 [INFO] McuFinderGlobals:66 - Set McuFinderConnectedMode to false
2023-11-18 07:15:35,329 [INFO] MultiScanPanel:200 - Auto-refresh data requested => check proxy status ongoing
2023-11-18 07:15:35,329 [INFO] MultiScanPanel:204 - Proxy status is invalid
2023-11-18 07:15:35,345 [INFO] FinderPluginLoader:95 - Searching for filters in installed packs
2023-11-18 07:15:43,054 [INFO] DetailPanel:341 - Set advertising image to C:/Users/This pc/STM32Cube/Repository/\en.prom-stm32h5-mcu-finder.jpg
2023-11-18 07:20:34,898 [ERROR] ServerAccessManage:1146 - Warning during Server Connection :  Unknown host sw-center.st.com
2023-11-18 07:20:34,904 [INFO] MainUpdater:2854 - connection check result : 22
2023-11-18 07:20:34,936 [ERROR] ServerAccessManage:1146 - Warning during Server Connection :  Unknown host sw-center.st.com
2023-11-18 07:20:34,940 [INFO] MainUpdater:2854 - connection check result : 22
2023-11-18 07:20:48,444 [ERROR] ServerAccessManage:1146 - Warning during Server Connection :  Unknown host sw-center.st.com
2023-11-18 07:20:48,450 [INFO] MainUpdater:2854 - connection check result : 22
2023-11-18 07:20:51,672 [INFO] MicroXplorer:468 - Change Database Path : 
2023-11-18 07:20:51,673 [INFO] MicroXplorer:498 - Change Database Version : DB.6.0.81
2023-11-18 07:20:51,754 [WARN] ThirdParty:871 - waiting for thirdparty lock release [close project]
2023-11-18 07:20:51,754 [INFO] ThirdParty:873 - entering critical section [close project]
2023-11-18 07:20:51,755 [INFO] ThirdParty:883 - exiting critical section [close project]
2023-11-18 07:20:51,759 [INFO] PinOutPanel:1499 - setPackage(No Configuration,No Configuration)
2023-11-18 07:20:51,777 [INFO] UtilMem:75 - Begin LoadConfig() Used Memory: 312134112 Bytes (665845760)
2023-11-18 07:20:51,778 [INFO] MicroXplorer:468 - Change Database Path : 
2023-11-18 07:20:51,779 [INFO] MicroXplorer:498 - Change Database Version : DB.6.0.81
2023-11-18 07:20:51,779 [INFO] OpenFileManager:308 - Change cursor
2023-11-18 07:20:51,847 [INFO] RulesReader:64 - Compatibility file has been processed (293 Rules)
2023-11-18 07:20:52,104 [INFO] Mcu:1937 - Initializing MCU STM32F446RETx STM32F446RETx 
2023-11-18 07:20:52,107 [INFO] Mcu:1950 - No CPN specified => set CPN to STM32F446RET6
2023-11-18 07:20:59,312 [INFO] Context:659 - Trying to add GPIOservice into a context  which must be forbidden
2023-11-18 07:21:00,844 [INFO] ImportTextPane:194 - (OptionalMessage_ERROR) Unable to find key (Mcu.ThirdPartyNb) in loaded IOC file
2023-11-18 07:21:00,845 [INFO] ImportTextPane:194 - (OptionalMessage_ERROR) Unable to find key (Mcu.PinsNb) in loaded IOC file
2023-11-18 07:21:00,845 [INFO] ImportTextPane:194 - (OptionalMessage_ERROR) Unable to find key (Mcu.IPNb) in loaded IOC file
2023-11-18 07:21:01,315 [INFO] RtosManager:555 - Registered RTOS mode: class=CMSIS, group=RTOS, mode=CMSIS_V1, owner=FREERTOS
2023-11-18 07:21:01,315 [INFO] RtosManager:555 - Registered RTOS mode: class=CMSIS, group=RTOS2, mode=CMSIS_V2, owner=FREERTOS
2023-11-18 07:21:01,315 [INFO] RtosManager:555 - Registered RTOS mode: class=RTOS, group=Core, mode=CMSIS_V1, owner=FREERTOS
2023-11-18 07:21:01,316 [INFO] RtosManager:555 - Registered RTOS mode: class=RTOS, group=Core, mode=CMSIS_V2, owner=FREERTOS
2023-11-18 07:21:01,316 [WARN] ModelIntegratedComponent:184 - Missing modes for component STMicroelectronics:FreeRTOS:0.0.1:STMicroelectronics:RTOS:FreeRTOS:Core:::10.2.0:
2023-11-18 07:21:01,375 [WARN] ModelIntegratedComponent:63 - No mode defined for component null
2023-11-18 07:21:01,376 [WARN] ModelIntegratedComponent:63 - No mode defined for component null
2023-11-18 07:21:01,376 [WARN] ModelIntegratedComponent:63 - No mode defined for component null
2023-11-18 07:21:01,376 [WARN] ModelIntegratedComponent:63 - No mode defined for component null
2023-11-18 07:21:01,377 [WARN] ModelIntegratedComponent:63 - No mode defined for component null
2023-11-18 07:21:01,377 [WARN] ModelIntegratedComponent:63 - No mode defined for component null
2023-11-18 07:21:01,377 [WARN] ModelIntegratedComponent:63 - No mode defined for component null
2023-11-18 07:21:01,377 [WARN] ModelIntegratedComponent:63 - No mode defined for component null
2023-11-18 07:21:01,378 [WARN] ModelIntegratedComponent:63 - No mode defined for component null
2023-11-18 07:21:01,378 [WARN] ModelIntegratedComponent:63 - No mode defined for component null
2023-11-18 07:21:01,378 [WARN] ModelIntegratedComponent:63 - No mode defined for component null
2023-11-18 07:21:01,378 [WARN] ModelIntegratedComponent:63 - No mode defined for component null
2023-11-18 07:21:01,378 [WARN] ModelIntegratedComponent:63 - No mode defined for component null
2023-11-18 07:21:01,379 [WARN] ModelIntegratedComponent:63 - No mode defined for component null
2023-11-18 07:21:01,379 [WARN] ModelIntegratedComponent:63 - No mode defined for component null
2023-11-18 07:21:01,379 [WARN] ModelIntegratedComponent:63 - No mode defined for component null
2023-11-18 07:21:01,379 [WARN] ModelIntegratedComponent:63 - No mode defined for component null
2023-11-18 07:21:01,379 [WARN] ModelIntegratedComponent:63 - No mode defined for component null
2023-11-18 07:21:01,380 [WARN] ModelIntegratedComponent:63 - No mode defined for component null
2023-11-18 07:21:01,380 [WARN] ModelIntegratedComponent:63 - No mode defined for component null
2023-11-18 07:21:01,380 [WARN] ModelIntegratedComponent:63 - No mode defined for component null
2023-11-18 07:21:01,380 [WARN] ModelIntegratedComponent:63 - No mode defined for component null
2023-11-18 07:21:01,380 [WARN] ModelIntegratedComponent:63 - No mode defined for component null
2023-11-18 07:21:01,380 [WARN] ModelIntegratedComponent:63 - No mode defined for component null
2023-11-18 07:21:01,381 [WARN] ModelIntegratedComponent:63 - No mode defined for component null
2023-11-18 07:21:01,381 [WARN] ModelIntegratedComponent:63 - No mode defined for component null
2023-11-18 07:21:01,382 [WARN] ModelIntegratedComponent:63 - No mode defined for component null
2023-11-18 07:21:01,383 [WARN] ModelIntegratedComponent:63 - No mode defined for component null
2023-11-18 07:21:01,383 [WARN] ModelIntegratedComponent:63 - No mode defined for component null
2023-11-18 07:21:01,383 [WARN] ModelIntegratedComponent:63 - No mode defined for component null
2023-11-18 07:21:01,384 [WARN] ModelIntegratedComponent:63 - No mode defined for component null
2023-11-18 07:21:01,384 [WARN] ModelIntegratedComponent:63 - No mode defined for component null
2023-11-18 07:21:01,384 [WARN] ModelIntegratedComponent:63 - No mode defined for component null
2023-11-18 07:21:01,711 [INFO] ThirdPartyModel:298 - Start build external matchings
2023-11-18 07:21:04,396 [INFO] ThirdPartyModel:316 - End build external matchings
2023-11-18 07:21:06,095 [INFO] UtilMem:75 - End LoadConfig() Used Memory: 354673224 Bytes (665845760)
2023-11-18 07:21:06,182 [WARN] ThirdParty:833 - waiting for thirdparty lock release [change project]
2023-11-18 07:21:06,184 [INFO] ThirdParty:835 - entering critical section [change project]
2023-11-18 07:21:06,185 [INFO] ThirdParty:1030 - CMSIS Pack Vendor :STMicroelectronics X-CUBE-ISPU 1.1.0
2023-11-18 07:21:06,187 [INFO] ThirdParty:1030 - CMSIS Pack Vendor :STMicroelectronics X-CUBE-GNSS1 6.0.0
2023-11-18 07:21:06,188 [INFO] ThirdParty:1030 - CMSIS Pack Vendor :STMicroelectronics USB_HOST 2.0.0
2023-11-18 07:21:06,188 [INFO] ThirdParty:1030 - CMSIS Pack Vendor :STMicroelectronics X-CUBE-AZRTOS-F4 1.1.0
2023-11-18 07:21:06,189 [INFO] ThirdParty:1030 - CMSIS Pack Vendor :STMicroelectronics LIBJPEG 8.0.0
2023-11-18 07:21:06,189 [INFO] ThirdParty:1030 - CMSIS Pack Vendor :STMicroelectronics X-CUBE-SMBUS 2.1.0
2023-11-18 07:21:06,189 [INFO] ThirdParty:1030 - CMSIS Pack Vendor :wolfSSL I-CUBE-wolfSSL 5.6.0
2023-11-18 07:21:06,189 [INFO] ThirdParty:1030 - CMSIS Pack Vendor :STMicroelectronics USB_DEVICE 3.0.0
2023-11-18 07:21:06,192 [INFO] ThirdParty:1030 - CMSIS Pack Vendor :STMicroelectronics X-CUBE-AZRTOS-WB 2.0.0
2023-11-18 07:21:06,193 [INFO] ThirdParty:1030 - CMSIS Pack Vendor :STMicroelectronics X-CUBE-FREERTOS 1.0.1
2023-11-18 07:21:06,193 [INFO] ThirdParty:1030 - CMSIS Pack Vendor :STMicroelectronics X-CUBE-AZRTOS-F7 1.1.0
2023-11-18 07:21:06,193 [INFO] ThirdParty:1030 - CMSIS Pack Vendor :STMicroelectronics X-CUBE-TOUCHGFX 4.21.4
2023-11-18 07:21:06,193 [INFO] ThirdParty:1030 - CMSIS Pack Vendor :STMicroelectronics X-CUBE-AZRTOS-L5 2.0.0
2023-11-18 07:21:06,193 [INFO] ThirdParty:1030 - CMSIS Pack Vendor :STMicroelectronics USB_DEVICE 2.0.0
2023-11-18 07:21:06,193 [INFO] ThirdParty:1030 - CMSIS Pack Vendor :STMicroelectronics X-CUBE-MEMS1 9.6.0
2023-11-18 07:21:06,194 [INFO] ThirdParty:1030 - CMSIS Pack Vendor :STMicroelectronics X-CUBE-EEPRMA1 4.2.0
2023-11-18 07:21:06,194 [INFO] ThirdParty:1030 - CMSIS Pack Vendor :ITTIA_DB I-CUBE-ITTIADB 8.8.0
2023-11-18 07:21:06,194 [INFO] ThirdParty:1030 - CMSIS Pack Vendor :STMicroelectronics FP-SNS-MOTENV1 4.3.0
2023-11-18 07:21:06,194 [INFO] ThirdParty:1030 - CMSIS Pack Vendor :STMicroelectronics FP-SNS-MOTENV1 4.3.2
2023-11-18 07:21:06,194 [INFO] ThirdParty:1030 - CMSIS Pack Vendor :STMicroelectronics FP-SNS-FLIGHT1 5.0.0
2023-11-18 07:21:06,194 [INFO] ThirdParty:1030 - CMSIS Pack Vendor :STMicroelectronics FP-SNS-MOTENV1 4.3.1
2023-11-18 07:21:06,195 [INFO] ThirdParty:1030 - CMSIS Pack Vendor :STMicroelectronics FP-SNS-FLIGHT1 5.0.1
2023-11-18 07:21:06,195 [INFO] ThirdParty:1030 - CMSIS Pack Vendor :STMicroelectronics X-CUBE-ALGOBUILD 1.3.0
2023-11-18 07:21:06,195 [INFO] ThirdParty:1030 - CMSIS Pack Vendor :STMicroelectronics X-CUBE-BLE1 6.2.4
2023-11-18 07:21:06,195 [INFO] ThirdParty:1030 - CMSIS Pack Vendor :STMicroelectronics X-CUBE-AZRTOS-L5 1.1.0
2023-11-18 07:21:06,195 [INFO] ThirdParty:1030 - CMSIS Pack Vendor :STMicroelectronics FreeRTOS 0.0.1
2023-11-18 07:21:06,195 [INFO] ThirdParty:1030 - CMSIS Pack Vendor :STMicroelectronics X-CUBE-AZRTOS-G0 1.1.0
2023-11-18 07:21:06,196 [INFO] ThirdParty:1030 - CMSIS Pack Vendor :emotas I-CUBE-CANOPEN 1.1.3
2023-11-18 07:21:06,196 [INFO] ThirdParty:1030 - CMSIS Pack Vendor :STMicroelectronics X-CUBE-BLEMGR 2.0.0
2023-11-18 07:21:06,196 [INFO] ThirdParty:1030 - CMSIS Pack Vendor :STMicroelectronics X-CUBE-AI 8.0.1
2023-11-18 07:21:06,196 [INFO] ThirdParty:1030 - CMSIS Pack Vendor :STMicroelectronics X-CUBE-NFC4 3.0.0
2023-11-18 07:21:06,196 [INFO] ThirdParty:1030 - CMSIS Pack Vendor :STMicroelectronics X-CUBE-SUBG2 5.0.0
2023-11-18 07:21:06,196 [INFO] ThirdParty:1030 - CMSIS Pack Vendor :STMicroelectronics STM32_WPAN 1.0.0
2023-11-18 07:21:06,197 [INFO] ThirdParty:1030 - CMSIS Pack Vendor :STMicroelectronics lwIP 2.0.3
2023-11-18 07:21:06,197 [INFO] ThirdParty:1030 - CMSIS Pack Vendor :STMicroelectronics FP-SNS-FLIGHT1 5.0.2
2023-11-18 07:21:06,197 [INFO] ThirdParty:1030 - CMSIS Pack Vendor :STMicroelectronics USB_HOST 1.0.0
2023-11-18 07:21:06,197 [INFO] ThirdParty:1030 - CMSIS Pack Vendor :STMicroelectronics X-CUBE-TOF1 3.3.1
2023-11-18 07:21:06,197 [INFO] ThirdParty:1030 - CMSIS Pack Vendor :STMicroelectronics X-CUBE-AZRTOS-G4 2.0.0
2023-11-18 07:21:06,198 [INFO] ThirdParty:1030 - CMSIS Pack Vendor :STMicroelectronics PDM2PCM 3.1.0
2023-11-18 07:21:06,198 [INFO] ThirdParty:1030 - CMSIS Pack Vendor :STMicroelectronics X-CUBE-AZRTOS-H7 3.1.0
2023-11-18 07:21:06,198 [INFO] ThirdParty:1030 - CMSIS Pack Vendor :STMicroelectronics X-CUBE-TOF1 3.3.0
2023-11-18 07:21:06,205 [INFO] ThirdParty:1030 - CMSIS Pack Vendor :Infineon AIROC-Wi-Fi-Bluetooth-STM32 1.5.1
2023-11-18 07:21:06,210 [INFO] ThirdParty:1030 - CMSIS Pack Vendor :STMicroelectronics X-CUBE-BLEMGR 3.0.0
2023-11-18 07:21:06,210 [INFO] ThirdParty:1030 - CMSIS Pack Vendor :STMicroelectronics PDM2PCM 3.3.0
2023-11-18 07:21:06,211 [INFO] ThirdParty:1030 - CMSIS Pack Vendor :STMicroelectronics X-CUBE-DISPLAY 3.0.0
2023-11-18 07:21:06,211 [INFO] ThirdParty:1030 - CMSIS Pack Vendor :STMicroelectronics FP-SNS-MOTENVWB1 1.3.0
2023-11-18 07:21:06,212 [INFO] ThirdParty:1030 - CMSIS Pack Vendor :STMicroelectronics X-CUBE-BLE1 7.0.0
2023-11-18 07:21:06,212 [INFO] ThirdParty:1030 - CMSIS Pack Vendor :STMicroelectronics FP-ATR-SIGFOX1 3.2.0
2023-11-18 07:21:06,212 [INFO] ThirdParty:1030 - CMSIS Pack Vendor :STMicroelectronics X-CUBE-AZRTOS-L4 1.0.0
2023-11-18 07:21:06,212 [INFO] ThirdParty:1030 - CMSIS Pack Vendor :STMicroelectronics HAL Drivers 0.0.0
2023-11-18 07:21:06,212 [INFO] ThirdParty:1030 - CMSIS Pack Vendor :STMicroelectronics MBEDTLS 2.16.2
2023-11-18 07:21:06,213 [INFO] ThirdParty:1030 - CMSIS Pack Vendor :STMicroelectronics X-CUBE-MEMS1 10.0.0
2023-11-18 07:21:06,213 [INFO] ThirdParty:1030 - CMSIS Pack Vendor :STMicroelectronics X-CUBE-FREERTOS 1.1.0
2023-11-18 07:21:06,213 [INFO] ThirdParty:1030 - CMSIS Pack Vendor :STMicroelectronics X-CUBE-TOUCHGFX 4.22.0
2023-11-18 07:21:06,213 [INFO] ThirdParty:1030 - CMSIS Pack Vendor :STMicroelectronics X-CUBE-NFC7 1.0.1
2023-11-18 07:21:06,213 [INFO] ThirdParty:1030 - CMSIS Pack Vendor :STMicroelectronics MBEDTLS 2.14.1
2023-11-18 07:21:06,213 [INFO] ThirdParty:1030 - CMSIS Pack Vendor :STMicroelectronics X-CUBE-NFC7 1.0.0
2023-11-18 07:21:06,214 [INFO] ThirdParty:1030 - CMSIS Pack Vendor :STMicroelectronics X-CUBE-TOUCHGFX 4.22.1
2023-11-18 07:21:06,214 [INFO] ThirdParty:1030 - CMSIS Pack Vendor :STMicroelectronics X-CUBE-AZRTOS-WL 1.0.0
2023-11-18 07:21:06,214 [INFO] ThirdParty:1030 - CMSIS Pack Vendor :STMicroelectronics X-CUBE-NFC6 3.0.0
2023-11-18 07:21:06,214 [INFO] ThirdParty:1030 - CMSIS Pack Vendor :STMicroelectronics X-CUBE-EEPRMA1 4.1.0
2023-11-18 07:21:06,215 [INFO] ThirdParty:1030 - CMSIS Pack Vendor :portGmbH I-Cube-SoM-uGOAL 1.1.0
2023-11-18 07:21:06,215 [INFO] ThirdParty:1030 - CMSIS Pack Vendor :STMicroelectronics X-CUBE-ALS 1.0.1
2023-11-18 07:21:06,215 [INFO] ThirdParty:1030 - CMSIS Pack Vendor :STMicroelectronics ThreadX 1.0.0
2023-11-18 07:21:06,215 [INFO] ThirdParty:1030 - CMSIS Pack Vendor :STMicroelectronics FP-SNS-SMARTAG2 1.2.0
2023-11-18 07:21:06,216 [INFO] ThirdParty:1030 - CMSIS Pack Vendor :STMicroelectronics X-CUBE-AZRTOS-WB 1.1.0
2023-11-18 07:21:06,219 [INFO] ThirdParty:1030 - CMSIS Pack Vendor :STMicroelectronics X-CUBE-AZRTOS-WL 2.0.0
2023-11-18 07:21:06,219 [INFO] ThirdParty:1030 - CMSIS Pack Vendor :SEGGER I-CUBE-embOS 1.3.1
2023-11-18 07:21:06,219 [INFO] ThirdParty:1030 - CMSIS Pack Vendor :STMicroelectronics USB_DEVICE 1.0.0
2023-11-18 07:21:06,220 [INFO] ThirdParty:1030 - CMSIS Pack Vendor :STMicroelectronics X-CUBE-AI 8.1.0
2023-11-18 07:21:06,220 [INFO] ThirdParty:1030 - CMSIS Pack Vendor :STMicroelectronics X-CUBE-AZRTOS-L4 2.0.0
2023-11-18 07:21:06,220 [INFO] ThirdParty:1030 - CMSIS Pack Vendor :STMicroelectronics ThreadX 0.0.2
2023-11-18 07:21:06,220 [INFO] ThirdParty:1030 - CMSIS Pack Vendor :WES I-CUBE-Cesium 1.3.0
2023-11-18 07:21:06,220 [INFO] ThirdParty:1030 - CMSIS Pack Vendor :STMicroelectronics FP-ATR-ASTRA1 2.0.0
2023-11-18 07:21:06,220 [INFO] ThirdParty:1030 - CMSIS Pack Vendor :STMicroelectronics lwIP 2.1.2
2023-11-18 07:21:06,221 [INFO] ThirdParty:1030 - CMSIS Pack Vendor :STMicroelectronics X-CUBE-SFXS2LP1 4.0.0
2023-11-18 07:21:06,221 [INFO] ThirdParty:1030 - CMSIS Pack Vendor :STMicroelectronics X-CUBE-BLE2 3.3.0
2023-11-18 07:21:06,221 [INFO] ThirdParty:1030 - CMSIS Pack Vendor :STMicroelectronics PDM2PCM 3.2.0
2023-11-18 07:21:06,222 [INFO] ThirdParty:841 - exiting critical section [change project]
2023-11-18 07:21:07,796 [INFO] PinOutPanel:1499 - setPackage(No Configuration,No Configuration)
2023-11-18 07:21:07,800 [INFO] PinOutPanel:1499 - setPackage(STM32F446RETx,LQFP64)
2023-11-18 07:21:09,382 [INFO] UtilMem:75 - Before build in PCC Used Memory: 288594784 Bytes (665845760)
2023-11-18 07:21:10,592 [INFO] UtilMem:75 - After build in PCC Used Memory: 315401216 Bytes (665845760)
2023-11-18 07:21:10,710 [INFO] IPUIPlugin:80 - create IPUIPlugin
2023-11-18 07:21:10,711 [INFO] IPUIPlugin:80 - create IPUIPlugin
2023-11-18 07:21:10,711 [INFO] IPUIPlugin:80 - create IPUIPlugin
2023-11-18 07:21:10,712 [INFO] IPUIPlugin:80 - create IPUIPlugin
2023-11-18 07:21:10,712 [INFO] IPUIPlugin:80 - create IPUIPlugin
2023-11-18 07:21:10,713 [INFO] IPUIPlugin:80 - create IPUIPlugin
2023-11-18 07:21:10,714 [INFO] IPUIPlugin:80 - create IPUIPlugin
2023-11-18 07:21:10,715 [INFO] IPUIPlugin:80 - create IPUIPlugin
2023-11-18 07:21:10,715 [INFO] IPUIPlugin:80 - create IPUIPlugin
2023-11-18 07:21:10,718 [INFO] IPUIPlugin:80 - create IPUIPlugin
2023-11-18 07:21:10,719 [INFO] IPUIPlugin:80 - create IPUIPlugin
2023-11-18 07:21:10,720 [INFO] IPUIPlugin:80 - create IPUIPlugin
2023-11-18 07:21:10,721 [INFO] IPUIPlugin:80 - create IPUIPlugin
2023-11-18 07:21:10,722 [INFO] IPUIPlugin:80 - create IPUIPlugin
2023-11-18 07:21:10,723 [INFO] IPUIPlugin:80 - create IPUIPlugin
2023-11-18 07:21:10,724 [INFO] IPUIPlugin:80 - create IPUIPlugin
2023-11-18 07:21:10,725 [INFO] IPUIPlugin:80 - create IPUIPlugin
2023-11-18 07:21:10,726 [INFO] IPUIPlugin:80 - create IPUIPlugin
2023-11-18 07:21:10,726 [INFO] IPUIPlugin:80 - create IPUIPlugin
2023-11-18 07:21:10,727 [INFO] IPUIPlugin:80 - create IPUIPlugin
2023-11-18 07:21:10,728 [INFO] IPUIPlugin:80 - create IPUIPlugin
2023-11-18 07:21:10,729 [INFO] IPUIPlugin:80 - create IPUIPlugin
2023-11-18 07:21:10,730 [INFO] IPUIPlugin:80 - create IPUIPlugin
2023-11-18 07:21:10,731 [INFO] IPUIPlugin:80 - create IPUIPlugin
2023-11-18 07:21:10,733 [INFO] IPUIPlugin:80 - create IPUIPlugin
2023-11-18 07:21:10,735 [INFO] IPUIPlugin:80 - create IPUIPlugin
2023-11-18 07:21:10,736 [INFO] IPUIPlugin:80 - create IPUIPlugin
2023-11-18 07:21:10,737 [INFO] IPUIPlugin:80 - create IPUIPlugin
2023-11-18 07:21:10,738 [INFO] IPUIPlugin:80 - create IPUIPlugin
2023-11-18 07:21:10,739 [INFO] IPUIPlugin:80 - create IPUIPlugin
2023-11-18 07:21:10,740 [INFO] IPUIPlugin:80 - create IPUIPlugin
2023-11-18 07:21:10,741 [INFO] IPUIPlugin:80 - create IPUIPlugin
2023-11-18 07:21:10,742 [INFO] IPUIPlugin:80 - create IPUIPlugin
2023-11-18 07:21:10,743 [INFO] IPUIPlugin:80 - create IPUIPlugin
2023-11-18 07:21:10,744 [INFO] IPUIPlugin:80 - create IPUIPlugin
2023-11-18 07:21:10,745 [INFO] IPUIPlugin:80 - create IPUIPlugin
2023-11-18 07:21:10,746 [INFO] IPUIPlugin:80 - create IPUIPlugin
2023-11-18 07:21:10,747 [INFO] IPUIPlugin:80 - create IPUIPlugin
2023-11-18 07:21:10,748 [INFO] IPUIPlugin:80 - create IPUIPlugin
2023-11-18 07:21:10,750 [INFO] IPUIPlugin:80 - create IPUIPlugin
2023-11-18 07:21:10,751 [INFO] IPUIPlugin:80 - create IPUIPlugin
2023-11-18 07:21:10,752 [INFO] IPUIPlugin:80 - create IPUIPlugin
2023-11-18 07:21:10,754 [INFO] IPUIPlugin:80 - create IPUIPlugin
2023-11-18 07:21:10,755 [INFO] IPUIPlugin:80 - create IPUIPlugin
2023-11-18 07:21:10,756 [INFO] IPUIPlugin:80 - create IPUIPlugin
2023-11-18 07:21:10,758 [INFO] IPUIPlugin:80 - create IPUIPlugin
2023-11-18 07:21:10,759 [INFO] IPUIPlugin:80 - create IPUIPlugin
2023-11-18 07:21:10,760 [INFO] IPUIPlugin:80 - create IPUIPlugin
2023-11-18 07:21:10,762 [INFO] IPUIPlugin:80 - create IPUIPlugin
2023-11-18 07:21:10,763 [INFO] IPUIPlugin:80 - create IPUIPlugin
2023-11-18 07:21:10,765 [INFO] IPUIPlugin:80 - create IPUIPlugin
2023-11-18 07:21:10,767 [INFO] IPUIPlugin:80 - create IPUIPlugin
2023-11-18 07:21:10,769 [INFO] IPUIPlugin:80 - create IPUIPlugin
2023-11-18 07:21:10,770 [INFO] IPUIPlugin:80 - create IPUIPlugin
2023-11-18 07:21:10,772 [INFO] IPUIPlugin:80 - create IPUIPlugin
2023-11-18 07:21:10,774 [INFO] IPUIPlugin:80 - create IPUIPlugin
2023-11-18 07:21:10,776 [INFO] IPUIPlugin:80 - create IPUIPlugin
2023-11-18 07:21:10,778 [INFO] IPUIPlugin:80 - create IPUIPlugin
2023-11-18 07:21:10,785 [INFO] IPUIPlugin:80 - create IPUIPlugin
2023-11-18 07:21:10,787 [INFO] IPUIPlugin:80 - create IPUIPlugin
2023-11-18 07:21:10,847 [INFO] ApiDbMcu:507 - Load IP Config File for PDM2PCM
2023-11-18 07:21:10,937 [INFO] CADModel:165 - CPN selected for project levelSTM32F446RET6
2023-11-18 07:21:10,938 [INFO] CADModel:114 - Register for checkConnection events
2023-11-18 07:21:11,031 [INFO] OpenFileManager:328 - Restore cursor
2023-11-18 07:21:12,494 [INFO] UtilMem:75 - End SaveConfig() Used Memory: 438190680 Bytes (665845760)
2023-11-18 07:21:12,727 [ERROR] ConfigurationRetriever:142 - IOException on connection: sw-center.st.com
2023-11-18 07:21:12,728 [ERROR] ConfigurationRetriever:142 - IOException on connection: sw-center.st.com
2023-11-18 07:21:12,731 [ERROR] ConfigurationRetriever:142 - IOException on connection: sw-center.st.com
2023-11-18 07:21:12,912 [INFO] UtilMem:75 - End SaveConfig() Used Memory: 461675520 Bytes (665845760)
2023-11-18 07:21:13,480 [ERROR] AdobePublisher:162 - Exception while opening the connection: java.net.UnknownHostException: stmicroelectronics.d3.sc.omtrdc.net
2023-11-18 07:21:13,482 [ERROR] AdobePublisher:162 - Exception while opening the connection: java.net.UnknownHostException: stmicroelectronics.d3.sc.omtrdc.net
2023-11-18 07:21:13,484 [ERROR] AdobePublisher:162 - Exception while opening the connection: java.net.UnknownHostException: stmicroelectronics.d3.sc.omtrdc.net
2023-11-18 07:21:13,485 [ERROR] AdobePublisher:162 - Exception while opening the connection: java.net.UnknownHostException: stmicroelectronics.d3.sc.omtrdc.net
2023-11-18 07:21:13,487 [ERROR] AdobePublisher:162 - Exception while opening the connection: java.net.UnknownHostException: stmicroelectronics.d3.sc.omtrdc.net
2023-11-18 07:21:14,189 [INFO] BlockDiagram:2759 - set Specific Code input for plugin: RCC
2023-11-18 07:21:14,190 [INFO] BlockDiagram:2759 - set Specific Code input for plugin: NVIC
2023-11-18 07:21:14,193 [INFO] CodeGenerator:793 - code generatio: config db path: C:\ST\STM32CubeIDE_1.12.1\STM32CubeIDE\plugins\com.st.stm32cube.common.mx_6.8.1.202304191431\\db\
2023-11-18 07:21:15,270 [INFO] CodeEngine:255 - oldGeneratedFile, E:\STM32_prgrm\JAHANGIR_PROJECT\MXTmpFiles\license.tmp_save
2023-11-18 07:21:16,581 [INFO] CodeEngine:279 - Generated code: E:\STM32_prgrm\JAHANGIR_PROJECT\MXTmpFiles\license.tmp
2023-11-18 07:21:16,620 [INFO] CodeEngine:255 - oldGeneratedFile, E:\STM32_prgrm\JAHANGIR_PROJECT\Core\Src\stm32f4xx_it.c_save
2023-11-18 07:21:18,120 [INFO] CodeEngine:279 - Generated code: E:\STM32_prgrm\JAHANGIR_PROJECT\Core\Src\stm32f4xx_it.c
2023-11-18 07:21:18,132 [INFO] CodeEngine:255 - oldGeneratedFile, E:\STM32_prgrm\JAHANGIR_PROJECT\Core\Inc\stm32f4xx_it.h_save
2023-11-18 07:21:18,565 [INFO] CodeEngine:279 - Generated code: E:\STM32_prgrm\JAHANGIR_PROJECT\Core\Inc\stm32f4xx_it.h
2023-11-18 07:21:18,787 [INFO] CodeEngine:255 - oldGeneratedFile, E:\STM32_prgrm\JAHANGIR_PROJECT\Core\Src\stm32f4xx_hal_msp.c_save
2023-11-18 07:21:19,950 [INFO] CodeEngine:279 - Generated code: E:\STM32_prgrm\JAHANGIR_PROJECT\Core\Src\stm32f4xx_hal_msp.c
2023-11-18 07:21:19,984 [INFO] CodeEngine:255 - oldGeneratedFile, E:\STM32_prgrm\JAHANGIR_PROJECT\MXTmpFiles\system.tmp_save
2023-11-18 07:21:20,314 [INFO] CodeEngine:279 - Generated code: E:\STM32_prgrm\JAHANGIR_PROJECT\MXTmpFiles\system.tmp
2023-11-18 07:21:20,384 [INFO] CodeEngine:311 - oldGeneratedFile, E:\STM32_prgrm\JAHANGIR_PROJECT\Core\Inc\stm32f4xx_hal_conf.h_save
2023-11-18 07:21:20,956 [INFO] CodeEngine:335 - Generated code: E:\STM32_prgrm\JAHANGIR_PROJECT\Core\Inc\stm32f4xx_hal_conf.h
2023-11-18 07:21:21,102 [WARN] IPConfigManager:2937 - Warning: the RefConfig PLL2P_FOR_MCO is not available in your config.xml file
2023-11-18 07:21:21,142 [INFO] CodeEngine:255 - oldGeneratedFile, E:\STM32_prgrm\JAHANGIR_PROJECT\Core\Inc\main.h_save
2023-11-18 07:21:21,718 [INFO] CodeEngine:279 - Generated code: E:\STM32_prgrm\JAHANGIR_PROJECT\Core\Inc\main.h
2023-11-18 07:21:21,747 [INFO] CodeEngine:255 - oldGeneratedFile, E:\STM32_prgrm\JAHANGIR_PROJECT\Core\Src\main.c_save
2023-11-18 07:21:22,316 [INFO] CodeEngine:279 - Generated code: E:\STM32_prgrm\JAHANGIR_PROJECT\Core\Src\main.c
2023-11-18 07:21:25,043 [INFO] ProjectBuilder:2996 - Time for Copy HAL[1] : 550mS.
2023-11-18 07:21:25,054 [INFO] ProjectBuilder:4304 - Project Generator version: 3.19.2
2023-11-18 07:21:26,781 [INFO] ConfigFileManager:1483 - The Die is : DIE421
2023-11-18 07:21:26,817 [INFO] ApiDbMcu:507 - Load IP Config File for FATFS
2023-11-18 07:21:26,882 [INFO] ApiDbMcu:507 - Load IP Config File for FREERTOS
2023-11-18 07:21:26,913 [INFO] ApiDbMcu:507 - Load IP Config File for LIBJPEG
2023-11-18 07:21:26,967 [INFO] ApiDbMcu:507 - Load IP Config File for MBEDTLS
2023-11-18 07:21:27,029 [INFO] ApiDbMcu:507 - Load IP Config File for USB_DEVICE
2023-11-18 07:21:27,072 [INFO] ApiDbMcu:507 - Load IP Config File for USB_HOST
2023-11-18 07:21:44,683 [INFO] ProjectBuilder:4505 - Time for Generating toolchain IDE Files: 19628mS.
2023-11-18 07:21:44,685 [INFO] ProjectBuilder:2867 - Time for Copy CMSIS : 2mS.
2023-11-18 07:21:44,691 [INFO] ProjectBuilder:2867 - Time for Copy CMSIS : 1mS.
