2023-07-26 09:42:26,006 [INFO] Activator:176 - 


2023-07-26 09:42:26,053 [INFO] Activator:177 - !SESSION log4j initialized
2023-07-26 09:42:56,650 [INFO] LogOutputStream:77 - [STDOUT_REDIRECT] 
2023-07-26 09:42:58,587 [ERROR] ConfigurationRetriever:142 - IOException on connection: sw-center.st.com
2023-07-26 09:42:58,587 [ERROR] ConfigurationRetriever:142 - IOException on connection: sw-center.st.com
2023-07-26 09:42:58,587 [ERROR] ConfigurationRetriever:142 - IOException on connection: sw-center.st.com
2023-07-26 09:43:42,177 [ERROR] LogOutputStream:75 - [STDERR_REDIRECT] SLF4J: Failed to load class "org.slf4j.impl.StaticLoggerBinder".
2023-07-26 09:43:42,177 [ERROR] LogOutputStream:75 - [STDERR_REDIRECT] SLF4J: Defaulting to no-operation (NOP) logger implementation
2023-07-26 09:43:42,208 [ERROR] LogOutputStream:75 - [STDERR_REDIRECT] SLF4J: See http://www.slf4j.org/codes.html#StaticLoggerBinder for further details.
2023-07-26 09:44:05,694 [INFO] ApplicationProperties:184 - Using Application install path: C:\ST\STM32CubeIDE_1.12.1\STM32CubeIDE\plugins\com.st.stm32cube.common.mx_6.8.1.202304191431
2023-07-26 09:44:05,757 [INFO] DbMcusXml:78 - Set database path to: C:\ST\STM32CubeIDE_1.12.1\STM32CubeIDE\plugins\com.st.stm32cube.common.mx_6.8.1.202304191431\\db\/mcu/
2023-07-26 09:44:05,757 [INFO] ApiDb:274 - Set plugin database path to: C:\ST\STM32CubeIDE_1.12.1\STM32CubeIDE\plugins\com.st.stm32cube.common.mx_6.8.1.202304191431\\db\/plugins/boardmanager/
2023-07-26 09:44:05,757 [WARN] ApiDb:259 - Overriding images path with different value:  => C:\ST\STM32CubeIDE_1.12.1\STM32CubeIDE\plugins\com.st.stm32cube.common.mx_6.8.1.202304191431\\db\/plugins/mcufinder/images/
2023-07-26 09:44:05,851 [INFO] ApiDb:250 - Set database path to: C:\Users\This pc\.stmcufinder\plugins\mcufinder//mcu/
2023-07-26 09:44:05,851 [INFO] DbMcusAds:125 - Set database path to: C:\Users\This pc\.stmcufinder\plugins\mcufinder//mcu/
2023-07-26 09:44:05,866 [INFO] CrossReferenceDbSqlite:203 - Set database path to: C:\Users\This pc\.stmcufinder\plugins\mcufinder//mcu/cs/
2023-07-26 09:44:06,290 [INFO] RulesReader:64 - Compatibility file has been processed (293 Rules)
2023-07-26 09:44:06,634 [INFO] DbMcusXml:78 - Set database path to: C:\ST\STM32CubeIDE_1.12.1\STM32CubeIDE\plugins\com.st.stm32cube.common.mx_6.8.1.202304191431\\db\/mcu/
2023-07-26 09:44:06,634 [INFO] ApiDb:274 - Set plugin database path to: C:\ST\STM32CubeIDE_1.12.1\STM32CubeIDE\plugins\com.st.stm32cube.common.mx_6.8.1.202304191431\\db\/plugins/boardmanager/
2023-07-26 09:44:06,634 [INFO] ApiDb:261 - Set plugin images path to: C:\ST\STM32CubeIDE_1.12.1\STM32CubeIDE\plugins\com.st.stm32cube.common.mx_6.8.1.202304191431\\db\/plugins/mcufinder/images/
2023-07-26 09:44:06,634 [WARN] DbFile:41 - Overriding database path with different value: C:\Users\This pc\.stmcufinder\plugins\mcufinder/ => C:\Users\This pc\.stmcufinder\plugins\mcufinder
2023-07-26 09:44:06,649 [INFO] ApiDb:250 - Set database path to: C:\Users\This pc\.stmcufinder\plugins\mcufinder//mcu/
2023-07-26 09:44:06,649 [WARN] DbFile:41 - Overriding database path with different value: C:\Users\This pc\.stmcufinder\plugins\mcufinder/ => C:\Users\This pc\.stmcufinder\plugins\mcufinder
2023-07-26 09:44:06,649 [INFO] DbMcusAds:125 - Set database path to: C:\Users\This pc\.stmcufinder\plugins\mcufinder//mcu/
2023-07-26 09:44:06,649 [WARN] DbFile:41 - Overriding database path with different value: C:\Users\This pc\.stmcufinder\plugins\mcufinder/ => C:\Users\This pc\.stmcufinder\plugins\mcufinder
2023-07-26 09:44:06,649 [WARN] DbFile:41 - Overriding database path with different value: C:\Users\This pc\.stmcufinder\plugins\mcufinder/ => C:\Users\This pc\.stmcufinder\plugins\mcufinder
2023-07-26 09:44:06,649 [INFO] CrossReferenceDbSqlite:203 - Set database path to: C:\Users\This pc\.stmcufinder\plugins\mcufinder//mcu/cs/
2023-07-26 09:44:06,915 [INFO] MainPanel:253 - HeapMemory: 268435456
2023-07-26 09:44:07,259 [INFO] DbMcusXml:78 - Set database path to: C:\ST\STM32CubeIDE_1.12.1\STM32CubeIDE\plugins\com.st.stm32cube.common.mx_6.8.1.202304191431\\db\/mcu/
2023-07-26 09:44:07,259 [INFO] ApiDb:274 - Set plugin database path to: C:\ST\STM32CubeIDE_1.12.1\STM32CubeIDE\plugins\com.st.stm32cube.common.mx_6.8.1.202304191431\\db\/plugins/boardmanager/
2023-07-26 09:44:07,259 [INFO] ApiDb:261 - Set plugin images path to: C:\ST\STM32CubeIDE_1.12.1\STM32CubeIDE\plugins\com.st.stm32cube.common.mx_6.8.1.202304191431\\db\/plugins/mcufinder/images/
2023-07-26 09:44:07,274 [WARN] DbFile:41 - Overriding database path with different value: C:\Users\This pc\.stmcufinder\plugins\mcufinder/ => C:\Users\This pc\.stmcufinder\plugins\mcufinder
2023-07-26 09:44:07,274 [INFO] ApiDb:250 - Set database path to: C:\Users\This pc\.stmcufinder\plugins\mcufinder//mcu/
2023-07-26 09:44:07,274 [WARN] DbFile:41 - Overriding database path with different value: C:\Users\This pc\.stmcufinder\plugins\mcufinder/ => C:\Users\This pc\.stmcufinder\plugins\mcufinder
2023-07-26 09:44:07,274 [INFO] DbMcusAds:125 - Set database path to: C:\Users\This pc\.stmcufinder\plugins\mcufinder//mcu/
2023-07-26 09:44:07,274 [WARN] DbFile:41 - Overriding database path with different value: C:\Users\This pc\.stmcufinder\plugins\mcufinder/ => C:\Users\This pc\.stmcufinder\plugins\mcufinder
2023-07-26 09:44:07,274 [WARN] DbFile:41 - Overriding database path with different value: C:\Users\This pc\.stmcufinder\plugins\mcufinder/ => C:\Users\This pc\.stmcufinder\plugins\mcufinder
2023-07-26 09:44:07,274 [INFO] CrossReferenceDbSqlite:203 - Set database path to: C:\Users\This pc\.stmcufinder\plugins\mcufinder//mcu/cs/
2023-07-26 09:44:07,352 [INFO] ApplicationProperties:184 - Using Application install path: C:\ST\STM32CubeIDE_1.12.1\STM32CubeIDE\plugins\com.st.stm32cube.common.mx_6.8.1.202304191431
2023-07-26 09:44:07,352 [INFO] PluginManage:196 - Search for loadable plugins [exclusion list=, ]
2023-07-26 09:44:07,352 [INFO] PluginManage:310 - Check plugin analytics
2023-07-26 09:44:07,930 [INFO] AnalyticsPlugin:253 - Accepted Software Licenses: STM32CubeMX.6.8.1
2023-07-26 09:44:07,930 [INFO] AnalyticsPlugin:255 - Accepted CMSIS Pack Licenses: 
2023-07-26 09:44:07,930 [INFO] AnalyticsPlugin:257 - Accepted Firmware Licenses: FW.F4.1.27.0
2023-07-26 09:44:07,946 [ERROR] ConfigurationRetriever:142 - IOException on connection: sw-center.st.com
2023-07-26 09:44:07,946 [ERROR] ConfigurationRetriever:142 - IOException on connection: sw-center.st.com
2023-07-26 09:44:07,946 [ERROR] ConfigurationRetriever:142 - IOException on connection: sw-center.st.com
2023-07-26 09:44:07,977 [INFO] PluginManage:359 - Loaded plugin analytics (category:tool,tabindex:-1)
2023-07-26 09:44:07,977 [INFO] PluginManage:310 - Check plugin cadmodel
2023-07-26 09:44:08,024 [INFO] CADModel:105 - Init CAD model plugin
2023-07-26 09:44:08,024 [INFO] PluginManage:359 - Loaded plugin cadmodel (category:power,tabindex:5)
2023-07-26 09:44:08,024 [INFO] PluginManage:310 - Check plugin clock
2023-07-26 09:44:08,102 [INFO] PluginManage:359 - Loaded plugin clock (category:base,tabindex:2)
2023-07-26 09:44:08,102 [INFO] PluginManage:310 - Check plugin ddr
2023-07-26 09:44:08,102 [INFO] PluginManage:359 - Loaded plugin ddr (category:tool,tabindex:6)
2023-07-26 09:44:08,102 [INFO] PluginManage:310 - Check plugin filemanager
2023-07-26 09:44:08,587 [INFO] PluginManage:359 - Loaded plugin filemanager (category:base,tabindex:10)
2023-07-26 09:44:08,587 [INFO] PluginManage:310 - Check plugin ipmanager
2023-07-26 09:44:08,602 [INFO] PluginManage:359 - Loaded plugin ipmanager (category:base,tabindex:5)
2023-07-26 09:44:08,602 [INFO] PluginManage:310 - Check plugin lpbam
2023-07-26 09:44:08,665 [INFO] PluginManage:359 - Loaded plugin lpbam (category:base,tabindex:0)
2023-07-26 09:44:08,665 [INFO] PluginManage:310 - Check plugin pinoutandconfiguration
2023-07-26 09:44:08,712 [INFO] PluginManage:359 - Loaded plugin pinoutandconfiguration (category:base,tabindex:1)
2023-07-26 09:44:08,712 [INFO] PluginManage:310 - Check plugin pinoutconfig
2023-07-26 09:44:08,962 [WARN] SupportedApi:132 - Cannot load RTOS API schema: s4s-elt-must-match.1: The content of 'definitions' must match (annotation?, (simpleType | complexType)?, (unique | key | keyref)*)). A problem was found starting at: attribute.
2023-07-26 09:44:09,384 [INFO] PluginManage:359 - Loaded plugin pinoutconfig (category:base,tabindex:0)
2023-07-26 09:44:09,384 [INFO] PluginManage:310 - Check plugin power
2023-07-26 09:44:09,446 [INFO] PluginManage:359 - Loaded plugin power (category:power,tabindex:4)
2023-07-26 09:44:09,446 [INFO] PluginManage:310 - Check plugin projectmanager
2023-07-26 09:44:09,509 [INFO] PluginManage:359 - Loaded plugin projectmanager (category:projectmanager,tabindex:3)
2023-07-26 09:44:09,509 [INFO] PluginManage:310 - Check plugin thirdparty
2023-07-26 09:44:10,477 [WARN] IntegrityCheckThread:84 - waiting for thirdparty lock release [integrity check]
2023-07-26 09:44:10,477 [INFO] IntegrityCheckThread:86 - entering critical section [integrity check]
2023-07-26 09:44:10,477 [INFO] PluginManage:359 - Loaded plugin thirdparty (category:base,tabindex:-1)
2023-07-26 09:44:10,493 [INFO] PluginManage:310 - Check plugin tools
2023-07-26 09:44:10,493 [INFO] ThirdPartyUpdaterWithRetryManager:70 - Updater plugin not ready yet. [1/15]
2023-07-26 09:44:10,602 [INFO] PluginManage:359 - Loaded plugin tools (category:base,tabindex:7)
2023-07-26 09:44:10,602 [INFO] PluginManage:310 - Check plugin tutovideos
2023-07-26 09:44:11,274 [INFO] PluginManage:359 - Loaded plugin tutovideos (category:base,tabindex:-1)
2023-07-26 09:44:11,274 [INFO] PluginManage:310 - Check plugin updater
2023-07-26 09:44:11,321 [INFO] PluginManage:359 - Loaded plugin updater (category:base,tabindex:12)
2023-07-26 09:44:11,321 [INFO] PluginManage:283 - PluginManage : Loaded plugins [15]
2023-07-26 09:44:12,243 [INFO] PinOutPanel:1499 - setPackage(No Configuration,No Configuration)
2023-07-26 09:44:12,493 [INFO] CADModel:165 - CPN selected for project level
2023-07-26 09:44:12,493 [INFO] CADModel:114 - Register for checkConnection events
2023-07-26 09:44:12,571 [INFO] IPUIPlugin:80 - create IPUIPlugin
2023-07-26 09:44:12,571 [INFO] PluginManager:220 - loadIPPluginJar : add adc
2023-07-26 09:44:12,665 [INFO] IPUIPlugin:80 - create IPUIPlugin
2023-07-26 09:44:12,665 [INFO] PluginManager:220 - loadIPPluginJar : add aes
2023-07-26 09:44:12,790 [INFO] IPUIPlugin:80 - create IPUIPlugin
2023-07-26 09:44:12,790 [INFO] PluginManager:220 - loadIPPluginJar : add can
2023-07-26 09:44:12,852 [INFO] IPUIPlugin:80 - create IPUIPlugin
2023-07-26 09:44:12,852 [INFO] PluginManager:220 - loadIPPluginJar : add comp
2023-07-26 09:44:12,946 [INFO] IPUIPlugin:80 - create IPUIPlugin
2023-07-26 09:44:12,946 [INFO] PluginManager:220 - loadIPPluginJar : add cryp
2023-07-26 09:44:13,040 [INFO] IPUIPlugin:80 - create IPUIPlugin
2023-07-26 09:44:13,040 [INFO] PluginManager:220 - loadIPPluginJar : add dfsdm
2023-07-26 09:44:13,087 [INFO] IPUIPlugin:80 - create IPUIPlugin
2023-07-26 09:44:13,087 [INFO] PluginManager:220 - loadIPPluginJar : add dma
2023-07-26 09:44:13,212 [INFO] IPUIPlugin:80 - create IPUIPlugin
2023-07-26 09:44:13,212 [INFO] PluginManager:220 - loadIPPluginJar : add dma3
2023-07-26 09:44:13,274 [INFO] IPUIPlugin:80 - create IPUIPlugin
2023-07-26 09:44:13,274 [INFO] PluginManager:220 - loadIPPluginJar : add fatfs
2023-07-26 09:44:13,415 [INFO] IPUIPlugin:80 - create IPUIPlugin
2023-07-26 09:44:13,415 [INFO] PluginManager:220 - loadIPPluginJar : add fmc
2023-07-26 09:44:13,446 [INFO] IPUIPlugin:80 - create IPUIPlugin
2023-07-26 09:44:13,446 [INFO] PluginManager:220 - loadIPPluginJar : add freertos
2023-07-26 09:44:13,493 [INFO] ThirdPartyUpdaterWithRetryManager:70 - Updater plugin not ready yet. [2/15]
2023-07-26 09:44:13,524 [INFO] IPUIPlugin:80 - create IPUIPlugin
2023-07-26 09:44:13,524 [INFO] PluginManager:220 - loadIPPluginJar : add genericplugin
2023-07-26 09:44:13,790 [INFO] IPUIPlugin:80 - create IPUIPlugin
2023-07-26 09:44:13,805 [INFO] PluginManager:220 - loadIPPluginJar : add gfxmmu
2023-07-26 09:44:14,180 [INFO] IPUIPlugin:80 - create IPUIPlugin
2023-07-26 09:44:14,180 [INFO] PluginManager:220 - loadIPPluginJar : add gic
2023-07-26 09:44:14,212 [INFO] IPUIPlugin:80 - create IPUIPlugin
2023-07-26 09:44:14,212 [INFO] PluginManager:220 - loadIPPluginJar : add gpio
2023-07-26 09:44:14,493 [INFO] IPUIPlugin:80 - create IPUIPlugin
2023-07-26 09:44:14,493 [INFO] PluginManager:220 - loadIPPluginJar : add gtzc
2023-07-26 09:44:14,587 [INFO] IPUIPlugin:80 - create IPUIPlugin
2023-07-26 09:44:14,587 [INFO] PluginManager:220 - loadIPPluginJar : add hash
2023-07-26 09:44:14,727 [INFO] IPUIPlugin:80 - create IPUIPlugin
2023-07-26 09:44:14,727 [INFO] PluginManager:220 - loadIPPluginJar : add i2c
2023-07-26 09:44:14,837 [INFO] IPUIPlugin:80 - create IPUIPlugin
2023-07-26 09:44:14,852 [INFO] PluginManager:220 - loadIPPluginJar : add i2s
2023-07-26 09:44:15,024 [INFO] IPUIPlugin:80 - create IPUIPlugin
2023-07-26 09:44:15,024 [INFO] PluginManager:220 - loadIPPluginJar : add i3c
2023-07-26 09:44:15,352 [INFO] IPUIPlugin:80 - create IPUIPlugin
2023-07-26 09:44:15,352 [INFO] PluginManager:220 - loadIPPluginJar : add ipddr
2023-07-26 09:44:15,618 [INFO] IPUIPlugin:80 - create IPUIPlugin
2023-07-26 09:44:15,618 [INFO] PluginManager:220 - loadIPPluginJar : add linkedlist
2023-07-26 09:44:15,727 [INFO] IPUIPlugin:80 - create IPUIPlugin
2023-07-26 09:44:15,727 [INFO] PluginManager:220 - loadIPPluginJar : add lorawan
2023-07-26 09:44:15,821 [INFO] IPUIPlugin:80 - create IPUIPlugin
2023-07-26 09:44:15,821 [INFO] PluginManager:220 - loadIPPluginJar : add ltdc
2023-07-26 09:44:15,868 [INFO] IPUIPlugin:80 - create IPUIPlugin
2023-07-26 09:44:15,868 [INFO] PluginManager:220 - loadIPPluginJar : add mdma
2023-07-26 09:44:15,899 [INFO] IPUIPlugin:80 - create IPUIPlugin
2023-07-26 09:44:15,899 [INFO] PluginManager:220 - loadIPPluginJar : add nvic
2023-07-26 09:44:15,993 [INFO] IPUIPlugin:80 - create IPUIPlugin
2023-07-26 09:44:15,993 [INFO] PluginManager:220 - loadIPPluginJar : add opamp
2023-07-26 09:44:16,167 [INFO] IPUIPlugin:80 - create IPUIPlugin
2023-07-26 09:44:16,167 [INFO] PluginManager:220 - loadIPPluginJar : add openamp
2023-07-26 09:44:16,292 [INFO] IPUIPlugin:80 - create IPUIPlugin
2023-07-26 09:44:16,292 [INFO] PluginManager:220 - loadIPPluginJar : add pdm2pcm
2023-07-26 09:44:16,338 [INFO] IPUIPlugin:80 - create IPUIPlugin
2023-07-26 09:44:16,338 [INFO] PluginManager:220 - loadIPPluginJar : add plateformsettings
2023-07-26 09:44:16,401 [INFO] IPUIPlugin:80 - create IPUIPlugin
2023-07-26 09:44:16,401 [INFO] PluginManager:220 - loadIPPluginJar : add quadspi
2023-07-26 09:44:16,432 [INFO] IPUIPlugin:80 - create IPUIPlugin
2023-07-26 09:44:16,432 [INFO] PluginManager:220 - loadIPPluginJar : add resmgrutility
2023-07-26 09:44:16,495 [INFO] ThirdPartyUpdaterWithRetryManager:70 - Updater plugin not ready yet. [3/15]
2023-07-26 09:44:16,573 [INFO] IPUIPlugin:80 - create IPUIPlugin
2023-07-26 09:44:16,573 [INFO] PluginManager:220 - loadIPPluginJar : add sai
2023-07-26 09:44:16,682 [INFO] IPUIPlugin:80 - create IPUIPlugin
2023-07-26 09:44:16,682 [INFO] PluginManager:220 - loadIPPluginJar : add spi
2023-07-26 09:44:16,854 [INFO] IPUIPlugin:80 - create IPUIPlugin
2023-07-26 09:44:16,854 [INFO] PluginManager:220 - loadIPPluginJar : add stm32_wpan
2023-07-26 09:44:16,932 [INFO] IPUIPlugin:80 - create IPUIPlugin
2023-07-26 09:44:16,932 [INFO] PluginManager:220 - loadIPPluginJar : add tim
2023-07-26 09:44:17,088 [INFO] IPUIPlugin:80 - create IPUIPlugin
2023-07-26 09:44:17,088 [INFO] PluginManager:220 - loadIPPluginJar : add touchsensing
2023-07-26 09:44:17,151 [INFO] IPUIPlugin:80 - create IPUIPlugin
2023-07-26 09:44:17,151 [INFO] PluginManager:220 - loadIPPluginJar : add tracer_emb
2023-07-26 09:44:17,229 [INFO] IPUIPlugin:80 - create IPUIPlugin
2023-07-26 09:44:17,229 [INFO] PluginManager:220 - loadIPPluginJar : add ts
2023-07-26 09:44:17,276 [INFO] IPUIPlugin:80 - create IPUIPlugin
2023-07-26 09:44:17,276 [INFO] PluginManager:220 - loadIPPluginJar : add tsc
2023-07-26 09:44:17,338 [INFO] IPUIPlugin:80 - create IPUIPlugin
2023-07-26 09:44:17,338 [INFO] PluginManager:220 - loadIPPluginJar : add ucpd
2023-07-26 09:44:17,463 [INFO] IPUIPlugin:80 - create IPUIPlugin
2023-07-26 09:44:17,463 [INFO] PluginManager:220 - loadIPPluginJar : add usart
2023-07-26 09:44:17,604 [INFO] IPUIPlugin:80 - create IPUIPlugin
2023-07-26 09:44:17,604 [INFO] PluginManager:220 - loadIPPluginJar : add usbx
2023-07-26 09:44:17,904 [INFO] CADModel:165 - CPN selected for project level
2023-07-26 09:44:17,904 [INFO] CADModel:114 - Register for checkConnection events
2023-07-26 09:44:17,904 [FATAL] Updater:308 - Updater called before beeing initialized
2023-07-26 09:44:17,904 [ERROR] CADModel:125 - Updater not yet initialized, retry later 
2023-07-26 09:44:18,576 [INFO] CADModel:165 - CPN selected for project level
2023-07-26 09:44:18,576 [INFO] CADModel:114 - Register for checkConnection events
2023-07-26 09:44:18,576 [FATAL] Updater:308 - Updater called before beeing initialized
2023-07-26 09:44:18,576 [ERROR] CADModel:125 - Updater not yet initialized, retry later 
2023-07-26 09:44:18,592 [FATAL] Updater:308 - Updater called before beeing initialized
2023-07-26 09:44:19,045 [FATAL] Updater:308 - Updater called before beeing initialized
2023-07-26 09:44:19,076 [INFO] DbMcusAds:53 - JSON generation date=Tue Mar 07 14:20:55 IST 2023 (1678179055335)
2023-07-26 09:44:19,076 [FATAL] Updater:308 - Updater called before beeing initialized
2023-07-26 09:44:19,311 [WARN] DetailPanel:346 - Failed to get advertising image, set to default
2023-07-26 09:44:19,498 [INFO] ThirdPartyUpdaterWithRetryManager:70 - Updater plugin not ready yet. [4/15]
2023-07-26 09:44:19,670 [FATAL] Updater:308 - Updater called before beeing initialized
2023-07-26 09:44:19,686 [FATAL] Updater:308 - Updater called before beeing initialized
2023-07-26 09:44:19,686 [FATAL] Updater:308 - Updater called before beeing initialized
2023-07-26 09:44:19,686 [WARN] DetailPanel:346 - Failed to get advertising image, set to default
2023-07-26 09:44:19,686 [FATAL] Updater:308 - Updater called before beeing initialized
2023-07-26 09:44:19,904 [ERROR] Updater:1120 - MainUpdater not yet initialized. External WinMGr cannot be set.
2023-07-26 09:44:19,936 [INFO] Updater:1056 - Updater Version found : 6.8.1
2023-07-26 09:44:19,982 [INFO] ApplicationProperties:184 - Using Application install path: C:\ST\STM32CubeIDE_1.12.1\STM32CubeIDE\plugins\com.st.stm32cube.common.mx_6.8.1.202304191431
2023-07-26 09:44:20,342 [ERROR] ServerAccessManage:1146 - Warning during Server Connection :  Unknown host sw-center.st.com
2023-07-26 09:44:20,357 [INFO] MainUpdater:2854 - connection check result : 22
2023-07-26 09:44:20,357 [INFO] MainUpdater:283 - Updater Check For Update Now.
2023-07-26 09:44:20,357 [INFO] MicroXplorer:498 - Change Database Version : DB.6.0.81
2023-07-26 09:44:20,779 [INFO] CheckServerUpdateThread:120 - End of CheckServer Thread
2023-07-26 09:44:20,873 [ERROR] ServerAccessManage:1146 - Warning during Server Connection :  Unknown host sw-center.st.com
2023-07-26 09:44:20,889 [INFO] MainUpdater:2854 - connection check result : 22
2023-07-26 09:44:23,076 [WARN] PackLoader:240 - Cannot read IP mode file for STMicroelectronics.X-CUBE-SMBUS.2.1.0
2023-07-26 09:44:23,311 [WARN] PackLoader:240 - Cannot read IP mode file for STMicroelectronics.X-CUBE-AZRTOS-F7.1.1.0
2023-07-26 09:44:23,373 [ERROR] RealEvaluatedCondition:428 - Found unsupported composite condition: GROUP='STM32_MetaDataManager' CLASS='Data Exchange'
2023-07-26 09:44:23,373 [ERROR] RealEvaluatedCondition:428 - Found unsupported composite condition: CLASS='Data Exchange' GROUP='STM32_MetaDataManager'
2023-07-26 09:44:23,373 [WARN] PackLoader:240 - Cannot read IP mode file for STMicroelectronics.FP-SNS-MOTENV1.4.3.0
2023-07-26 09:44:23,436 [WARN] PackLoader:240 - Cannot read IP mode file for STMicroelectronics.FP-SNS-MOTENV1.4.3.2
2023-07-26 09:44:23,482 [WARN] PackLoader:240 - Cannot read IP mode file for STMicroelectronics.FP-SNS-FLIGHT1.5.0.0
2023-07-26 09:44:23,529 [ERROR] RealEvaluatedCondition:428 - Found unsupported composite condition: GROUP='STM32_MetaDataManager' CLASS='Data Exchange'
2023-07-26 09:44:23,529 [ERROR] RealEvaluatedCondition:428 - Found unsupported composite condition: GROUP='STM32_MetaDataManager' CLASS='Data Exchange'
2023-07-26 09:44:23,529 [WARN] PackLoader:240 - Cannot read IP mode file for STMicroelectronics.FP-SNS-MOTENV1.4.3.1
2023-07-26 09:44:23,576 [WARN] PackLoader:240 - Cannot read IP mode file for STMicroelectronics.FP-SNS-FLIGHT1.5.0.1
2023-07-26 09:44:23,623 [WARN] PackLoader:240 - Cannot read IP mode file for STMicroelectronics.X-CUBE-BLE1.6.2.4
2023-07-26 09:44:23,670 [WARN] PackLoader:240 - Cannot read IP mode file for STMicroelectronics.X-CUBE-DISPLAY.3.0.0
2023-07-26 09:44:23,732 [WARN] PackLoader:240 - Cannot read IP mode file for STMicroelectronics.X-CUBE-TOUCHGFX.4.22.0
2023-07-26 09:44:23,811 [INFO] LogOutputStream:77 - [STDOUT_REDIRECT] 1 : Invalid condition id : UX_CORESTACK_Condition cause : null
2023-07-26 09:44:23,811 [INFO] LogOutputStream:77 - [STDOUT_REDIRECT] 1 : Invalid condition id : UX_CORESTACK_Condition cause : null
2023-07-26 09:44:23,811 [INFO] LogOutputStream:77 - [STDOUT_REDIRECT] 1 : Invalid condition id : UX_CORESTACK_Condition cause : null
2023-07-26 09:44:23,826 [INFO] LogOutputStream:77 - [STDOUT_REDIRECT] 1 : Invalid condition id : UX_CORESTACK_Condition cause : null
2023-07-26 09:44:23,826 [INFO] LogOutputStream:77 - [STDOUT_REDIRECT] 1 : Invalid condition id : UX_CORESTACK_Condition cause : null
2023-07-26 09:44:23,842 [WARN] PackLoader:240 - Cannot read IP mode file for STMicroelectronics.X-CUBE-AZRTOS-WL.2.0.0
2023-07-26 09:44:23,904 [WARN] PackLoader:240 - Cannot read IP mode file for WES.I-CUBE-Cesium.1.3.0
2023-07-26 09:44:23,951 [WARN] PackLoader:240 - Cannot read IP mode file for STMicroelectronics.X-CUBE-BLE2.3.3.0
2023-07-26 09:44:23,967 [WARN] PackLoader:240 - Cannot read IP mode file for STMicroelectronics.X-CUBE-TOUCHGFX.4.21.4
2023-07-26 09:44:24,014 [WARN] PackLoader:240 - Cannot read IP mode file for STMicroelectronics.X-CUBE-ALGOBUILD.1.3.0
2023-07-26 09:44:24,123 [WARN] PackLoader:240 - Cannot read IP mode file for STMicroelectronics.X-CUBE-AZRTOS-G0.1.1.0
2023-07-26 09:44:24,186 [WARN] PackLoader:240 - Cannot read IP mode file for STMicroelectronics.X-CUBE-NFC4.3.0.0
2023-07-26 09:44:24,232 [WARN] PackLoader:240 - Cannot read IP mode file for STMicroelectronics.FP-ATR-SIGFOX1.3.2.0
2023-07-26 09:44:24,420 [WARN] PackLoader:240 - Cannot read IP mode file for SEGGER.I-CUBE-embOS.1.3.1
2023-07-26 09:44:24,701 [WARN] PackLoader:240 - Cannot read IP mode file for STMicroelectronics.X-CUBE-GNSS1.6.0.0
2023-07-26 09:44:24,857 [WARN] PackLoader:240 - Cannot read IP mode file for STMicroelectronics.X-CUBE-AZRTOS-F4.1.1.0
2023-07-26 09:44:25,014 [WARN] PackLoader:240 - Cannot read IP mode file for wolfSSL.I-CUBE-wolfSSL.5.6.0
2023-07-26 09:44:25,404 [WARN] PackLoader:240 - Cannot read IP mode file for STMicroelectronics.X-CUBE-MEMS1.9.6.0
2023-07-26 09:44:26,389 [WARN] PackLoader:240 - Cannot read IP mode file for emotas.I-CUBE-CANOPEN.1.1.3
2023-07-26 09:44:26,467 [WARN] PackLoader:240 - Cannot read IP mode file for STMicroelectronics.X-CUBE-BLEMGR.2.0.0
2023-07-26 09:44:26,607 [WARN] ConditionMgr:438 - getConditionDescription Invalid condition id : UX DEVICE CLASS RTOS Condition cause : null
2023-07-26 09:44:26,623 [WARN] ConditionMgr:438 - getConditionDescription Invalid condition id : UX DEVICE CLASS RTOS Condition cause : null
2023-07-26 09:44:26,639 [WARN] PackLoader:240 - Cannot read IP mode file for STMicroelectronics.X-CUBE-AZRTOS-H7.3.1.0
2023-07-26 09:44:26,639 [WARN] ConditionMgr:1039 - genDependencies : Invalid condition id : UX DEVICE CLASS RTOS Condition cause : null
2023-07-26 09:44:26,639 [WARN] ConditionMgr:1039 - genDependencies : Invalid condition id : UX DEVICE CLASS RTOS Condition cause : null
2023-07-26 09:44:26,654 [WARN] ConditionMgr:1039 - genDependencies : Invalid condition id : UX DEVICE CLASS RTOS Condition cause : null
2023-07-26 09:44:26,654 [WARN] ConditionMgr:1039 - genDependencies : Invalid condition id : UX DEVICE CLASS RTOS Condition cause : null
2023-07-26 09:44:26,654 [WARN] ConditionMgr:1039 - genDependencies : Invalid condition id : UX DEVICE CLASS RTOS Condition cause : null
2023-07-26 09:44:26,717 [WARN] PackLoader:240 - Cannot read IP mode file for STMicroelectronics.X-CUBE-NFC7.1.0.1
2023-07-26 09:44:26,779 [WARN] PackLoader:240 - Cannot read IP mode file for STMicroelectronics.X-CUBE-NFC7.1.0.0
2023-07-26 09:44:26,842 [WARN] PackLoader:240 - Cannot read IP mode file for STMicroelectronics.X-CUBE-EEPRMA1.4.1.0
2023-07-26 09:44:27,029 [WARN] ConditionMgr:438 - getConditionDescription Invalid condition id : LAN8742 Phy interface Condition cause : null
2023-07-26 09:44:27,029 [WARN] PackLoader:240 - Cannot read IP mode file for STMicroelectronics.X-CUBE-AZRTOS-L4.2.0.0
2023-07-26 09:44:27,029 [WARN] ConditionMgr:1039 - genDependencies : Invalid condition id : LAN8742 Phy interface Condition cause : null
2023-07-26 09:44:27,045 [WARN] ConditionMgr:1039 - genDependencies : Invalid condition id : LAN8742 Phy interface Condition cause : null
2023-07-26 09:44:27,045 [WARN] ConditionMgr:1039 - genDependencies : Invalid condition id : LAN8742 Phy interface Condition cause : null
2023-07-26 09:44:27,123 [WARN] PackLoader:240 - Cannot read IP mode file for STMicroelectronics.X-CUBE-SFXS2LP1.4.0.0
2023-07-26 09:44:27,232 [WARN] PackLoader:240 - Cannot read IP mode file for STMicroelectronics.X-CUBE-ISPU.1.1.0
2023-07-26 09:44:27,311 [WARN] PackLoader:240 - Cannot read IP mode file for STMicroelectronics.X-CUBE-FREERTOS.1.0.1
2023-07-26 09:44:27,420 [WARN] PackLoader:240 - Cannot read IP mode file for STMicroelectronics.X-CUBE-AZRTOS-L5.1.1.0
2023-07-26 09:44:27,545 [WARN] PackLoader:240 - Cannot read IP mode file for STMicroelectronics.X-CUBE-AI.8.0.1
2023-07-26 09:44:27,904 [WARN] PackLoader:240 - Cannot read IP mode file for STMicroelectronics.X-CUBE-SUBG2.5.0.0
2023-07-26 09:44:28,123 [WARN] PackLoader:240 - Cannot read IP mode file for STMicroelectronics.X-CUBE-AZRTOS-G4.2.0.0
2023-07-26 09:44:28,295 [WARN] PackLoader:240 - Cannot read IP mode file for STMicroelectronics.X-CUBE-TOF1.3.3.0
2023-07-26 09:44:28,373 [INFO] ApiDb:581 - Connected to CubeFinder SQLite database (C:\Users\This pc\.stmcufinder\plugins\mcufinder\mcu\cube-finder-db.db)
2023-07-26 09:44:28,436 [WARN] PackLoader:240 - Cannot read IP mode file for STMicroelectronics.X-CUBE-AZRTOS-L4.1.0.0
2023-07-26 09:44:28,545 [WARN] PackLoader:240 - Cannot read IP mode file for STMicroelectronics.X-CUBE-AZRTOS-WL.1.0.0
2023-07-26 09:44:28,592 [WARN] PackLoader:240 - Cannot read IP mode file for portGmbH.I-Cube-SoM-uGOAL.1.1.0
2023-07-26 09:44:28,639 [WARN] PackLoader:240 - Cannot read IP mode file for STMicroelectronics.X-CUBE-ALS.1.0.1
2023-07-26 09:44:28,748 [INFO] ApiDb:668 - CubeFinder database Data Model version=2.1
2023-07-26 09:44:28,764 [INFO] ApiDb:669 - CubeFinder database Configuration version=3.0.35
2023-07-26 09:44:28,764 [INFO] ApiDb:670 - CubeFinder database generation date=2023-05-12 (1683877179)
2023-07-26 09:44:28,764 [INFO] ApiDb:671 - CubeFinder database FW Pack versions=[FP-ATR-ASTRA1_V2.0.0, FP-SNS-FLIGHT1_V5.0.0, FP-SNS-MOTENV1_V4.3.0, STM32Cube_FW_C0_V1.0.1, STM32Cube_FW_F0_V1.11.4, STM32Cube_FW_F3_V1.11.4, STM32Cube_FW_F4_V1.27.1, STM32Cube_FW_F7_V1.17.0, STM32Cube_FW_G0_V1.6.1, STM32Cube_FW_G4_V1.5.1, STM32Cube_FW_H5_V0.5.1, STM32Cube_FW_H5_V1.0.0, STM32Cube_FW_H7_V1.11.0, STM32Cube_FW_L0_V1.12.2, STM32Cube_FW_L5_V1.5.0, STM32Cube_FW_U5_V1.2.0, STM32Cube_FW_WBA_V1.0.0, STM32Cube_FW_WBA_V1.0.0RC1, STM32Cube_FW_WBA_V1.0.0RC3, STM32Cube_FW_WB_V1.15.0RC1, STM32Cube_FW_WB_V1.16.0, STM32Cube_FW_WB_V1.16.0RC2, STM32Cube_FW_WL_V1.3.0, X-CUBE-ALGOBUILD_V1.3.0, X-CUBE-ALS_V1.0.1, X-CUBE-AZRTOS-F4_V1.1.0, X-CUBE-AZRTOS-F7_V1.1.0, X-CUBE-AZRTOS-G0_V1.1.0, X-CUBE-AZRTOS-G4_V2.0.0, X-CUBE-AZRTOS-H7_V3.1.0, X-CUBE-AZRTOS-L4_V1.0.0, X-CUBE-AZRTOS-L5_V1.1.0, X-CUBE-AZRTOS-WB_V1.1.0, X-CUBE-AZRTOS-WL_V1.0.0, X-CUBE-BLE1_V6.2.4, X-CUBE-BLE2_V3.3.0, X-CUBE-BLEMGR_V2.0.0, X-CUBE-EEPRMA1_V4.1.0, X-CUBE-FREERTOS_V1.0.1, X-CUBE-GNSS1_V6.0.0, X-CUBE-MEMS1_V9.1.0, X-CUBE-MEMS1_V9.4.0, X-CUBE-MEMS1_V9.6.0, X-CUBE-NFC4_V3.0.0, X-CUBE-NFC7_V1.0.0, X-CUBE-SFXS2LP1_V4.0.0, X-CUBE-SUBG2_V5.0.0]
2023-07-26 09:44:28,779 [WARN] PackLoader:240 - Cannot read IP mode file for STMicroelectronics.X-CUBE-AZRTOS-WB.1.1.0
2023-07-26 09:44:28,842 [WARN] PackLoader:240 - Cannot read IP mode file for STMicroelectronics.FP-ATR-ASTRA1.2.0.0
2023-07-26 09:44:28,857 [INFO] ThirdParty:978 - Integrity check success = true
2023-07-26 09:44:28,857 [INFO] IntegrityCheckThread:100 - exiting critical section [integrity check]
2023-07-26 09:44:28,857 [INFO] IntegrityCheckThread:103 - End integrity checks thread
2023-07-26 09:44:29,248 [INFO] DbBoardsSqlite:226 - include board P-NUCLEO-WB55-NUCLEO as a kit item of type 'Nucleo-64'
2023-07-26 09:44:29,248 [INFO] DbBoardsSqlite:226 - include board P-NUCLEO-WB55-USBDONGLE as a kit item of type 'Nucleo USB Dongle'
2023-07-26 09:44:29,248 [INFO] DbBoardsSqlite:226 - include board STEVAL-IDP005V1 as a kit item of type 'Evaluation Board'
2023-07-26 09:44:29,264 [INFO] DbBoardsSqlite:226 - include board STEVAL-IDP005V2 as a kit item of type 'Evaluation Board'
2023-07-26 09:44:30,389 [INFO] ApiDb:240 - Found 297 in-development CPN: [B-G473E-ZEST1S, B-WB1M-WPAN1, B-WL5M-SUBG1, NUCLEO-C031C6, NUCLEO-H503RB, NUCLEO-H563ZI, NUCLEO-U545RE-Q, NUCLEO-U5A5ZJ-Q, NUCLEO-WBA52CG, STEVAL-PROTEUS1, STEVAL-STWINBX1, STM320518-EVAL, STM32C0116-DK, STM32C011D6Y3TR, STM32C011D6Y6TR, STM32C011F4P3, STM32C011F4P6, STM32C011F4U3, STM32C011F4U6TR, STM32C011F6P3, STM32C011F6P6, STM32C011F6U3, STM32C011F6U6TR, STM32C011J4M3, STM32C011J4M6, STM32C011J6M3, STM32C011J6M6, STM32C0316-DK, STM32C031C4T3, STM32C031C4T6, STM32C031C4U3, STM32C031C4U6, STM32C031C6T3, STM32C031C6T6, STM32C031C6U3, STM32C031C6U6, STM32C031F4P3, STM32C031F4P6, STM32C031F6P3, STM32C031F6P6, STM32C031G4U3, STM32C031G4U6, STM32C031G6U3, STM32C031G6U6, STM32C031K4T3, STM32C031K4T6, STM32C031K4U3, STM32C031K4U6, STM32C031K6T3, STM32C031K6T6, STM32C031K6U3, STM32C031K6U6, STM32G071K8TXN, STM32G071K8UXN, STM32G081GBU6N, STM32G081KBT6N, STM32G081KBUXN, STM32G0B1CCT6N, STM32G0B1KCT6, STM32G0B1NEY6TR, STM32G0B1RCT6N, STM32G0C1CCT6, STM32G0C1CCT6N, STM32G0C1CCU6N, STM32G0C1CET6N, STM32G0C1CEU6N, STM32G0C1KCT6, STM32G0C1NEY6TR, STM32G0C1RCI6N, STM32G0C1RCT6N, STM32G0C1REI6N, STM32G0C1RET6N, STM32G0C1VCI6, STM32G0C1VEI6, STM32G471CCT6, STM32G471CCU6, STM32G471CET3, STM32G471CET6, STM32G471CEU3, STM32G471CEU6, STM32G471MCT6, STM32G471MET3, STM32G471MET6, STM32G471MEY6TR, STM32G471QCT6, STM32G471QET3, STM32G471RCT6, STM32G471RET3, STM32G471RET6, STM32G471VCH6, STM32G471VCI6, STM32G471VCT6, STM32G471VEH3, STM32G471VEH6, STM32G471VEI3, STM32G471VEI6, STM32G471VET3, STM32G471VET6, STM32G474CCT6, STM32H503CBT6, STM32H503CBU6, STM32H503EBY6TR, STM32H503KBU6, STM32H503RBT6, STM32H562AGI6, STM32H562AII6, STM32H562IGK6, STM32H562IGT6, STM32H562IIK6, STM32H562IIT6, STM32H562RGT6, STM32H562RGV6, STM32H562RIT6, STM32H562RIV6, STM32H562VGT6, STM32H562VIT6, STM32H562ZGT6, STM32H562ZIT6, STM32H563AGI6, STM32H563AII3Q, STM32H563AII6, STM32H563IGK6, STM32H563IGT6, STM32H563IIK3Q, STM32H563IIK6, STM32H563IIT3Q, STM32H563IIT6, STM32H563MIY3QTR, STM32H563RGT6, STM32H563RGV6, STM32H563RIT6, STM32H563RIV6, STM32H563VGT6, STM32H563VIT3Q, STM32H563VIT6, STM32H563ZGT6, STM32H563ZIT3Q, STM32H563ZIT6, STM32H573AII3Q, STM32H573AII6, STM32H573I-DK, STM32H573IIK3Q, STM32H573IIK6, STM32H573IIT3Q, STM32H573IIT6, STM32H573MIY3QTR, STM32H573RIT6, STM32H573RIV6, STM32H573VIT3Q, STM32H573VIT6, STM32H573ZIT3Q, STM32H573ZIT6, STM32L4R5QGI6STR, STM32MP131AAE3, STM32MP131AAF3, STM32MP131AAG3, STM32MP131CAE3, STM32MP131CAF3, STM32MP131CAG3, STM32MP131DAE7, STM32MP131DAF7, STM32MP131DAG7, STM32MP131FAE7, STM32MP131FAF7, STM32MP131FAG7, STM32MP133AAE3, STM32MP133AAF3, STM32MP133AAG3, STM32MP133CAE3, STM32MP133CAF3, STM32MP133CAG3, STM32MP133DAE7, STM32MP133DAF7, STM32MP133DAG7, STM32MP133FAE7, STM32MP133FAF7, STM32MP133FAG7, STM32MP135AAE3, STM32MP135AAF3, STM32MP135AAG3, STM32MP135CAE3, STM32MP135CAF3, STM32MP135CAG3, STM32MP135DAE7, STM32MP135DAF7, STM32MP135DAG7, STM32MP135F-DK, STM32MP135FAE7, STM32MP135FAF7, STM32MP135FAF7T, STM32MP135FAF7U, STM32MP135FAG7, STM32U535CBT6, STM32U535CBT6Q, STM32U535CBU6, STM32U535CBU6Q, STM32U535CCT6, STM32U535CCT6Q, STM32U535CCU6, STM32U535CCU6Q, STM32U535CET6, STM32U535CET6Q, STM32U535CEU6, STM32U535CEU6Q, STM32U535JEY6QTR, STM32U535NCY6QTR, STM32U535NEY6QTR, STM32U535RBI6, STM32U535RBI6Q, STM32U535RBT6, STM32U535RBT6Q, STM32U535RCI6, STM32U535RCI6Q, STM32U535RCT6, STM32U535RCT6Q, STM32U535REI6, STM32U535REI6Q, STM32U535RET6, STM32U535RET6Q, STM32U535VCI6, STM32U535VCI6Q, STM32U535VCT6, STM32U535VCT6Q, STM32U535VEI6, STM32U535VEI6Q, STM32U535VET6, STM32U535VET6Q, STM32U545CET6, STM32U545CET6Q, STM32U545CEU6, STM32U545CEU6Q, STM32U545JEY6QTR, STM32U545NEY6QTR, STM32U545REI6, STM32U545REI6Q, STM32U545RET6, STM32U545RET6Q, STM32U545VEI6, STM32U545VEI6Q, STM32U545VET6, STM32U545VET6Q, STM32U595AIH6, STM32U595AIH6Q, STM32U595AJH6, STM32U595AJH6Q, STM32U595QII6, STM32U595QII6Q, STM32U595QJI6, STM32U595QJI6Q, STM32U595RIT6, STM32U595RIT6Q, STM32U595RJT6, STM32U595RJT6Q, STM32U595VIT6, STM32U595VIT6Q, STM32U595VJT6, STM32U595VJT6Q, STM32U595ZIT6, STM32U595ZIT6Q, STM32U595ZIY6QTR, STM32U595ZJT6, STM32U595ZJT6Q, STM32U595ZJY6QTR, STM32U599BJY6QTR, STM32U599NIH6Q, STM32U599NJH6Q, STM32U599VIT6Q, STM32U599VJT6, STM32U599VJT6Q, STM32U599ZIT6Q, STM32U599ZIY6QTR, STM32U599ZJT6Q, STM32U599ZJY6QTR, STM32U5A5AJH6, STM32U5A5AJH6Q, STM32U5A5QJI6, STM32U5A5QJI6Q, STM32U5A5RJT6, STM32U5A5RJT6Q, STM32U5A5VJT6, STM32U5A5VJT6Q, STM32U5A5ZJT6, STM32U5A5ZJT6Q, STM32U5A5ZJY6QTR, STM32U5A9BJY6QTR, STM32U5A9J-DK, STM32U5A9NJH6Q, STM32U5A9VJT6Q, STM32U5A9ZJT6Q, STM32U5A9ZJY6QTR, STM32WB1MMCH6, STM32WBA52CEU6, STM32WBA52CEU6T, STM32WBA52CGU6, STM32WBA52CGU6T, STM32WL5MOCH6, STM32WL5MOCH6TR]
2023-07-26 09:44:30,857 [INFO] BoardInfo:880 - No configuration file found for board P-NUCLEO-WB55
2023-07-26 09:44:30,857 [INFO] DbBoards:157 - Kit is not supported: P-NUCLEO-WB55
2023-07-26 09:44:30,873 [INFO] BoardInfo:880 - No configuration file found for board STEVAL-BFA001V1B
2023-07-26 09:44:30,873 [INFO] DbBoards:157 - Kit is not supported: STEVAL-BFA001V1B
2023-07-26 09:44:30,889 [INFO] BoardInfo:880 - No configuration file found for board STEVAL-BFA001V2B
2023-07-26 09:44:30,889 [INFO] DbBoards:157 - Kit is not supported: STEVAL-BFA001V2B
2023-07-26 09:44:31,311 [INFO] DbBoards:161 - Found 187 boards, 184 are supported
2023-07-26 09:44:31,326 [INFO] ApiDb:668 - CubeFinder database Data Model version=2.1
2023-07-26 09:44:31,326 [INFO] ApiDb:669 - CubeFinder database Configuration version=3.0.35
2023-07-26 09:44:31,326 [INFO] ApiDb:670 - CubeFinder database generation date=2023-05-12 (1683877179)
2023-07-26 09:44:31,326 [INFO] ApiDb:671 - CubeFinder database FW Pack versions=[FP-ATR-ASTRA1_V2.0.0, FP-SNS-FLIGHT1_V5.0.0, FP-SNS-MOTENV1_V4.3.0, STM32Cube_FW_C0_V1.0.1, STM32Cube_FW_F0_V1.11.4, STM32Cube_FW_F3_V1.11.4, STM32Cube_FW_F4_V1.27.1, STM32Cube_FW_F7_V1.17.0, STM32Cube_FW_G0_V1.6.1, STM32Cube_FW_G4_V1.5.1, STM32Cube_FW_H5_V0.5.1, STM32Cube_FW_H5_V1.0.0, STM32Cube_FW_H7_V1.11.0, STM32Cube_FW_L0_V1.12.2, STM32Cube_FW_L5_V1.5.0, STM32Cube_FW_U5_V1.2.0, STM32Cube_FW_WBA_V1.0.0, STM32Cube_FW_WBA_V1.0.0RC1, STM32Cube_FW_WBA_V1.0.0RC3, STM32Cube_FW_WB_V1.15.0RC1, STM32Cube_FW_WB_V1.16.0, STM32Cube_FW_WB_V1.16.0RC2, STM32Cube_FW_WL_V1.3.0, X-CUBE-ALGOBUILD_V1.3.0, X-CUBE-ALS_V1.0.1, X-CUBE-AZRTOS-F4_V1.1.0, X-CUBE-AZRTOS-F7_V1.1.0, X-CUBE-AZRTOS-G0_V1.1.0, X-CUBE-AZRTOS-G4_V2.0.0, X-CUBE-AZRTOS-H7_V3.1.0, X-CUBE-AZRTOS-L4_V1.0.0, X-CUBE-AZRTOS-L5_V1.1.0, X-CUBE-AZRTOS-WB_V1.1.0, X-CUBE-AZRTOS-WL_V1.0.0, X-CUBE-BLE1_V6.2.4, X-CUBE-BLE2_V3.3.0, X-CUBE-BLEMGR_V2.0.0, X-CUBE-EEPRMA1_V4.1.0, X-CUBE-FREERTOS_V1.0.1, X-CUBE-GNSS1_V6.0.0, X-CUBE-MEMS1_V9.1.0, X-CUBE-MEMS1_V9.4.0, X-CUBE-MEMS1_V9.6.0, X-CUBE-NFC4_V3.0.0, X-CUBE-NFC7_V1.0.0, X-CUBE-SFXS2LP1_V4.0.0, X-CUBE-SUBG2_V5.0.0]
2023-07-26 09:44:37,906 [INFO] ApiDb:240 - Found 297 in-development CPN: [B-G473E-ZEST1S, B-WB1M-WPAN1, B-WL5M-SUBG1, NUCLEO-C031C6, NUCLEO-H503RB, NUCLEO-H563ZI, NUCLEO-U545RE-Q, NUCLEO-U5A5ZJ-Q, NUCLEO-WBA52CG, STEVAL-PROTEUS1, STEVAL-STWINBX1, STM320518-EVAL, STM32C0116-DK, STM32C011D6Y3TR, STM32C011D6Y6TR, STM32C011F4P3, STM32C011F4P6, STM32C011F4U3, STM32C011F4U6TR, STM32C011F6P3, STM32C011F6P6, STM32C011F6U3, STM32C011F6U6TR, STM32C011J4M3, STM32C011J4M6, STM32C011J6M3, STM32C011J6M6, STM32C0316-DK, STM32C031C4T3, STM32C031C4T6, STM32C031C4U3, STM32C031C4U6, STM32C031C6T3, STM32C031C6T6, STM32C031C6U3, STM32C031C6U6, STM32C031F4P3, STM32C031F4P6, STM32C031F6P3, STM32C031F6P6, STM32C031G4U3, STM32C031G4U6, STM32C031G6U3, STM32C031G6U6, STM32C031K4T3, STM32C031K4T6, STM32C031K4U3, STM32C031K4U6, STM32C031K6T3, STM32C031K6T6, STM32C031K6U3, STM32C031K6U6, STM32G071K8TXN, STM32G071K8UXN, STM32G081GBU6N, STM32G081KBT6N, STM32G081KBUXN, STM32G0B1CCT6N, STM32G0B1KCT6, STM32G0B1NEY6TR, STM32G0B1RCT6N, STM32G0C1CCT6, STM32G0C1CCT6N, STM32G0C1CCU6N, STM32G0C1CET6N, STM32G0C1CEU6N, STM32G0C1KCT6, STM32G0C1NEY6TR, STM32G0C1RCI6N, STM32G0C1RCT6N, STM32G0C1REI6N, STM32G0C1RET6N, STM32G0C1VCI6, STM32G0C1VEI6, STM32G471CCT6, STM32G471CCU6, STM32G471CET3, STM32G471CET6, STM32G471CEU3, STM32G471CEU6, STM32G471MCT6, STM32G471MET3, STM32G471MET6, STM32G471MEY6TR, STM32G471QCT6, STM32G471QET3, STM32G471RCT6, STM32G471RET3, STM32G471RET6, STM32G471VCH6, STM32G471VCI6, STM32G471VCT6, STM32G471VEH3, STM32G471VEH6, STM32G471VEI3, STM32G471VEI6, STM32G471VET3, STM32G471VET6, STM32G474CCT6, STM32H503CBT6, STM32H503CBU6, STM32H503EBY6TR, STM32H503KBU6, STM32H503RBT6, STM32H562AGI6, STM32H562AII6, STM32H562IGK6, STM32H562IGT6, STM32H562IIK6, STM32H562IIT6, STM32H562RGT6, STM32H562RGV6, STM32H562RIT6, STM32H562RIV6, STM32H562VGT6, STM32H562VIT6, STM32H562ZGT6, STM32H562ZIT6, STM32H563AGI6, STM32H563AII3Q, STM32H563AII6, STM32H563IGK6, STM32H563IGT6, STM32H563IIK3Q, STM32H563IIK6, STM32H563IIT3Q, STM32H563IIT6, STM32H563MIY3QTR, STM32H563RGT6, STM32H563RGV6, STM32H563RIT6, STM32H563RIV6, STM32H563VGT6, STM32H563VIT3Q, STM32H563VIT6, STM32H563ZGT6, STM32H563ZIT3Q, STM32H563ZIT6, STM32H573AII3Q, STM32H573AII6, STM32H573I-DK, STM32H573IIK3Q, STM32H573IIK6, STM32H573IIT3Q, STM32H573IIT6, STM32H573MIY3QTR, STM32H573RIT6, STM32H573RIV6, STM32H573VIT3Q, STM32H573VIT6, STM32H573ZIT3Q, STM32H573ZIT6, STM32L4R5QGI6STR, STM32MP131AAE3, STM32MP131AAF3, STM32MP131AAG3, STM32MP131CAE3, STM32MP131CAF3, STM32MP131CAG3, STM32MP131DAE7, STM32MP131DAF7, STM32MP131DAG7, STM32MP131FAE7, STM32MP131FAF7, STM32MP131FAG7, STM32MP133AAE3, STM32MP133AAF3, STM32MP133AAG3, STM32MP133CAE3, STM32MP133CAF3, STM32MP133CAG3, STM32MP133DAE7, STM32MP133DAF7, STM32MP133DAG7, STM32MP133FAE7, STM32MP133FAF7, STM32MP133FAG7, STM32MP135AAE3, STM32MP135AAF3, STM32MP135AAG3, STM32MP135CAE3, STM32MP135CAF3, STM32MP135CAG3, STM32MP135DAE7, STM32MP135DAF7, STM32MP135DAG7, STM32MP135F-DK, STM32MP135FAE7, STM32MP135FAF7, STM32MP135FAF7T, STM32MP135FAF7U, STM32MP135FAG7, STM32U535CBT6, STM32U535CBT6Q, STM32U535CBU6, STM32U535CBU6Q, STM32U535CCT6, STM32U535CCT6Q, STM32U535CCU6, STM32U535CCU6Q, STM32U535CET6, STM32U535CET6Q, STM32U535CEU6, STM32U535CEU6Q, STM32U535JEY6QTR, STM32U535NCY6QTR, STM32U535NEY6QTR, STM32U535RBI6, STM32U535RBI6Q, STM32U535RBT6, STM32U535RBT6Q, STM32U535RCI6, STM32U535RCI6Q, STM32U535RCT6, STM32U535RCT6Q, STM32U535REI6, STM32U535REI6Q, STM32U535RET6, STM32U535RET6Q, STM32U535VCI6, STM32U535VCI6Q, STM32U535VCT6, STM32U535VCT6Q, STM32U535VEI6, STM32U535VEI6Q, STM32U535VET6, STM32U535VET6Q, STM32U545CET6, STM32U545CET6Q, STM32U545CEU6, STM32U545CEU6Q, STM32U545JEY6QTR, STM32U545NEY6QTR, STM32U545REI6, STM32U545REI6Q, STM32U545RET6, STM32U545RET6Q, STM32U545VEI6, STM32U545VEI6Q, STM32U545VET6, STM32U545VET6Q, STM32U595AIH6, STM32U595AIH6Q, STM32U595AJH6, STM32U595AJH6Q, STM32U595QII6, STM32U595QII6Q, STM32U595QJI6, STM32U595QJI6Q, STM32U595RIT6, STM32U595RIT6Q, STM32U595RJT6, STM32U595RJT6Q, STM32U595VIT6, STM32U595VIT6Q, STM32U595VJT6, STM32U595VJT6Q, STM32U595ZIT6, STM32U595ZIT6Q, STM32U595ZIY6QTR, STM32U595ZJT6, STM32U595ZJT6Q, STM32U595ZJY6QTR, STM32U599BJY6QTR, STM32U599NIH6Q, STM32U599NJH6Q, STM32U599VIT6Q, STM32U599VJT6, STM32U599VJT6Q, STM32U599ZIT6Q, STM32U599ZIY6QTR, STM32U599ZJT6Q, STM32U599ZJY6QTR, STM32U5A5AJH6, STM32U5A5AJH6Q, STM32U5A5QJI6, STM32U5A5QJI6Q, STM32U5A5RJT6, STM32U5A5RJT6Q, STM32U5A5VJT6, STM32U5A5VJT6Q, STM32U5A5ZJT6, STM32U5A5ZJT6Q, STM32U5A5ZJY6QTR, STM32U5A9BJY6QTR, STM32U5A9J-DK, STM32U5A9NJH6Q, STM32U5A9VJT6Q, STM32U5A9ZJT6Q, STM32U5A9ZJY6QTR, STM32WB1MMCH6, STM32WBA52CEU6, STM32WBA52CEU6T, STM32WBA52CGU6, STM32WBA52CGU6T, STM32WL5MOCH6, STM32WL5MOCH6TR]
2023-07-26 09:44:37,921 [INFO] DbMcus:216 - Found 3775 MCUs, 3775 are supported
2023-07-26 09:44:37,937 [INFO] ApiDb:423 - Load user favorites file C:\Users\This pc/.stm32cubeide/favorites.mcus.txt: 1 item(s)
2023-07-26 09:44:37,937 [INFO] ApiDb:427 - User favorites MCUs=[STM32F401RET6]
2023-07-26 09:44:37,937 [INFO] DbMcus:222 - Set 1 / 1 favorites MCUs
2023-07-26 09:44:38,890 [INFO] ApiDb:423 - Load user favorites file C:\Users\This pc/.stm32cubeide/favorites.boards.txt: 0 item(s)
2023-07-26 09:44:38,890 [INFO] ApiDb:427 - User favorites Boards=[]
2023-07-26 09:44:38,890 [INFO] DbBoards:190 - Set 0 / 0 favorites Boards
2023-07-26 09:44:38,890 [INFO] McuFinderGlobals:66 - Set McuFinderConnectedMode to false
2023-07-26 09:44:38,906 [INFO] MultiScanPanel:200 - Auto-refresh data requested => check proxy status ongoing
2023-07-26 09:44:38,906 [INFO] MultiScanPanel:204 - Proxy status is invalid
2023-07-26 09:44:38,906 [INFO] FinderPluginLoader:95 - Searching for filters in installed packs
2023-07-26 09:44:43,750 [INFO] DetailPanel:341 - Set advertising image to C:/Users/This pc/STM32Cube/Repository/\en.prom-stm32h5-mcu-finder.jpg
2023-07-26 09:45:40,853 [ERROR] ConfigurationRetriever:142 - IOException on connection: sw-center.st.com
2023-07-26 09:45:40,853 [ERROR] ConfigurationRetriever:142 - IOException on connection: sw-center.st.com
2023-07-26 09:45:40,853 [ERROR] ConfigurationRetriever:142 - IOException on connection: sw-center.st.com
2023-07-26 09:45:42,166 [INFO] McuFinderGlobals:66 - Set McuFinderConnectedMode to true
2023-07-26 09:45:42,166 [INFO] ApiDb:448 - Save user favorites file C:\Users\This pc/.stm32cubeide/favorites.mcus.txt: 1 item(s)
2023-07-26 09:45:42,166 [INFO] ApiDb:452 - User favorites MCUs=[STM32F401RET6]
2023-07-26 11:18:27,807 [ERROR] ConfigurationRetriever:142 - IOException on connection: sw-center.st.com
2023-07-26 11:18:27,807 [ERROR] ConfigurationRetriever:142 - IOException on connection: sw-center.st.com
2023-07-26 11:18:27,807 [ERROR] ConfigurationRetriever:142 - IOException on connection: sw-center.st.com
2023-07-26 17:37:19,279 [ERROR] ConfigurationRetriever:142 - IOException on connection: sw-center.st.com
2023-07-26 17:37:19,607 [ERROR] ConfigurationRetriever:142 - IOException on connection: sw-center.st.com
2023-07-26 17:37:19,607 [ERROR] ConfigurationRetriever:142 - IOException on connection: sw-center.st.com
