2023-08-08 11:30:10,835 [INFO] ApplicationProperties:184 - Using Application install path: C:\ST\STM32CubeIDE_1.12.1\STM32CubeIDE\plugins\com.st.stm32cube.common.mx_6.8.1.202304191431
2023-08-08 11:30:10,945 [INFO] DbMcusXml:78 - Set database path to: C:\ST\STM32CubeIDE_1.12.1\STM32CubeIDE\plugins\com.st.stm32cube.common.mx_6.8.1.202304191431\\db\/mcu/
2023-08-08 11:30:10,945 [INFO] ApiDb:274 - Set plugin database path to: C:\ST\STM32CubeIDE_1.12.1\STM32CubeIDE\plugins\com.st.stm32cube.common.mx_6.8.1.202304191431\\db\/plugins/boardmanager/
2023-08-08 11:30:10,945 [WARN] ApiDb:259 - Overriding images path with different value:  => C:\ST\STM32CubeIDE_1.12.1\STM32CubeIDE\plugins\com.st.stm32cube.common.mx_6.8.1.202304191431\\db\/plugins/mcufinder/images/
2023-08-08 11:30:11,038 [INFO] ApiDb:250 - Set database path to: C:\Users\This pc\.stmcufinder\plugins\mcufinder//mcu/
2023-08-08 11:30:11,038 [INFO] DbMcusAds:125 - Set database path to: C:\Users\This pc\.stmcufinder\plugins\mcufinder//mcu/
2023-08-08 11:30:11,054 [INFO] CrossReferenceDbSqlite:203 - Set database path to: C:\Users\This pc\.stmcufinder\plugins\mcufinder//mcu/cs/
2023-08-08 11:30:11,554 [INFO] RulesReader:64 - Compatibility file has been processed (293 Rules)
2023-08-08 11:30:11,882 [INFO] DbMcusXml:78 - Set database path to: C:\ST\STM32CubeIDE_1.12.1\STM32CubeIDE\plugins\com.st.stm32cube.common.mx_6.8.1.202304191431\\db\/mcu/
2023-08-08 11:30:11,882 [INFO] ApiDb:274 - Set plugin database path to: C:\ST\STM32CubeIDE_1.12.1\STM32CubeIDE\plugins\com.st.stm32cube.common.mx_6.8.1.202304191431\\db\/plugins/boardmanager/
2023-08-08 11:30:11,882 [INFO] ApiDb:261 - Set plugin images path to: C:\ST\STM32CubeIDE_1.12.1\STM32CubeIDE\plugins\com.st.stm32cube.common.mx_6.8.1.202304191431\\db\/plugins/mcufinder/images/
2023-08-08 11:30:11,882 [WARN] DbFile:41 - Overriding database path with different value: C:\Users\This pc\.stmcufinder\plugins\mcufinder/ => C:\Users\This pc\.stmcufinder\plugins\mcufinder
2023-08-08 11:30:11,882 [INFO] ApiDb:250 - Set database path to: C:\Users\This pc\.stmcufinder\plugins\mcufinder//mcu/
2023-08-08 11:30:11,882 [WARN] DbFile:41 - Overriding database path with different value: C:\Users\This pc\.stmcufinder\plugins\mcufinder/ => C:\Users\This pc\.stmcufinder\plugins\mcufinder
2023-08-08 11:30:11,882 [INFO] DbMcusAds:125 - Set database path to: C:\Users\This pc\.stmcufinder\plugins\mcufinder//mcu/
2023-08-08 11:30:11,882 [WARN] DbFile:41 - Overriding database path with different value: C:\Users\This pc\.stmcufinder\plugins\mcufinder/ => C:\Users\This pc\.stmcufinder\plugins\mcufinder
2023-08-08 11:30:11,882 [WARN] DbFile:41 - Overriding database path with different value: C:\Users\This pc\.stmcufinder\plugins\mcufinder/ => C:\Users\This pc\.stmcufinder\plugins\mcufinder
2023-08-08 11:30:11,882 [INFO] CrossReferenceDbSqlite:203 - Set database path to: C:\Users\This pc\.stmcufinder\plugins\mcufinder//mcu/cs/
2023-08-08 11:30:12,179 [INFO] MainPanel:253 - HeapMemory: 625999872
2023-08-08 11:30:12,476 [INFO] DbMcusXml:78 - Set database path to: C:\ST\STM32CubeIDE_1.12.1\STM32CubeIDE\plugins\com.st.stm32cube.common.mx_6.8.1.202304191431\\db\/mcu/
2023-08-08 11:30:12,476 [INFO] ApiDb:274 - Set plugin database path to: C:\ST\STM32CubeIDE_1.12.1\STM32CubeIDE\plugins\com.st.stm32cube.common.mx_6.8.1.202304191431\\db\/plugins/boardmanager/
2023-08-08 11:30:12,476 [INFO] ApiDb:261 - Set plugin images path to: C:\ST\STM32CubeIDE_1.12.1\STM32CubeIDE\plugins\com.st.stm32cube.common.mx_6.8.1.202304191431\\db\/plugins/mcufinder/images/
2023-08-08 11:30:12,476 [WARN] DbFile:41 - Overriding database path with different value: C:\Users\This pc\.stmcufinder\plugins\mcufinder/ => C:\Users\This pc\.stmcufinder\plugins\mcufinder
2023-08-08 11:30:12,476 [INFO] ApiDb:250 - Set database path to: C:\Users\This pc\.stmcufinder\plugins\mcufinder//mcu/
2023-08-08 11:30:12,476 [WARN] DbFile:41 - Overriding database path with different value: C:\Users\This pc\.stmcufinder\plugins\mcufinder/ => C:\Users\This pc\.stmcufinder\plugins\mcufinder
2023-08-08 11:30:12,476 [INFO] DbMcusAds:125 - Set database path to: C:\Users\This pc\.stmcufinder\plugins\mcufinder//mcu/
2023-08-08 11:30:12,476 [WARN] DbFile:41 - Overriding database path with different value: C:\Users\This pc\.stmcufinder\plugins\mcufinder/ => C:\Users\This pc\.stmcufinder\plugins\mcufinder
2023-08-08 11:30:12,491 [WARN] DbFile:41 - Overriding database path with different value: C:\Users\This pc\.stmcufinder\plugins\mcufinder/ => C:\Users\This pc\.stmcufinder\plugins\mcufinder
2023-08-08 11:30:12,491 [INFO] CrossReferenceDbSqlite:203 - Set database path to: C:\Users\This pc\.stmcufinder\plugins\mcufinder//mcu/cs/
2023-08-08 11:30:12,554 [INFO] ApplicationProperties:184 - Using Application install path: C:\ST\STM32CubeIDE_1.12.1\STM32CubeIDE\plugins\com.st.stm32cube.common.mx_6.8.1.202304191431
2023-08-08 11:30:12,554 [INFO] PluginManage:196 - Search for loadable plugins [exclusion list=, ]
2023-08-08 11:30:12,570 [INFO] PluginManage:310 - Check plugin analytics
2023-08-08 11:30:13,148 [INFO] AnalyticsPlugin:253 - Accepted Software Licenses: STM32CubeMX.6.8.1
2023-08-08 11:30:13,148 [INFO] AnalyticsPlugin:255 - Accepted CMSIS Pack Licenses: 
2023-08-08 11:30:13,148 [INFO] AnalyticsPlugin:257 - Accepted Firmware Licenses: FW.F4.1.27.0
2023-08-08 11:30:13,179 [INFO] PluginManage:359 - Loaded plugin analytics (category:tool,tabindex:-1)
2023-08-08 11:30:13,179 [INFO] PluginManage:310 - Check plugin cadmodel
2023-08-08 11:30:13,210 [ERROR] ConfigurationRetriever:142 - IOException on connection: sw-center.st.com
2023-08-08 11:30:13,210 [ERROR] ConfigurationRetriever:142 - IOException on connection: sw-center.st.com
2023-08-08 11:30:13,210 [ERROR] ConfigurationRetriever:142 - IOException on connection: sw-center.st.com
2023-08-08 11:30:13,226 [INFO] CADModel:105 - Init CAD model plugin
2023-08-08 11:30:13,226 [INFO] PluginManage:359 - Loaded plugin cadmodel (category:power,tabindex:5)
2023-08-08 11:30:13,241 [INFO] PluginManage:310 - Check plugin clock
2023-08-08 11:30:13,304 [INFO] PluginManage:359 - Loaded plugin clock (category:base,tabindex:2)
2023-08-08 11:30:13,304 [INFO] PluginManage:310 - Check plugin ddr
2023-08-08 11:30:13,320 [INFO] PluginManage:359 - Loaded plugin ddr (category:tool,tabindex:6)
2023-08-08 11:30:13,320 [INFO] PluginManage:310 - Check plugin filemanager
2023-08-08 11:30:13,844 [INFO] PluginManage:359 - Loaded plugin filemanager (category:base,tabindex:10)
2023-08-08 11:30:13,860 [INFO] PluginManage:310 - Check plugin ipmanager
2023-08-08 11:30:13,876 [INFO] PluginManage:359 - Loaded plugin ipmanager (category:base,tabindex:5)
2023-08-08 11:30:13,876 [INFO] PluginManage:310 - Check plugin lpbam
2023-08-08 11:30:13,954 [INFO] PluginManage:359 - Loaded plugin lpbam (category:base,tabindex:0)
2023-08-08 11:30:13,954 [INFO] PluginManage:310 - Check plugin pinoutandconfiguration
2023-08-08 11:30:14,001 [INFO] PluginManage:359 - Loaded plugin pinoutandconfiguration (category:base,tabindex:1)
2023-08-08 11:30:14,001 [INFO] PluginManage:310 - Check plugin pinoutconfig
2023-08-08 11:30:14,282 [WARN] SupportedApi:132 - Cannot load RTOS API schema: s4s-elt-must-match.1: The content of 'definitions' must match (annotation?, (simpleType | complexType)?, (unique | key | keyref)*)). A problem was found starting at: attribute.
2023-08-08 11:30:14,735 [INFO] PluginManage:359 - Loaded plugin pinoutconfig (category:base,tabindex:0)
2023-08-08 11:30:14,735 [INFO] PluginManage:310 - Check plugin power
2023-08-08 11:30:14,813 [INFO] PluginManage:359 - Loaded plugin power (category:power,tabindex:4)
2023-08-08 11:30:14,813 [INFO] PluginManage:310 - Check plugin projectmanager
2023-08-08 11:30:14,860 [INFO] PluginManage:359 - Loaded plugin projectmanager (category:projectmanager,tabindex:3)
2023-08-08 11:30:14,860 [INFO] PluginManage:310 - Check plugin thirdparty
2023-08-08 11:30:15,688 [INFO] PluginManage:359 - Loaded plugin thirdparty (category:base,tabindex:-1)
2023-08-08 11:30:15,688 [WARN] IntegrityCheckThread:84 - waiting for thirdparty lock release [integrity check]
2023-08-08 11:30:15,688 [INFO] IntegrityCheckThread:86 - entering critical section [integrity check]
2023-08-08 11:30:15,688 [INFO] PluginManage:310 - Check plugin tools
2023-08-08 11:30:15,688 [INFO] ThirdPartyUpdaterWithRetryManager:70 - Updater plugin not ready yet. [1/15]
2023-08-08 11:30:15,782 [INFO] PluginManage:359 - Loaded plugin tools (category:base,tabindex:7)
2023-08-08 11:30:15,782 [INFO] PluginManage:310 - Check plugin tutovideos
2023-08-08 11:30:16,391 [INFO] PluginManage:359 - Loaded plugin tutovideos (category:base,tabindex:-1)
2023-08-08 11:30:16,391 [INFO] PluginManage:310 - Check plugin updater
2023-08-08 11:30:16,438 [INFO] PluginManage:359 - Loaded plugin updater (category:base,tabindex:12)
2023-08-08 11:30:16,438 [INFO] PluginManage:283 - PluginManage : Loaded plugins [15]
2023-08-08 11:30:17,297 [INFO] PinOutPanel:1499 - setPackage(No Configuration,No Configuration)
2023-08-08 11:30:17,547 [INFO] CADModel:165 - CPN selected for project level
2023-08-08 11:30:17,547 [INFO] CADModel:114 - Register for checkConnection events
2023-08-08 11:30:17,626 [INFO] IPUIPlugin:80 - create IPUIPlugin
2023-08-08 11:30:17,626 [INFO] PluginManager:220 - loadIPPluginJar : add adc
2023-08-08 11:30:17,735 [INFO] IPUIPlugin:80 - create IPUIPlugin
2023-08-08 11:30:17,735 [INFO] PluginManager:220 - loadIPPluginJar : add aes
2023-08-08 11:30:17,876 [INFO] IPUIPlugin:80 - create IPUIPlugin
2023-08-08 11:30:17,876 [INFO] PluginManager:220 - loadIPPluginJar : add can
2023-08-08 11:30:17,938 [INFO] IPUIPlugin:80 - create IPUIPlugin
2023-08-08 11:30:17,938 [INFO] PluginManager:220 - loadIPPluginJar : add comp
2023-08-08 11:30:18,047 [INFO] IPUIPlugin:80 - create IPUIPlugin
2023-08-08 11:30:18,047 [INFO] PluginManager:220 - loadIPPluginJar : add cryp
2023-08-08 11:30:18,126 [INFO] IPUIPlugin:80 - create IPUIPlugin
2023-08-08 11:30:18,126 [INFO] PluginManager:220 - loadIPPluginJar : add dfsdm
2023-08-08 11:30:18,188 [INFO] IPUIPlugin:80 - create IPUIPlugin
2023-08-08 11:30:18,188 [INFO] PluginManager:220 - loadIPPluginJar : add dma
2023-08-08 11:30:18,329 [INFO] IPUIPlugin:80 - create IPUIPlugin
2023-08-08 11:30:18,329 [INFO] PluginManager:220 - loadIPPluginJar : add dma3
2023-08-08 11:30:18,422 [INFO] IPUIPlugin:80 - create IPUIPlugin
2023-08-08 11:30:18,422 [INFO] PluginManager:220 - loadIPPluginJar : add fatfs
2023-08-08 11:30:18,563 [INFO] IPUIPlugin:80 - create IPUIPlugin
2023-08-08 11:30:18,563 [INFO] PluginManager:220 - loadIPPluginJar : add fmc
2023-08-08 11:30:18,610 [INFO] IPUIPlugin:80 - create IPUIPlugin
2023-08-08 11:30:18,610 [INFO] PluginManager:220 - loadIPPluginJar : add freertos
2023-08-08 11:30:18,688 [INFO] IPUIPlugin:80 - create IPUIPlugin
2023-08-08 11:30:18,688 [INFO] PluginManager:220 - loadIPPluginJar : add genericplugin
2023-08-08 11:30:18,704 [INFO] ThirdPartyUpdaterWithRetryManager:70 - Updater plugin not ready yet. [2/15]
2023-08-08 11:30:18,985 [INFO] IPUIPlugin:80 - create IPUIPlugin
2023-08-08 11:30:18,985 [INFO] PluginManager:220 - loadIPPluginJar : add gfxmmu
2023-08-08 11:30:19,360 [INFO] IPUIPlugin:80 - create IPUIPlugin
2023-08-08 11:30:19,360 [INFO] PluginManager:220 - loadIPPluginJar : add gic
2023-08-08 11:30:19,391 [INFO] IPUIPlugin:80 - create IPUIPlugin
2023-08-08 11:30:19,391 [INFO] PluginManager:220 - loadIPPluginJar : add gpio
2023-08-08 11:30:19,641 [INFO] IPUIPlugin:80 - create IPUIPlugin
2023-08-08 11:30:19,641 [INFO] PluginManager:220 - loadIPPluginJar : add gtzc
2023-08-08 11:30:19,735 [INFO] IPUIPlugin:80 - create IPUIPlugin
2023-08-08 11:30:19,735 [INFO] PluginManager:220 - loadIPPluginJar : add hash
2023-08-08 11:30:19,891 [INFO] IPUIPlugin:80 - create IPUIPlugin
2023-08-08 11:30:19,891 [INFO] PluginManager:220 - loadIPPluginJar : add i2c
2023-08-08 11:30:20,001 [INFO] IPUIPlugin:80 - create IPUIPlugin
2023-08-08 11:30:20,001 [INFO] PluginManager:220 - loadIPPluginJar : add i2s
2023-08-08 11:30:20,110 [INFO] IPUIPlugin:80 - create IPUIPlugin
2023-08-08 11:30:20,110 [INFO] PluginManager:220 - loadIPPluginJar : add i3c
2023-08-08 11:30:20,422 [INFO] IPUIPlugin:80 - create IPUIPlugin
2023-08-08 11:30:20,422 [INFO] PluginManager:220 - loadIPPluginJar : add ipddr
2023-08-08 11:30:20,672 [INFO] IPUIPlugin:80 - create IPUIPlugin
2023-08-08 11:30:20,672 [INFO] PluginManager:220 - loadIPPluginJar : add linkedlist
2023-08-08 11:30:20,766 [INFO] IPUIPlugin:80 - create IPUIPlugin
2023-08-08 11:30:20,766 [INFO] PluginManager:220 - loadIPPluginJar : add lorawan
2023-08-08 11:30:20,876 [INFO] IPUIPlugin:80 - create IPUIPlugin
2023-08-08 11:30:20,876 [INFO] PluginManager:220 - loadIPPluginJar : add ltdc
2023-08-08 11:30:20,907 [INFO] IPUIPlugin:80 - create IPUIPlugin
2023-08-08 11:30:20,907 [INFO] PluginManager:220 - loadIPPluginJar : add mdma
2023-08-08 11:30:20,938 [INFO] IPUIPlugin:80 - create IPUIPlugin
2023-08-08 11:30:20,938 [INFO] PluginManager:220 - loadIPPluginJar : add nvic
2023-08-08 11:30:21,032 [INFO] IPUIPlugin:80 - create IPUIPlugin
2023-08-08 11:30:21,032 [INFO] PluginManager:220 - loadIPPluginJar : add opamp
2023-08-08 11:30:21,204 [INFO] IPUIPlugin:80 - create IPUIPlugin
2023-08-08 11:30:21,204 [INFO] PluginManager:220 - loadIPPluginJar : add openamp
2023-08-08 11:30:21,329 [INFO] IPUIPlugin:80 - create IPUIPlugin
2023-08-08 11:30:21,329 [INFO] PluginManager:220 - loadIPPluginJar : add pdm2pcm
2023-08-08 11:30:21,360 [INFO] IPUIPlugin:80 - create IPUIPlugin
2023-08-08 11:30:21,376 [INFO] PluginManager:220 - loadIPPluginJar : add plateformsettings
2023-08-08 11:30:21,422 [INFO] IPUIPlugin:80 - create IPUIPlugin
2023-08-08 11:30:21,422 [INFO] PluginManager:220 - loadIPPluginJar : add quadspi
2023-08-08 11:30:21,454 [INFO] IPUIPlugin:80 - create IPUIPlugin
2023-08-08 11:30:21,469 [INFO] PluginManager:220 - loadIPPluginJar : add resmgrutility
2023-08-08 11:30:21,594 [INFO] IPUIPlugin:80 - create IPUIPlugin
2023-08-08 11:30:21,594 [INFO] PluginManager:220 - loadIPPluginJar : add sai
2023-08-08 11:30:21,704 [INFO] ThirdPartyUpdaterWithRetryManager:70 - Updater plugin not ready yet. [3/15]
2023-08-08 11:30:21,704 [INFO] IPUIPlugin:80 - create IPUIPlugin
2023-08-08 11:30:21,704 [INFO] PluginManager:220 - loadIPPluginJar : add spi
2023-08-08 11:30:21,860 [INFO] IPUIPlugin:80 - create IPUIPlugin
2023-08-08 11:30:21,860 [INFO] PluginManager:220 - loadIPPluginJar : add stm32_wpan
2023-08-08 11:30:21,938 [INFO] IPUIPlugin:80 - create IPUIPlugin
2023-08-08 11:30:21,938 [INFO] PluginManager:220 - loadIPPluginJar : add tim
2023-08-08 11:30:22,094 [INFO] IPUIPlugin:80 - create IPUIPlugin
2023-08-08 11:30:22,094 [INFO] PluginManager:220 - loadIPPluginJar : add touchsensing
2023-08-08 11:30:22,157 [INFO] IPUIPlugin:80 - create IPUIPlugin
2023-08-08 11:30:22,157 [INFO] PluginManager:220 - loadIPPluginJar : add tracer_emb
2023-08-08 11:30:22,219 [INFO] IPUIPlugin:80 - create IPUIPlugin
2023-08-08 11:30:22,219 [INFO] PluginManager:220 - loadIPPluginJar : add ts
2023-08-08 11:30:22,282 [INFO] IPUIPlugin:80 - create IPUIPlugin
2023-08-08 11:30:22,282 [INFO] PluginManager:220 - loadIPPluginJar : add tsc
2023-08-08 11:30:22,344 [INFO] IPUIPlugin:80 - create IPUIPlugin
2023-08-08 11:30:22,344 [INFO] PluginManager:220 - loadIPPluginJar : add ucpd
2023-08-08 11:30:22,469 [INFO] IPUIPlugin:80 - create IPUIPlugin
2023-08-08 11:30:22,469 [INFO] PluginManager:220 - loadIPPluginJar : add usart
2023-08-08 11:30:22,579 [INFO] IPUIPlugin:80 - create IPUIPlugin
2023-08-08 11:30:22,579 [INFO] PluginManager:220 - loadIPPluginJar : add usbx
2023-08-08 11:30:22,847 [INFO] CADModel:165 - CPN selected for project level
2023-08-08 11:30:22,847 [INFO] CADModel:114 - Register for checkConnection events
2023-08-08 11:30:22,847 [FATAL] Updater:308 - Updater called before beeing initialized
2023-08-08 11:30:22,863 [ERROR] CADModel:125 - Updater not yet initialized, retry later 
2023-08-08 11:30:23,472 [INFO] CADModel:165 - CPN selected for project level
2023-08-08 11:30:23,472 [INFO] CADModel:114 - Register for checkConnection events
2023-08-08 11:30:23,472 [FATAL] Updater:308 - Updater called before beeing initialized
2023-08-08 11:30:23,472 [ERROR] CADModel:125 - Updater not yet initialized, retry later 
2023-08-08 11:30:23,472 [FATAL] Updater:308 - Updater called before beeing initialized
2023-08-08 11:30:23,972 [FATAL] Updater:308 - Updater called before beeing initialized
2023-08-08 11:30:24,019 [INFO] DbMcusAds:53 - JSON generation date=Tue Mar 07 14:20:55 IST 2023 (1678179055114)
2023-08-08 11:30:24,019 [FATAL] Updater:308 - Updater called before beeing initialized
2023-08-08 11:30:24,253 [WARN] DetailPanel:346 - Failed to get advertising image, set to default
2023-08-08 11:30:24,628 [FATAL] Updater:308 - Updater called before beeing initialized
2023-08-08 11:30:24,628 [FATAL] Updater:308 - Updater called before beeing initialized
2023-08-08 11:30:24,628 [FATAL] Updater:308 - Updater called before beeing initialized
2023-08-08 11:30:24,628 [WARN] DetailPanel:346 - Failed to get advertising image, set to default
2023-08-08 11:30:24,628 [FATAL] Updater:308 - Updater called before beeing initialized
2023-08-08 11:30:24,706 [INFO] ThirdPartyUpdaterWithRetryManager:70 - Updater plugin not ready yet. [4/15]
2023-08-08 11:30:24,847 [ERROR] Updater:1120 - MainUpdater not yet initialized. External WinMGr cannot be set.
2023-08-08 11:30:24,878 [INFO] Updater:1056 - Updater Version found : 6.8.1
2023-08-08 11:30:24,925 [INFO] ApplicationProperties:184 - Using Application install path: C:\ST\STM32CubeIDE_1.12.1\STM32CubeIDE\plugins\com.st.stm32cube.common.mx_6.8.1.202304191431
2023-08-08 11:30:25,269 [ERROR] ServerAccessManage:1146 - Warning during Server Connection :  Unknown host sw-center.st.com
2023-08-08 11:30:25,284 [INFO] MainUpdater:2854 - connection check result : 22
2023-08-08 11:30:25,284 [INFO] MainUpdater:283 - Updater Check For Update Now.
2023-08-08 11:30:25,284 [INFO] MicroXplorer:498 - Change Database Version : DB.6.0.81
2023-08-08 11:30:25,769 [INFO] CheckServerUpdateThread:120 - End of CheckServer Thread
2023-08-08 11:30:25,863 [ERROR] ServerAccessManage:1146 - Warning during Server Connection :  Unknown host sw-center.st.com
2023-08-08 11:30:25,863 [INFO] MainUpdater:2854 - connection check result : 22
2023-08-08 11:30:28,300 [WARN] PackLoader:240 - Cannot read IP mode file for STMicroelectronics.X-CUBE-SMBUS.2.1.0
2023-08-08 11:30:28,441 [WARN] PackLoader:240 - Cannot read IP mode file for STMicroelectronics.X-CUBE-AZRTOS-F7.1.1.0
2023-08-08 11:30:28,488 [ERROR] RealEvaluatedCondition:428 - Found unsupported composite condition: GROUP='STM32_MetaDataManager' CLASS='Data Exchange'
2023-08-08 11:30:28,503 [ERROR] RealEvaluatedCondition:428 - Found unsupported composite condition: GROUP='STM32_MetaDataManager' CLASS='Data Exchange'
2023-08-08 11:30:28,503 [WARN] PackLoader:240 - Cannot read IP mode file for STMicroelectronics.FP-SNS-MOTENV1.4.3.0
2023-08-08 11:30:28,566 [WARN] PackLoader:240 - Cannot read IP mode file for STMicroelectronics.FP-SNS-MOTENV1.4.3.2
2023-08-08 11:30:28,613 [WARN] PackLoader:240 - Cannot read IP mode file for STMicroelectronics.FP-SNS-FLIGHT1.5.0.0
2023-08-08 11:30:28,644 [ERROR] RealEvaluatedCondition:428 - Found unsupported composite condition: GROUP='STM32_MetaDataManager' CLASS='Data Exchange'
2023-08-08 11:30:28,644 [ERROR] RealEvaluatedCondition:428 - Found unsupported composite condition: GROUP='STM32_MetaDataManager' CLASS='Data Exchange'
2023-08-08 11:30:28,659 [WARN] PackLoader:240 - Cannot read IP mode file for STMicroelectronics.FP-SNS-MOTENV1.4.3.1
2023-08-08 11:30:28,706 [WARN] PackLoader:240 - Cannot read IP mode file for STMicroelectronics.FP-SNS-FLIGHT1.5.0.1
2023-08-08 11:30:28,753 [WARN] PackLoader:240 - Cannot read IP mode file for STMicroelectronics.X-CUBE-BLE1.6.2.4
2023-08-08 11:30:28,784 [WARN] PackLoader:240 - Cannot read IP mode file for STMicroelectronics.FP-SNS-FLIGHT1.5.0.2
2023-08-08 11:30:28,847 [WARN] PackLoader:240 - Cannot read IP mode file for STMicroelectronics.X-CUBE-DISPLAY.3.0.0
2023-08-08 11:30:28,909 [WARN] PackLoader:240 - Cannot read IP mode file for STMicroelectronics.X-CUBE-TOUCHGFX.4.22.0
